running egg_info
creating ../../build/depth_sensor/depth_sensor.egg-info
writing ../../build/depth_sensor/depth_sensor.egg-info/PKG-INFO
writing dependency_links to ../../build/depth_sensor/depth_sensor.egg-info/dependency_links.txt
writing entry points to ../../build/depth_sensor/depth_sensor.egg-info/entry_points.txt
writing requirements to ../../build/depth_sensor/depth_sensor.egg-info/requires.txt
writing top-level names to ../../build/depth_sensor/depth_sensor.egg-info/top_level.txt
writing manifest file '../../build/depth_sensor/depth_sensor.egg-info/SOURCES.txt'
reading manifest file '../../build/depth_sensor/depth_sensor.egg-info/SOURCES.txt'
writing manifest file '../../build/depth_sensor/depth_sensor.egg-info/SOURCES.txt'
running build
running build_py
creating /home/pengxuan/hornet9/build/depth_sensor/build
creating /home/pengxuan/hornet9/build/depth_sensor/build/lib
creating /home/pengxuan/hornet9/build/depth_sensor/build/lib/depth_sensor
copying depth_sensor/__init__.py -> /home/pengxuan/hornet9/build/depth_sensor/build/lib/depth_sensor
copying depth_sensor/publisher.py -> /home/pengxuan/hornet9/build/depth_sensor/build/lib/depth_sensor
running install
running install_lib
creating /home/pengxuan/hornet9/install/depth_sensor/lib/python3.10/site-packages/depth_sensor
copying /home/pengxuan/hornet9/build/depth_sensor/build/lib/depth_sensor/__init__.py -> /home/pengxuan/hornet9/install/depth_sensor/lib/python3.10/site-packages/depth_sensor
copying /home/pengxuan/hornet9/build/depth_sensor/build/lib/depth_sensor/publisher.py -> /home/pengxuan/hornet9/install/depth_sensor/lib/python3.10/site-packages/depth_sensor
byte-compiling /home/pengxuan/hornet9/install/depth_sensor/lib/python3.10/site-packages/depth_sensor/__init__.py to __init__.cpython-310.pyc
byte-compiling /home/pengxuan/hornet9/install/depth_sensor/lib/python3.10/site-packages/depth_sensor/publisher.py to publisher.cpython-310.pyc
running install_data
creating /home/pengxuan/hornet9/install/depth_sensor/share/ament_index
creating /home/pengxuan/hornet9/install/depth_sensor/share/ament_index/resource_index
creating /home/pengxuan/hornet9/install/depth_sensor/share/ament_index/resource_index/packages
copying resource/depth_sensor -> /home/pengxuan/hornet9/install/depth_sensor/share/ament_index/resource_index/packages
copying package.xml -> /home/pengxuan/hornet9/install/depth_sensor/share/depth_sensor
running install_egg_info
Copying ../../build/depth_sensor/depth_sensor.egg-info to /home/pengxuan/hornet9/install/depth_sensor/lib/python3.10/site-packages/depth_sensor-0.0.0-py3.10.egg-info
running install_scripts
Installing publisher script to /home/pengxuan/hornet9/install/depth_sensor/lib/depth_sensor
writing list of installed files to '/home/pengxuan/hornet9/build/depth_sensor/install.log'
