[0.522s] Invoking command in '/home/pengxuan/hornet9/src/depth_sensor': PYTHONPATH=/home/pengxuan/hornet9/build/depth_sensor/prefix_override:/home/pengxuan/hornet9/install/depth_sensor/lib/python3.10/site-packages:${PYTHONPATH} /usr/bin/python3 setup.py egg_info --egg-base ../../build/depth_sensor build --build-base /home/pengxuan/hornet9/build/depth_sensor/build install --record /home/pengxuan/hornet9/build/depth_sensor/install.log --single-version-externally-managed
[0.642s] running egg_info
[0.643s] creating ../../build/depth_sensor/depth_sensor.egg-info
[0.643s] writing ../../build/depth_sensor/depth_sensor.egg-info/PKG-INFO
[0.643s] writing dependency_links to ../../build/depth_sensor/depth_sensor.egg-info/dependency_links.txt
[0.643s] writing entry points to ../../build/depth_sensor/depth_sensor.egg-info/entry_points.txt
[0.643s] writing requirements to ../../build/depth_sensor/depth_sensor.egg-info/requires.txt
[0.644s] writing top-level names to ../../build/depth_sensor/depth_sensor.egg-info/top_level.txt
[0.644s] writing manifest file '../../build/depth_sensor/depth_sensor.egg-info/SOURCES.txt'
[0.645s] reading manifest file '../../build/depth_sensor/depth_sensor.egg-info/SOURCES.txt'
[0.646s] writing manifest file '../../build/depth_sensor/depth_sensor.egg-info/SOURCES.txt'
[0.646s] running build
[0.646s] running build_py
[0.646s] creating /home/pengxuan/hornet9/build/depth_sensor/build
[0.646s] creating /home/pengxuan/hornet9/build/depth_sensor/build/lib
[0.647s] creating /home/pengxuan/hornet9/build/depth_sensor/build/lib/depth_sensor
[0.647s] copying depth_sensor/__init__.py -> /home/pengxuan/hornet9/build/depth_sensor/build/lib/depth_sensor
[0.647s] copying depth_sensor/publisher.py -> /home/pengxuan/hornet9/build/depth_sensor/build/lib/depth_sensor
[0.647s] running install
[0.657s] /usr/lib/python3/dist-packages/setuptools/command/install.py:34: SetuptoolsDeprecationWarning: setup.py install is deprecated. Use build and pip and other standards-based tools.
[0.657s]   warnings.warn(
[0.657s] running install_lib
[0.658s] creating /home/pengxuan/hornet9/install/depth_sensor/lib/python3.10/site-packages/depth_sensor
[0.658s] copying /home/pengxuan/hornet9/build/depth_sensor/build/lib/depth_sensor/__init__.py -> /home/pengxuan/hornet9/install/depth_sensor/lib/python3.10/site-packages/depth_sensor
[0.658s] copying /home/pengxuan/hornet9/build/depth_sensor/build/lib/depth_sensor/publisher.py -> /home/pengxuan/hornet9/install/depth_sensor/lib/python3.10/site-packages/depth_sensor
[0.659s] byte-compiling /home/pengxuan/hornet9/install/depth_sensor/lib/python3.10/site-packages/depth_sensor/__init__.py to __init__.cpython-310.pyc
[0.659s] byte-compiling /home/pengxuan/hornet9/install/depth_sensor/lib/python3.10/site-packages/depth_sensor/publisher.py to publisher.cpython-310.pyc
[0.659s] running install_data
[0.660s] creating /home/pengxuan/hornet9/install/depth_sensor/share/ament_index
[0.660s] creating /home/pengxuan/hornet9/install/depth_sensor/share/ament_index/resource_index
[0.660s] creating /home/pengxuan/hornet9/install/depth_sensor/share/ament_index/resource_index/packages
[0.660s] copying resource/depth_sensor -> /home/pengxuan/hornet9/install/depth_sensor/share/ament_index/resource_index/packages
[0.660s] copying package.xml -> /home/pengxuan/hornet9/install/depth_sensor/share/depth_sensor
[0.660s] running install_egg_info
[0.662s] Copying ../../build/depth_sensor/depth_sensor.egg-info to /home/pengxuan/hornet9/install/depth_sensor/lib/python3.10/site-packages/depth_sensor-0.0.0-py3.10.egg-info
[0.662s] running install_scripts
[0.678s] Installing publisher script to /home/pengxuan/hornet9/install/depth_sensor/lib/depth_sensor
[0.678s] writing list of installed files to '/home/pengxuan/hornet9/build/depth_sensor/install.log'
[0.711s] Invoked command in '/home/pengxuan/hornet9/src/depth_sensor' returned '0': PYTHONPATH=/home/pengxuan/hornet9/build/depth_sensor/prefix_override:/home/pengxuan/hornet9/install/depth_sensor/lib/python3.10/site-packages:${PYTHONPATH} /usr/bin/python3 setup.py egg_info --egg-base ../../build/depth_sensor build --build-base /home/pengxuan/hornet9/build/depth_sensor/build install --record /home/pengxuan/hornet9/build/depth_sensor/install.log --single-version-externally-managed
