running egg_info
creating ../../build/IMU_sensor/IMU_sensor.egg-info
writing ../../build/IMU_sensor/IMU_sensor.egg-info/PKG-INFO
writing dependency_links to ../../build/IMU_sensor/IMU_sensor.egg-info/dependency_links.txt
writing entry points to ../../build/IMU_sensor/IMU_sensor.egg-info/entry_points.txt
writing requirements to ../../build/IMU_sensor/IMU_sensor.egg-info/requires.txt
writing top-level names to ../../build/IMU_sensor/IMU_sensor.egg-info/top_level.txt
writing manifest file '../../build/IMU_sensor/IMU_sensor.egg-info/SOURCES.txt'
reading manifest file '../../build/IMU_sensor/IMU_sensor.egg-info/SOURCES.txt'
writing manifest file '../../build/IMU_sensor/IMU_sensor.egg-info/SOURCES.txt'
running build
running build_py
creating /home/bb/ros2_ws/build/IMU_sensor/build
creating /home/bb/ros2_ws/build/IMU_sensor/build/lib
creating /home/bb/ros2_ws/build/IMU_sensor/build/lib/IMU_sensor
copying IMU_sensor/publisher.py -> /home/bb/ros2_ws/build/IMU_sensor/build/lib/IMU_sensor
copying IMU_sensor/__init__.py -> /home/bb/ros2_ws/build/IMU_sensor/build/lib/IMU_sensor
running install
running install_lib
creating /home/bb/ros2_ws/install/IMU_sensor/lib/python3.8/site-packages/IMU_sensor
copying /home/bb/ros2_ws/build/IMU_sensor/build/lib/IMU_sensor/publisher.py -> /home/bb/ros2_ws/install/IMU_sensor/lib/python3.8/site-packages/IMU_sensor
copying /home/bb/ros2_ws/build/IMU_sensor/build/lib/IMU_sensor/__init__.py -> /home/bb/ros2_ws/install/IMU_sensor/lib/python3.8/site-packages/IMU_sensor
byte-compiling /home/bb/ros2_ws/install/IMU_sensor/lib/python3.8/site-packages/IMU_sensor/publisher.py to publisher.cpython-38.pyc
byte-compiling /home/bb/ros2_ws/install/IMU_sensor/lib/python3.8/site-packages/IMU_sensor/__init__.py to __init__.cpython-38.pyc
running install_data
creating /home/bb/ros2_ws/install/IMU_sensor/share/ament_index
creating /home/bb/ros2_ws/install/IMU_sensor/share/ament_index/resource_index
creating /home/bb/ros2_ws/install/IMU_sensor/share/ament_index/resource_index/packages
copying resource/IMU_sensor -> /home/bb/ros2_ws/install/IMU_sensor/share/ament_index/resource_index/packages
copying package.xml -> /home/bb/ros2_ws/install/IMU_sensor/share/IMU_sensor
running install_egg_info
Copying ../../build/IMU_sensor/IMU_sensor.egg-info to /home/bb/ros2_ws/install/IMU_sensor/lib/python3.8/site-packages/IMU_sensor-0.0.0-py3.8.egg-info
running install_scripts
Installing publisher script to /home/bb/ros2_ws/install/IMU_sensor/lib/IMU_sensor
writing list of installed files to '/home/bb/ros2_ws/build/IMU_sensor/install.log'
