[5.033s] Invoking command in '/home/bb/ros2_ws/src/IMU_sensor': PYTHONPATH=/home/bb/ros2_ws/build/IMU_sensor/prefix_override:/home/bb/ros2_ws/install/IMU_sensor/lib/python3.8/site-packages:${PYTHONPATH} /usr/bin/python3 setup.py egg_info --egg-base ../../build/IMU_sensor build --build-base /home/bb/ros2_ws/build/IMU_sensor/build install --record /home/bb/ros2_ws/build/IMU_sensor/install.log --single-version-externally-managed
[6.241s] running egg_info
[6.243s] creating ../../build/IMU_sensor/IMU_sensor.egg-info
[6.243s] writing ../../build/IMU_sensor/IMU_sensor.egg-info/PKG-INFO
[6.245s] writing dependency_links to ../../build/IMU_sensor/IMU_sensor.egg-info/dependency_links.txt
[6.246s] writing entry points to ../../build/IMU_sensor/IMU_sensor.egg-info/entry_points.txt
[6.247s] writing requirements to ../../build/IMU_sensor/IMU_sensor.egg-info/requires.txt
[6.247s] writing top-level names to ../../build/IMU_sensor/IMU_sensor.egg-info/top_level.txt
[6.248s] writing manifest file '../../build/IMU_sensor/IMU_sensor.egg-info/SOURCES.txt'
[6.414s] reading manifest file '../../build/IMU_sensor/IMU_sensor.egg-info/SOURCES.txt'
[6.418s] writing manifest file '../../build/IMU_sensor/IMU_sensor.egg-info/SOURCES.txt'
[6.418s] running build
[6.421s] running build_py
[6.422s] creating /home/bb/ros2_ws/build/IMU_sensor/build
[6.422s] creating /home/bb/ros2_ws/build/IMU_sensor/build/lib
[6.423s] creating /home/bb/ros2_ws/build/IMU_sensor/build/lib/IMU_sensor
[6.423s] copying IMU_sensor/publisher.py -> /home/bb/ros2_ws/build/IMU_sensor/build/lib/IMU_sensor
[6.424s] copying IMU_sensor/__init__.py -> /home/bb/ros2_ws/build/IMU_sensor/build/lib/IMU_sensor
[6.424s] running install
[6.427s] running install_lib
[6.432s] creating /home/bb/ros2_ws/install/IMU_sensor/lib/python3.8/site-packages/IMU_sensor
[6.432s] copying /home/bb/ros2_ws/build/IMU_sensor/build/lib/IMU_sensor/publisher.py -> /home/bb/ros2_ws/install/IMU_sensor/lib/python3.8/site-packages/IMU_sensor
[6.433s] copying /home/bb/ros2_ws/build/IMU_sensor/build/lib/IMU_sensor/__init__.py -> /home/bb/ros2_ws/install/IMU_sensor/lib/python3.8/site-packages/IMU_sensor
[6.436s] byte-compiling /home/bb/ros2_ws/install/IMU_sensor/lib/python3.8/site-packages/IMU_sensor/publisher.py to publisher.cpython-38.pyc
[6.446s] Sorry: TabError: inconsistent use of tabs and spaces in indentation (publisher.py, line 39)
[6.447s] byte-compiling /home/bb/ros2_ws/install/IMU_sensor/lib/python3.8/site-packages/IMU_sensor/__init__.py to __init__.cpython-38.pyc
[6.448s] running install_data
[6.448s] creating /home/bb/ros2_ws/install/IMU_sensor/share/ament_index
[6.449s] creating /home/bb/ros2_ws/install/IMU_sensor/share/ament_index/resource_index
[6.449s] creating /home/bb/ros2_ws/install/IMU_sensor/share/ament_index/resource_index/packages
[6.449s] copying resource/IMU_sensor -> /home/bb/ros2_ws/install/IMU_sensor/share/ament_index/resource_index/packages
[6.450s] copying package.xml -> /home/bb/ros2_ws/install/IMU_sensor/share/IMU_sensor
[6.450s] running install_egg_info
[6.455s] Copying ../../build/IMU_sensor/IMU_sensor.egg-info to /home/bb/ros2_ws/install/IMU_sensor/lib/python3.8/site-packages/IMU_sensor-0.0.0-py3.8.egg-info
[6.465s] running install_scripts
[6.545s] Installing publisher script to /home/bb/ros2_ws/install/IMU_sensor/lib/IMU_sensor
[6.546s] writing list of installed files to '/home/bb/ros2_ws/build/IMU_sensor/install.log'
[6.639s] Invoked command in '/home/bb/ros2_ws/src/IMU_sensor' returned '0': PYTHONPATH=/home/bb/ros2_ws/build/IMU_sensor/prefix_override:/home/bb/ros2_ws/install/IMU_sensor/lib/python3.8/site-packages:${PYTHONPATH} /usr/bin/python3 setup.py egg_info --egg-base ../../build/IMU_sensor build --build-base /home/bb/ros2_ws/build/IMU_sensor/build install --record /home/bb/ros2_ws/build/IMU_sensor/install.log --single-version-externally-managed
