[7.832s] Invoking command in '/home/bb/ros2_ws/build/acoustic_msg': CMAKE_PREFIX_PATH=${CMAKE_PREFIX_PATH}:/home/bb/ros2_ws/install/sub:/home/bb/ros2_ws/install/test141123:/home/bb/ros2_ws/install/imu_sensor:/home/bb/ros2_ws/install/depth_sensor:/home/bb/ros2_ws/install/acoustic_sensor:/home/bb/ros2_ws/install/IMU_sensor:/opt/ros/humble /usr/bin/cmake --build /home/bb/ros2_ws/build/acoustic_msg -- -j6 -l6
[8.283s] [  9%] Built target acoustic_msg__rosidl_generator_c
[8.352s] [ 12%] Built target acoustic_msg__cpp
[8.394s] [ 12%] Built target ament_cmake_python_copy_acoustic_msg
[8.614s] [ 22%] Built target acoustic_msg__rosidl_typesupport_fastrtps_c
[8.629s] [ 32%] Built target acoustic_msg__rosidl_typesupport_fastrtps_cpp
[8.655s] [ 41%] Built target acoustic_msg__rosidl_typesupport_introspection_c
[8.668s] [ 51%] Built target acoustic_msg__rosidl_typesupport_c
[8.698s] [ 61%] Built target acoustic_msg__rosidl_typesupport_cpp
[8.710s] [ 70%] Built target acoustic_msg__rosidl_typesupport_introspection_cpp
[8.875s] [ 70%] Built target acoustic_msg
[9.082s] [ 74%] Built target acoustic_msg__py
[9.462s] [ 80%] Built target acoustic_msg__rosidl_generator_py
[9.693s] [ 87%] Built target acoustic_msg__rosidl_typesupport_c__pyext
[9.728s] [ 93%] Built target acoustic_msg__rosidl_typesupport_fastrtps_c__pyext
[9.757s] [100%] Built target acoustic_msg__rosidl_typesupport_introspection_c__pyext
[11.214s] running egg_info
[11.215s] writing acoustic_msg.egg-info/PKG-INFO
[11.217s] writing dependency_links to acoustic_msg.egg-info/dependency_links.txt
[11.218s] writing top-level names to acoustic_msg.egg-info/top_level.txt
[11.535s] reading manifest file 'acoustic_msg.egg-info/SOURCES.txt'
[11.540s] writing manifest file 'acoustic_msg.egg-info/SOURCES.txt'
[11.693s] [100%] Built target ament_cmake_python_build_acoustic_msg_egg
[11.781s] Invoked command in '/home/bb/ros2_ws/build/acoustic_msg' returned '0': CMAKE_PREFIX_PATH=${CMAKE_PREFIX_PATH}:/home/bb/ros2_ws/install/sub:/home/bb/ros2_ws/install/test141123:/home/bb/ros2_ws/install/imu_sensor:/home/bb/ros2_ws/install/depth_sensor:/home/bb/ros2_ws/install/acoustic_sensor:/home/bb/ros2_ws/install/IMU_sensor:/opt/ros/humble /usr/bin/cmake --build /home/bb/ros2_ws/build/acoustic_msg -- -j6 -l6
[12.343s] Invoking command in '/home/bb/ros2_ws/build/acoustic_msg': CMAKE_PREFIX_PATH=${CMAKE_PREFIX_PATH}:/home/bb/ros2_ws/install/sub:/home/bb/ros2_ws/install/test141123:/home/bb/ros2_ws/install/imu_sensor:/home/bb/ros2_ws/install/depth_sensor:/home/bb/ros2_ws/install/acoustic_sensor:/home/bb/ros2_ws/install/IMU_sensor:/opt/ros/humble /usr/bin/cmake --install /home/bb/ros2_ws/build/acoustic_msg
[12.419s] -- Install configuration: ""
[12.427s] -- Up-to-date: /home/bb/ros2_ws/install/acoustic_msg/share/ament_index/resource_index/rosidl_interfaces/acoustic_msg
[12.428s] -- Up-to-date: /home/bb/ros2_ws/install/acoustic_msg/include/acoustic_msg/acoustic_msg
[12.428s] -- Up-to-date: /home/bb/ros2_ws/install/acoustic_msg/include/acoustic_msg/acoustic_msg/msg
[12.432s] -- Up-to-date: /home/bb/ros2_ws/install/acoustic_msg/include/acoustic_msg/acoustic_msg/msg/rosidl_generator_c__visibility_control.h
[12.440s] -- Up-to-date: /home/bb/ros2_ws/install/acoustic_msg/include/acoustic_msg/acoustic_msg/msg/acoustic.h
[12.444s] -- Up-to-date: /home/bb/ros2_ws/install/acoustic_msg/include/acoustic_msg/acoustic_msg/msg/detail
[12.444s] -- Up-to-date: /home/bb/ros2_ws/install/acoustic_msg/include/acoustic_msg/acoustic_msg/msg/detail/acoustic__functions.h
[12.445s] -- Up-to-date: /home/bb/ros2_ws/install/acoustic_msg/include/acoustic_msg/acoustic_msg/msg/detail/acoustic__functions.c
[12.446s] -- Up-to-date: /home/bb/ros2_ws/install/acoustic_msg/include/acoustic_msg/acoustic_msg/msg/detail/acoustic__type_support.h
[12.447s] -- Up-to-date: /home/bb/ros2_ws/install/acoustic_msg/include/acoustic_msg/acoustic_msg/msg/detail/acoustic__struct.h
[12.449s] -- Up-to-date: /home/bb/ros2_ws/install/acoustic_msg/share/acoustic_msg/environment/library_path.sh
[12.450s] -- Up-to-date: /home/bb/ros2_ws/install/acoustic_msg/share/acoustic_msg/environment/library_path.dsv
[12.451s] -- Up-to-date: /home/bb/ros2_ws/install/acoustic_msg/lib/libacoustic_msg__rosidl_generator_c.so
[12.452s] -- Up-to-date: /home/bb/ros2_ws/install/acoustic_msg/include/acoustic_msg/acoustic_msg
[12.452s] -- Up-to-date: /home/bb/ros2_ws/install/acoustic_msg/include/acoustic_msg/acoustic_msg/msg
[12.453s] -- Up-to-date: /home/bb/ros2_ws/install/acoustic_msg/include/acoustic_msg/acoustic_msg/msg/rosidl_typesupport_fastrtps_c__visibility_control.h
[12.453s] -- Up-to-date: /home/bb/ros2_ws/install/acoustic_msg/include/acoustic_msg/acoustic_msg/msg/detail
[12.454s] -- Up-to-date: /home/bb/ros2_ws/install/acoustic_msg/include/acoustic_msg/acoustic_msg/msg/detail/acoustic__rosidl_typesupport_fastrtps_c.h
[12.457s] -- Up-to-date: /home/bb/ros2_ws/install/acoustic_msg/lib/libacoustic_msg__rosidl_typesupport_fastrtps_c.so
[12.460s] -- Up-to-date: /home/bb/ros2_ws/install/acoustic_msg/include/acoustic_msg/acoustic_msg
[12.461s] -- Up-to-date: /home/bb/ros2_ws/install/acoustic_msg/include/acoustic_msg/acoustic_msg/msg
[12.462s] -- Up-to-date: /home/bb/ros2_ws/install/acoustic_msg/include/acoustic_msg/acoustic_msg/msg/rosidl_typesupport_introspection_c__visibility_control.h
[12.463s] -- Up-to-date: /home/bb/ros2_ws/install/acoustic_msg/include/acoustic_msg/acoustic_msg/msg/detail
[12.473s] -- Up-to-date: /home/bb/ros2_ws/install/acoustic_msg/include/acoustic_msg/acoustic_msg/msg/detail/acoustic__type_support.c
[12.475s] -- Up-to-date: /home/bb/ros2_ws/install/acoustic_msg/include/acoustic_msg/acoustic_msg/msg/detail/acoustic__rosidl_typesupport_introspection_c.h
[12.477s] -- Up-to-date: /home/bb/ros2_ws/install/acoustic_msg/lib/libacoustic_msg__rosidl_typesupport_introspection_c.so
[12.477s] -- Up-to-date: /home/bb/ros2_ws/install/acoustic_msg/lib/libacoustic_msg__rosidl_typesupport_c.so
[12.478s] -- Up-to-date: /home/bb/ros2_ws/install/acoustic_msg/include/acoustic_msg/acoustic_msg
[12.479s] -- Up-to-date: /home/bb/ros2_ws/install/acoustic_msg/include/acoustic_msg/acoustic_msg/msg
[12.479s] -- Up-to-date: /home/bb/ros2_ws/install/acoustic_msg/include/acoustic_msg/acoustic_msg/msg/acoustic.hpp
[12.480s] -- Up-to-date: /home/bb/ros2_ws/install/acoustic_msg/include/acoustic_msg/acoustic_msg/msg/detail
[12.481s] -- Up-to-date: /home/bb/ros2_ws/install/acoustic_msg/include/acoustic_msg/acoustic_msg/msg/detail/acoustic__builder.hpp
[12.481s] -- Up-to-date: /home/bb/ros2_ws/install/acoustic_msg/include/acoustic_msg/acoustic_msg/msg/detail/acoustic__traits.hpp
[12.483s] -- Up-to-date: /home/bb/ros2_ws/install/acoustic_msg/include/acoustic_msg/acoustic_msg/msg/detail/acoustic__struct.hpp
[12.494s] -- Up-to-date: /home/bb/ros2_ws/install/acoustic_msg/include/acoustic_msg/acoustic_msg
[12.494s] -- Up-to-date: /home/bb/ros2_ws/install/acoustic_msg/include/acoustic_msg/acoustic_msg/msg
[12.495s] -- Up-to-date: /home/bb/ros2_ws/install/acoustic_msg/include/acoustic_msg/acoustic_msg/msg/rosidl_typesupport_fastrtps_cpp__visibility_control.h
[12.495s] -- Up-to-date: /home/bb/ros2_ws/install/acoustic_msg/include/acoustic_msg/acoustic_msg/msg/detail
[12.496s] -- Up-to-date: /home/bb/ros2_ws/install/acoustic_msg/include/acoustic_msg/acoustic_msg/msg/detail/acoustic__rosidl_typesupport_fastrtps_cpp.hpp
[12.496s] -- Up-to-date: /home/bb/ros2_ws/install/acoustic_msg/include/acoustic_msg/acoustic_msg/msg/detail/dds_fastrtps
[12.498s] -- Up-to-date: /home/bb/ros2_ws/install/acoustic_msg/lib/libacoustic_msg__rosidl_typesupport_fastrtps_cpp.so
[12.499s] -- Up-to-date: /home/bb/ros2_ws/install/acoustic_msg/include/acoustic_msg/acoustic_msg
[12.499s] -- Up-to-date: /home/bb/ros2_ws/install/acoustic_msg/include/acoustic_msg/acoustic_msg/msg
[12.500s] -- Up-to-date: /home/bb/ros2_ws/install/acoustic_msg/include/acoustic_msg/acoustic_msg/msg/detail
[12.500s] -- Up-to-date: /home/bb/ros2_ws/install/acoustic_msg/include/acoustic_msg/acoustic_msg/msg/detail/acoustic__rosidl_typesupport_introspection_cpp.hpp
[12.501s] -- Up-to-date: /home/bb/ros2_ws/install/acoustic_msg/include/acoustic_msg/acoustic_msg/msg/detail/acoustic__type_support.cpp
[12.502s] -- Up-to-date: /home/bb/ros2_ws/install/acoustic_msg/lib/libacoustic_msg__rosidl_typesupport_introspection_cpp.so
[12.503s] -- Up-to-date: /home/bb/ros2_ws/install/acoustic_msg/lib/libacoustic_msg__rosidl_typesupport_cpp.so
[12.505s] -- Up-to-date: /home/bb/ros2_ws/install/acoustic_msg/share/acoustic_msg/environment/pythonpath.sh
[12.506s] -- Up-to-date: /home/bb/ros2_ws/install/acoustic_msg/share/acoustic_msg/environment/pythonpath.dsv
[12.507s] -- Up-to-date: /home/bb/ros2_ws/install/acoustic_msg/lib/python3.9/site-packages/acoustic_msg-0.0.0-py3.9.egg-info
[12.512s] -- Installing: /home/bb/ros2_ws/install/acoustic_msg/lib/python3.9/site-packages/acoustic_msg-0.0.0-py3.9.egg-info/top_level.txt
[12.513s] -- Installing: /home/bb/ros2_ws/install/acoustic_msg/lib/python3.9/site-packages/acoustic_msg-0.0.0-py3.9.egg-info/dependency_links.txt
[12.513s] -- Installing: /home/bb/ros2_ws/install/acoustic_msg/lib/python3.9/site-packages/acoustic_msg-0.0.0-py3.9.egg-info/SOURCES.txt
[12.514s] -- Installing: /home/bb/ros2_ws/install/acoustic_msg/lib/python3.9/site-packages/acoustic_msg-0.0.0-py3.9.egg-info/PKG-INFO
[12.515s] -- Up-to-date: /home/bb/ros2_ws/install/acoustic_msg/lib/python3.9/site-packages/acoustic_msg
[12.515s] -- Up-to-date: /home/bb/ros2_ws/install/acoustic_msg/lib/python3.9/site-packages/acoustic_msg/msg
[12.516s] -- Up-to-date: /home/bb/ros2_ws/install/acoustic_msg/lib/python3.9/site-packages/acoustic_msg/msg/_acoustic_s.c
[12.516s] -- Up-to-date: /home/bb/ros2_ws/install/acoustic_msg/lib/python3.9/site-packages/acoustic_msg/msg/_acoustic.py
[12.518s] -- Up-to-date: /home/bb/ros2_ws/install/acoustic_msg/lib/python3.9/site-packages/acoustic_msg/msg/__init__.py
[12.519s] -- Up-to-date: /home/bb/ros2_ws/install/acoustic_msg/lib/python3.9/site-packages/acoustic_msg/_acoustic_msg_s.ep.rosidl_typesupport_c.c
[12.520s] -- Up-to-date: /home/bb/ros2_ws/install/acoustic_msg/lib/python3.9/site-packages/acoustic_msg/_acoustic_msg_s.ep.rosidl_typesupport_introspection_c.c
[12.520s] -- Up-to-date: /home/bb/ros2_ws/install/acoustic_msg/lib/python3.9/site-packages/acoustic_msg/acoustic_msg_s__rosidl_typesupport_introspection_c.cpython-38-aarch64-linux-gnu.so
[12.521s] -- Up-to-date: /home/bb/ros2_ws/install/acoustic_msg/lib/python3.9/site-packages/acoustic_msg/_acoustic_msg_s.ep.rosidl_typesupport_fastrtps_c.c
[12.521s] -- Up-to-date: /home/bb/ros2_ws/install/acoustic_msg/lib/python3.9/site-packages/acoustic_msg/libacoustic_msg__rosidl_generator_py.so
[12.522s] -- Up-to-date: /home/bb/ros2_ws/install/acoustic_msg/lib/python3.9/site-packages/acoustic_msg/acoustic_msg_s__rosidl_typesupport_fastrtps_c.cpython-38-aarch64-linux-gnu.so
[12.522s] -- Up-to-date: /home/bb/ros2_ws/install/acoustic_msg/lib/python3.9/site-packages/acoustic_msg/acoustic_msg_s__rosidl_typesupport_c.cpython-38-aarch64-linux-gnu.so
[12.523s] -- Up-to-date: /home/bb/ros2_ws/install/acoustic_msg/lib/python3.9/site-packages/acoustic_msg/__init__.py
[12.730s] Listing '/home/bb/ros2_ws/install/acoustic_msg/lib/python3.9/site-packages/acoustic_msg'...
[12.730s] Listing '/home/bb/ros2_ws/install/acoustic_msg/lib/python3.9/site-packages/acoustic_msg/msg'...
[12.758s] -- Up-to-date: /home/bb/ros2_ws/install/acoustic_msg/lib/python3.9/site-packages/acoustic_msg/acoustic_msg_s__rosidl_typesupport_fastrtps_c.cpython-38-aarch64-linux-gnu.so
[12.763s] -- Up-to-date: /home/bb/ros2_ws/install/acoustic_msg/lib/python3.9/site-packages/acoustic_msg/acoustic_msg_s__rosidl_typesupport_introspection_c.cpython-38-aarch64-linux-gnu.so
[12.766s] -- Up-to-date: /home/bb/ros2_ws/install/acoustic_msg/lib/python3.9/site-packages/acoustic_msg/acoustic_msg_s__rosidl_typesupport_c.cpython-38-aarch64-linux-gnu.so
[12.771s] -- Up-to-date: /home/bb/ros2_ws/install/acoustic_msg/lib/libacoustic_msg__rosidl_generator_py.so
[12.774s] -- Up-to-date: /home/bb/ros2_ws/install/acoustic_msg/share/acoustic_msg/msg/Acoustic.idl
[12.775s] -- Up-to-date: /home/bb/ros2_ws/install/acoustic_msg/share/acoustic_msg/msg/Acoustic.msg
[12.776s] -- Up-to-date: /home/bb/ros2_ws/install/acoustic_msg/share/ament_index/resource_index/package_run_dependencies/acoustic_msg
[12.778s] -- Up-to-date: /home/bb/ros2_ws/install/acoustic_msg/share/ament_index/resource_index/parent_prefix_path/acoustic_msg
[12.779s] -- Up-to-date: /home/bb/ros2_ws/install/acoustic_msg/share/acoustic_msg/environment/ament_prefix_path.sh
[12.779s] -- Up-to-date: /home/bb/ros2_ws/install/acoustic_msg/share/acoustic_msg/environment/ament_prefix_path.dsv
[12.780s] -- Up-to-date: /home/bb/ros2_ws/install/acoustic_msg/share/acoustic_msg/environment/path.sh
[12.781s] -- Up-to-date: /home/bb/ros2_ws/install/acoustic_msg/share/acoustic_msg/environment/path.dsv
[12.782s] -- Up-to-date: /home/bb/ros2_ws/install/acoustic_msg/share/acoustic_msg/local_setup.bash
[12.783s] -- Up-to-date: /home/bb/ros2_ws/install/acoustic_msg/share/acoustic_msg/local_setup.sh
[12.783s] -- Up-to-date: /home/bb/ros2_ws/install/acoustic_msg/share/acoustic_msg/local_setup.zsh
[12.784s] -- Up-to-date: /home/bb/ros2_ws/install/acoustic_msg/share/acoustic_msg/local_setup.dsv
[12.784s] -- Installing: /home/bb/ros2_ws/install/acoustic_msg/share/acoustic_msg/package.dsv
[12.790s] -- Up-to-date: /home/bb/ros2_ws/install/acoustic_msg/share/ament_index/resource_index/packages/acoustic_msg
[12.791s] -- Up-to-date: /home/bb/ros2_ws/install/acoustic_msg/share/acoustic_msg/cmake/export_acoustic_msg__rosidl_generator_cExport.cmake
[12.792s] -- Up-to-date: /home/bb/ros2_ws/install/acoustic_msg/share/acoustic_msg/cmake/export_acoustic_msg__rosidl_generator_cExport-noconfig.cmake
[12.794s] -- Up-to-date: /home/bb/ros2_ws/install/acoustic_msg/share/acoustic_msg/cmake/export_acoustic_msg__rosidl_typesupport_fastrtps_cExport.cmake
[12.795s] -- Up-to-date: /home/bb/ros2_ws/install/acoustic_msg/share/acoustic_msg/cmake/export_acoustic_msg__rosidl_typesupport_fastrtps_cExport-noconfig.cmake
[12.796s] -- Up-to-date: /home/bb/ros2_ws/install/acoustic_msg/share/acoustic_msg/cmake/acoustic_msg__rosidl_typesupport_introspection_cExport.cmake
[12.796s] -- Up-to-date: /home/bb/ros2_ws/install/acoustic_msg/share/acoustic_msg/cmake/acoustic_msg__rosidl_typesupport_introspection_cExport-noconfig.cmake
[12.797s] -- Up-to-date: /home/bb/ros2_ws/install/acoustic_msg/share/acoustic_msg/cmake/acoustic_msg__rosidl_typesupport_cExport.cmake
[12.798s] -- Up-to-date: /home/bb/ros2_ws/install/acoustic_msg/share/acoustic_msg/cmake/acoustic_msg__rosidl_typesupport_cExport-noconfig.cmake
[12.798s] -- Up-to-date: /home/bb/ros2_ws/install/acoustic_msg/share/acoustic_msg/cmake/export_acoustic_msg__rosidl_generator_cppExport.cmake
[12.800s] -- Up-to-date: /home/bb/ros2_ws/install/acoustic_msg/share/acoustic_msg/cmake/export_acoustic_msg__rosidl_typesupport_fastrtps_cppExport.cmake
[12.801s] -- Up-to-date: /home/bb/ros2_ws/install/acoustic_msg/share/acoustic_msg/cmake/export_acoustic_msg__rosidl_typesupport_fastrtps_cppExport-noconfig.cmake
[12.803s] -- Up-to-date: /home/bb/ros2_ws/install/acoustic_msg/share/acoustic_msg/cmake/acoustic_msg__rosidl_typesupport_introspection_cppExport.cmake
[12.804s] -- Up-to-date: /home/bb/ros2_ws/install/acoustic_msg/share/acoustic_msg/cmake/acoustic_msg__rosidl_typesupport_introspection_cppExport-noconfig.cmake
[12.809s] -- Up-to-date: /home/bb/ros2_ws/install/acoustic_msg/share/acoustic_msg/cmake/acoustic_msg__rosidl_typesupport_cppExport.cmake
[12.810s] -- Up-to-date: /home/bb/ros2_ws/install/acoustic_msg/share/acoustic_msg/cmake/acoustic_msg__rosidl_typesupport_cppExport-noconfig.cmake
[12.811s] -- Up-to-date: /home/bb/ros2_ws/install/acoustic_msg/share/acoustic_msg/cmake/export_acoustic_msg__rosidl_generator_pyExport.cmake
[12.812s] -- Up-to-date: /home/bb/ros2_ws/install/acoustic_msg/share/acoustic_msg/cmake/export_acoustic_msg__rosidl_generator_pyExport-noconfig.cmake
[12.821s] -- Up-to-date: /home/bb/ros2_ws/install/acoustic_msg/share/acoustic_msg/cmake/rosidl_cmake-extras.cmake
[12.822s] -- Up-to-date: /home/bb/ros2_ws/install/acoustic_msg/share/acoustic_msg/cmake/ament_cmake_export_include_directories-extras.cmake
[12.823s] -- Up-to-date: /home/bb/ros2_ws/install/acoustic_msg/share/acoustic_msg/cmake/ament_cmake_export_libraries-extras.cmake
[12.824s] -- Up-to-date: /home/bb/ros2_ws/install/acoustic_msg/share/acoustic_msg/cmake/ament_cmake_export_targets-extras.cmake
[12.826s] -- Up-to-date: /home/bb/ros2_ws/install/acoustic_msg/share/acoustic_msg/cmake/rosidl_cmake_export_typesupport_targets-extras.cmake
[12.826s] -- Up-to-date: /home/bb/ros2_ws/install/acoustic_msg/share/acoustic_msg/cmake/ament_cmake_export_dependencies-extras.cmake
[12.827s] -- Up-to-date: /home/bb/ros2_ws/install/acoustic_msg/share/acoustic_msg/cmake/rosidl_cmake_export_typesupport_libraries-extras.cmake
[12.827s] -- Up-to-date: /home/bb/ros2_ws/install/acoustic_msg/share/acoustic_msg/cmake/acoustic_msgConfig.cmake
[12.828s] -- Up-to-date: /home/bb/ros2_ws/install/acoustic_msg/share/acoustic_msg/cmake/acoustic_msgConfig-version.cmake
[12.828s] -- Up-to-date: /home/bb/ros2_ws/install/acoustic_msg/share/acoustic_msg/package.xml
[13.536s] Invoked command in '/home/bb/ros2_ws/build/acoustic_msg' returned '0': CMAKE_PREFIX_PATH=${CMAKE_PREFIX_PATH}:/home/bb/ros2_ws/install/sub:/home/bb/ros2_ws/install/test141123:/home/bb/ros2_ws/install/imu_sensor:/home/bb/ros2_ws/install/depth_sensor:/home/bb/ros2_ws/install/acoustic_sensor:/home/bb/ros2_ws/install/IMU_sensor:/opt/ros/humble /usr/bin/cmake --install /home/bb/ros2_ws/build/acoustic_msg
