[7.323s] Invoking command in '/home/bb/ros2_ws/build/linear_acceleration_msg': CMAKE_PREFIX_PATH=${CMAKE_PREFIX_PATH}:/home/bb/ros2_ws/install/test141123:/home/bb/ros2_ws/install/imu_sensor:/home/bb/ros2_ws/install/depth_sensor:/home/bb/ros2_ws/install/acoustic_sensor:/home/bb/ros2_ws/install/IMU_sensor:/opt/ros/humble /usr/bin/cmake --build /home/bb/ros2_ws/build/linear_acceleration_msg -- -j6 -l6
[7.745s] [  9%] Built target linear_acceleration_msg__rosidl_generator_c
[7.831s] [ 12%] Built target linear_acceleration_msg__cpp
[7.947s] [ 12%] Built target ament_cmake_python_copy_linear_acceleration_msg
[8.095s] [ 22%] Built target linear_acceleration_msg__rosidl_typesupport_fastrtps_c
[8.115s] [ 32%] Built target linear_acceleration_msg__rosidl_typesupport_c
[8.127s] [ 41%] Built target linear_acceleration_msg__rosidl_typesupport_introspection_c
[8.128s] [ 51%] Built target linear_acceleration_msg__rosidl_typesupport_introspection_cpp
[8.158s] [ 61%] Built target linear_acceleration_msg__rosidl_typesupport_fastrtps_cpp
[8.233s] [ 70%] Built target linear_acceleration_msg__rosidl_typesupport_cpp
[8.425s] [ 70%] Built target linear_acceleration_msg
[8.731s] [ 74%] Built target linear_acceleration_msg__py
[9.065s] [ 80%] Built target linear_acceleration_msg__rosidl_generator_py
[9.426s] [ 87%] Built target linear_acceleration_msg__rosidl_typesupport_fastrtps_c__pyext
[9.459s] [ 93%] Built target linear_acceleration_msg__rosidl_typesupport_introspection_c__pyext
[9.494s] [100%] Built target linear_acceleration_msg__rosidl_typesupport_c__pyext
[11.014s] running egg_info
[11.016s] writing linear_acceleration_msg.egg-info/PKG-INFO
[11.018s] writing dependency_links to linear_acceleration_msg.egg-info/dependency_links.txt
[11.019s] writing top-level names to linear_acceleration_msg.egg-info/top_level.txt
[11.358s] reading manifest file 'linear_acceleration_msg.egg-info/SOURCES.txt'
[11.363s] writing manifest file 'linear_acceleration_msg.egg-info/SOURCES.txt'
[11.546s] [100%] Built target ament_cmake_python_build_linear_acceleration_msg_egg
[14.977s] Invoked command in '/home/bb/ros2_ws/build/linear_acceleration_msg' returned '0': CMAKE_PREFIX_PATH=${CMAKE_PREFIX_PATH}:/home/bb/ros2_ws/install/test141123:/home/bb/ros2_ws/install/imu_sensor:/home/bb/ros2_ws/install/depth_sensor:/home/bb/ros2_ws/install/acoustic_sensor:/home/bb/ros2_ws/install/IMU_sensor:/opt/ros/humble /usr/bin/cmake --build /home/bb/ros2_ws/build/linear_acceleration_msg -- -j6 -l6
[21.286s] Invoking command in '/home/bb/ros2_ws/build/linear_acceleration_msg': CMAKE_PREFIX_PATH=${CMAKE_PREFIX_PATH}:/home/bb/ros2_ws/install/test141123:/home/bb/ros2_ws/install/imu_sensor:/home/bb/ros2_ws/install/depth_sensor:/home/bb/ros2_ws/install/acoustic_sensor:/home/bb/ros2_ws/install/IMU_sensor:/opt/ros/humble /usr/bin/cmake --install /home/bb/ros2_ws/build/linear_acceleration_msg
[23.412s] -- Install configuration: ""
[23.415s] -- Up-to-date: /home/bb/ros2_ws/install/linear_acceleration_msg/share/ament_index/resource_index/rosidl_interfaces/linear_acceleration_msg
[23.422s] -- Up-to-date: /home/bb/ros2_ws/install/linear_acceleration_msg/include/linear_acceleration_msg/linear_acceleration_msg
[23.423s] -- Up-to-date: /home/bb/ros2_ws/install/linear_acceleration_msg/include/linear_acceleration_msg/linear_acceleration_msg/msg
[23.424s] -- Up-to-date: /home/bb/ros2_ws/install/linear_acceleration_msg/include/linear_acceleration_msg/linear_acceleration_msg/msg/rosidl_generator_c__visibility_control.h
[23.425s] -- Up-to-date: /home/bb/ros2_ws/install/linear_acceleration_msg/include/linear_acceleration_msg/linear_acceleration_msg/msg/acceleration.h
[23.426s] -- Up-to-date: /home/bb/ros2_ws/install/linear_acceleration_msg/include/linear_acceleration_msg/linear_acceleration_msg/msg/detail
[23.427s] -- Up-to-date: /home/bb/ros2_ws/install/linear_acceleration_msg/include/linear_acceleration_msg/linear_acceleration_msg/msg/detail/acceleration__functions.c
[23.428s] -- Up-to-date: /home/bb/ros2_ws/install/linear_acceleration_msg/include/linear_acceleration_msg/linear_acceleration_msg/msg/detail/acceleration__type_support.h
[23.436s] -- Up-to-date: /home/bb/ros2_ws/install/linear_acceleration_msg/include/linear_acceleration_msg/linear_acceleration_msg/msg/detail/acceleration__struct.h
[23.448s] -- Up-to-date: /home/bb/ros2_ws/install/linear_acceleration_msg/include/linear_acceleration_msg/linear_acceleration_msg/msg/detail/acceleration__functions.h
[23.452s] -- Up-to-date: /home/bb/ros2_ws/install/linear_acceleration_msg/share/linear_acceleration_msg/environment/library_path.sh
[23.453s] -- Up-to-date: /home/bb/ros2_ws/install/linear_acceleration_msg/share/linear_acceleration_msg/environment/library_path.dsv
[23.453s] -- Up-to-date: /home/bb/ros2_ws/install/linear_acceleration_msg/lib/liblinear_acceleration_msg__rosidl_generator_c.so
[23.454s] -- Up-to-date: /home/bb/ros2_ws/install/linear_acceleration_msg/include/linear_acceleration_msg/linear_acceleration_msg
[23.455s] -- Up-to-date: /home/bb/ros2_ws/install/linear_acceleration_msg/include/linear_acceleration_msg/linear_acceleration_msg/msg
[23.455s] -- Up-to-date: /home/bb/ros2_ws/install/linear_acceleration_msg/include/linear_acceleration_msg/linear_acceleration_msg/msg/rosidl_typesupport_fastrtps_c__visibility_control.h
[23.456s] -- Up-to-date: /home/bb/ros2_ws/install/linear_acceleration_msg/include/linear_acceleration_msg/linear_acceleration_msg/msg/detail
[23.457s] -- Up-to-date: /home/bb/ros2_ws/install/linear_acceleration_msg/include/linear_acceleration_msg/linear_acceleration_msg/msg/detail/acceleration__rosidl_typesupport_fastrtps_c.h
[23.458s] -- Up-to-date: /home/bb/ros2_ws/install/linear_acceleration_msg/lib/liblinear_acceleration_msg__rosidl_typesupport_fastrtps_c.so
[23.459s] -- Up-to-date: /home/bb/ros2_ws/install/linear_acceleration_msg/include/linear_acceleration_msg/linear_acceleration_msg
[23.459s] -- Up-to-date: /home/bb/ros2_ws/install/linear_acceleration_msg/include/linear_acceleration_msg/linear_acceleration_msg/msg
[23.460s] -- Up-to-date: /home/bb/ros2_ws/install/linear_acceleration_msg/include/linear_acceleration_msg/linear_acceleration_msg/msg/acceleration.hpp
[23.460s] -- Up-to-date: /home/bb/ros2_ws/install/linear_acceleration_msg/include/linear_acceleration_msg/linear_acceleration_msg/msg/detail
[23.461s] -- Up-to-date: /home/bb/ros2_ws/install/linear_acceleration_msg/include/linear_acceleration_msg/linear_acceleration_msg/msg/detail/acceleration__struct.hpp
[23.461s] -- Up-to-date: /home/bb/ros2_ws/install/linear_acceleration_msg/include/linear_acceleration_msg/linear_acceleration_msg/msg/detail/acceleration__builder.hpp
[23.462s] -- Up-to-date: /home/bb/ros2_ws/install/linear_acceleration_msg/include/linear_acceleration_msg/linear_acceleration_msg/msg/detail/acceleration__traits.hpp
[23.463s] -- Up-to-date: /home/bb/ros2_ws/install/linear_acceleration_msg/include/linear_acceleration_msg/linear_acceleration_msg
[23.464s] -- Up-to-date: /home/bb/ros2_ws/install/linear_acceleration_msg/include/linear_acceleration_msg/linear_acceleration_msg/msg
[23.465s] -- Up-to-date: /home/bb/ros2_ws/install/linear_acceleration_msg/include/linear_acceleration_msg/linear_acceleration_msg/msg/rosidl_typesupport_fastrtps_cpp__visibility_control.h
[23.471s] -- Up-to-date: /home/bb/ros2_ws/install/linear_acceleration_msg/include/linear_acceleration_msg/linear_acceleration_msg/msg/detail
[23.472s] -- Up-to-date: /home/bb/ros2_ws/install/linear_acceleration_msg/include/linear_acceleration_msg/linear_acceleration_msg/msg/detail/acceleration__rosidl_typesupport_fastrtps_cpp.hpp
[23.475s] -- Up-to-date: /home/bb/ros2_ws/install/linear_acceleration_msg/include/linear_acceleration_msg/linear_acceleration_msg/msg/detail/dds_fastrtps
[23.476s] -- Up-to-date: /home/bb/ros2_ws/install/linear_acceleration_msg/lib/liblinear_acceleration_msg__rosidl_typesupport_fastrtps_cpp.so
[23.478s] -- Up-to-date: /home/bb/ros2_ws/install/linear_acceleration_msg/include/linear_acceleration_msg/linear_acceleration_msg
[23.478s] -- Up-to-date: /home/bb/ros2_ws/install/linear_acceleration_msg/include/linear_acceleration_msg/linear_acceleration_msg/msg
[23.480s] -- Up-to-date: /home/bb/ros2_ws/install/linear_acceleration_msg/include/linear_acceleration_msg/linear_acceleration_msg/msg/rosidl_typesupport_introspection_c__visibility_control.h
[23.480s] -- Up-to-date: /home/bb/ros2_ws/install/linear_acceleration_msg/include/linear_acceleration_msg/linear_acceleration_msg/msg/detail
[23.482s] -- Up-to-date: /home/bb/ros2_ws/install/linear_acceleration_msg/include/linear_acceleration_msg/linear_acceleration_msg/msg/detail/acceleration__type_support.c
[23.483s] -- Up-to-date: /home/bb/ros2_ws/install/linear_acceleration_msg/include/linear_acceleration_msg/linear_acceleration_msg/msg/detail/acceleration__rosidl_typesupport_introspection_c.h
[23.484s] -- Up-to-date: /home/bb/ros2_ws/install/linear_acceleration_msg/lib/liblinear_acceleration_msg__rosidl_typesupport_introspection_c.so
[23.485s] -- Up-to-date: /home/bb/ros2_ws/install/linear_acceleration_msg/lib/liblinear_acceleration_msg__rosidl_typesupport_c.so
[23.485s] -- Up-to-date: /home/bb/ros2_ws/install/linear_acceleration_msg/include/linear_acceleration_msg/linear_acceleration_msg
[23.486s] -- Up-to-date: /home/bb/ros2_ws/install/linear_acceleration_msg/include/linear_acceleration_msg/linear_acceleration_msg/msg
[23.487s] -- Up-to-date: /home/bb/ros2_ws/install/linear_acceleration_msg/include/linear_acceleration_msg/linear_acceleration_msg/msg/detail
[23.489s] -- Up-to-date: /home/bb/ros2_ws/install/linear_acceleration_msg/include/linear_acceleration_msg/linear_acceleration_msg/msg/detail/acceleration__type_support.cpp
[23.491s] -- Up-to-date: /home/bb/ros2_ws/install/linear_acceleration_msg/include/linear_acceleration_msg/linear_acceleration_msg/msg/detail/acceleration__rosidl_typesupport_introspection_cpp.hpp
[23.492s] -- Up-to-date: /home/bb/ros2_ws/install/linear_acceleration_msg/lib/liblinear_acceleration_msg__rosidl_typesupport_introspection_cpp.so
[23.493s] -- Up-to-date: /home/bb/ros2_ws/install/linear_acceleration_msg/lib/liblinear_acceleration_msg__rosidl_typesupport_cpp.so
[23.498s] -- Up-to-date: /home/bb/ros2_ws/install/linear_acceleration_msg/share/linear_acceleration_msg/environment/pythonpath.sh
[23.500s] -- Up-to-date: /home/bb/ros2_ws/install/linear_acceleration_msg/share/linear_acceleration_msg/environment/pythonpath.dsv
[23.501s] -- Up-to-date: /home/bb/ros2_ws/install/linear_acceleration_msg/lib/python3.9/site-packages/linear_acceleration_msg-0.0.0-py3.9.egg-info
[23.503s] -- Installing: /home/bb/ros2_ws/install/linear_acceleration_msg/lib/python3.9/site-packages/linear_acceleration_msg-0.0.0-py3.9.egg-info/top_level.txt
[23.505s] -- Installing: /home/bb/ros2_ws/install/linear_acceleration_msg/lib/python3.9/site-packages/linear_acceleration_msg-0.0.0-py3.9.egg-info/dependency_links.txt
[23.505s] -- Installing: /home/bb/ros2_ws/install/linear_acceleration_msg/lib/python3.9/site-packages/linear_acceleration_msg-0.0.0-py3.9.egg-info/SOURCES.txt
[23.507s] -- Installing: /home/bb/ros2_ws/install/linear_acceleration_msg/lib/python3.9/site-packages/linear_acceleration_msg-0.0.0-py3.9.egg-info/PKG-INFO
[23.509s] -- Up-to-date: /home/bb/ros2_ws/install/linear_acceleration_msg/lib/python3.9/site-packages/linear_acceleration_msg
[23.511s] -- Up-to-date: /home/bb/ros2_ws/install/linear_acceleration_msg/lib/python3.9/site-packages/linear_acceleration_msg/msg
[23.511s] -- Up-to-date: /home/bb/ros2_ws/install/linear_acceleration_msg/lib/python3.9/site-packages/linear_acceleration_msg/msg/_acceleration.py
[23.513s] -- Up-to-date: /home/bb/ros2_ws/install/linear_acceleration_msg/lib/python3.9/site-packages/linear_acceleration_msg/msg/_acceleration_s.c
[23.515s] -- Up-to-date: /home/bb/ros2_ws/install/linear_acceleration_msg/lib/python3.9/site-packages/linear_acceleration_msg/msg/__init__.py
[23.517s] -- Up-to-date: /home/bb/ros2_ws/install/linear_acceleration_msg/lib/python3.9/site-packages/linear_acceleration_msg/_linear_acceleration_msg_s.ep.rosidl_typesupport_fastrtps_c.c
[23.519s] -- Up-to-date: /home/bb/ros2_ws/install/linear_acceleration_msg/lib/python3.9/site-packages/linear_acceleration_msg/_linear_acceleration_msg_s.ep.rosidl_typesupport_introspection_c.c
[23.521s] -- Up-to-date: /home/bb/ros2_ws/install/linear_acceleration_msg/lib/python3.9/site-packages/linear_acceleration_msg/liblinear_acceleration_msg__rosidl_generator_py.so
[23.522s] -- Up-to-date: /home/bb/ros2_ws/install/linear_acceleration_msg/lib/python3.9/site-packages/linear_acceleration_msg/linear_acceleration_msg_s__rosidl_typesupport_fastrtps_c.cpython-38-aarch64-linux-gnu.so
[23.524s] -- Up-to-date: /home/bb/ros2_ws/install/linear_acceleration_msg/lib/python3.9/site-packages/linear_acceleration_msg/_linear_acceleration_msg_s.ep.rosidl_typesupport_c.c
[23.525s] -- Up-to-date: /home/bb/ros2_ws/install/linear_acceleration_msg/lib/python3.9/site-packages/linear_acceleration_msg/linear_acceleration_msg_s__rosidl_typesupport_introspection_c.cpython-38-aarch64-linux-gnu.so
[23.527s] -- Up-to-date: /home/bb/ros2_ws/install/linear_acceleration_msg/lib/python3.9/site-packages/linear_acceleration_msg/linear_acceleration_msg_s__rosidl_typesupport_c.cpython-38-aarch64-linux-gnu.so
[23.528s] -- Up-to-date: /home/bb/ros2_ws/install/linear_acceleration_msg/lib/python3.9/site-packages/linear_acceleration_msg/__init__.py
[23.530s] Listing '/home/bb/ros2_ws/install/linear_acceleration_msg/lib/python3.9/site-packages/linear_acceleration_msg'...
[23.531s] Listing '/home/bb/ros2_ws/install/linear_acceleration_msg/lib/python3.9/site-packages/linear_acceleration_msg/msg'...
[23.532s] -- Up-to-date: /home/bb/ros2_ws/install/linear_acceleration_msg/lib/python3.9/site-packages/linear_acceleration_msg/linear_acceleration_msg_s__rosidl_typesupport_fastrtps_c.cpython-38-aarch64-linux-gnu.so
[23.534s] -- Up-to-date: /home/bb/ros2_ws/install/linear_acceleration_msg/lib/python3.9/site-packages/linear_acceleration_msg/linear_acceleration_msg_s__rosidl_typesupport_introspection_c.cpython-38-aarch64-linux-gnu.so
[23.536s] -- Up-to-date: /home/bb/ros2_ws/install/linear_acceleration_msg/lib/python3.9/site-packages/linear_acceleration_msg/linear_acceleration_msg_s__rosidl_typesupport_c.cpython-38-aarch64-linux-gnu.so
[23.537s] -- Up-to-date: /home/bb/ros2_ws/install/linear_acceleration_msg/lib/liblinear_acceleration_msg__rosidl_generator_py.so
[23.538s] -- Up-to-date: /home/bb/ros2_ws/install/linear_acceleration_msg/share/linear_acceleration_msg/msg/Acceleration.idl
[23.540s] -- Up-to-date: /home/bb/ros2_ws/install/linear_acceleration_msg/share/linear_acceleration_msg/msg/Acceleration.msg
[23.542s] -- Up-to-date: /home/bb/ros2_ws/install/linear_acceleration_msg/share/ament_index/resource_index/package_run_dependencies/linear_acceleration_msg
[23.544s] -- Up-to-date: /home/bb/ros2_ws/install/linear_acceleration_msg/share/ament_index/resource_index/parent_prefix_path/linear_acceleration_msg
[23.545s] -- Up-to-date: /home/bb/ros2_ws/install/linear_acceleration_msg/share/linear_acceleration_msg/environment/ament_prefix_path.sh
[23.547s] -- Up-to-date: /home/bb/ros2_ws/install/linear_acceleration_msg/share/linear_acceleration_msg/environment/ament_prefix_path.dsv
[23.549s] -- Up-to-date: /home/bb/ros2_ws/install/linear_acceleration_msg/share/linear_acceleration_msg/environment/path.sh
[23.550s] -- Up-to-date: /home/bb/ros2_ws/install/linear_acceleration_msg/share/linear_acceleration_msg/environment/path.dsv
[23.551s] -- Up-to-date: /home/bb/ros2_ws/install/linear_acceleration_msg/share/linear_acceleration_msg/local_setup.bash
[23.552s] -- Up-to-date: /home/bb/ros2_ws/install/linear_acceleration_msg/share/linear_acceleration_msg/local_setup.sh
[23.553s] -- Up-to-date: /home/bb/ros2_ws/install/linear_acceleration_msg/share/linear_acceleration_msg/local_setup.zsh
[23.555s] -- Up-to-date: /home/bb/ros2_ws/install/linear_acceleration_msg/share/linear_acceleration_msg/local_setup.dsv
[23.558s] -- Installing: /home/bb/ros2_ws/install/linear_acceleration_msg/share/linear_acceleration_msg/package.dsv
[23.559s] -- Up-to-date: /home/bb/ros2_ws/install/linear_acceleration_msg/share/ament_index/resource_index/packages/linear_acceleration_msg
[23.561s] -- Up-to-date: /home/bb/ros2_ws/install/linear_acceleration_msg/share/linear_acceleration_msg/cmake/export_linear_acceleration_msg__rosidl_generator_cExport.cmake
[23.562s] -- Up-to-date: /home/bb/ros2_ws/install/linear_acceleration_msg/share/linear_acceleration_msg/cmake/export_linear_acceleration_msg__rosidl_generator_cExport-noconfig.cmake
[23.563s] -- Up-to-date: /home/bb/ros2_ws/install/linear_acceleration_msg/share/linear_acceleration_msg/cmake/export_linear_acceleration_msg__rosidl_typesupport_fastrtps_cExport.cmake
[23.564s] -- Up-to-date: /home/bb/ros2_ws/install/linear_acceleration_msg/share/linear_acceleration_msg/cmake/export_linear_acceleration_msg__rosidl_typesupport_fastrtps_cExport-noconfig.cmake
[23.566s] -- Up-to-date: /home/bb/ros2_ws/install/linear_acceleration_msg/share/linear_acceleration_msg/cmake/export_linear_acceleration_msg__rosidl_generator_cppExport.cmake
[23.567s] -- Up-to-date: /home/bb/ros2_ws/install/linear_acceleration_msg/share/linear_acceleration_msg/cmake/export_linear_acceleration_msg__rosidl_typesupport_fastrtps_cppExport.cmake
[23.568s] -- Up-to-date: /home/bb/ros2_ws/install/linear_acceleration_msg/share/linear_acceleration_msg/cmake/export_linear_acceleration_msg__rosidl_typesupport_fastrtps_cppExport-noconfig.cmake
[23.570s] -- Up-to-date: /home/bb/ros2_ws/install/linear_acceleration_msg/share/linear_acceleration_msg/cmake/linear_acceleration_msg__rosidl_typesupport_introspection_cExport.cmake
[23.571s] -- Up-to-date: /home/bb/ros2_ws/install/linear_acceleration_msg/share/linear_acceleration_msg/cmake/linear_acceleration_msg__rosidl_typesupport_introspection_cExport-noconfig.cmake
[23.574s] -- Up-to-date: /home/bb/ros2_ws/install/linear_acceleration_msg/share/linear_acceleration_msg/cmake/linear_acceleration_msg__rosidl_typesupport_cExport.cmake
[23.576s] -- Up-to-date: /home/bb/ros2_ws/install/linear_acceleration_msg/share/linear_acceleration_msg/cmake/linear_acceleration_msg__rosidl_typesupport_cExport-noconfig.cmake
[23.577s] -- Up-to-date: /home/bb/ros2_ws/install/linear_acceleration_msg/share/linear_acceleration_msg/cmake/linear_acceleration_msg__rosidl_typesupport_introspection_cppExport.cmake
[23.579s] -- Up-to-date: /home/bb/ros2_ws/install/linear_acceleration_msg/share/linear_acceleration_msg/cmake/linear_acceleration_msg__rosidl_typesupport_introspection_cppExport-noconfig.cmake
[23.580s] -- Up-to-date: /home/bb/ros2_ws/install/linear_acceleration_msg/share/linear_acceleration_msg/cmake/linear_acceleration_msg__rosidl_typesupport_cppExport.cmake
[23.582s] -- Up-to-date: /home/bb/ros2_ws/install/linear_acceleration_msg/share/linear_acceleration_msg/cmake/linear_acceleration_msg__rosidl_typesupport_cppExport-noconfig.cmake
[23.583s] -- Up-to-date: /home/bb/ros2_ws/install/linear_acceleration_msg/share/linear_acceleration_msg/cmake/export_linear_acceleration_msg__rosidl_generator_pyExport.cmake
[23.584s] -- Up-to-date: /home/bb/ros2_ws/install/linear_acceleration_msg/share/linear_acceleration_msg/cmake/export_linear_acceleration_msg__rosidl_generator_pyExport-noconfig.cmake
[23.585s] -- Up-to-date: /home/bb/ros2_ws/install/linear_acceleration_msg/share/linear_acceleration_msg/cmake/rosidl_cmake-extras.cmake
[23.588s] -- Up-to-date: /home/bb/ros2_ws/install/linear_acceleration_msg/share/linear_acceleration_msg/cmake/ament_cmake_export_include_directories-extras.cmake
[23.589s] -- Up-to-date: /home/bb/ros2_ws/install/linear_acceleration_msg/share/linear_acceleration_msg/cmake/ament_cmake_export_libraries-extras.cmake
[23.591s] -- Up-to-date: /home/bb/ros2_ws/install/linear_acceleration_msg/share/linear_acceleration_msg/cmake/ament_cmake_export_targets-extras.cmake
[23.593s] -- Up-to-date: /home/bb/ros2_ws/install/linear_acceleration_msg/share/linear_acceleration_msg/cmake/rosidl_cmake_export_typesupport_targets-extras.cmake
[23.594s] -- Up-to-date: /home/bb/ros2_ws/install/linear_acceleration_msg/share/linear_acceleration_msg/cmake/ament_cmake_export_dependencies-extras.cmake
[23.595s] -- Up-to-date: /home/bb/ros2_ws/install/linear_acceleration_msg/share/linear_acceleration_msg/cmake/rosidl_cmake_export_typesupport_libraries-extras.cmake
[23.596s] -- Up-to-date: /home/bb/ros2_ws/install/linear_acceleration_msg/share/linear_acceleration_msg/cmake/linear_acceleration_msgConfig.cmake
[23.597s] -- Up-to-date: /home/bb/ros2_ws/install/linear_acceleration_msg/share/linear_acceleration_msg/cmake/linear_acceleration_msgConfig-version.cmake
[23.599s] -- Up-to-date: /home/bb/ros2_ws/install/linear_acceleration_msg/share/linear_acceleration_msg/package.xml
[24.505s] Invoked command in '/home/bb/ros2_ws/build/linear_acceleration_msg' returned '0': CMAKE_PREFIX_PATH=${CMAKE_PREFIX_PATH}:/home/bb/ros2_ws/install/test141123:/home/bb/ros2_ws/install/imu_sensor:/home/bb/ros2_ws/install/depth_sensor:/home/bb/ros2_ws/install/acoustic_sensor:/home/bb/ros2_ws/install/IMU_sensor:/opt/ros/humble /usr/bin/cmake --install /home/bb/ros2_ws/build/linear_acceleration_msg
