[5.175s] Invoking command in '/home/bb/ros2_ws/src/depth_sensor': PYTHONPATH=/home/bb/ros2_ws/build/depth_sensor/prefix_override:/home/bb/ros2_ws/install/depth_sensor/lib/python3.8/site-packages:${PYTHONPATH} /usr/bin/python3 setup.py egg_info --egg-base ../../build/depth_sensor build --build-base /home/bb/ros2_ws/build/depth_sensor/build install --record /home/bb/ros2_ws/build/depth_sensor/install.log --single-version-externally-managed
[6.415s] running egg_info
[6.418s] writing ../../build/depth_sensor/depth_sensor.egg-info/PKG-INFO
[6.420s] writing dependency_links to ../../build/depth_sensor/depth_sensor.egg-info/dependency_links.txt
[6.421s] writing entry points to ../../build/depth_sensor/depth_sensor.egg-info/entry_points.txt
[6.422s] writing requirements to ../../build/depth_sensor/depth_sensor.egg-info/requires.txt
[6.423s] writing top-level names to ../../build/depth_sensor/depth_sensor.egg-info/top_level.txt
[6.597s] reading manifest file '../../build/depth_sensor/depth_sensor.egg-info/SOURCES.txt'
[6.601s] writing manifest file '../../build/depth_sensor/depth_sensor.egg-info/SOURCES.txt'
[6.602s] running build
[6.603s] running build_py
[6.603s] copying depth_sensor/publisher.py -> /home/bb/ros2_ws/build/depth_sensor/build/lib/depth_sensor
[6.604s] running install
[6.608s] running install_lib
[6.614s] copying /home/bb/ros2_ws/build/depth_sensor/build/lib/depth_sensor/publisher.py -> /home/bb/ros2_ws/install/depth_sensor/lib/python3.8/site-packages/depth_sensor
[6.616s] byte-compiling /home/bb/ros2_ws/install/depth_sensor/lib/python3.8/site-packages/depth_sensor/publisher.py to publisher.cpython-38.pyc
[6.624s] running install_data
[6.627s] running install_egg_info
[6.634s] removing '/home/bb/ros2_ws/install/depth_sensor/lib/python3.8/site-packages/depth_sensor-0.0.0-py3.8.egg-info' (and everything under it)
[6.636s] Copying ../../build/depth_sensor/depth_sensor.egg-info to /home/bb/ros2_ws/install/depth_sensor/lib/python3.8/site-packages/depth_sensor-0.0.0-py3.8.egg-info
[6.641s] running install_scripts
[6.721s] Installing publisher script to /home/bb/ros2_ws/install/depth_sensor/lib/depth_sensor
[6.723s] writing list of installed files to '/home/bb/ros2_ws/build/depth_sensor/install.log'
[6.818s] Invoked command in '/home/bb/ros2_ws/src/depth_sensor' returned '0': PYTHONPATH=/home/bb/ros2_ws/build/depth_sensor/prefix_override:/home/bb/ros2_ws/install/depth_sensor/lib/python3.8/site-packages:${PYTHONPATH} /usr/bin/python3 setup.py egg_info --egg-base ../../build/depth_sensor build --build-base /home/bb/ros2_ws/build/depth_sensor/build install --record /home/bb/ros2_ws/build/depth_sensor/install.log --single-version-externally-managed
