[5.190s] Invoking command in '/home/bb/ros2_ws/src/acoustic_sensor': PYTHONPATH=/home/bb/ros2_ws/build/acoustic_sensor/prefix_override:/home/bb/ros2_ws/install/acoustic_sensor/lib/python3.8/site-packages:${PYTHONPATH} /usr/bin/python3 setup.py egg_info --egg-base ../../build/acoustic_sensor build --build-base /home/bb/ros2_ws/build/acoustic_sensor/build install --record /home/bb/ros2_ws/build/acoustic_sensor/install.log --single-version-externally-managed
[6.447s] running egg_info
[6.449s] creating ../../build/acoustic_sensor/acoustic_sensor.egg-info
[6.450s] writing ../../build/acoustic_sensor/acoustic_sensor.egg-info/PKG-INFO
[6.451s] writing dependency_links to ../../build/acoustic_sensor/acoustic_sensor.egg-info/dependency_links.txt
[6.452s] writing entry points to ../../build/acoustic_sensor/acoustic_sensor.egg-info/entry_points.txt
[6.453s] writing requirements to ../../build/acoustic_sensor/acoustic_sensor.egg-info/requires.txt
[6.453s] writing top-level names to ../../build/acoustic_sensor/acoustic_sensor.egg-info/top_level.txt
[6.454s] writing manifest file '../../build/acoustic_sensor/acoustic_sensor.egg-info/SOURCES.txt'
[6.626s] reading manifest file '../../build/acoustic_sensor/acoustic_sensor.egg-info/SOURCES.txt'
[6.630s] writing manifest file '../../build/acoustic_sensor/acoustic_sensor.egg-info/SOURCES.txt'
[6.631s] running build
[6.632s] running build_py
[6.632s] creating /home/bb/ros2_ws/build/acoustic_sensor/build
[6.633s] creating /home/bb/ros2_ws/build/acoustic_sensor/build/lib
[6.633s] creating /home/bb/ros2_ws/build/acoustic_sensor/build/lib/acoustic_sensor
[6.634s] copying acoustic_sensor/publisher.py -> /home/bb/ros2_ws/build/acoustic_sensor/build/lib/acoustic_sensor
[6.634s] copying acoustic_sensor/__init__.py -> /home/bb/ros2_ws/build/acoustic_sensor/build/lib/acoustic_sensor
[6.635s] running install
[6.638s] running install_lib
[6.643s] creating /home/bb/ros2_ws/install/acoustic_sensor/lib/python3.8/site-packages/acoustic_sensor
[6.644s] copying /home/bb/ros2_ws/build/acoustic_sensor/build/lib/acoustic_sensor/publisher.py -> /home/bb/ros2_ws/install/acoustic_sensor/lib/python3.8/site-packages/acoustic_sensor
[6.644s] copying /home/bb/ros2_ws/build/acoustic_sensor/build/lib/acoustic_sensor/__init__.py -> /home/bb/ros2_ws/install/acoustic_sensor/lib/python3.8/site-packages/acoustic_sensor
[6.647s] byte-compiling /home/bb/ros2_ws/install/acoustic_sensor/lib/python3.8/site-packages/acoustic_sensor/publisher.py to publisher.cpython-38.pyc
[6.655s] byte-compiling /home/bb/ros2_ws/install/acoustic_sensor/lib/python3.8/site-packages/acoustic_sensor/__init__.py to __init__.cpython-38.pyc
[6.656s] running install_data
[6.659s] copying resource/acoustic_sensor -> /home/bb/ros2_ws/install/acoustic_sensor/share/ament_index/resource_index/packages
[6.660s] copying package.xml -> /home/bb/ros2_ws/install/acoustic_sensor/share/acoustic_sensor
[6.660s] running install_egg_info
[6.668s] Copying ../../build/acoustic_sensor/acoustic_sensor.egg-info to /home/bb/ros2_ws/install/acoustic_sensor/lib/python3.8/site-packages/acoustic_sensor-0.0.0-py3.8.egg-info
[6.674s] running install_scripts
[6.754s] Installing publisher script to /home/bb/ros2_ws/install/acoustic_sensor/lib/acoustic_sensor
[6.755s] writing list of installed files to '/home/bb/ros2_ws/build/acoustic_sensor/install.log'
[6.853s] Invoked command in '/home/bb/ros2_ws/src/acoustic_sensor' returned '0': PYTHONPATH=/home/bb/ros2_ws/build/acoustic_sensor/prefix_override:/home/bb/ros2_ws/install/acoustic_sensor/lib/python3.8/site-packages:${PYTHONPATH} /usr/bin/python3 setup.py egg_info --egg-base ../../build/acoustic_sensor build --build-base /home/bb/ros2_ws/build/acoustic_sensor/build install --record /home/bb/ros2_ws/build/acoustic_sensor/install.log --single-version-externally-managed
