[10.697s] DEBUG:colcon:Command line arguments: ['/usr/bin/colcon', 'build', '--packages-select', 'test141123']
[10.697s] DEBUG:colcon:Parsed command line arguments: Namespace(allow_overriding=[], ament_cmake_args=None, base_paths=['.'], build_base='build', catkin_cmake_args=None, catkin_skip_building_tests=False, cmake_args=None, cmake_clean_cache=False, cmake_clean_first=False, cmake_force_configure=False, cmake_target=None, cmake_target_skip_unavailable=False, continue_on_error=False, event_handlers=None, executor='parallel', ignore_user_meta=False, install_base='install', log_base=None, log_level=None, main=<bound method BuildVerb.main of <colcon_core.verb.build.BuildVerb object at 0xffffb2ad0e20>>, merge_install=False, metas=['./colcon.meta'], packages_above=None, packages_above_and_dependencies=None, packages_above_depth=None, packages_end=None, packages_ignore=None, packages_ignore_regex=None, packages_select=['test141123'], packages_select_build_failed=False, packages_select_by_dep=None, packages_select_regex=None, packages_select_test_failures=False, packages_skip=None, packages_skip_build_finished=False, packages_skip_by_dep=None, packages_skip_regex=None, packages_skip_test_passed=False, packages_skip_up_to=None, packages_start=None, packages_up_to=None, packages_up_to_regex=None, parallel_workers=6, paths=None, symlink_install=False, test_result_base=None, verb_extension=<colcon_core.verb.build.BuildVerb object at 0xffffb2ad0e20>, verb_name='build', verb_parser=<colcon_defaults.argument_parser.defaults.DefaultArgumentsDecorator object at 0xffffb2ac3ee0>)
[11.173s] Level 1:colcon.colcon_core.package_discovery:discover_packages(colcon_meta) check parameters
[11.174s] Level 1:colcon.colcon_core.package_discovery:discover_packages(recursive) check parameters
[11.174s] Level 1:colcon.colcon_core.package_discovery:discover_packages(ignore) check parameters
[11.174s] Level 1:colcon.colcon_core.package_discovery:discover_packages(path) check parameters
[11.174s] Level 1:colcon.colcon_core.package_discovery:discover_packages(colcon_meta) discover
[11.174s] Level 1:colcon.colcon_core.package_discovery:discover_packages(recursive) discover
[11.175s] INFO:colcon.colcon_core.package_discovery:Crawling recursively for packages in '/home/bb/ros2_ws'
[11.175s] Level 1:colcon.colcon_core.package_identification:_identify(.) by extensions ['ignore', 'ignore_ament_install']
[11.176s] Level 1:colcon.colcon_core.package_identification:_identify(.) by extension 'ignore'
[11.176s] Level 1:colcon.colcon_core.package_identification:_identify(.) by extension 'ignore_ament_install'
[11.176s] Level 1:colcon.colcon_core.package_identification:_identify(.) by extensions ['colcon_pkg']
[11.176s] Level 1:colcon.colcon_core.package_identification:_identify(.) by extension 'colcon_pkg'
[11.177s] Level 1:colcon.colcon_core.package_identification:_identify(.) by extensions ['colcon_meta']
[11.177s] Level 1:colcon.colcon_core.package_identification:_identify(.) by extension 'colcon_meta'
[11.177s] Level 1:colcon.colcon_core.package_identification:_identify(.) by extensions ['ros']
[11.177s] Level 1:colcon.colcon_core.package_identification:_identify(.) by extension 'ros'
[11.234s] Level 1:colcon.colcon_core.package_identification:_identify(.) by extensions ['cmake', 'python']
[11.234s] Level 1:colcon.colcon_core.package_identification:_identify(.) by extension 'cmake'
[11.234s] Level 1:colcon.colcon_core.package_identification:_identify(.) by extension 'python'
[11.234s] Level 1:colcon.colcon_core.package_identification:_identify(.) by extensions ['python_setup_py']
[11.235s] Level 1:colcon.colcon_core.package_identification:_identify(.) by extension 'python_setup_py'
[11.235s] Level 1:colcon.colcon_core.package_identification:_identify(build) by extensions ['ignore', 'ignore_ament_install']
[11.236s] Level 1:colcon.colcon_core.package_identification:_identify(build) by extension 'ignore'
[11.236s] Level 1:colcon.colcon_core.package_identification:_identify(build) ignored
[11.237s] Level 1:colcon.colcon_core.package_identification:_identify(install) by extensions ['ignore', 'ignore_ament_install']
[11.237s] Level 1:colcon.colcon_core.package_identification:_identify(install) by extension 'ignore'
[11.237s] Level 1:colcon.colcon_core.package_identification:_identify(install) ignored
[11.238s] Level 1:colcon.colcon_core.package_identification:_identify(log) by extensions ['ignore', 'ignore_ament_install']
[11.238s] Level 1:colcon.colcon_core.package_identification:_identify(log) by extension 'ignore'
[11.239s] Level 1:colcon.colcon_core.package_identification:_identify(log) ignored
[11.239s] Level 1:colcon.colcon_core.package_identification:_identify(src) by extensions ['ignore', 'ignore_ament_install']
[11.239s] Level 1:colcon.colcon_core.package_identification:_identify(src) by extension 'ignore'
[11.240s] Level 1:colcon.colcon_core.package_identification:_identify(src) by extension 'ignore_ament_install'
[11.240s] Level 1:colcon.colcon_core.package_identification:_identify(src) by extensions ['colcon_pkg']
[11.240s] Level 1:colcon.colcon_core.package_identification:_identify(src) by extension 'colcon_pkg'
[11.240s] Level 1:colcon.colcon_core.package_identification:_identify(src) by extensions ['colcon_meta']
[11.241s] Level 1:colcon.colcon_core.package_identification:_identify(src) by extension 'colcon_meta'
[11.241s] Level 1:colcon.colcon_core.package_identification:_identify(src) by extensions ['ros']
[11.241s] Level 1:colcon.colcon_core.package_identification:_identify(src) by extension 'ros'
[11.241s] Level 1:colcon.colcon_core.package_identification:_identify(src) by extensions ['cmake', 'python']
[11.242s] Level 1:colcon.colcon_core.package_identification:_identify(src) by extension 'cmake'
[11.242s] Level 1:colcon.colcon_core.package_identification:_identify(src) by extension 'python'
[11.242s] Level 1:colcon.colcon_core.package_identification:_identify(src) by extensions ['python_setup_py']
[11.242s] Level 1:colcon.colcon_core.package_identification:_identify(src) by extension 'python_setup_py'
[11.243s] Level 1:colcon.colcon_core.package_identification:_identify(src/IMU_sensor) by extensions ['ignore', 'ignore_ament_install']
[11.243s] Level 1:colcon.colcon_core.package_identification:_identify(src/IMU_sensor) by extension 'ignore'
[11.243s] Level 1:colcon.colcon_core.package_identification:_identify(src/IMU_sensor) by extension 'ignore_ament_install'
[11.244s] Level 1:colcon.colcon_core.package_identification:_identify(src/IMU_sensor) by extensions ['colcon_pkg']
[11.244s] Level 1:colcon.colcon_core.package_identification:_identify(src/IMU_sensor) by extension 'colcon_pkg'
[11.244s] Level 1:colcon.colcon_core.package_identification:_identify(src/IMU_sensor) by extensions ['colcon_meta']
[11.244s] Level 1:colcon.colcon_core.package_identification:_identify(src/IMU_sensor) by extension 'colcon_meta'
[11.245s] Level 1:colcon.colcon_core.package_identification:_identify(src/IMU_sensor) by extensions ['ros']
[11.245s] Level 1:colcon.colcon_core.package_identification:_identify(src/IMU_sensor) by extension 'ros'
[11.256s] DEBUG:colcon.colcon_core.package_identification:Package 'src/IMU_sensor' with type 'ros.ament_python' and name 'IMU_sensor'
[11.256s] Level 1:colcon.colcon_core.package_identification:_identify(src/build) by extensions ['ignore', 'ignore_ament_install']
[11.257s] Level 1:colcon.colcon_core.package_identification:_identify(src/build) by extension 'ignore'
[11.257s] Level 1:colcon.colcon_core.package_identification:_identify(src/build) ignored
[11.257s] Level 1:colcon.colcon_core.package_identification:_identify(src/depth101223) by extensions ['ignore', 'ignore_ament_install']
[11.258s] Level 1:colcon.colcon_core.package_identification:_identify(src/depth101223) by extension 'ignore'
[11.258s] Level 1:colcon.colcon_core.package_identification:_identify(src/depth101223) by extension 'ignore_ament_install'
[11.258s] Level 1:colcon.colcon_core.package_identification:_identify(src/depth101223) by extensions ['colcon_pkg']
[11.258s] Level 1:colcon.colcon_core.package_identification:_identify(src/depth101223) by extension 'colcon_pkg'
[11.259s] Level 1:colcon.colcon_core.package_identification:_identify(src/depth101223) by extensions ['colcon_meta']
[11.259s] Level 1:colcon.colcon_core.package_identification:_identify(src/depth101223) by extension 'colcon_meta'
[11.259s] Level 1:colcon.colcon_core.package_identification:_identify(src/depth101223) by extensions ['ros']
[11.259s] Level 1:colcon.colcon_core.package_identification:_identify(src/depth101223) by extension 'ros'
[11.262s] DEBUG:colcon.colcon_core.package_identification:Package 'src/depth101223' with type 'ros.ament_python' and name 'test141123'
[11.263s] Level 1:colcon.colcon_core.package_identification:_identify(src/install) by extensions ['ignore', 'ignore_ament_install']
[11.263s] Level 1:colcon.colcon_core.package_identification:_identify(src/install) by extension 'ignore'
[11.264s] Level 1:colcon.colcon_core.package_identification:_identify(src/install) ignored
[11.264s] Level 1:colcon.colcon_core.package_identification:_identify(src/log) by extensions ['ignore', 'ignore_ament_install']
[11.265s] Level 1:colcon.colcon_core.package_identification:_identify(src/log) by extension 'ignore'
[11.265s] Level 1:colcon.colcon_core.package_identification:_identify(src/log) ignored
[11.265s] Level 1:colcon.colcon_core.package_identification:_identify(src/test141123) by extensions ['ignore', 'ignore_ament_install']
[11.266s] Level 1:colcon.colcon_core.package_identification:_identify(src/test141123) by extension 'ignore'
[11.266s] Level 1:colcon.colcon_core.package_identification:_identify(src/test141123) by extension 'ignore_ament_install'
[11.266s] Level 1:colcon.colcon_core.package_identification:_identify(src/test141123) by extensions ['colcon_pkg']
[11.267s] Level 1:colcon.colcon_core.package_identification:_identify(src/test141123) by extension 'colcon_pkg'
[11.267s] Level 1:colcon.colcon_core.package_identification:_identify(src/test141123) by extensions ['colcon_meta']
[11.267s] Level 1:colcon.colcon_core.package_identification:_identify(src/test141123) by extension 'colcon_meta'
[11.267s] Level 1:colcon.colcon_core.package_identification:_identify(src/test141123) by extensions ['ros']
[11.268s] Level 1:colcon.colcon_core.package_identification:_identify(src/test141123) by extension 'ros'
[11.271s] DEBUG:colcon.colcon_core.package_identification:Package 'src/test141123' with type 'ros.ament_python' and name 'test141123'
[11.272s] Level 1:colcon.colcon_core.package_discovery:discover_packages(recursive) using defaults
[11.272s] Level 1:colcon.colcon_core.package_discovery:discover_packages(ignore) discover
[11.272s] Level 1:colcon.colcon_core.package_discovery:discover_packages(ignore) using defaults
[11.272s] Level 1:colcon.colcon_core.package_discovery:discover_packages(path) discover
[11.273s] Level 1:colcon.colcon_core.package_discovery:discover_packages(path) using defaults
[11.876s] INFO:colcon.colcon_core.package_selection:Skipping not selected package 'IMU_sensor' in 'src/IMU_sensor'
[12.231s] Level 1:colcon.colcon_core.package_discovery:discover_packages(prefix_path) check parameters
[12.231s] Level 1:colcon.colcon_core.package_discovery:discover_packages(prefix_path) discover
[12.591s] DEBUG:colcon.colcon_installed_package_information.package_discovery:Found 2 installed packages in /home/bb/ros2_ws/install
[12.772s] DEBUG:colcon.colcon_installed_package_information.package_discovery:Found 308 installed packages in /opt/ros/humble
[12.782s] Level 1:colcon.colcon_core.package_discovery:discover_packages(prefix_path) using defaults
[13.457s] ERROR:colcon:colcon build: Duplicate package names not supported:
- test141123:
  - src/depth101223
  - src/test141123
