[11.716s] Invoking command in '/home/bb/ros2_ws/src/imu_sensor': PYTHONPATH=/home/bb/ros2_ws/build/imu_sensor/prefix_override:/home/bb/ros2_ws/install/imu_sensor/lib/python3.8/site-packages:${PYTHONPATH} /usr/bin/python3 setup.py egg_info --egg-base ../../build/imu_sensor build --build-base /home/bb/ros2_ws/build/imu_sensor/build install --record /home/bb/ros2_ws/build/imu_sensor/install.log --single-version-externally-managed
[13.193s] running egg_info
[13.198s] writing ../../build/imu_sensor/imu_sensor.egg-info/PKG-INFO
[13.199s] writing dependency_links to ../../build/imu_sensor/imu_sensor.egg-info/dependency_links.txt
[13.200s] writing entry points to ../../build/imu_sensor/imu_sensor.egg-info/entry_points.txt
[13.202s] writing requirements to ../../build/imu_sensor/imu_sensor.egg-info/requires.txt
[13.203s] writing top-level names to ../../build/imu_sensor/imu_sensor.egg-info/top_level.txt
[13.429s] reading manifest file '../../build/imu_sensor/imu_sensor.egg-info/SOURCES.txt'
[13.436s] writing manifest file '../../build/imu_sensor/imu_sensor.egg-info/SOURCES.txt'
[13.436s] running build
[13.438s] running build_py
[13.439s] copying imu_sensor/publisher_xy.py -> /home/bb/ros2_ws/build/imu_sensor/build/lib/imu_sensor
[13.440s] copying imu_sensor/publisher_accel.py -> /home/bb/ros2_ws/build/imu_sensor/build/lib/imu_sensor
[13.440s] copying imu_sensor/publisher_z.py -> /home/bb/ros2_ws/build/imu_sensor/build/lib/imu_sensor
[13.457s] running install
[13.459s] running install_lib
[13.478s] copying /home/bb/ros2_ws/build/imu_sensor/build/lib/imu_sensor/publisher_xy.py -> /home/bb/ros2_ws/install/imu_sensor/lib/python3.8/site-packages/imu_sensor
[13.479s] copying /home/bb/ros2_ws/build/imu_sensor/build/lib/imu_sensor/publisher_accel.py -> /home/bb/ros2_ws/install/imu_sensor/lib/python3.8/site-packages/imu_sensor
[13.480s] copying /home/bb/ros2_ws/build/imu_sensor/build/lib/imu_sensor/publisher_z.py -> /home/bb/ros2_ws/install/imu_sensor/lib/python3.8/site-packages/imu_sensor
[13.483s] byte-compiling /home/bb/ros2_ws/install/imu_sensor/lib/python3.8/site-packages/imu_sensor/publisher_xy.py to publisher_xy.cpython-38.pyc
[13.495s] byte-compiling /home/bb/ros2_ws/install/imu_sensor/lib/python3.8/site-packages/imu_sensor/publisher_accel.py to publisher_accel.cpython-38.pyc
[13.500s] byte-compiling /home/bb/ros2_ws/install/imu_sensor/lib/python3.8/site-packages/imu_sensor/publisher_z.py to publisher_z.cpython-38.pyc
[13.504s] running install_data
[13.505s] running install_egg_info
[13.509s] removing '/home/bb/ros2_ws/install/imu_sensor/lib/python3.8/site-packages/imu_sensor-0.0.0-py3.8.egg-info' (and everything under it)
[13.509s] Copying ../../build/imu_sensor/imu_sensor.egg-info to /home/bb/ros2_ws/install/imu_sensor/lib/python3.8/site-packages/imu_sensor-0.0.0-py3.8.egg-info
[13.510s] running install_scripts
[13.571s] Installing publisher_accel script to /home/bb/ros2_ws/install/imu_sensor/lib/imu_sensor
[13.572s] Installing publisher_quat script to /home/bb/ros2_ws/install/imu_sensor/lib/imu_sensor
[13.574s] Installing publisher_xy script to /home/bb/ros2_ws/install/imu_sensor/lib/imu_sensor
[13.575s] Installing publisher_z script to /home/bb/ros2_ws/install/imu_sensor/lib/imu_sensor
[13.577s] writing list of installed files to '/home/bb/ros2_ws/build/imu_sensor/install.log'
[13.700s] Invoked command in '/home/bb/ros2_ws/src/imu_sensor' returned '0': PYTHONPATH=/home/bb/ros2_ws/build/imu_sensor/prefix_override:/home/bb/ros2_ws/install/imu_sensor/lib/python3.8/site-packages:${PYTHONPATH} /usr/bin/python3 setup.py egg_info --egg-base ../../build/imu_sensor build --build-base /home/bb/ros2_ws/build/imu_sensor/build install --record /home/bb/ros2_ws/build/imu_sensor/install.log --single-version-externally-managed
