[5.201s] Invoking command in '/home/bb/ros2_ws/src/imu_sensor': PYTHONPATH=/home/bb/ros2_ws/build/imu_sensor/prefix_override:/home/bb/ros2_ws/install/imu_sensor/lib/python3.8/site-packages:${PYTHONPATH} /usr/bin/python3 setup.py egg_info --egg-base ../../build/imu_sensor build --build-base /home/bb/ros2_ws/build/imu_sensor/build install --record /home/bb/ros2_ws/build/imu_sensor/install.log --single-version-externally-managed
[6.455s] running egg_info
[6.457s] writing ../../build/imu_sensor/imu_sensor.egg-info/PKG-INFO
[6.458s] writing dependency_links to ../../build/imu_sensor/imu_sensor.egg-info/dependency_links.txt
[6.459s] writing entry points to ../../build/imu_sensor/imu_sensor.egg-info/entry_points.txt
[6.460s] writing requirements to ../../build/imu_sensor/imu_sensor.egg-info/requires.txt
[6.461s] writing top-level names to ../../build/imu_sensor/imu_sensor.egg-info/top_level.txt
[6.637s] reading manifest file '../../build/imu_sensor/imu_sensor.egg-info/SOURCES.txt'
[6.641s] writing manifest file '../../build/imu_sensor/imu_sensor.egg-info/SOURCES.txt'
[6.642s] running build
[6.642s] running build_py
[6.643s] copying imu_sensor/publisher_xyz.py -> /home/bb/ros2_ws/build/imu_sensor/build/lib/imu_sensor
[6.645s] running install
[6.649s] running install_lib
[6.654s] copying /home/bb/ros2_ws/build/imu_sensor/build/lib/imu_sensor/publisher_xyz.py -> /home/bb/ros2_ws/install/imu_sensor/lib/python3.8/site-packages/imu_sensor
[6.658s] byte-compiling /home/bb/ros2_ws/install/imu_sensor/lib/python3.8/site-packages/imu_sensor/publisher_xyz.py to publisher_xyz.cpython-38.pyc
[6.667s] running install_data
[6.669s] running install_egg_info
[6.677s] removing '/home/bb/ros2_ws/install/imu_sensor/lib/python3.8/site-packages/imu_sensor-0.0.0-py3.8.egg-info' (and everything under it)
[6.679s] Copying ../../build/imu_sensor/imu_sensor.egg-info to /home/bb/ros2_ws/install/imu_sensor/lib/python3.8/site-packages/imu_sensor-0.0.0-py3.8.egg-info
[6.685s] running install_scripts
[6.765s] Installing publisher_accel script to /home/bb/ros2_ws/install/imu_sensor/lib/imu_sensor
[6.766s] Installing publisher_quat script to /home/bb/ros2_ws/install/imu_sensor/lib/imu_sensor
[6.766s] Installing publisher_xyz script to /home/bb/ros2_ws/install/imu_sensor/lib/imu_sensor
[6.768s] writing list of installed files to '/home/bb/ros2_ws/build/imu_sensor/install.log'
[6.868s] Invoked command in '/home/bb/ros2_ws/src/imu_sensor' returned '0': PYTHONPATH=/home/bb/ros2_ws/build/imu_sensor/prefix_override:/home/bb/ros2_ws/install/imu_sensor/lib/python3.8/site-packages:${PYTHONPATH} /usr/bin/python3 setup.py egg_info --egg-base ../../build/imu_sensor build --build-base /home/bb/ros2_ws/build/imu_sensor/build install --record /home/bb/ros2_ws/build/imu_sensor/install.log --single-version-externally-managed
