[5.482s] Invoking command in '/home/bb/ros2_ws/src/imu_sensor': PYTHONPATH=/home/bb/ros2_ws/build/imu_sensor/prefix_override:/home/bb/ros2_ws/install/imu_sensor/lib/python3.8/site-packages:${PYTHONPATH} /usr/bin/python3 setup.py egg_info --egg-base ../../build/imu_sensor build --build-base /home/bb/ros2_ws/build/imu_sensor/build install --record /home/bb/ros2_ws/build/imu_sensor/install.log --single-version-externally-managed
[6.799s] running egg_info
[6.801s] writing ../../build/imu_sensor/imu_sensor.egg-info/PKG-INFO
[6.803s] writing dependency_links to ../../build/imu_sensor/imu_sensor.egg-info/dependency_links.txt
[6.804s] writing entry points to ../../build/imu_sensor/imu_sensor.egg-info/entry_points.txt
[6.805s] writing requirements to ../../build/imu_sensor/imu_sensor.egg-info/requires.txt
[6.806s] writing top-level names to ../../build/imu_sensor/imu_sensor.egg-info/top_level.txt
[6.986s] reading manifest file '../../build/imu_sensor/imu_sensor.egg-info/SOURCES.txt'
[6.990s] writing manifest file '../../build/imu_sensor/imu_sensor.egg-info/SOURCES.txt'
[6.991s] running build
[6.992s] running build_py
[6.992s] copying imu_sensor/publisher.py -> /home/bb/ros2_ws/build/imu_sensor/build/lib/imu_sensor
[6.993s] running install
[6.998s] running install_lib
[7.003s] copying /home/bb/ros2_ws/build/imu_sensor/build/lib/imu_sensor/publisher.py -> /home/bb/ros2_ws/install/imu_sensor/lib/python3.8/site-packages/imu_sensor
[7.006s] byte-compiling /home/bb/ros2_ws/install/imu_sensor/lib/python3.8/site-packages/imu_sensor/publisher.py to publisher.cpython-38.pyc
[7.015s] running install_data
[7.017s] running install_egg_info
[7.025s] removing '/home/bb/ros2_ws/install/imu_sensor/lib/python3.8/site-packages/imu_sensor-0.0.0-py3.8.egg-info' (and everything under it)
[7.028s] Copying ../../build/imu_sensor/imu_sensor.egg-info to /home/bb/ros2_ws/install/imu_sensor/lib/python3.8/site-packages/imu_sensor-0.0.0-py3.8.egg-info
[7.037s] running install_scripts
[7.130s] Installing publisher script to /home/bb/ros2_ws/install/imu_sensor/lib/imu_sensor
[7.132s] writing list of installed files to '/home/bb/ros2_ws/build/imu_sensor/install.log'
[7.243s] Invoked command in '/home/bb/ros2_ws/src/imu_sensor' returned '0': PYTHONPATH=/home/bb/ros2_ws/build/imu_sensor/prefix_override:/home/bb/ros2_ws/install/imu_sensor/lib/python3.8/site-packages:${PYTHONPATH} /usr/bin/python3 setup.py egg_info --egg-base ../../build/imu_sensor build --build-base /home/bb/ros2_ws/build/imu_sensor/build install --record /home/bb/ros2_ws/build/imu_sensor/install.log --single-version-externally-managed
