[11.283s] DEBUG:colcon:Command line arguments: ['/usr/bin/colcon', 'build', '--packages-select', 'test141123']
[11.284s] DEBUG:colcon:Parsed command line arguments: Namespace(allow_overriding=[], ament_cmake_args=None, base_paths=['.'], build_base='build', catkin_cmake_args=None, catkin_skip_building_tests=False, cmake_args=None, cmake_clean_cache=False, cmake_clean_first=False, cmake_force_configure=False, cmake_target=None, cmake_target_skip_unavailable=False, continue_on_error=False, event_handlers=None, executor='parallel', ignore_user_meta=False, install_base='install', log_base=None, log_level=None, main=<bound method BuildVerb.main of <colcon_core.verb.build.BuildVerb object at 0xffff9774b0a0>>, merge_install=False, metas=['./colcon.meta'], packages_above=None, packages_above_and_dependencies=None, packages_above_depth=None, packages_end=None, packages_ignore=None, packages_ignore_regex=None, packages_select=['test141123'], packages_select_build_failed=False, packages_select_by_dep=None, packages_select_regex=None, packages_select_test_failures=False, packages_skip=None, packages_skip_build_finished=False, packages_skip_by_dep=None, packages_skip_regex=None, packages_skip_test_passed=False, packages_skip_up_to=None, packages_start=None, packages_up_to=None, packages_up_to_regex=None, parallel_workers=6, paths=None, symlink_install=False, test_result_base=None, verb_extension=<colcon_core.verb.build.BuildVerb object at 0xffff9774b0a0>, verb_name='build', verb_parser=<colcon_defaults.argument_parser.defaults.DefaultArgumentsDecorator object at 0xffff9774bc70>)
[11.780s] Level 1:colcon.colcon_core.package_discovery:discover_packages(colcon_meta) check parameters
[11.780s] Level 1:colcon.colcon_core.package_discovery:discover_packages(recursive) check parameters
[11.784s] Level 1:colcon.colcon_core.package_discovery:discover_packages(ignore) check parameters
[11.784s] Level 1:colcon.colcon_core.package_discovery:discover_packages(path) check parameters
[11.784s] Level 1:colcon.colcon_core.package_discovery:discover_packages(colcon_meta) discover
[11.784s] Level 1:colcon.colcon_core.package_discovery:discover_packages(recursive) discover
[11.785s] INFO:colcon.colcon_core.package_discovery:Crawling recursively for packages in '/home/bb/ros2_ws'
[11.785s] Level 1:colcon.colcon_core.package_identification:_identify(.) by extensions ['ignore', 'ignore_ament_install']
[11.786s] Level 1:colcon.colcon_core.package_identification:_identify(.) by extension 'ignore'
[11.786s] Level 1:colcon.colcon_core.package_identification:_identify(.) by extension 'ignore_ament_install'
[11.786s] Level 1:colcon.colcon_core.package_identification:_identify(.) by extensions ['colcon_pkg']
[11.786s] Level 1:colcon.colcon_core.package_identification:_identify(.) by extension 'colcon_pkg'
[11.787s] Level 1:colcon.colcon_core.package_identification:_identify(.) by extensions ['colcon_meta']
[11.787s] Level 1:colcon.colcon_core.package_identification:_identify(.) by extension 'colcon_meta'
[11.787s] Level 1:colcon.colcon_core.package_identification:_identify(.) by extensions ['ros']
[11.787s] Level 1:colcon.colcon_core.package_identification:_identify(.) by extension 'ros'
[11.845s] Level 1:colcon.colcon_core.package_identification:_identify(.) by extensions ['cmake', 'python']
[11.845s] Level 1:colcon.colcon_core.package_identification:_identify(.) by extension 'cmake'
[11.846s] Level 1:colcon.colcon_core.package_identification:_identify(.) by extension 'python'
[11.846s] Level 1:colcon.colcon_core.package_identification:_identify(.) by extensions ['python_setup_py']
[11.846s] Level 1:colcon.colcon_core.package_identification:_identify(.) by extension 'python_setup_py'
[11.847s] Level 1:colcon.colcon_core.package_identification:_identify(build) by extensions ['ignore', 'ignore_ament_install']
[11.847s] Level 1:colcon.colcon_core.package_identification:_identify(build) by extension 'ignore'
[11.848s] Level 1:colcon.colcon_core.package_identification:_identify(build) ignored
[11.848s] Level 1:colcon.colcon_core.package_identification:_identify(install) by extensions ['ignore', 'ignore_ament_install']
[11.849s] Level 1:colcon.colcon_core.package_identification:_identify(install) by extension 'ignore'
[11.849s] Level 1:colcon.colcon_core.package_identification:_identify(install) ignored
[11.849s] Level 1:colcon.colcon_core.package_identification:_identify(log) by extensions ['ignore', 'ignore_ament_install']
[11.850s] Level 1:colcon.colcon_core.package_identification:_identify(log) by extension 'ignore'
[11.850s] Level 1:colcon.colcon_core.package_identification:_identify(log) ignored
[11.851s] Level 1:colcon.colcon_core.package_identification:_identify(src) by extensions ['ignore', 'ignore_ament_install']
[11.851s] Level 1:colcon.colcon_core.package_identification:_identify(src) by extension 'ignore'
[11.851s] Level 1:colcon.colcon_core.package_identification:_identify(src) by extension 'ignore_ament_install'
[11.851s] Level 1:colcon.colcon_core.package_identification:_identify(src) by extensions ['colcon_pkg']
[11.852s] Level 1:colcon.colcon_core.package_identification:_identify(src) by extension 'colcon_pkg'
[11.852s] Level 1:colcon.colcon_core.package_identification:_identify(src) by extensions ['colcon_meta']
[11.852s] Level 1:colcon.colcon_core.package_identification:_identify(src) by extension 'colcon_meta'
[11.852s] Level 1:colcon.colcon_core.package_identification:_identify(src) by extensions ['ros']
[11.853s] Level 1:colcon.colcon_core.package_identification:_identify(src) by extension 'ros'
[11.853s] Level 1:colcon.colcon_core.package_identification:_identify(src) by extensions ['cmake', 'python']
[11.853s] Level 1:colcon.colcon_core.package_identification:_identify(src) by extension 'cmake'
[11.853s] Level 1:colcon.colcon_core.package_identification:_identify(src) by extension 'python'
[11.854s] Level 1:colcon.colcon_core.package_identification:_identify(src) by extensions ['python_setup_py']
[11.854s] Level 1:colcon.colcon_core.package_identification:_identify(src) by extension 'python_setup_py'
[11.854s] Level 1:colcon.colcon_core.package_identification:_identify(src/test141123) by extensions ['ignore', 'ignore_ament_install']
[11.855s] Level 1:colcon.colcon_core.package_identification:_identify(src/test141123) by extension 'ignore'
[11.855s] Level 1:colcon.colcon_core.package_identification:_identify(src/test141123) by extension 'ignore_ament_install'
[11.855s] Level 1:colcon.colcon_core.package_identification:_identify(src/test141123) by extensions ['colcon_pkg']
[11.855s] Level 1:colcon.colcon_core.package_identification:_identify(src/test141123) by extension 'colcon_pkg'
[11.856s] Level 1:colcon.colcon_core.package_identification:_identify(src/test141123) by extensions ['colcon_meta']
[11.856s] Level 1:colcon.colcon_core.package_identification:_identify(src/test141123) by extension 'colcon_meta'
[11.856s] Level 1:colcon.colcon_core.package_identification:_identify(src/test141123) by extensions ['ros']
[11.856s] Level 1:colcon.colcon_core.package_identification:_identify(src/test141123) by extension 'ros'
[11.868s] DEBUG:colcon.colcon_core.package_identification:Package 'src/test141123' with type 'ros.ament_python' and name 'test141123'
[11.868s] Level 1:colcon.colcon_core.package_discovery:discover_packages(recursive) using defaults
[11.868s] Level 1:colcon.colcon_core.package_discovery:discover_packages(ignore) discover
[11.869s] Level 1:colcon.colcon_core.package_discovery:discover_packages(ignore) using defaults
[11.869s] Level 1:colcon.colcon_core.package_discovery:discover_packages(path) discover
[11.869s] Level 1:colcon.colcon_core.package_discovery:discover_packages(path) using defaults
[12.862s] Level 1:colcon.colcon_core.package_discovery:discover_packages(prefix_path) check parameters
[12.862s] Level 1:colcon.colcon_core.package_discovery:discover_packages(prefix_path) discover
[13.227s] DEBUG:colcon.colcon_installed_package_information.package_discovery:Found 1 installed packages in /home/bb/ros2_ws/install
[13.420s] DEBUG:colcon.colcon_installed_package_information.package_discovery:Found 308 installed packages in /opt/ros/humble
[13.429s] Level 1:colcon.colcon_core.package_discovery:discover_packages(prefix_path) using defaults
[14.297s] Level 5:colcon.colcon_core.verb:set package 'test141123' build argument 'cmake_args' from command line to 'None'
[14.298s] Level 5:colcon.colcon_core.verb:set package 'test141123' build argument 'cmake_target' from command line to 'None'
[14.298s] Level 5:colcon.colcon_core.verb:set package 'test141123' build argument 'cmake_target_skip_unavailable' from command line to 'False'
[14.298s] Level 5:colcon.colcon_core.verb:set package 'test141123' build argument 'cmake_clean_cache' from command line to 'False'
[14.298s] Level 5:colcon.colcon_core.verb:set package 'test141123' build argument 'cmake_clean_first' from command line to 'False'
[14.299s] Level 5:colcon.colcon_core.verb:set package 'test141123' build argument 'cmake_force_configure' from command line to 'False'
[14.299s] Level 5:colcon.colcon_core.verb:set package 'test141123' build argument 'ament_cmake_args' from command line to 'None'
[14.299s] Level 5:colcon.colcon_core.verb:set package 'test141123' build argument 'catkin_cmake_args' from command line to 'None'
[14.299s] Level 5:colcon.colcon_core.verb:set package 'test141123' build argument 'catkin_skip_building_tests' from command line to 'False'
[14.299s] DEBUG:colcon.colcon_core.verb:Building package 'test141123' with the following arguments: {'ament_cmake_args': None, 'build_base': '/home/bb/ros2_ws/build/test141123', 'catkin_cmake_args': None, 'catkin_skip_building_tests': False, 'cmake_args': None, 'cmake_clean_cache': False, 'cmake_clean_first': False, 'cmake_force_configure': False, 'cmake_target': None, 'cmake_target_skip_unavailable': False, 'install_base': '/home/bb/ros2_ws/install/test141123', 'merge_install': False, 'path': '/home/bb/ros2_ws/src/test141123', 'symlink_install': False, 'test_result_base': None}
[14.481s] INFO:colcon.colcon_core.executor:Executing jobs using 'parallel' executor
[14.662s] DEBUG:colcon.colcon_parallel_executor.executor.parallel:run_until_complete
[14.663s] INFO:colcon.colcon_ros.task.ament_python.build:Building ROS package in '/home/bb/ros2_ws/src/test141123' with build type 'ament_python'
[14.664s] Level 1:colcon.colcon_core.shell:create_environment_hook('test141123', 'ament_prefix_path')
[14.882s] INFO:colcon.colcon_core.plugin_system:Skipping extension 'colcon_core.shell.bat': Not used on non-Windows systems
[14.883s] INFO:colcon.colcon_core.shell:Creating environment hook '/home/bb/ros2_ws/install/test141123/share/test141123/hook/ament_prefix_path.ps1'
[14.886s] INFO:colcon.colcon_core.shell:Creating environment descriptor '/home/bb/ros2_ws/install/test141123/share/test141123/hook/ament_prefix_path.dsv'
[14.888s] INFO:colcon.colcon_core.shell:Creating environment hook '/home/bb/ros2_ws/install/test141123/share/test141123/hook/ament_prefix_path.sh'
[15.086s] INFO:colcon.colcon_core.shell:Skip shell extension 'powershell' for command environment: Not usable outside of PowerShell
[15.086s] DEBUG:colcon.colcon_core.shell:Skip shell extension 'dsv' for command environment
[17.004s] INFO:colcon.colcon_core.task.python.build:Building Python package in '/home/bb/ros2_ws/src/test141123'
[17.227s] INFO:colcon.colcon_core.shell:Skip shell extension 'powershell' for command environment: Not usable outside of PowerShell
[17.228s] DEBUG:colcon.colcon_core.shell:Skip shell extension 'dsv' for command environment
[20.021s] DEBUG:colcon.colcon_core.event_handler.log_command:Invoking command in '/home/bb/ros2_ws/src/test141123': PYTHONPATH=/home/bb/ros2_ws/build/test141123/prefix_override:/home/bb/ros2_ws/install/test141123/lib/python3.8/site-packages:${PYTHONPATH} /usr/bin/python3 setup.py egg_info --egg-base ../../build/test141123 build --build-base /home/bb/ros2_ws/build/test141123/build install --record /home/bb/ros2_ws/build/test141123/install.log --single-version-externally-managed
[21.722s] DEBUG:colcon.colcon_core.event_handler.log_command:Invoked command in '/home/bb/ros2_ws/src/test141123' returned '0': PYTHONPATH=/home/bb/ros2_ws/build/test141123/prefix_override:/home/bb/ros2_ws/install/test141123/lib/python3.8/site-packages:${PYTHONPATH} /usr/bin/python3 setup.py egg_info --egg-base ../../build/test141123 build --build-base /home/bb/ros2_ws/build/test141123/build install --record /home/bb/ros2_ws/build/test141123/install.log --single-version-externally-managed
[21.952s] Level 1:colcon.colcon_core.environment:checking '/home/bb/ros2_ws/install/test141123' for CMake module files
[21.955s] Level 1:colcon.colcon_core.environment:checking '/home/bb/ros2_ws/install/test141123' for CMake config files
[21.960s] Level 1:colcon.colcon_core.environment:checking '/home/bb/ros2_ws/install/test141123/lib'
[21.961s] Level 1:colcon.colcon_core.environment:checking '/home/bb/ros2_ws/install/test141123/bin'
[21.961s] Level 1:colcon.colcon_core.environment:checking '/home/bb/ros2_ws/install/test141123/lib/pkgconfig/test141123.pc'
[21.963s] Level 1:colcon.colcon_core.environment:checking '/home/bb/ros2_ws/install/test141123/lib/python3.8/site-packages'
[21.963s] Level 1:colcon.colcon_core.shell:create_environment_hook('test141123', 'pythonpath')
[22.167s] INFO:colcon.colcon_core.shell:Creating environment hook '/home/bb/ros2_ws/install/test141123/share/test141123/hook/pythonpath.ps1'
[22.170s] INFO:colcon.colcon_core.shell:Creating environment descriptor '/home/bb/ros2_ws/install/test141123/share/test141123/hook/pythonpath.dsv'
[22.172s] INFO:colcon.colcon_core.shell:Creating environment hook '/home/bb/ros2_ws/install/test141123/share/test141123/hook/pythonpath.sh'
[22.175s] Level 1:colcon.colcon_core.environment:checking '/home/bb/ros2_ws/install/test141123/bin'
[22.175s] Level 1:colcon.colcon_core.environment:create_environment_scripts_only(test141123)
[22.377s] INFO:colcon.colcon_core.shell:Creating package script '/home/bb/ros2_ws/install/test141123/share/test141123/package.ps1'
[22.383s] INFO:colcon.colcon_core.shell:Creating package descriptor '/home/bb/ros2_ws/install/test141123/share/test141123/package.dsv'
[22.386s] INFO:colcon.colcon_core.shell:Creating package script '/home/bb/ros2_ws/install/test141123/share/test141123/package.sh'
[22.391s] INFO:colcon.colcon_core.shell:Creating package script '/home/bb/ros2_ws/install/test141123/share/test141123/package.bash'
[22.395s] INFO:colcon.colcon_core.shell:Creating package script '/home/bb/ros2_ws/install/test141123/share/test141123/package.zsh'
[22.398s] Level 1:colcon.colcon_core.environment:create_file_with_runtime_dependencies(/home/bb/ros2_ws/install/test141123/share/colcon-core/packages/test141123)
[22.401s] DEBUG:colcon.colcon_parallel_executor.executor.parallel:closing loop
[22.403s] DEBUG:colcon.colcon_parallel_executor.executor.parallel:loop closed
[22.404s] DEBUG:colcon.colcon_parallel_executor.executor.parallel:run_until_complete finished with '0'
[22.404s] DEBUG:colcon.colcon_core.event_reactor:joining thread
[22.634s] INFO:colcon.colcon_core.plugin_system:Skipping extension 'colcon_notification.desktop_notification.terminal_notifier': Not used on non-Darwin systems
[22.635s] INFO:colcon.colcon_core.plugin_system:Skipping extension 'colcon_notification.desktop_notification.win32': Not used on non-Windows systems
[22.635s] INFO:colcon.colcon_notification.desktop_notification:Sending desktop notification using 'notify2'
[22.739s] DEBUG:colcon.colcon_core.event_reactor:joined thread
[22.976s] INFO:colcon.colcon_core.shell:Creating prefix script '/home/bb/ros2_ws/install/local_setup.ps1'
[22.981s] INFO:colcon.colcon_core.shell:Creating prefix util module '/home/bb/ros2_ws/install/_local_setup_util_ps1.py'
[22.988s] INFO:colcon.colcon_core.shell:Creating prefix chain script '/home/bb/ros2_ws/install/setup.ps1'
[23.185s] INFO:colcon.colcon_core.shell:Creating prefix script '/home/bb/ros2_ws/install/local_setup.sh'
[23.188s] INFO:colcon.colcon_core.shell:Creating prefix util module '/home/bb/ros2_ws/install/_local_setup_util_sh.py'
[23.191s] INFO:colcon.colcon_core.shell:Creating prefix chain script '/home/bb/ros2_ws/install/setup.sh'
[23.381s] INFO:colcon.colcon_core.shell:Creating prefix script '/home/bb/ros2_ws/install/local_setup.bash'
[23.383s] INFO:colcon.colcon_core.shell:Creating prefix chain script '/home/bb/ros2_ws/install/setup.bash'
[23.576s] INFO:colcon.colcon_core.shell:Creating prefix script '/home/bb/ros2_ws/install/local_setup.zsh'
[23.579s] INFO:colcon.colcon_core.shell:Creating prefix chain script '/home/bb/ros2_ws/install/setup.zsh'
