[6.165s] Invoking command in '/home/bb/ros2_ws/src/imu_sensor': PYTHONPATH=/home/bb/ros2_ws/build/imu_sensor/prefix_override:/home/bb/ros2_ws/install/imu_sensor/lib/python3.8/site-packages:${PYTHONPATH} /usr/bin/python3 setup.py egg_info --egg-base ../../build/imu_sensor build --build-base /home/bb/ros2_ws/build/imu_sensor/build install --record /home/bb/ros2_ws/build/imu_sensor/install.log --single-version-externally-managed
[7.589s] running egg_info
[7.591s] writing ../../build/imu_sensor/imu_sensor.egg-info/PKG-INFO
[7.594s] writing dependency_links to ../../build/imu_sensor/imu_sensor.egg-info/dependency_links.txt
[7.598s] writing entry points to ../../build/imu_sensor/imu_sensor.egg-info/entry_points.txt
[7.599s] writing requirements to ../../build/imu_sensor/imu_sensor.egg-info/requires.txt
[7.599s] writing top-level names to ../../build/imu_sensor/imu_sensor.egg-info/top_level.txt
[7.801s] reading manifest file '../../build/imu_sensor/imu_sensor.egg-info/SOURCES.txt'
[7.806s] writing manifest file '../../build/imu_sensor/imu_sensor.egg-info/SOURCES.txt'
[7.807s] running build
[7.807s] running build_py
[7.808s] copying imu_sensor/publisher.py -> /home/bb/ros2_ws/build/imu_sensor/build/lib/imu_sensor
[7.809s] running install
[7.814s] running install_lib
[7.820s] copying /home/bb/ros2_ws/build/imu_sensor/build/lib/imu_sensor/publisher.py -> /home/bb/ros2_ws/install/imu_sensor/lib/python3.8/site-packages/imu_sensor
[7.824s] byte-compiling /home/bb/ros2_ws/install/imu_sensor/lib/python3.8/site-packages/imu_sensor/publisher.py to publisher.cpython-38.pyc
[7.833s] running install_data
[7.836s] running install_egg_info
[7.847s] removing '/home/bb/ros2_ws/install/imu_sensor/lib/python3.8/site-packages/imu_sensor-0.0.0-py3.8.egg-info' (and everything under it)
[7.849s] Copying ../../build/imu_sensor/imu_sensor.egg-info to /home/bb/ros2_ws/install/imu_sensor/lib/python3.8/site-packages/imu_sensor-0.0.0-py3.8.egg-info
[7.854s] running install_scripts
[7.948s] Installing publisher script to /home/bb/ros2_ws/install/imu_sensor/lib/imu_sensor
[7.950s] writing list of installed files to '/home/bb/ros2_ws/build/imu_sensor/install.log'
[8.072s] Invoked command in '/home/bb/ros2_ws/src/imu_sensor' returned '0': PYTHONPATH=/home/bb/ros2_ws/build/imu_sensor/prefix_override:/home/bb/ros2_ws/install/imu_sensor/lib/python3.8/site-packages:${PYTHONPATH} /usr/bin/python3 setup.py egg_info --egg-base ../../build/imu_sensor build --build-base /home/bb/ros2_ws/build/imu_sensor/build install --record /home/bb/ros2_ws/build/imu_sensor/install.log --single-version-externally-managed
