[6.143s] Invoking command in '/home/bb/ros2_ws/src/depth_sensor': PYTHONPATH=/home/bb/ros2_ws/build/depth_sensor/prefix_override:/home/bb/ros2_ws/install/depth_sensor/lib/python3.8/site-packages:${PYTHONPATH} /usr/bin/python3 setup.py egg_info --egg-base ../../build/depth_sensor build --build-base /home/bb/ros2_ws/build/depth_sensor/build install --record /home/bb/ros2_ws/build/depth_sensor/install.log --single-version-externally-managed
[7.613s] running egg_info
[7.618s] writing ../../build/depth_sensor/depth_sensor.egg-info/PKG-INFO
[7.622s] writing dependency_links to ../../build/depth_sensor/depth_sensor.egg-info/dependency_links.txt
[7.623s] writing entry points to ../../build/depth_sensor/depth_sensor.egg-info/entry_points.txt
[7.624s] writing requirements to ../../build/depth_sensor/depth_sensor.egg-info/requires.txt
[7.625s] writing top-level names to ../../build/depth_sensor/depth_sensor.egg-info/top_level.txt
[7.811s] reading manifest file '../../build/depth_sensor/depth_sensor.egg-info/SOURCES.txt'
[7.816s] writing manifest file '../../build/depth_sensor/depth_sensor.egg-info/SOURCES.txt'
[7.816s] running build
[7.817s] running build_py
[7.817s] copying depth_sensor/publisher.py -> /home/bb/ros2_ws/build/depth_sensor/build/lib/depth_sensor
[7.819s] running install
[7.824s] running install_lib
[7.828s] copying /home/bb/ros2_ws/build/depth_sensor/build/lib/depth_sensor/publisher.py -> /home/bb/ros2_ws/install/depth_sensor/lib/python3.8/site-packages/depth_sensor
[7.832s] byte-compiling /home/bb/ros2_ws/install/depth_sensor/lib/python3.8/site-packages/depth_sensor/publisher.py to publisher.cpython-38.pyc
[7.839s] running install_data
[7.842s] running install_egg_info
[7.849s] removing '/home/bb/ros2_ws/install/depth_sensor/lib/python3.8/site-packages/depth_sensor-0.0.0-py3.8.egg-info' (and everything under it)
[7.851s] Copying ../../build/depth_sensor/depth_sensor.egg-info to /home/bb/ros2_ws/install/depth_sensor/lib/python3.8/site-packages/depth_sensor-0.0.0-py3.8.egg-info
[7.857s] running install_scripts
[7.937s] Installing publisher script to /home/bb/ros2_ws/install/depth_sensor/lib/depth_sensor
[7.939s] writing list of installed files to '/home/bb/ros2_ws/build/depth_sensor/install.log'
[8.052s] Invoked command in '/home/bb/ros2_ws/src/depth_sensor' returned '0': PYTHONPATH=/home/bb/ros2_ws/build/depth_sensor/prefix_override:/home/bb/ros2_ws/install/depth_sensor/lib/python3.8/site-packages:${PYTHONPATH} /usr/bin/python3 setup.py egg_info --egg-base ../../build/depth_sensor build --build-base /home/bb/ros2_ws/build/depth_sensor/build install --record /home/bb/ros2_ws/build/depth_sensor/install.log --single-version-externally-managed
