running egg_info
creating ../../build/imu_sensor/imu_sensor.egg-info
writing ../../build/imu_sensor/imu_sensor.egg-info/PKG-INFO
writing dependency_links to ../../build/imu_sensor/imu_sensor.egg-info/dependency_links.txt
writing entry points to ../../build/imu_sensor/imu_sensor.egg-info/entry_points.txt
writing requirements to ../../build/imu_sensor/imu_sensor.egg-info/requires.txt
writing top-level names to ../../build/imu_sensor/imu_sensor.egg-info/top_level.txt
writing manifest file '../../build/imu_sensor/imu_sensor.egg-info/SOURCES.txt'
reading manifest file '../../build/imu_sensor/imu_sensor.egg-info/SOURCES.txt'
writing manifest file '../../build/imu_sensor/imu_sensor.egg-info/SOURCES.txt'
running build
running build_py
creating /home/pengxuan/hornet9/build/imu_sensor/build
creating /home/pengxuan/hornet9/build/imu_sensor/build/lib
creating /home/pengxuan/hornet9/build/imu_sensor/build/lib/imu_sensor
copying imu_sensor/__init__.py -> /home/pengxuan/hornet9/build/imu_sensor/build/lib/imu_sensor
copying imu_sensor/publisher.py -> /home/pengxuan/hornet9/build/imu_sensor/build/lib/imu_sensor
running install
/usr/lib/python3/dist-packages/setuptools/command/install.py:34: SetuptoolsDeprecationWarning: setup.py install is deprecated. Use build and pip and other standards-based tools.
  warnings.warn(
running install_lib
creating /home/pengxuan/hornet9/install/imu_sensor/lib/python3.10/site-packages/imu_sensor
copying /home/pengxuan/hornet9/build/imu_sensor/build/lib/imu_sensor/__init__.py -> /home/pengxuan/hornet9/install/imu_sensor/lib/python3.10/site-packages/imu_sensor
copying /home/pengxuan/hornet9/build/imu_sensor/build/lib/imu_sensor/publisher.py -> /home/pengxuan/hornet9/install/imu_sensor/lib/python3.10/site-packages/imu_sensor
byte-compiling /home/pengxuan/hornet9/install/imu_sensor/lib/python3.10/site-packages/imu_sensor/__init__.py to __init__.cpython-310.pyc
byte-compiling /home/pengxuan/hornet9/install/imu_sensor/lib/python3.10/site-packages/imu_sensor/publisher.py to publisher.cpython-310.pyc
running install_data
creating /home/pengxuan/hornet9/install/imu_sensor/share/ament_index
creating /home/pengxuan/hornet9/install/imu_sensor/share/ament_index/resource_index
creating /home/pengxuan/hornet9/install/imu_sensor/share/ament_index/resource_index/packages
copying resource/imu_sensor -> /home/pengxuan/hornet9/install/imu_sensor/share/ament_index/resource_index/packages
copying package.xml -> /home/pengxuan/hornet9/install/imu_sensor/share/imu_sensor
running install_egg_info
Copying ../../build/imu_sensor/imu_sensor.egg-info to /home/pengxuan/hornet9/install/imu_sensor/lib/python3.10/site-packages/imu_sensor-0.0.0-py3.10.egg-info
running install_scripts
Installing publisher script to /home/pengxuan/hornet9/install/imu_sensor/lib/imu_sensor
writing list of installed files to '/home/pengxuan/hornet9/build/imu_sensor/install.log'
