[0.447s] Invoking command in '/home/pengxuan/hornet9/src/imu_sensor': PYTHONPATH=/home/pengxuan/hornet9/build/imu_sensor/prefix_override:/home/pengxuan/hornet9/install/imu_sensor/lib/python3.10/site-packages:${PYTHONPATH} /usr/bin/python3 setup.py egg_info --egg-base ../../build/imu_sensor build --build-base /home/pengxuan/hornet9/build/imu_sensor/build install --record /home/pengxuan/hornet9/build/imu_sensor/install.log --single-version-externally-managed
[0.586s] running egg_info
[0.587s] creating ../../build/imu_sensor/imu_sensor.egg-info
[0.587s] writing ../../build/imu_sensor/imu_sensor.egg-info/PKG-INFO
[0.587s] writing dependency_links to ../../build/imu_sensor/imu_sensor.egg-info/dependency_links.txt
[0.587s] writing entry points to ../../build/imu_sensor/imu_sensor.egg-info/entry_points.txt
[0.587s] writing requirements to ../../build/imu_sensor/imu_sensor.egg-info/requires.txt
[0.587s] writing top-level names to ../../build/imu_sensor/imu_sensor.egg-info/top_level.txt
[0.587s] writing manifest file '../../build/imu_sensor/imu_sensor.egg-info/SOURCES.txt'
[0.588s] reading manifest file '../../build/imu_sensor/imu_sensor.egg-info/SOURCES.txt'
[0.589s] writing manifest file '../../build/imu_sensor/imu_sensor.egg-info/SOURCES.txt'
[0.589s] running build
[0.589s] running build_py
[0.589s] creating /home/pengxuan/hornet9/build/imu_sensor/build
[0.590s] creating /home/pengxuan/hornet9/build/imu_sensor/build/lib
[0.590s] creating /home/pengxuan/hornet9/build/imu_sensor/build/lib/imu_sensor
[0.590s] copying imu_sensor/__init__.py -> /home/pengxuan/hornet9/build/imu_sensor/build/lib/imu_sensor
[0.590s] copying imu_sensor/publisher.py -> /home/pengxuan/hornet9/build/imu_sensor/build/lib/imu_sensor
[0.590s] running install
[0.590s] /usr/lib/python3/dist-packages/setuptools/command/install.py:34: SetuptoolsDeprecationWarning: setup.py install is deprecated. Use build and pip and other standards-based tools.
[0.590s]   warnings.warn(
[0.590s] running install_lib
[0.590s] creating /home/pengxuan/hornet9/install/imu_sensor/lib/python3.10/site-packages/imu_sensor
[0.590s] copying /home/pengxuan/hornet9/build/imu_sensor/build/lib/imu_sensor/__init__.py -> /home/pengxuan/hornet9/install/imu_sensor/lib/python3.10/site-packages/imu_sensor
[0.590s] copying /home/pengxuan/hornet9/build/imu_sensor/build/lib/imu_sensor/publisher.py -> /home/pengxuan/hornet9/install/imu_sensor/lib/python3.10/site-packages/imu_sensor
[0.591s] byte-compiling /home/pengxuan/hornet9/install/imu_sensor/lib/python3.10/site-packages/imu_sensor/__init__.py to __init__.cpython-310.pyc
[0.591s] byte-compiling /home/pengxuan/hornet9/install/imu_sensor/lib/python3.10/site-packages/imu_sensor/publisher.py to publisher.cpython-310.pyc
[0.592s] running install_data
[0.592s] creating /home/pengxuan/hornet9/install/imu_sensor/share/ament_index
[0.592s] creating /home/pengxuan/hornet9/install/imu_sensor/share/ament_index/resource_index
[0.592s] creating /home/pengxuan/hornet9/install/imu_sensor/share/ament_index/resource_index/packages
[0.592s] copying resource/imu_sensor -> /home/pengxuan/hornet9/install/imu_sensor/share/ament_index/resource_index/packages
[0.592s] copying package.xml -> /home/pengxuan/hornet9/install/imu_sensor/share/imu_sensor
[0.593s] running install_egg_info
[0.594s] Copying ../../build/imu_sensor/imu_sensor.egg-info to /home/pengxuan/hornet9/install/imu_sensor/lib/python3.10/site-packages/imu_sensor-0.0.0-py3.10.egg-info
[0.594s] running install_scripts
[0.608s] Installing publisher script to /home/pengxuan/hornet9/install/imu_sensor/lib/imu_sensor
[0.609s] writing list of installed files to '/home/pengxuan/hornet9/build/imu_sensor/install.log'
[0.644s] Invoked command in '/home/pengxuan/hornet9/src/imu_sensor' returned '0': PYTHONPATH=/home/pengxuan/hornet9/build/imu_sensor/prefix_override:/home/pengxuan/hornet9/install/imu_sensor/lib/python3.10/site-packages:${PYTHONPATH} /usr/bin/python3 setup.py egg_info --egg-base ../../build/imu_sensor build --build-base /home/pengxuan/hornet9/build/imu_sensor/build install --record /home/pengxuan/hornet9/build/imu_sensor/install.log --single-version-externally-managed
