[10.955s] DEBUG:colcon:Command line arguments: ['/usr/bin/colcon', 'build', '--packages-select', 'test141123']
[10.956s] DEBUG:colcon:Parsed command line arguments: Namespace(allow_overriding=[], ament_cmake_args=None, base_paths=['.'], build_base='build', catkin_cmake_args=None, catkin_skip_building_tests=False, cmake_args=None, cmake_clean_cache=False, cmake_clean_first=False, cmake_force_configure=False, cmake_target=None, cmake_target_skip_unavailable=False, continue_on_error=False, event_handlers=None, executor='parallel', ignore_user_meta=False, install_base='install', log_base=None, log_level=None, main=<bound method BuildVerb.main of <colcon_core.verb.build.BuildVerb object at 0xffffa985b790>>, merge_install=False, metas=['./colcon.meta'], packages_above=None, packages_above_and_dependencies=None, packages_above_depth=None, packages_end=None, packages_ignore=None, packages_ignore_regex=None, packages_select=['test141123'], packages_select_build_failed=False, packages_select_by_dep=None, packages_select_regex=None, packages_select_test_failures=False, packages_skip=None, packages_skip_build_finished=False, packages_skip_by_dep=None, packages_skip_regex=None, packages_skip_test_passed=False, packages_skip_up_to=None, packages_start=None, packages_up_to=None, packages_up_to_regex=None, parallel_workers=6, paths=None, symlink_install=False, test_result_base=None, verb_extension=<colcon_core.verb.build.BuildVerb object at 0xffffa985b790>, verb_name='build', verb_parser=<colcon_defaults.argument_parser.defaults.DefaultArgumentsDecorator object at 0xffffa985b520>)
[11.492s] Level 1:colcon.colcon_core.package_discovery:discover_packages(colcon_meta) check parameters
[11.492s] Level 1:colcon.colcon_core.package_discovery:discover_packages(recursive) check parameters
[11.496s] Level 1:colcon.colcon_core.package_discovery:discover_packages(ignore) check parameters
[11.496s] Level 1:colcon.colcon_core.package_discovery:discover_packages(path) check parameters
[11.496s] Level 1:colcon.colcon_core.package_discovery:discover_packages(colcon_meta) discover
[11.497s] Level 1:colcon.colcon_core.package_discovery:discover_packages(recursive) discover
[11.497s] INFO:colcon.colcon_core.package_discovery:Crawling recursively for packages in '/home/bb/ros2_ws'
[11.497s] Level 1:colcon.colcon_core.package_identification:_identify(.) by extensions ['ignore', 'ignore_ament_install']
[11.498s] Level 1:colcon.colcon_core.package_identification:_identify(.) by extension 'ignore'
[11.498s] Level 1:colcon.colcon_core.package_identification:_identify(.) by extension 'ignore_ament_install'
[11.499s] Level 1:colcon.colcon_core.package_identification:_identify(.) by extensions ['colcon_pkg']
[11.499s] Level 1:colcon.colcon_core.package_identification:_identify(.) by extension 'colcon_pkg'
[11.499s] Level 1:colcon.colcon_core.package_identification:_identify(.) by extensions ['colcon_meta']
[11.499s] Level 1:colcon.colcon_core.package_identification:_identify(.) by extension 'colcon_meta'
[11.499s] Level 1:colcon.colcon_core.package_identification:_identify(.) by extensions ['ros']
[11.500s] Level 1:colcon.colcon_core.package_identification:_identify(.) by extension 'ros'
[11.558s] Level 1:colcon.colcon_core.package_identification:_identify(.) by extensions ['cmake', 'python']
[11.558s] Level 1:colcon.colcon_core.package_identification:_identify(.) by extension 'cmake'
[11.559s] Level 1:colcon.colcon_core.package_identification:_identify(.) by extension 'python'
[11.559s] Level 1:colcon.colcon_core.package_identification:_identify(.) by extensions ['python_setup_py']
[11.559s] Level 1:colcon.colcon_core.package_identification:_identify(.) by extension 'python_setup_py'
[11.560s] Level 1:colcon.colcon_core.package_identification:_identify(build) by extensions ['ignore', 'ignore_ament_install']
[11.560s] Level 1:colcon.colcon_core.package_identification:_identify(build) by extension 'ignore'
[11.560s] Level 1:colcon.colcon_core.package_identification:_identify(build) ignored
[11.561s] Level 1:colcon.colcon_core.package_identification:_identify(install) by extensions ['ignore', 'ignore_ament_install']
[11.561s] Level 1:colcon.colcon_core.package_identification:_identify(install) by extension 'ignore'
[11.562s] Level 1:colcon.colcon_core.package_identification:_identify(install) ignored
[11.562s] Level 1:colcon.colcon_core.package_identification:_identify(log) by extensions ['ignore', 'ignore_ament_install']
[11.563s] Level 1:colcon.colcon_core.package_identification:_identify(log) by extension 'ignore'
[11.563s] Level 1:colcon.colcon_core.package_identification:_identify(log) ignored
[11.563s] Level 1:colcon.colcon_core.package_identification:_identify(src) by extensions ['ignore', 'ignore_ament_install']
[11.564s] Level 1:colcon.colcon_core.package_identification:_identify(src) by extension 'ignore'
[11.564s] Level 1:colcon.colcon_core.package_identification:_identify(src) by extension 'ignore_ament_install'
[11.564s] Level 1:colcon.colcon_core.package_identification:_identify(src) by extensions ['colcon_pkg']
[11.564s] Level 1:colcon.colcon_core.package_identification:_identify(src) by extension 'colcon_pkg'
[11.565s] Level 1:colcon.colcon_core.package_identification:_identify(src) by extensions ['colcon_meta']
[11.565s] Level 1:colcon.colcon_core.package_identification:_identify(src) by extension 'colcon_meta'
[11.565s] Level 1:colcon.colcon_core.package_identification:_identify(src) by extensions ['ros']
[11.565s] Level 1:colcon.colcon_core.package_identification:_identify(src) by extension 'ros'
[11.566s] Level 1:colcon.colcon_core.package_identification:_identify(src) by extensions ['cmake', 'python']
[11.566s] Level 1:colcon.colcon_core.package_identification:_identify(src) by extension 'cmake'
[11.566s] Level 1:colcon.colcon_core.package_identification:_identify(src) by extension 'python'
[11.566s] Level 1:colcon.colcon_core.package_identification:_identify(src) by extensions ['python_setup_py']
[11.566s] Level 1:colcon.colcon_core.package_identification:_identify(src) by extension 'python_setup_py'
[11.567s] Level 1:colcon.colcon_core.package_identification:_identify(src/test141123) by extensions ['ignore', 'ignore_ament_install']
[11.567s] Level 1:colcon.colcon_core.package_identification:_identify(src/test141123) by extension 'ignore'
[11.568s] Level 1:colcon.colcon_core.package_identification:_identify(src/test141123) by extension 'ignore_ament_install'
[11.568s] Level 1:colcon.colcon_core.package_identification:_identify(src/test141123) by extensions ['colcon_pkg']
[11.568s] Level 1:colcon.colcon_core.package_identification:_identify(src/test141123) by extension 'colcon_pkg'
[11.568s] Level 1:colcon.colcon_core.package_identification:_identify(src/test141123) by extensions ['colcon_meta']
[11.569s] Level 1:colcon.colcon_core.package_identification:_identify(src/test141123) by extension 'colcon_meta'
[11.569s] Level 1:colcon.colcon_core.package_identification:_identify(src/test141123) by extensions ['ros']
[11.569s] Level 1:colcon.colcon_core.package_identification:_identify(src/test141123) by extension 'ros'
[11.581s] DEBUG:colcon.colcon_core.package_identification:Package 'src/test141123' with type 'ros.ament_python' and name 'test141123'
[11.581s] Level 1:colcon.colcon_core.package_discovery:discover_packages(recursive) using defaults
[11.582s] Level 1:colcon.colcon_core.package_discovery:discover_packages(ignore) discover
[11.582s] Level 1:colcon.colcon_core.package_discovery:discover_packages(ignore) using defaults
[11.582s] Level 1:colcon.colcon_core.package_discovery:discover_packages(path) discover
[11.582s] Level 1:colcon.colcon_core.package_discovery:discover_packages(path) using defaults
[12.569s] Level 1:colcon.colcon_core.package_discovery:discover_packages(prefix_path) check parameters
[12.570s] Level 1:colcon.colcon_core.package_discovery:discover_packages(prefix_path) discover
[12.935s] DEBUG:colcon.colcon_installed_package_information.package_discovery:Found 1 installed packages in /home/bb/ros2_ws/install
[13.123s] DEBUG:colcon.colcon_installed_package_information.package_discovery:Found 308 installed packages in /opt/ros/humble
[13.133s] Level 1:colcon.colcon_core.package_discovery:discover_packages(prefix_path) using defaults
