-- The C compiler identification is GNU 9.4.0
-- The CXX compiler identification is GNU 9.4.0
-- Check for working C compiler: /usr/bin/cc
-- Check for working C compiler: /usr/bin/cc -- works
-- Detecting C compiler ABI info
-- Detecting C compiler ABI info - done
-- Detecting C compile features
-- Detecting C compile features - done
-- Check for working CXX compiler: /usr/bin/c++
-- Check for working CXX compiler: /usr/bin/c++ -- works
-- Detecting CXX compiler ABI info
-- Detecting CXX compiler ABI info - done
-- Detecting CXX compile features
-- Detecting CXX compile features - done
-- Found ament_cmake: 1.3.6 (/opt/ros/humble/share/ament_cmake/cmake)
-- Found Python3: /usr/bin/python3.9 (found version "3.9.5") found components: Interpreter 
-- Found ament_lint_auto: 0.12.9 (/opt/ros/humble/share/ament_lint_auto/cmake)
-- Added test 'flake8' to check Python code syntax and style conventions
-- Added test 'lint_cmake' to check CMake code style
-- Added test 'pep257' to check Python code against some of the docstring style conventions in PEP 257
-- Added test 'xmllint' to check XML markup files
-- Configuring done
-- Generating done
-- Build files have been written to: /home/bb/ros2_ws/build/bring_up
-- Install configuration: ""
-- Installing: /home/bb/ros2_ws/install/bring_up/share/bring_up/launch
-- Installing: /home/bb/ros2_ws/install/bring_up/share/bring_up/launch/comms_nodes.launch.py
-- Installing: /home/bb/ros2_ws/install/bring_up/share/ament_index/resource_index/package_run_dependencies/bring_up
-- Installing: /home/bb/ros2_ws/install/bring_up/share/ament_index/resource_index/parent_prefix_path/bring_up
-- Installing: /home/bb/ros2_ws/install/bring_up/share/bring_up/environment/ament_prefix_path.sh
-- Installing: /home/bb/ros2_ws/install/bring_up/share/bring_up/environment/ament_prefix_path.dsv
-- Installing: /home/bb/ros2_ws/install/bring_up/share/bring_up/environment/path.sh
-- Installing: /home/bb/ros2_ws/install/bring_up/share/bring_up/environment/path.dsv
-- Installing: /home/bb/ros2_ws/install/bring_up/share/bring_up/local_setup.bash
-- Installing: /home/bb/ros2_ws/install/bring_up/share/bring_up/local_setup.sh
-- Installing: /home/bb/ros2_ws/install/bring_up/share/bring_up/local_setup.zsh
-- Installing: /home/bb/ros2_ws/install/bring_up/share/bring_up/local_setup.dsv
-- Installing: /home/bb/ros2_ws/install/bring_up/share/bring_up/package.dsv
-- Installing: /home/bb/ros2_ws/install/bring_up/share/ament_index/resource_index/packages/bring_up
-- Installing: /home/bb/ros2_ws/install/bring_up/share/bring_up/cmake/bring_upConfig.cmake
-- Installing: /home/bb/ros2_ws/install/bring_up/share/bring_up/cmake/bring_upConfig-version.cmake
-- Installing: /home/bb/ros2_ws/install/bring_up/share/bring_up/package.xml
