[4.541s] Invoking command in '/home/bb/ros2_ws/build/bring_up': AMENT_PREFIX_PATH=/home/bb/ros2_ws/install/imu_sensor:/home/bb/ros2_ws/install/depth_sensor:/home/bb/ros2_ws/install/acoustic_sensor:/home/bb/ros2_ws/install/test141123:/home/bb/ros2_ws/install/acoustic_msg:/home/bb/ros2_ws/install/IMU_sensor:/opt/ros/humble CMAKE_PREFIX_PATH=${CMAKE_PREFIX_PATH}:/home/bb/ros2_ws/install/test141123:/home/bb/ros2_ws/install/imu_sensor:/home/bb/ros2_ws/install/depth_sensor:/home/bb/ros2_ws/install/acoustic_sensor:/home/bb/ros2_ws/install/IMU_sensor:/opt/ros/humble PYTHONPATH=/home/bb/ros2_ws/install/imu_sensor/lib/python3.8/site-packages:/home/bb/ros2_ws/install/depth_sensor/lib/python3.8/site-packages:/home/bb/ros2_ws/install/acoustic_sensor/lib/python3.8/site-packages:/home/bb/ros2_ws/install/test141123/lib/python3.10/site-packages:/home/bb/ros2_ws/install/acoustic_msg/lib/python3.9/site-packages:/home/bb/ros2_ws/install/IMU_sensor/lib/python3.8/site-packages:/opt/ros/humble/lib/python3.8/site-packages /usr/bin/cmake /home/bb/ros2_ws/src/bring_up -DCMAKE_INSTALL_PREFIX=/home/bb/ros2_ws/install/bring_up
[4.942s] -- The C compiler identification is GNU 9.4.0
[5.348s] -- The CXX compiler identification is GNU 9.4.0
[5.379s] -- Check for working C compiler: /usr/bin/cc
[5.876s] -- Check for working C compiler: /usr/bin/cc -- works
[5.882s] -- Detecting C compiler ABI info
[6.360s] -- Detecting C compiler ABI info - done
[6.423s] -- Detecting C compile features
[6.427s] -- Detecting C compile features - done
[6.442s] -- Check for working CXX compiler: /usr/bin/c++
[7.375s] -- Check for working CXX compiler: /usr/bin/c++ -- works
[7.390s] -- Detecting CXX compiler ABI info
[8.328s] -- Detecting CXX compiler ABI info - done
[8.507s] -- Detecting CXX compile features
[8.517s] -- Detecting CXX compile features - done
[8.564s] -- Found ament_cmake: 1.3.6 (/opt/ros/humble/share/ament_cmake/cmake)
[10.573s] -- Found Python3: /usr/bin/python3.9 (found version "3.9.5") found components: Interpreter 
[12.127s] -- Found ament_lint_auto: 0.12.9 (/opt/ros/humble/share/ament_lint_auto/cmake)
[13.664s] -- Added test 'flake8' to check Python code syntax and style conventions
[13.665s] -- Added test 'lint_cmake' to check CMake code style
[13.684s] -- Added test 'pep257' to check Python code against some of the docstring style conventions in PEP 257
[13.685s] -- Added test 'xmllint' to check XML markup files
[13.713s] -- Configuring done
[13.752s] -- Generating done
[13.760s] -- Build files have been written to: /home/bb/ros2_ws/build/bring_up
[14.650s] Invoked command in '/home/bb/ros2_ws/build/bring_up' returned '0': AMENT_PREFIX_PATH=/home/bb/ros2_ws/install/imu_sensor:/home/bb/ros2_ws/install/depth_sensor:/home/bb/ros2_ws/install/acoustic_sensor:/home/bb/ros2_ws/install/test141123:/home/bb/ros2_ws/install/acoustic_msg:/home/bb/ros2_ws/install/IMU_sensor:/opt/ros/humble CMAKE_PREFIX_PATH=${CMAKE_PREFIX_PATH}:/home/bb/ros2_ws/install/test141123:/home/bb/ros2_ws/install/imu_sensor:/home/bb/ros2_ws/install/depth_sensor:/home/bb/ros2_ws/install/acoustic_sensor:/home/bb/ros2_ws/install/IMU_sensor:/opt/ros/humble PYTHONPATH=/home/bb/ros2_ws/install/imu_sensor/lib/python3.8/site-packages:/home/bb/ros2_ws/install/depth_sensor/lib/python3.8/site-packages:/home/bb/ros2_ws/install/acoustic_sensor/lib/python3.8/site-packages:/home/bb/ros2_ws/install/test141123/lib/python3.10/site-packages:/home/bb/ros2_ws/install/acoustic_msg/lib/python3.9/site-packages:/home/bb/ros2_ws/install/IMU_sensor/lib/python3.8/site-packages:/opt/ros/humble/lib/python3.8/site-packages /usr/bin/cmake /home/bb/ros2_ws/src/bring_up -DCMAKE_INSTALL_PREFIX=/home/bb/ros2_ws/install/bring_up
[14.658s] Invoking command in '/home/bb/ros2_ws/build/bring_up': AMENT_PREFIX_PATH=/home/bb/ros2_ws/install/imu_sensor:/home/bb/ros2_ws/install/depth_sensor:/home/bb/ros2_ws/install/acoustic_sensor:/home/bb/ros2_ws/install/test141123:/home/bb/ros2_ws/install/acoustic_msg:/home/bb/ros2_ws/install/IMU_sensor:/opt/ros/humble CMAKE_PREFIX_PATH=${CMAKE_PREFIX_PATH}:/home/bb/ros2_ws/install/test141123:/home/bb/ros2_ws/install/imu_sensor:/home/bb/ros2_ws/install/depth_sensor:/home/bb/ros2_ws/install/acoustic_sensor:/home/bb/ros2_ws/install/IMU_sensor:/opt/ros/humble PYTHONPATH=/home/bb/ros2_ws/install/imu_sensor/lib/python3.8/site-packages:/home/bb/ros2_ws/install/depth_sensor/lib/python3.8/site-packages:/home/bb/ros2_ws/install/acoustic_sensor/lib/python3.8/site-packages:/home/bb/ros2_ws/install/test141123/lib/python3.10/site-packages:/home/bb/ros2_ws/install/acoustic_msg/lib/python3.9/site-packages:/home/bb/ros2_ws/install/IMU_sensor/lib/python3.8/site-packages:/opt/ros/humble/lib/python3.8/site-packages /usr/bin/cmake --build /home/bb/ros2_ws/build/bring_up -- -j6 -l6
[15.288s] Invoked command in '/home/bb/ros2_ws/build/bring_up' returned '0': AMENT_PREFIX_PATH=/home/bb/ros2_ws/install/imu_sensor:/home/bb/ros2_ws/install/depth_sensor:/home/bb/ros2_ws/install/acoustic_sensor:/home/bb/ros2_ws/install/test141123:/home/bb/ros2_ws/install/acoustic_msg:/home/bb/ros2_ws/install/IMU_sensor:/opt/ros/humble CMAKE_PREFIX_PATH=${CMAKE_PREFIX_PATH}:/home/bb/ros2_ws/install/test141123:/home/bb/ros2_ws/install/imu_sensor:/home/bb/ros2_ws/install/depth_sensor:/home/bb/ros2_ws/install/acoustic_sensor:/home/bb/ros2_ws/install/IMU_sensor:/opt/ros/humble PYTHONPATH=/home/bb/ros2_ws/install/imu_sensor/lib/python3.8/site-packages:/home/bb/ros2_ws/install/depth_sensor/lib/python3.8/site-packages:/home/bb/ros2_ws/install/acoustic_sensor/lib/python3.8/site-packages:/home/bb/ros2_ws/install/test141123/lib/python3.10/site-packages:/home/bb/ros2_ws/install/acoustic_msg/lib/python3.9/site-packages:/home/bb/ros2_ws/install/IMU_sensor/lib/python3.8/site-packages:/opt/ros/humble/lib/python3.8/site-packages /usr/bin/cmake --build /home/bb/ros2_ws/build/bring_up -- -j6 -l6
[15.788s] Invoking command in '/home/bb/ros2_ws/build/bring_up': AMENT_PREFIX_PATH=/home/bb/ros2_ws/install/imu_sensor:/home/bb/ros2_ws/install/depth_sensor:/home/bb/ros2_ws/install/acoustic_sensor:/home/bb/ros2_ws/install/test141123:/home/bb/ros2_ws/install/acoustic_msg:/home/bb/ros2_ws/install/IMU_sensor:/opt/ros/humble CMAKE_PREFIX_PATH=${CMAKE_PREFIX_PATH}:/home/bb/ros2_ws/install/test141123:/home/bb/ros2_ws/install/imu_sensor:/home/bb/ros2_ws/install/depth_sensor:/home/bb/ros2_ws/install/acoustic_sensor:/home/bb/ros2_ws/install/IMU_sensor:/opt/ros/humble PYTHONPATH=/home/bb/ros2_ws/install/imu_sensor/lib/python3.8/site-packages:/home/bb/ros2_ws/install/depth_sensor/lib/python3.8/site-packages:/home/bb/ros2_ws/install/acoustic_sensor/lib/python3.8/site-packages:/home/bb/ros2_ws/install/test141123/lib/python3.10/site-packages:/home/bb/ros2_ws/install/acoustic_msg/lib/python3.9/site-packages:/home/bb/ros2_ws/install/IMU_sensor/lib/python3.8/site-packages:/opt/ros/humble/lib/python3.8/site-packages /usr/bin/cmake --install /home/bb/ros2_ws/build/bring_up
[15.893s] -- Install configuration: ""
[15.905s] -- Installing: /home/bb/ros2_ws/install/bring_up/share/bring_up/launch
[15.906s] -- Installing: /home/bb/ros2_ws/install/bring_up/share/bring_up/launch/comms_nodes.launch.py
[15.908s] -- Installing: /home/bb/ros2_ws/install/bring_up/share/ament_index/resource_index/package_run_dependencies/bring_up
[15.909s] -- Installing: /home/bb/ros2_ws/install/bring_up/share/ament_index/resource_index/parent_prefix_path/bring_up
[15.912s] -- Installing: /home/bb/ros2_ws/install/bring_up/share/bring_up/environment/ament_prefix_path.sh
[15.913s] -- Installing: /home/bb/ros2_ws/install/bring_up/share/bring_up/environment/ament_prefix_path.dsv
[15.914s] -- Installing: /home/bb/ros2_ws/install/bring_up/share/bring_up/environment/path.sh
[15.915s] -- Installing: /home/bb/ros2_ws/install/bring_up/share/bring_up/environment/path.dsv
[15.917s] -- Installing: /home/bb/ros2_ws/install/bring_up/share/bring_up/local_setup.bash
[15.918s] -- Installing: /home/bb/ros2_ws/install/bring_up/share/bring_up/local_setup.sh
[15.919s] -- Installing: /home/bb/ros2_ws/install/bring_up/share/bring_up/local_setup.zsh
[15.920s] -- Installing: /home/bb/ros2_ws/install/bring_up/share/bring_up/local_setup.dsv
[15.921s] -- Installing: /home/bb/ros2_ws/install/bring_up/share/bring_up/package.dsv
[15.923s] -- Installing: /home/bb/ros2_ws/install/bring_up/share/ament_index/resource_index/packages/bring_up
[15.938s] -- Installing: /home/bb/ros2_ws/install/bring_up/share/bring_up/cmake/bring_upConfig.cmake
[15.938s] -- Installing: /home/bb/ros2_ws/install/bring_up/share/bring_up/cmake/bring_upConfig-version.cmake
[15.939s] -- Installing: /home/bb/ros2_ws/install/bring_up/share/bring_up/package.xml
[15.959s] Invoked command in '/home/bb/ros2_ws/build/bring_up' returned '0': AMENT_PREFIX_PATH=/home/bb/ros2_ws/install/imu_sensor:/home/bb/ros2_ws/install/depth_sensor:/home/bb/ros2_ws/install/acoustic_sensor:/home/bb/ros2_ws/install/test141123:/home/bb/ros2_ws/install/acoustic_msg:/home/bb/ros2_ws/install/IMU_sensor:/opt/ros/humble CMAKE_PREFIX_PATH=${CMAKE_PREFIX_PATH}:/home/bb/ros2_ws/install/test141123:/home/bb/ros2_ws/install/imu_sensor:/home/bb/ros2_ws/install/depth_sensor:/home/bb/ros2_ws/install/acoustic_sensor:/home/bb/ros2_ws/install/IMU_sensor:/opt/ros/humble PYTHONPATH=/home/bb/ros2_ws/install/imu_sensor/lib/python3.8/site-packages:/home/bb/ros2_ws/install/depth_sensor/lib/python3.8/site-packages:/home/bb/ros2_ws/install/acoustic_sensor/lib/python3.8/site-packages:/home/bb/ros2_ws/install/test141123/lib/python3.10/site-packages:/home/bb/ros2_ws/install/acoustic_msg/lib/python3.9/site-packages:/home/bb/ros2_ws/install/IMU_sensor/lib/python3.8/site-packages:/opt/ros/humble/lib/python3.8/site-packages /usr/bin/cmake --install /home/bb/ros2_ws/build/bring_up
