[5.627s] Invoking command in '/home/bb/ros2_ws/src/imu_sensor': PYTHONPATH=/home/bb/ros2_ws/build/imu_sensor/prefix_override:/home/bb/ros2_ws/install/imu_sensor/lib/python3.8/site-packages:${PYTHONPATH} /usr/bin/python3 setup.py egg_info --egg-base ../../build/imu_sensor build --build-base /home/bb/ros2_ws/build/imu_sensor/build install --record /home/bb/ros2_ws/build/imu_sensor/install.log --single-version-externally-managed
[6.910s] running egg_info
[6.914s] writing ../../build/imu_sensor/imu_sensor.egg-info/PKG-INFO
[6.915s] writing dependency_links to ../../build/imu_sensor/imu_sensor.egg-info/dependency_links.txt
[6.916s] writing entry points to ../../build/imu_sensor/imu_sensor.egg-info/entry_points.txt
[6.918s] writing requirements to ../../build/imu_sensor/imu_sensor.egg-info/requires.txt
[6.921s] writing top-level names to ../../build/imu_sensor/imu_sensor.egg-info/top_level.txt
[7.120s] reading manifest file '../../build/imu_sensor/imu_sensor.egg-info/SOURCES.txt'
[7.127s] writing manifest file '../../build/imu_sensor/imu_sensor.egg-info/SOURCES.txt'
[7.128s] running build
[7.129s] running build_py
[7.130s] copying imu_sensor/publisher_accel.py -> /home/bb/ros2_ws/build/imu_sensor/build/lib/imu_sensor
[7.134s] running install
[7.140s] running install_lib
[7.148s] copying /home/bb/ros2_ws/build/imu_sensor/build/lib/imu_sensor/publisher_accel.py -> /home/bb/ros2_ws/install/imu_sensor/lib/python3.8/site-packages/imu_sensor
[7.158s] byte-compiling /home/bb/ros2_ws/install/imu_sensor/lib/python3.8/site-packages/imu_sensor/publisher_accel.py to publisher_accel.cpython-38.pyc
[7.167s] running install_data
[7.170s] running install_egg_info
[7.179s] removing '/home/bb/ros2_ws/install/imu_sensor/lib/python3.8/site-packages/imu_sensor-0.0.0-py3.8.egg-info' (and everything under it)
[7.181s] Copying ../../build/imu_sensor/imu_sensor.egg-info to /home/bb/ros2_ws/install/imu_sensor/lib/python3.8/site-packages/imu_sensor-0.0.0-py3.8.egg-info
[7.189s] running install_scripts
[7.289s] Installing publisher_accel script to /home/bb/ros2_ws/install/imu_sensor/lib/imu_sensor
[7.290s] Installing publisher_quat script to /home/bb/ros2_ws/install/imu_sensor/lib/imu_sensor
[7.291s] Installing publisher_xy script to /home/bb/ros2_ws/install/imu_sensor/lib/imu_sensor
[7.292s] Installing publisher_z script to /home/bb/ros2_ws/install/imu_sensor/lib/imu_sensor
[7.295s] writing list of installed files to '/home/bb/ros2_ws/build/imu_sensor/install.log'
[7.413s] Invoked command in '/home/bb/ros2_ws/src/imu_sensor' returned '0': PYTHONPATH=/home/bb/ros2_ws/build/imu_sensor/prefix_override:/home/bb/ros2_ws/install/imu_sensor/lib/python3.8/site-packages:${PYTHONPATH} /usr/bin/python3 setup.py egg_info --egg-base ../../build/imu_sensor build --build-base /home/bb/ros2_ws/build/imu_sensor/build install --record /home/bb/ros2_ws/build/imu_sensor/install.log --single-version-externally-managed
