[10.869s] DEBUG:colcon:Command line arguments: ['/usr/bin/colcon', 'build', '--packages-select', 'acoustic_sensor']
[10.870s] DEBUG:colcon:Parsed command line arguments: Namespace(allow_overriding=[], ament_cmake_args=None, base_paths=['.'], build_base='build', catkin_cmake_args=None, catkin_skip_building_tests=False, cmake_args=None, cmake_clean_cache=False, cmake_clean_first=False, cmake_force_configure=False, cmake_target=None, cmake_target_skip_unavailable=False, continue_on_error=False, event_handlers=None, executor='parallel', ignore_user_meta=False, install_base='install', log_base=None, log_level=None, main=<bound method BuildVerb.main of <colcon_core.verb.build.BuildVerb object at 0xffff82f15c40>>, merge_install=False, metas=['./colcon.meta'], packages_above=None, packages_above_and_dependencies=None, packages_above_depth=None, packages_end=None, packages_ignore=None, packages_ignore_regex=None, packages_select=['acoustic_sensor'], packages_select_build_failed=False, packages_select_by_dep=None, packages_select_regex=None, packages_select_test_failures=False, packages_skip=None, packages_skip_build_finished=False, packages_skip_by_dep=None, packages_skip_regex=None, packages_skip_test_passed=False, packages_skip_up_to=None, packages_start=None, packages_up_to=None, packages_up_to_regex=None, parallel_workers=6, paths=None, symlink_install=False, test_result_base=None, verb_extension=<colcon_core.verb.build.BuildVerb object at 0xffff82f15c40>, verb_name='build', verb_parser=<colcon_defaults.argument_parser.defaults.DefaultArgumentsDecorator object at 0xffff82af8640>)
[11.328s] Level 1:colcon.colcon_core.package_discovery:discover_packages(colcon_meta) check parameters
[11.329s] Level 1:colcon.colcon_core.package_discovery:discover_packages(recursive) check parameters
[11.329s] Level 1:colcon.colcon_core.package_discovery:discover_packages(ignore) check parameters
[11.329s] Level 1:colcon.colcon_core.package_discovery:discover_packages(path) check parameters
[11.329s] Level 1:colcon.colcon_core.package_discovery:discover_packages(colcon_meta) discover
[11.330s] Level 1:colcon.colcon_core.package_discovery:discover_packages(recursive) discover
[11.330s] INFO:colcon.colcon_core.package_discovery:Crawling recursively for packages in '/home/bb/ros2_ws'
[11.331s] Level 1:colcon.colcon_core.package_identification:_identify(.) by extensions ['ignore', 'ignore_ament_install']
[11.331s] Level 1:colcon.colcon_core.package_identification:_identify(.) by extension 'ignore'
[11.331s] Level 1:colcon.colcon_core.package_identification:_identify(.) by extension 'ignore_ament_install'
[11.332s] Level 1:colcon.colcon_core.package_identification:_identify(.) by extensions ['colcon_pkg']
[11.332s] Level 1:colcon.colcon_core.package_identification:_identify(.) by extension 'colcon_pkg'
[11.332s] Level 1:colcon.colcon_core.package_identification:_identify(.) by extensions ['colcon_meta']
[11.332s] Level 1:colcon.colcon_core.package_identification:_identify(.) by extension 'colcon_meta'
[11.332s] Level 1:colcon.colcon_core.package_identification:_identify(.) by extensions ['ros']
[11.333s] Level 1:colcon.colcon_core.package_identification:_identify(.) by extension 'ros'
[11.389s] Level 1:colcon.colcon_core.package_identification:_identify(.) by extensions ['cmake', 'python']
[11.389s] Level 1:colcon.colcon_core.package_identification:_identify(.) by extension 'cmake'
[11.390s] Level 1:colcon.colcon_core.package_identification:_identify(.) by extension 'python'
[11.390s] Level 1:colcon.colcon_core.package_identification:_identify(.) by extensions ['python_setup_py']
[11.390s] Level 1:colcon.colcon_core.package_identification:_identify(.) by extension 'python_setup_py'
[11.391s] Level 1:colcon.colcon_core.package_identification:_identify(build) by extensions ['ignore', 'ignore_ament_install']
[11.391s] Level 1:colcon.colcon_core.package_identification:_identify(build) by extension 'ignore'
[11.392s] Level 1:colcon.colcon_core.package_identification:_identify(build) ignored
[11.392s] Level 1:colcon.colcon_core.package_identification:_identify(install) by extensions ['ignore', 'ignore_ament_install']
[11.393s] Level 1:colcon.colcon_core.package_identification:_identify(install) by extension 'ignore'
[11.393s] Level 1:colcon.colcon_core.package_identification:_identify(install) ignored
[11.394s] Level 1:colcon.colcon_core.package_identification:_identify(log) by extensions ['ignore', 'ignore_ament_install']
[11.394s] Level 1:colcon.colcon_core.package_identification:_identify(log) by extension 'ignore'
[11.394s] Level 1:colcon.colcon_core.package_identification:_identify(log) ignored
[11.395s] Level 1:colcon.colcon_core.package_identification:_identify(src) by extensions ['ignore', 'ignore_ament_install']
[11.395s] Level 1:colcon.colcon_core.package_identification:_identify(src) by extension 'ignore'
[11.395s] Level 1:colcon.colcon_core.package_identification:_identify(src) by extension 'ignore_ament_install'
[11.396s] Level 1:colcon.colcon_core.package_identification:_identify(src) by extensions ['colcon_pkg']
[11.396s] Level 1:colcon.colcon_core.package_identification:_identify(src) by extension 'colcon_pkg'
[11.396s] Level 1:colcon.colcon_core.package_identification:_identify(src) by extensions ['colcon_meta']
[11.396s] Level 1:colcon.colcon_core.package_identification:_identify(src) by extension 'colcon_meta'
[11.396s] Level 1:colcon.colcon_core.package_identification:_identify(src) by extensions ['ros']
[11.397s] Level 1:colcon.colcon_core.package_identification:_identify(src) by extension 'ros'
[11.397s] Level 1:colcon.colcon_core.package_identification:_identify(src) by extensions ['cmake', 'python']
[11.397s] Level 1:colcon.colcon_core.package_identification:_identify(src) by extension 'cmake'
[11.397s] Level 1:colcon.colcon_core.package_identification:_identify(src) by extension 'python'
[11.398s] Level 1:colcon.colcon_core.package_identification:_identify(src) by extensions ['python_setup_py']
[11.398s] Level 1:colcon.colcon_core.package_identification:_identify(src) by extension 'python_setup_py'
[11.398s] Level 1:colcon.colcon_core.package_identification:_identify(src/acoustic_msg) by extensions ['ignore', 'ignore_ament_install']
[11.399s] Level 1:colcon.colcon_core.package_identification:_identify(src/acoustic_msg) by extension 'ignore'
[11.399s] Level 1:colcon.colcon_core.package_identification:_identify(src/acoustic_msg) by extension 'ignore_ament_install'
[11.399s] Level 1:colcon.colcon_core.package_identification:_identify(src/acoustic_msg) by extensions ['colcon_pkg']
[11.399s] Level 1:colcon.colcon_core.package_identification:_identify(src/acoustic_msg) by extension 'colcon_pkg'
[11.400s] Level 1:colcon.colcon_core.package_identification:_identify(src/acoustic_msg) by extensions ['colcon_meta']
[11.400s] Level 1:colcon.colcon_core.package_identification:_identify(src/acoustic_msg) by extension 'colcon_meta'
[11.400s] Level 1:colcon.colcon_core.package_identification:_identify(src/acoustic_msg) by extensions ['ros']
[11.400s] Level 1:colcon.colcon_core.package_identification:_identify(src/acoustic_msg) by extension 'ros'
[11.410s] DEBUG:colcon.colcon_core.package_identification:Package 'src/acoustic_msg' with type 'ros.ament_cmake' and name 'acoustic_msg'
[11.411s] Level 1:colcon.colcon_core.package_identification:_identify(src/acoustic_sensor) by extensions ['ignore', 'ignore_ament_install']
[11.411s] Level 1:colcon.colcon_core.package_identification:_identify(src/acoustic_sensor) by extension 'ignore'
[11.412s] Level 1:colcon.colcon_core.package_identification:_identify(src/acoustic_sensor) by extension 'ignore_ament_install'
[11.412s] Level 1:colcon.colcon_core.package_identification:_identify(src/acoustic_sensor) by extensions ['colcon_pkg']
[11.412s] Level 1:colcon.colcon_core.package_identification:_identify(src/acoustic_sensor) by extension 'colcon_pkg'
[11.412s] Level 1:colcon.colcon_core.package_identification:_identify(src/acoustic_sensor) by extensions ['colcon_meta']
[11.412s] Level 1:colcon.colcon_core.package_identification:_identify(src/acoustic_sensor) by extension 'colcon_meta'
[11.413s] Level 1:colcon.colcon_core.package_identification:_identify(src/acoustic_sensor) by extensions ['ros']
[11.413s] Level 1:colcon.colcon_core.package_identification:_identify(src/acoustic_sensor) by extension 'ros'
[11.415s] DEBUG:colcon.colcon_core.package_identification:Package 'src/acoustic_sensor' with type 'ros.ament_python' and name 'acoustic_sensor'
[11.416s] Level 1:colcon.colcon_core.package_identification:_identify(src/build) by extensions ['ignore', 'ignore_ament_install']
[11.416s] Level 1:colcon.colcon_core.package_identification:_identify(src/build) by extension 'ignore'
[11.416s] Level 1:colcon.colcon_core.package_identification:_identify(src/build) ignored
[11.417s] Level 1:colcon.colcon_core.package_identification:_identify(src/depth_sensor) by extensions ['ignore', 'ignore_ament_install']
[11.417s] Level 1:colcon.colcon_core.package_identification:_identify(src/depth_sensor) by extension 'ignore'
[11.417s] Level 1:colcon.colcon_core.package_identification:_identify(src/depth_sensor) by extension 'ignore_ament_install'
[11.418s] Level 1:colcon.colcon_core.package_identification:_identify(src/depth_sensor) by extensions ['colcon_pkg']
[11.418s] Level 1:colcon.colcon_core.package_identification:_identify(src/depth_sensor) by extension 'colcon_pkg'
[11.418s] Level 1:colcon.colcon_core.package_identification:_identify(src/depth_sensor) by extensions ['colcon_meta']
[11.418s] Level 1:colcon.colcon_core.package_identification:_identify(src/depth_sensor) by extension 'colcon_meta'
[11.419s] Level 1:colcon.colcon_core.package_identification:_identify(src/depth_sensor) by extensions ['ros']
[11.419s] Level 1:colcon.colcon_core.package_identification:_identify(src/depth_sensor) by extension 'ros'
[11.421s] DEBUG:colcon.colcon_core.package_identification:Package 'src/depth_sensor' with type 'ros.ament_python' and name 'depth_sensor'
[11.422s] Level 1:colcon.colcon_core.package_identification:_identify(src/imu_sensor) by extensions ['ignore', 'ignore_ament_install']
[11.422s] Level 1:colcon.colcon_core.package_identification:_identify(src/imu_sensor) by extension 'ignore'
[11.422s] Level 1:colcon.colcon_core.package_identification:_identify(src/imu_sensor) by extension 'ignore_ament_install'
[11.423s] Level 1:colcon.colcon_core.package_identification:_identify(src/imu_sensor) by extensions ['colcon_pkg']
[11.423s] Level 1:colcon.colcon_core.package_identification:_identify(src/imu_sensor) by extension 'colcon_pkg'
[11.423s] Level 1:colcon.colcon_core.package_identification:_identify(src/imu_sensor) by extensions ['colcon_meta']
[11.423s] Level 1:colcon.colcon_core.package_identification:_identify(src/imu_sensor) by extension 'colcon_meta'
[11.424s] Level 1:colcon.colcon_core.package_identification:_identify(src/imu_sensor) by extensions ['ros']
[11.424s] Level 1:colcon.colcon_core.package_identification:_identify(src/imu_sensor) by extension 'ros'
[11.426s] DEBUG:colcon.colcon_core.package_identification:Package 'src/imu_sensor' with type 'ros.ament_python' and name 'imu_sensor'
[11.426s] Level 1:colcon.colcon_core.package_identification:_identify(src/install) by extensions ['ignore', 'ignore_ament_install']
[11.427s] Level 1:colcon.colcon_core.package_identification:_identify(src/install) by extension 'ignore'
[11.427s] Level 1:colcon.colcon_core.package_identification:_identify(src/install) ignored
[11.427s] Level 1:colcon.colcon_core.package_identification:_identify(src/log) by extensions ['ignore', 'ignore_ament_install']
[11.428s] Level 1:colcon.colcon_core.package_identification:_identify(src/log) by extension 'ignore'
[11.428s] Level 1:colcon.colcon_core.package_identification:_identify(src/log) ignored
[11.428s] Level 1:colcon.colcon_core.package_identification:_identify(src/test141123) by extensions ['ignore', 'ignore_ament_install']
[11.429s] Level 1:colcon.colcon_core.package_identification:_identify(src/test141123) by extension 'ignore'
[11.429s] Level 1:colcon.colcon_core.package_identification:_identify(src/test141123) by extension 'ignore_ament_install'
[11.429s] Level 1:colcon.colcon_core.package_identification:_identify(src/test141123) by extensions ['colcon_pkg']
[11.429s] Level 1:colcon.colcon_core.package_identification:_identify(src/test141123) by extension 'colcon_pkg'
[11.430s] Level 1:colcon.colcon_core.package_identification:_identify(src/test141123) by extensions ['colcon_meta']
[11.430s] Level 1:colcon.colcon_core.package_identification:_identify(src/test141123) by extension 'colcon_meta'
[11.430s] Level 1:colcon.colcon_core.package_identification:_identify(src/test141123) by extensions ['ros']
[11.430s] Level 1:colcon.colcon_core.package_identification:_identify(src/test141123) by extension 'ros'
[11.433s] DEBUG:colcon.colcon_core.package_identification:Package 'src/test141123' with type 'ros.ament_python' and name 'test141123'
[11.433s] Level 1:colcon.colcon_core.package_discovery:discover_packages(recursive) using defaults
[11.433s] Level 1:colcon.colcon_core.package_discovery:discover_packages(ignore) discover
[11.434s] Level 1:colcon.colcon_core.package_discovery:discover_packages(ignore) using defaults
[11.434s] Level 1:colcon.colcon_core.package_discovery:discover_packages(path) discover
[11.434s] Level 1:colcon.colcon_core.package_discovery:discover_packages(path) using defaults
[12.072s] INFO:colcon.colcon_core.package_selection:Skipping not selected package 'acoustic_msg' in 'src/acoustic_msg'
[12.073s] INFO:colcon.colcon_core.package_selection:Skipping not selected package 'depth_sensor' in 'src/depth_sensor'
[12.073s] INFO:colcon.colcon_core.package_selection:Skipping not selected package 'imu_sensor' in 'src/imu_sensor'
[12.073s] INFO:colcon.colcon_core.package_selection:Skipping not selected package 'test141123' in 'src/test141123'
[12.418s] Level 1:colcon.colcon_core.package_discovery:discover_packages(prefix_path) check parameters
[12.418s] Level 1:colcon.colcon_core.package_discovery:discover_packages(prefix_path) discover
[12.774s] DEBUG:colcon.colcon_installed_package_information.package_discovery:Found 6 installed packages in /home/bb/ros2_ws/install
[12.963s] DEBUG:colcon.colcon_installed_package_information.package_discovery:Found 308 installed packages in /opt/ros/humble
[12.972s] Level 1:colcon.colcon_core.package_discovery:discover_packages(prefix_path) using defaults
[13.835s] Level 5:colcon.colcon_core.verb:set package 'acoustic_sensor' build argument 'cmake_args' from command line to 'None'
[13.836s] Level 5:colcon.colcon_core.verb:set package 'acoustic_sensor' build argument 'cmake_target' from command line to 'None'
[13.836s] Level 5:colcon.colcon_core.verb:set package 'acoustic_sensor' build argument 'cmake_target_skip_unavailable' from command line to 'False'
[13.836s] Level 5:colcon.colcon_core.verb:set package 'acoustic_sensor' build argument 'cmake_clean_cache' from command line to 'False'
[13.836s] Level 5:colcon.colcon_core.verb:set package 'acoustic_sensor' build argument 'cmake_clean_first' from command line to 'False'
[13.837s] Level 5:colcon.colcon_core.verb:set package 'acoustic_sensor' build argument 'cmake_force_configure' from command line to 'False'
[13.837s] Level 5:colcon.colcon_core.verb:set package 'acoustic_sensor' build argument 'ament_cmake_args' from command line to 'None'
[13.837s] Level 5:colcon.colcon_core.verb:set package 'acoustic_sensor' build argument 'catkin_cmake_args' from command line to 'None'
[13.837s] Level 5:colcon.colcon_core.verb:set package 'acoustic_sensor' build argument 'catkin_skip_building_tests' from command line to 'False'
[13.838s] DEBUG:colcon.colcon_core.verb:Building package 'acoustic_sensor' with the following arguments: {'ament_cmake_args': None, 'build_base': '/home/bb/ros2_ws/build/acoustic_sensor', 'catkin_cmake_args': None, 'catkin_skip_building_tests': False, 'cmake_args': None, 'cmake_clean_cache': False, 'cmake_clean_first': False, 'cmake_force_configure': False, 'cmake_target': None, 'cmake_target_skip_unavailable': False, 'install_base': '/home/bb/ros2_ws/install/acoustic_sensor', 'merge_install': False, 'path': '/home/bb/ros2_ws/src/acoustic_sensor', 'symlink_install': False, 'test_result_base': None}
[14.016s] INFO:colcon.colcon_core.executor:Executing jobs using 'parallel' executor
[14.196s] DEBUG:colcon.colcon_parallel_executor.executor.parallel:run_until_complete
[14.197s] INFO:colcon.colcon_ros.task.ament_python.build:Building ROS package in '/home/bb/ros2_ws/src/acoustic_sensor' with build type 'ament_python'
[14.198s] Level 1:colcon.colcon_core.shell:create_environment_hook('acoustic_sensor', 'ament_prefix_path')
[14.395s] INFO:colcon.colcon_core.plugin_system:Skipping extension 'colcon_core.shell.bat': Not used on non-Windows systems
[14.396s] INFO:colcon.colcon_core.shell:Creating environment hook '/home/bb/ros2_ws/install/acoustic_sensor/share/acoustic_sensor/hook/ament_prefix_path.ps1'
[14.400s] INFO:colcon.colcon_core.shell:Creating environment descriptor '/home/bb/ros2_ws/install/acoustic_sensor/share/acoustic_sensor/hook/ament_prefix_path.dsv'
[14.402s] INFO:colcon.colcon_core.shell:Creating environment hook '/home/bb/ros2_ws/install/acoustic_sensor/share/acoustic_sensor/hook/ament_prefix_path.sh'
[14.588s] INFO:colcon.colcon_core.shell:Skip shell extension 'powershell' for command environment: Not usable outside of PowerShell
[14.588s] DEBUG:colcon.colcon_core.shell:Skip shell extension 'dsv' for command environment
[14.810s] DEBUG:colcon.colcon_parallel_executor.executor.parallel:run_until_complete was interrupted
[14.811s] DEBUG:colcon.colcon_parallel_executor.executor.parallel:run_until_complete again
[14.812s] DEBUG:colcon.colcon_parallel_executor.executor.parallel:run_until_complete finished
[14.812s] DEBUG:colcon.colcon_parallel_executor.executor.parallel:closing loop
[14.813s] DEBUG:colcon.colcon_parallel_executor.executor.parallel:loop closed
[14.813s] DEBUG:colcon.colcon_core.event_reactor:joining thread
[15.034s] INFO:colcon.colcon_core.plugin_system:Skipping extension 'colcon_notification.desktop_notification.terminal_notifier': Not used on non-Darwin systems
[15.035s] INFO:colcon.colcon_core.plugin_system:Skipping extension 'colcon_notification.desktop_notification.win32': Not used on non-Windows systems
[15.035s] INFO:colcon.colcon_notification.desktop_notification:Sending desktop notification using 'notify2'
[15.131s] DEBUG:colcon.colcon_core.event_reactor:joined thread
[15.318s] INFO:colcon.colcon_core.shell:Creating prefix script '/home/bb/ros2_ws/install/local_setup.ps1'
[15.323s] INFO:colcon.colcon_core.shell:Creating prefix util module '/home/bb/ros2_ws/install/_local_setup_util_ps1.py'
[15.328s] INFO:colcon.colcon_core.shell:Creating prefix chain script '/home/bb/ros2_ws/install/setup.ps1'
[15.513s] INFO:colcon.colcon_core.shell:Creating prefix script '/home/bb/ros2_ws/install/local_setup.sh'
[15.516s] INFO:colcon.colcon_core.shell:Creating prefix util module '/home/bb/ros2_ws/install/_local_setup_util_sh.py'
[15.518s] INFO:colcon.colcon_core.shell:Creating prefix chain script '/home/bb/ros2_ws/install/setup.sh'
[15.703s] INFO:colcon.colcon_core.shell:Creating prefix script '/home/bb/ros2_ws/install/local_setup.bash'
[15.705s] INFO:colcon.colcon_core.shell:Creating prefix chain script '/home/bb/ros2_ws/install/setup.bash'
[15.889s] INFO:colcon.colcon_core.shell:Creating prefix script '/home/bb/ros2_ws/install/local_setup.zsh'
[15.891s] INFO:colcon.colcon_core.shell:Creating prefix chain script '/home/bb/ros2_ws/install/setup.zsh'
