[6.032s] Invoking command in '/home/bb/ros2_ws/build/bring_up': AMENT_PREFIX_PATH=/home/bb/ros2_ws/install/imu_sensor:/home/bb/ros2_ws/install/depth_sensor:/home/bb/ros2_ws/install/acoustic_sensor:/home/bb/ros2_ws/install/test141123:/home/bb/ros2_ws/install/acoustic_msg:/home/bb/ros2_ws/install/IMU_sensor:/opt/ros/humble CMAKE_PREFIX_PATH=${CMAKE_PREFIX_PATH}:/home/bb/ros2_ws/install/test141123:/home/bb/ros2_ws/install/imu_sensor:/home/bb/ros2_ws/install/depth_sensor:/home/bb/ros2_ws/install/acoustic_sensor:/home/bb/ros2_ws/install/IMU_sensor:/opt/ros/humble PYTHONPATH=/home/bb/ros2_ws/install/imu_sensor/lib/python3.8/site-packages:/home/bb/ros2_ws/install/depth_sensor/lib/python3.8/site-packages:/home/bb/ros2_ws/install/acoustic_sensor/lib/python3.8/site-packages:/home/bb/ros2_ws/install/test141123/lib/python3.10/site-packages:/home/bb/ros2_ws/install/acoustic_msg/lib/python3.9/site-packages:/home/bb/ros2_ws/install/IMU_sensor/lib/python3.8/site-packages:/opt/ros/humble/lib/python3.8/site-packages /usr/bin/cmake --build /home/bb/ros2_ws/build/bring_up -- -j6 -l6
[7.775s] Invoked command in '/home/bb/ros2_ws/build/bring_up' returned '0': AMENT_PREFIX_PATH=/home/bb/ros2_ws/install/imu_sensor:/home/bb/ros2_ws/install/depth_sensor:/home/bb/ros2_ws/install/acoustic_sensor:/home/bb/ros2_ws/install/test141123:/home/bb/ros2_ws/install/acoustic_msg:/home/bb/ros2_ws/install/IMU_sensor:/opt/ros/humble CMAKE_PREFIX_PATH=${CMAKE_PREFIX_PATH}:/home/bb/ros2_ws/install/test141123:/home/bb/ros2_ws/install/imu_sensor:/home/bb/ros2_ws/install/depth_sensor:/home/bb/ros2_ws/install/acoustic_sensor:/home/bb/ros2_ws/install/IMU_sensor:/opt/ros/humble PYTHONPATH=/home/bb/ros2_ws/install/imu_sensor/lib/python3.8/site-packages:/home/bb/ros2_ws/install/depth_sensor/lib/python3.8/site-packages:/home/bb/ros2_ws/install/acoustic_sensor/lib/python3.8/site-packages:/home/bb/ros2_ws/install/test141123/lib/python3.10/site-packages:/home/bb/ros2_ws/install/acoustic_msg/lib/python3.9/site-packages:/home/bb/ros2_ws/install/IMU_sensor/lib/python3.8/site-packages:/opt/ros/humble/lib/python3.8/site-packages /usr/bin/cmake --build /home/bb/ros2_ws/build/bring_up -- -j6 -l6
[7.926s] Invoking command in '/home/bb/ros2_ws/build/bring_up': AMENT_PREFIX_PATH=/home/bb/ros2_ws/install/imu_sensor:/home/bb/ros2_ws/install/depth_sensor:/home/bb/ros2_ws/install/acoustic_sensor:/home/bb/ros2_ws/install/test141123:/home/bb/ros2_ws/install/acoustic_msg:/home/bb/ros2_ws/install/IMU_sensor:/opt/ros/humble CMAKE_PREFIX_PATH=${CMAKE_PREFIX_PATH}:/home/bb/ros2_ws/install/test141123:/home/bb/ros2_ws/install/imu_sensor:/home/bb/ros2_ws/install/depth_sensor:/home/bb/ros2_ws/install/acoustic_sensor:/home/bb/ros2_ws/install/IMU_sensor:/opt/ros/humble PYTHONPATH=/home/bb/ros2_ws/install/imu_sensor/lib/python3.8/site-packages:/home/bb/ros2_ws/install/depth_sensor/lib/python3.8/site-packages:/home/bb/ros2_ws/install/acoustic_sensor/lib/python3.8/site-packages:/home/bb/ros2_ws/install/test141123/lib/python3.10/site-packages:/home/bb/ros2_ws/install/acoustic_msg/lib/python3.9/site-packages:/home/bb/ros2_ws/install/IMU_sensor/lib/python3.8/site-packages:/opt/ros/humble/lib/python3.8/site-packages /usr/bin/cmake --install /home/bb/ros2_ws/build/bring_up
[7.970s] -- Install configuration: ""
[7.973s] -- Up-to-date: /home/bb/ros2_ws/install/bring_up/share/bring_up/launch
[7.974s] -- Up-to-date: /home/bb/ros2_ws/install/bring_up/share/bring_up/launch/comms_nodes.launch.py
[7.975s] -- Up-to-date: /home/bb/ros2_ws/install/bring_up/share/ament_index/resource_index/package_run_dependencies/bring_up
[7.976s] -- Up-to-date: /home/bb/ros2_ws/install/bring_up/share/ament_index/resource_index/parent_prefix_path/bring_up
[7.977s] -- Up-to-date: /home/bb/ros2_ws/install/bring_up/share/bring_up/environment/ament_prefix_path.sh
[7.978s] -- Up-to-date: /home/bb/ros2_ws/install/bring_up/share/bring_up/environment/ament_prefix_path.dsv
[7.979s] -- Up-to-date: /home/bb/ros2_ws/install/bring_up/share/bring_up/environment/path.sh
[7.980s] -- Up-to-date: /home/bb/ros2_ws/install/bring_up/share/bring_up/environment/path.dsv
[7.980s] -- Up-to-date: /home/bb/ros2_ws/install/bring_up/share/bring_up/local_setup.bash
[7.981s] -- Up-to-date: /home/bb/ros2_ws/install/bring_up/share/bring_up/local_setup.sh
[7.982s] -- Up-to-date: /home/bb/ros2_ws/install/bring_up/share/bring_up/local_setup.zsh
[7.982s] -- Up-to-date: /home/bb/ros2_ws/install/bring_up/share/bring_up/local_setup.dsv
[7.983s] -- Installing: /home/bb/ros2_ws/install/bring_up/share/bring_up/package.dsv
[7.983s] -- Up-to-date: /home/bb/ros2_ws/install/bring_up/share/ament_index/resource_index/packages/bring_up
[7.987s] -- Up-to-date: /home/bb/ros2_ws/install/bring_up/share/bring_up/cmake/bring_upConfig.cmake
[7.988s] -- Up-to-date: /home/bb/ros2_ws/install/bring_up/share/bring_up/cmake/bring_upConfig-version.cmake
[7.988s] -- Up-to-date: /home/bb/ros2_ws/install/bring_up/share/bring_up/package.xml
[7.994s] Invoked command in '/home/bb/ros2_ws/build/bring_up' returned '0': AMENT_PREFIX_PATH=/home/bb/ros2_ws/install/imu_sensor:/home/bb/ros2_ws/install/depth_sensor:/home/bb/ros2_ws/install/acoustic_sensor:/home/bb/ros2_ws/install/test141123:/home/bb/ros2_ws/install/acoustic_msg:/home/bb/ros2_ws/install/IMU_sensor:/opt/ros/humble CMAKE_PREFIX_PATH=${CMAKE_PREFIX_PATH}:/home/bb/ros2_ws/install/test141123:/home/bb/ros2_ws/install/imu_sensor:/home/bb/ros2_ws/install/depth_sensor:/home/bb/ros2_ws/install/acoustic_sensor:/home/bb/ros2_ws/install/IMU_sensor:/opt/ros/humble PYTHONPATH=/home/bb/ros2_ws/install/imu_sensor/lib/python3.8/site-packages:/home/bb/ros2_ws/install/depth_sensor/lib/python3.8/site-packages:/home/bb/ros2_ws/install/acoustic_sensor/lib/python3.8/site-packages:/home/bb/ros2_ws/install/test141123/lib/python3.10/site-packages:/home/bb/ros2_ws/install/acoustic_msg/lib/python3.9/site-packages:/home/bb/ros2_ws/install/IMU_sensor/lib/python3.8/site-packages:/opt/ros/humble/lib/python3.8/site-packages /usr/bin/cmake --install /home/bb/ros2_ws/build/bring_up
