[10.488s] DEBUG:colcon:Command line arguments: ['/usr/bin/colcon', 'build', '--packages-select', 'test141123']
[10.489s] DEBUG:colcon:Parsed command line arguments: Namespace(allow_overriding=[], ament_cmake_args=None, base_paths=['.'], build_base='build', catkin_cmake_args=None, catkin_skip_building_tests=False, cmake_args=None, cmake_clean_cache=False, cmake_clean_first=False, cmake_force_configure=False, cmake_target=None, cmake_target_skip_unavailable=False, continue_on_error=False, event_handlers=None, executor='parallel', ignore_user_meta=False, install_base='install', log_base=None, log_level=None, main=<bound method BuildVerb.main of <colcon_core.verb.build.BuildVerb object at 0xffffbaa76cd0>>, merge_install=False, metas=['./colcon.meta'], packages_above=None, packages_above_and_dependencies=None, packages_above_depth=None, packages_end=None, packages_ignore=None, packages_ignore_regex=None, packages_select=['test141123'], packages_select_build_failed=False, packages_select_by_dep=None, packages_select_regex=None, packages_select_test_failures=False, packages_skip=None, packages_skip_build_finished=False, packages_skip_by_dep=None, packages_skip_regex=None, packages_skip_test_passed=False, packages_skip_up_to=None, packages_start=None, packages_up_to=None, packages_up_to_regex=None, parallel_workers=6, paths=None, symlink_install=False, test_result_base=None, verb_extension=<colcon_core.verb.build.BuildVerb object at 0xffffbaa76cd0>, verb_name='build', verb_parser=<colcon_defaults.argument_parser.defaults.DefaultArgumentsDecorator object at 0xffffba69e2b0>)
[10.938s] Level 1:colcon.colcon_core.package_discovery:discover_packages(colcon_meta) check parameters
[10.938s] Level 1:colcon.colcon_core.package_discovery:discover_packages(recursive) check parameters
[10.938s] Level 1:colcon.colcon_core.package_discovery:discover_packages(ignore) check parameters
[10.939s] Level 1:colcon.colcon_core.package_discovery:discover_packages(path) check parameters
[10.939s] Level 1:colcon.colcon_core.package_discovery:discover_packages(colcon_meta) discover
[10.939s] Level 1:colcon.colcon_core.package_discovery:discover_packages(recursive) discover
[10.939s] INFO:colcon.colcon_core.package_discovery:Crawling recursively for packages in '/home/bb/ros2_ws'
[10.940s] Level 1:colcon.colcon_core.package_identification:_identify(.) by extensions ['ignore', 'ignore_ament_install']
[10.940s] Level 1:colcon.colcon_core.package_identification:_identify(.) by extension 'ignore'
[10.941s] Level 1:colcon.colcon_core.package_identification:_identify(.) by extension 'ignore_ament_install'
[10.941s] Level 1:colcon.colcon_core.package_identification:_identify(.) by extensions ['colcon_pkg']
[10.941s] Level 1:colcon.colcon_core.package_identification:_identify(.) by extension 'colcon_pkg'
[10.941s] Level 1:colcon.colcon_core.package_identification:_identify(.) by extensions ['colcon_meta']
[10.942s] Level 1:colcon.colcon_core.package_identification:_identify(.) by extension 'colcon_meta'
[10.942s] Level 1:colcon.colcon_core.package_identification:_identify(.) by extensions ['ros']
[10.942s] Level 1:colcon.colcon_core.package_identification:_identify(.) by extension 'ros'
[11.028s] Level 1:colcon.colcon_core.package_identification:_identify(.) by extensions ['cmake', 'python']
[11.029s] Level 1:colcon.colcon_core.package_identification:_identify(.) by extension 'cmake'
[11.029s] Level 1:colcon.colcon_core.package_identification:_identify(.) by extension 'python'
[11.029s] Level 1:colcon.colcon_core.package_identification:_identify(.) by extensions ['python_setup_py']
[11.030s] Level 1:colcon.colcon_core.package_identification:_identify(.) by extension 'python_setup_py'
[11.030s] Level 1:colcon.colcon_core.package_identification:_identify(build) by extensions ['ignore', 'ignore_ament_install']
[11.031s] Level 1:colcon.colcon_core.package_identification:_identify(build) by extension 'ignore'
[11.031s] Level 1:colcon.colcon_core.package_identification:_identify(build) ignored
[11.032s] Level 1:colcon.colcon_core.package_identification:_identify(install) by extensions ['ignore', 'ignore_ament_install']
[11.032s] Level 1:colcon.colcon_core.package_identification:_identify(install) by extension 'ignore'
[11.033s] Level 1:colcon.colcon_core.package_identification:_identify(install) ignored
[11.033s] Level 1:colcon.colcon_core.package_identification:_identify(log) by extensions ['ignore', 'ignore_ament_install']
[11.034s] Level 1:colcon.colcon_core.package_identification:_identify(log) by extension 'ignore'
[11.034s] Level 1:colcon.colcon_core.package_identification:_identify(log) ignored
[11.035s] Level 1:colcon.colcon_core.package_identification:_identify(src) by extensions ['ignore', 'ignore_ament_install']
[11.035s] Level 1:colcon.colcon_core.package_identification:_identify(src) by extension 'ignore'
[11.035s] Level 1:colcon.colcon_core.package_identification:_identify(src) by extension 'ignore_ament_install'
[11.036s] Level 1:colcon.colcon_core.package_identification:_identify(src) by extensions ['colcon_pkg']
[11.036s] Level 1:colcon.colcon_core.package_identification:_identify(src) by extension 'colcon_pkg'
[11.036s] Level 1:colcon.colcon_core.package_identification:_identify(src) by extensions ['colcon_meta']
[11.036s] Level 1:colcon.colcon_core.package_identification:_identify(src) by extension 'colcon_meta'
[11.037s] Level 1:colcon.colcon_core.package_identification:_identify(src) by extensions ['ros']
[11.037s] Level 1:colcon.colcon_core.package_identification:_identify(src) by extension 'ros'
[11.037s] Level 1:colcon.colcon_core.package_identification:_identify(src) by extensions ['cmake', 'python']
[11.038s] Level 1:colcon.colcon_core.package_identification:_identify(src) by extension 'cmake'
[11.038s] Level 1:colcon.colcon_core.package_identification:_identify(src) by extension 'python'
[11.038s] Level 1:colcon.colcon_core.package_identification:_identify(src) by extensions ['python_setup_py']
[11.038s] Level 1:colcon.colcon_core.package_identification:_identify(src) by extension 'python_setup_py'
[11.039s] Level 1:colcon.colcon_core.package_identification:_identify(src/build) by extensions ['ignore', 'ignore_ament_install']
[11.039s] Level 1:colcon.colcon_core.package_identification:_identify(src/build) by extension 'ignore'
[11.040s] Level 1:colcon.colcon_core.package_identification:_identify(src/build) ignored
[11.040s] Level 1:colcon.colcon_core.package_identification:_identify(src/install) by extensions ['ignore', 'ignore_ament_install']
[11.041s] Level 1:colcon.colcon_core.package_identification:_identify(src/install) by extension 'ignore'
[11.041s] Level 1:colcon.colcon_core.package_identification:_identify(src/install) ignored
[11.042s] Level 1:colcon.colcon_core.package_identification:_identify(src/log) by extensions ['ignore', 'ignore_ament_install']
[11.042s] Level 1:colcon.colcon_core.package_identification:_identify(src/log) by extension 'ignore'
[11.042s] Level 1:colcon.colcon_core.package_identification:_identify(src/log) ignored
[11.043s] Level 1:colcon.colcon_core.package_identification:_identify(src/test141123) by extensions ['ignore', 'ignore_ament_install']
[11.043s] Level 1:colcon.colcon_core.package_identification:_identify(src/test141123) by extension 'ignore'
[11.044s] Level 1:colcon.colcon_core.package_identification:_identify(src/test141123) by extension 'ignore_ament_install'
[11.044s] Level 1:colcon.colcon_core.package_identification:_identify(src/test141123) by extensions ['colcon_pkg']
[11.044s] Level 1:colcon.colcon_core.package_identification:_identify(src/test141123) by extension 'colcon_pkg'
[11.044s] Level 1:colcon.colcon_core.package_identification:_identify(src/test141123) by extensions ['colcon_meta']
[11.045s] Level 1:colcon.colcon_core.package_identification:_identify(src/test141123) by extension 'colcon_meta'
[11.045s] Level 1:colcon.colcon_core.package_identification:_identify(src/test141123) by extensions ['ros']
[11.045s] Level 1:colcon.colcon_core.package_identification:_identify(src/test141123) by extension 'ros'
[11.058s] DEBUG:colcon.colcon_core.package_identification:Package 'src/test141123' with type 'ros.ament_python' and name 'test141123'
[11.058s] Level 1:colcon.colcon_core.package_discovery:discover_packages(recursive) using defaults
[11.058s] Level 1:colcon.colcon_core.package_discovery:discover_packages(ignore) discover
[11.059s] Level 1:colcon.colcon_core.package_discovery:discover_packages(ignore) using defaults
[11.059s] Level 1:colcon.colcon_core.package_discovery:discover_packages(path) discover
[11.059s] Level 1:colcon.colcon_core.package_discovery:discover_packages(path) using defaults
[11.981s] Level 1:colcon.colcon_core.package_discovery:discover_packages(prefix_path) check parameters
[11.982s] Level 1:colcon.colcon_core.package_discovery:discover_packages(prefix_path) discover
[12.330s] DEBUG:colcon.colcon_installed_package_information.package_discovery:Found 2 installed packages in /home/bb/ros2_ws/install
[12.507s] DEBUG:colcon.colcon_installed_package_information.package_discovery:Found 308 installed packages in /opt/ros/humble
[12.516s] Level 1:colcon.colcon_core.package_discovery:discover_packages(prefix_path) using defaults
[13.363s] Level 5:colcon.colcon_core.verb:set package 'test141123' build argument 'cmake_args' from command line to 'None'
[13.363s] Level 5:colcon.colcon_core.verb:set package 'test141123' build argument 'cmake_target' from command line to 'None'
[13.363s] Level 5:colcon.colcon_core.verb:set package 'test141123' build argument 'cmake_target_skip_unavailable' from command line to 'False'
[13.364s] Level 5:colcon.colcon_core.verb:set package 'test141123' build argument 'cmake_clean_cache' from command line to 'False'
[13.364s] Level 5:colcon.colcon_core.verb:set package 'test141123' build argument 'cmake_clean_first' from command line to 'False'
[13.364s] Level 5:colcon.colcon_core.verb:set package 'test141123' build argument 'cmake_force_configure' from command line to 'False'
[13.364s] Level 5:colcon.colcon_core.verb:set package 'test141123' build argument 'ament_cmake_args' from command line to 'None'
[13.364s] Level 5:colcon.colcon_core.verb:set package 'test141123' build argument 'catkin_cmake_args' from command line to 'None'
[13.364s] Level 5:colcon.colcon_core.verb:set package 'test141123' build argument 'catkin_skip_building_tests' from command line to 'False'
[13.365s] DEBUG:colcon.colcon_core.verb:Building package 'test141123' with the following arguments: {'ament_cmake_args': None, 'build_base': '/home/bb/ros2_ws/build/test141123', 'catkin_cmake_args': None, 'catkin_skip_building_tests': False, 'cmake_args': None, 'cmake_clean_cache': False, 'cmake_clean_first': False, 'cmake_force_configure': False, 'cmake_target': None, 'cmake_target_skip_unavailable': False, 'install_base': '/home/bb/ros2_ws/install/test141123', 'merge_install': False, 'path': '/home/bb/ros2_ws/src/test141123', 'symlink_install': False, 'test_result_base': None}
[13.533s] INFO:colcon.colcon_core.executor:Executing jobs using 'parallel' executor
[13.709s] DEBUG:colcon.colcon_parallel_executor.executor.parallel:run_until_complete
[13.710s] INFO:colcon.colcon_ros.task.ament_python.build:Building ROS package in '/home/bb/ros2_ws/src/test141123' with build type 'ament_python'
[13.711s] Level 1:colcon.colcon_core.shell:create_environment_hook('test141123', 'ament_prefix_path')
[13.897s] INFO:colcon.colcon_core.plugin_system:Skipping extension 'colcon_core.shell.bat': Not used on non-Windows systems
[13.898s] INFO:colcon.colcon_core.shell:Creating environment hook '/home/bb/ros2_ws/install/test141123/share/test141123/hook/ament_prefix_path.ps1'
[13.901s] INFO:colcon.colcon_core.shell:Creating environment descriptor '/home/bb/ros2_ws/install/test141123/share/test141123/hook/ament_prefix_path.dsv'
[13.903s] INFO:colcon.colcon_core.shell:Creating environment hook '/home/bb/ros2_ws/install/test141123/share/test141123/hook/ament_prefix_path.sh'
[14.083s] INFO:colcon.colcon_core.shell:Skip shell extension 'powershell' for command environment: Not usable outside of PowerShell
[14.084s] DEBUG:colcon.colcon_core.shell:Skip shell extension 'dsv' for command environment
[15.904s] INFO:colcon.colcon_core.task.python.build:Building Python package in '/home/bb/ros2_ws/src/test141123'
[16.092s] INFO:colcon.colcon_core.shell:Skip shell extension 'powershell' for command environment: Not usable outside of PowerShell
[16.093s] DEBUG:colcon.colcon_core.shell:Skip shell extension 'dsv' for command environment
[18.697s] DEBUG:colcon.colcon_core.event_handler.log_command:Invoking command in '/home/bb/ros2_ws/src/test141123': PYTHONPATH=/home/bb/ros2_ws/build/test141123/prefix_override:/home/bb/ros2_ws/install/test141123/lib/python3.8/site-packages:${PYTHONPATH} /usr/bin/python3 setup.py egg_info --egg-base ../../build/test141123 build --build-base /home/bb/ros2_ws/build/test141123/build install --record /home/bb/ros2_ws/build/test141123/install.log --single-version-externally-managed
[20.277s] DEBUG:colcon.colcon_core.event_handler.log_command:Invoked command in '/home/bb/ros2_ws/src/test141123' returned '0': PYTHONPATH=/home/bb/ros2_ws/build/test141123/prefix_override:/home/bb/ros2_ws/install/test141123/lib/python3.8/site-packages:${PYTHONPATH} /usr/bin/python3 setup.py egg_info --egg-base ../../build/test141123 build --build-base /home/bb/ros2_ws/build/test141123/build install --record /home/bb/ros2_ws/build/test141123/install.log --single-version-externally-managed
[20.479s] Level 1:colcon.colcon_core.environment:checking '/home/bb/ros2_ws/install/test141123' for CMake module files
[20.481s] Level 1:colcon.colcon_core.environment:checking '/home/bb/ros2_ws/install/test141123' for CMake config files
[20.486s] Level 1:colcon.colcon_core.environment:checking '/home/bb/ros2_ws/install/test141123/lib'
[20.487s] Level 1:colcon.colcon_core.environment:checking '/home/bb/ros2_ws/install/test141123/bin'
[20.487s] Level 1:colcon.colcon_core.environment:checking '/home/bb/ros2_ws/install/test141123/lib/pkgconfig/test141123.pc'
[20.489s] Level 1:colcon.colcon_core.environment:checking '/home/bb/ros2_ws/install/test141123/lib/python3.8/site-packages'
[20.489s] Level 1:colcon.colcon_core.shell:create_environment_hook('test141123', 'pythonpath')
[20.670s] INFO:colcon.colcon_core.shell:Creating environment hook '/home/bb/ros2_ws/install/test141123/share/test141123/hook/pythonpath.ps1'
[20.673s] INFO:colcon.colcon_core.shell:Creating environment descriptor '/home/bb/ros2_ws/install/test141123/share/test141123/hook/pythonpath.dsv'
[20.675s] INFO:colcon.colcon_core.shell:Creating environment hook '/home/bb/ros2_ws/install/test141123/share/test141123/hook/pythonpath.sh'
[20.677s] Level 1:colcon.colcon_core.environment:checking '/home/bb/ros2_ws/install/test141123/bin'
[20.677s] Level 1:colcon.colcon_core.environment:create_environment_scripts_only(test141123)
[20.858s] INFO:colcon.colcon_core.shell:Creating package script '/home/bb/ros2_ws/install/test141123/share/test141123/package.ps1'
[20.862s] INFO:colcon.colcon_core.shell:Creating package descriptor '/home/bb/ros2_ws/install/test141123/share/test141123/package.dsv'
[20.865s] INFO:colcon.colcon_core.shell:Creating package script '/home/bb/ros2_ws/install/test141123/share/test141123/package.sh'
[20.869s] INFO:colcon.colcon_core.shell:Creating package script '/home/bb/ros2_ws/install/test141123/share/test141123/package.bash'
[20.872s] INFO:colcon.colcon_core.shell:Creating package script '/home/bb/ros2_ws/install/test141123/share/test141123/package.zsh'
[20.875s] Level 1:colcon.colcon_core.environment:create_file_with_runtime_dependencies(/home/bb/ros2_ws/install/test141123/share/colcon-core/packages/test141123)
[20.878s] DEBUG:colcon.colcon_parallel_executor.executor.parallel:closing loop
[20.880s] DEBUG:colcon.colcon_parallel_executor.executor.parallel:loop closed
[20.882s] DEBUG:colcon.colcon_parallel_executor.executor.parallel:run_until_complete finished with '0'
[20.882s] DEBUG:colcon.colcon_core.event_reactor:joining thread
[21.087s] INFO:colcon.colcon_core.plugin_system:Skipping extension 'colcon_notification.desktop_notification.terminal_notifier': Not used on non-Darwin systems
[21.087s] INFO:colcon.colcon_core.plugin_system:Skipping extension 'colcon_notification.desktop_notification.win32': Not used on non-Windows systems
[21.088s] INFO:colcon.colcon_notification.desktop_notification:Sending desktop notification using 'notify2'
[21.196s] DEBUG:colcon.colcon_core.event_reactor:joined thread
[21.379s] INFO:colcon.colcon_core.shell:Creating prefix script '/home/bb/ros2_ws/install/local_setup.ps1'
[21.384s] INFO:colcon.colcon_core.shell:Creating prefix util module '/home/bb/ros2_ws/install/_local_setup_util_ps1.py'
[21.390s] INFO:colcon.colcon_core.shell:Creating prefix chain script '/home/bb/ros2_ws/install/setup.ps1'
[21.571s] INFO:colcon.colcon_core.shell:Creating prefix script '/home/bb/ros2_ws/install/local_setup.sh'
[21.574s] INFO:colcon.colcon_core.shell:Creating prefix util module '/home/bb/ros2_ws/install/_local_setup_util_sh.py'
[21.576s] INFO:colcon.colcon_core.shell:Creating prefix chain script '/home/bb/ros2_ws/install/setup.sh'
[21.752s] INFO:colcon.colcon_core.shell:Creating prefix script '/home/bb/ros2_ws/install/local_setup.bash'
[21.754s] INFO:colcon.colcon_core.shell:Creating prefix chain script '/home/bb/ros2_ws/install/setup.bash'
[21.931s] INFO:colcon.colcon_core.shell:Creating prefix script '/home/bb/ros2_ws/install/local_setup.zsh'
[21.934s] INFO:colcon.colcon_core.shell:Creating prefix chain script '/home/bb/ros2_ws/install/setup.zsh'
