[7.785s] Invoking command in '/home/bb/ros2_ws/build/acoustic_msg': CMAKE_PREFIX_PATH=${CMAKE_PREFIX_PATH}:/home/bb/ros2_ws/install/sub:/home/bb/ros2_ws/install/test141123:/home/bb/ros2_ws/install/imu_sensor:/home/bb/ros2_ws/install/depth_sensor:/home/bb/ros2_ws/install/acoustic_sensor:/home/bb/ros2_ws/install/IMU_sensor:/opt/ros/humble /usr/bin/cmake --build /home/bb/ros2_ws/build/acoustic_msg -- -j6 -l6
[8.216s] [  3%] Built target acoustic_msg__cpp
[8.230s] [ 12%] Built target acoustic_msg__rosidl_generator_c
[8.412s] [ 12%] Built target ament_cmake_python_copy_acoustic_msg
[8.567s] [ 22%] Built target acoustic_msg__rosidl_typesupport_c
[8.618s] [ 32%] Built target acoustic_msg__rosidl_typesupport_fastrtps_cpp
[8.624s] [ 41%] Built target acoustic_msg__rosidl_typesupport_cpp
[8.624s] [ 51%] Built target acoustic_msg__rosidl_typesupport_fastrtps_c
[8.627s] [ 61%] Built target acoustic_msg__rosidl_typesupport_introspection_cpp
[8.759s] [ 70%] Built target acoustic_msg__rosidl_typesupport_introspection_c
[8.960s] [ 70%] Built target acoustic_msg
[9.100s] [ 74%] Built target acoustic_msg__py
[9.493s] [ 80%] Built target acoustic_msg__rosidl_generator_py
[9.885s] [ 87%] Built target acoustic_msg__rosidl_typesupport_introspection_c__pyext
[9.923s] [ 93%] Built target acoustic_msg__rosidl_typesupport_c__pyext
[9.924s] [100%] Built target acoustic_msg__rosidl_typesupport_fastrtps_c__pyext
[11.087s] running egg_info
[11.092s] writing acoustic_msg.egg-info/PKG-INFO
[11.094s] writing dependency_links to acoustic_msg.egg-info/dependency_links.txt
[11.096s] writing top-level names to acoustic_msg.egg-info/top_level.txt
[11.410s] reading manifest file 'acoustic_msg.egg-info/SOURCES.txt'
[11.414s] writing manifest file 'acoustic_msg.egg-info/SOURCES.txt'
[11.572s] [100%] Built target ament_cmake_python_build_acoustic_msg_egg
[11.649s] Invoked command in '/home/bb/ros2_ws/build/acoustic_msg' returned '0': CMAKE_PREFIX_PATH=${CMAKE_PREFIX_PATH}:/home/bb/ros2_ws/install/sub:/home/bb/ros2_ws/install/test141123:/home/bb/ros2_ws/install/imu_sensor:/home/bb/ros2_ws/install/depth_sensor:/home/bb/ros2_ws/install/acoustic_sensor:/home/bb/ros2_ws/install/IMU_sensor:/opt/ros/humble /usr/bin/cmake --build /home/bb/ros2_ws/build/acoustic_msg -- -j6 -l6
[12.137s] Invoking command in '/home/bb/ros2_ws/build/acoustic_msg': CMAKE_PREFIX_PATH=${CMAKE_PREFIX_PATH}:/home/bb/ros2_ws/install/sub:/home/bb/ros2_ws/install/test141123:/home/bb/ros2_ws/install/imu_sensor:/home/bb/ros2_ws/install/depth_sensor:/home/bb/ros2_ws/install/acoustic_sensor:/home/bb/ros2_ws/install/IMU_sensor:/opt/ros/humble /usr/bin/cmake --install /home/bb/ros2_ws/build/acoustic_msg
[12.209s] -- Install configuration: ""
[12.211s] -- Up-to-date: /home/bb/ros2_ws/install/acoustic_msg/share/ament_index/resource_index/rosidl_interfaces/acoustic_msg
[12.211s] -- Up-to-date: /home/bb/ros2_ws/install/acoustic_msg/include/acoustic_msg/acoustic_msg
[12.212s] -- Up-to-date: /home/bb/ros2_ws/install/acoustic_msg/include/acoustic_msg/acoustic_msg/msg
[12.212s] -- Up-to-date: /home/bb/ros2_ws/install/acoustic_msg/include/acoustic_msg/acoustic_msg/msg/rosidl_generator_c__visibility_control.h
[12.213s] -- Up-to-date: /home/bb/ros2_ws/install/acoustic_msg/include/acoustic_msg/acoustic_msg/msg/acoustic.h
[12.213s] -- Up-to-date: /home/bb/ros2_ws/install/acoustic_msg/include/acoustic_msg/acoustic_msg/msg/detail
[12.214s] -- Up-to-date: /home/bb/ros2_ws/install/acoustic_msg/include/acoustic_msg/acoustic_msg/msg/detail/acoustic__functions.h
[12.214s] -- Up-to-date: /home/bb/ros2_ws/install/acoustic_msg/include/acoustic_msg/acoustic_msg/msg/detail/acoustic__functions.c
[12.215s] -- Up-to-date: /home/bb/ros2_ws/install/acoustic_msg/include/acoustic_msg/acoustic_msg/msg/detail/acoustic__type_support.h
[12.216s] -- Up-to-date: /home/bb/ros2_ws/install/acoustic_msg/include/acoustic_msg/acoustic_msg/msg/detail/acoustic__struct.h
[12.216s] -- Up-to-date: /home/bb/ros2_ws/install/acoustic_msg/share/acoustic_msg/environment/library_path.sh
[12.217s] -- Up-to-date: /home/bb/ros2_ws/install/acoustic_msg/share/acoustic_msg/environment/library_path.dsv
[12.217s] -- Up-to-date: /home/bb/ros2_ws/install/acoustic_msg/lib/libacoustic_msg__rosidl_generator_c.so
[12.218s] -- Up-to-date: /home/bb/ros2_ws/install/acoustic_msg/include/acoustic_msg/acoustic_msg
[12.219s] -- Up-to-date: /home/bb/ros2_ws/install/acoustic_msg/include/acoustic_msg/acoustic_msg/msg
[12.220s] -- Up-to-date: /home/bb/ros2_ws/install/acoustic_msg/include/acoustic_msg/acoustic_msg/msg/rosidl_typesupport_fastrtps_c__visibility_control.h
[12.221s] -- Up-to-date: /home/bb/ros2_ws/install/acoustic_msg/include/acoustic_msg/acoustic_msg/msg/detail
[12.221s] -- Up-to-date: /home/bb/ros2_ws/install/acoustic_msg/include/acoustic_msg/acoustic_msg/msg/detail/acoustic__rosidl_typesupport_fastrtps_c.h
[12.222s] -- Up-to-date: /home/bb/ros2_ws/install/acoustic_msg/lib/libacoustic_msg__rosidl_typesupport_fastrtps_c.so
[12.223s] -- Up-to-date: /home/bb/ros2_ws/install/acoustic_msg/include/acoustic_msg/acoustic_msg
[12.223s] -- Up-to-date: /home/bb/ros2_ws/install/acoustic_msg/include/acoustic_msg/acoustic_msg/msg
[12.224s] -- Up-to-date: /home/bb/ros2_ws/install/acoustic_msg/include/acoustic_msg/acoustic_msg/msg/rosidl_typesupport_introspection_c__visibility_control.h
[12.225s] -- Up-to-date: /home/bb/ros2_ws/install/acoustic_msg/include/acoustic_msg/acoustic_msg/msg/detail
[12.225s] -- Up-to-date: /home/bb/ros2_ws/install/acoustic_msg/include/acoustic_msg/acoustic_msg/msg/detail/acoustic__type_support.c
[12.226s] -- Up-to-date: /home/bb/ros2_ws/install/acoustic_msg/include/acoustic_msg/acoustic_msg/msg/detail/acoustic__rosidl_typesupport_introspection_c.h
[12.226s] -- Up-to-date: /home/bb/ros2_ws/install/acoustic_msg/lib/libacoustic_msg__rosidl_typesupport_introspection_c.so
[12.227s] -- Up-to-date: /home/bb/ros2_ws/install/acoustic_msg/lib/libacoustic_msg__rosidl_typesupport_c.so
[12.228s] -- Up-to-date: /home/bb/ros2_ws/install/acoustic_msg/include/acoustic_msg/acoustic_msg
[12.229s] -- Up-to-date: /home/bb/ros2_ws/install/acoustic_msg/include/acoustic_msg/acoustic_msg/msg
[12.231s] -- Up-to-date: /home/bb/ros2_ws/install/acoustic_msg/include/acoustic_msg/acoustic_msg/msg/acoustic.hpp
[12.231s] -- Up-to-date: /home/bb/ros2_ws/install/acoustic_msg/include/acoustic_msg/acoustic_msg/msg/detail
[12.232s] -- Up-to-date: /home/bb/ros2_ws/install/acoustic_msg/include/acoustic_msg/acoustic_msg/msg/detail/acoustic__builder.hpp
[12.233s] -- Up-to-date: /home/bb/ros2_ws/install/acoustic_msg/include/acoustic_msg/acoustic_msg/msg/detail/acoustic__traits.hpp
[12.234s] -- Up-to-date: /home/bb/ros2_ws/install/acoustic_msg/include/acoustic_msg/acoustic_msg/msg/detail/acoustic__struct.hpp
[12.234s] -- Up-to-date: /home/bb/ros2_ws/install/acoustic_msg/include/acoustic_msg/acoustic_msg
[12.235s] -- Up-to-date: /home/bb/ros2_ws/install/acoustic_msg/include/acoustic_msg/acoustic_msg/msg
[12.235s] -- Up-to-date: /home/bb/ros2_ws/install/acoustic_msg/include/acoustic_msg/acoustic_msg/msg/rosidl_typesupport_fastrtps_cpp__visibility_control.h
[12.237s] -- Up-to-date: /home/bb/ros2_ws/install/acoustic_msg/include/acoustic_msg/acoustic_msg/msg/detail
[12.237s] -- Up-to-date: /home/bb/ros2_ws/install/acoustic_msg/include/acoustic_msg/acoustic_msg/msg/detail/acoustic__rosidl_typesupport_fastrtps_cpp.hpp
[12.238s] -- Up-to-date: /home/bb/ros2_ws/install/acoustic_msg/include/acoustic_msg/acoustic_msg/msg/detail/dds_fastrtps
[12.238s] -- Up-to-date: /home/bb/ros2_ws/install/acoustic_msg/lib/libacoustic_msg__rosidl_typesupport_fastrtps_cpp.so
[12.239s] -- Up-to-date: /home/bb/ros2_ws/install/acoustic_msg/include/acoustic_msg/acoustic_msg
[12.239s] -- Up-to-date: /home/bb/ros2_ws/install/acoustic_msg/include/acoustic_msg/acoustic_msg/msg
[12.240s] -- Up-to-date: /home/bb/ros2_ws/install/acoustic_msg/include/acoustic_msg/acoustic_msg/msg/detail
[12.240s] -- Up-to-date: /home/bb/ros2_ws/install/acoustic_msg/include/acoustic_msg/acoustic_msg/msg/detail/acoustic__rosidl_typesupport_introspection_cpp.hpp
[12.241s] -- Up-to-date: /home/bb/ros2_ws/install/acoustic_msg/include/acoustic_msg/acoustic_msg/msg/detail/acoustic__type_support.cpp
[12.241s] -- Up-to-date: /home/bb/ros2_ws/install/acoustic_msg/lib/libacoustic_msg__rosidl_typesupport_introspection_cpp.so
[12.244s] -- Up-to-date: /home/bb/ros2_ws/install/acoustic_msg/lib/libacoustic_msg__rosidl_typesupport_cpp.so
[12.246s] -- Up-to-date: /home/bb/ros2_ws/install/acoustic_msg/share/acoustic_msg/environment/pythonpath.sh
[12.247s] -- Up-to-date: /home/bb/ros2_ws/install/acoustic_msg/share/acoustic_msg/environment/pythonpath.dsv
[12.248s] -- Up-to-date: /home/bb/ros2_ws/install/acoustic_msg/lib/python3.9/site-packages/acoustic_msg-0.0.0-py3.9.egg-info
[12.248s] -- Installing: /home/bb/ros2_ws/install/acoustic_msg/lib/python3.9/site-packages/acoustic_msg-0.0.0-py3.9.egg-info/top_level.txt
[12.249s] -- Installing: /home/bb/ros2_ws/install/acoustic_msg/lib/python3.9/site-packages/acoustic_msg-0.0.0-py3.9.egg-info/dependency_links.txt
[12.250s] -- Installing: /home/bb/ros2_ws/install/acoustic_msg/lib/python3.9/site-packages/acoustic_msg-0.0.0-py3.9.egg-info/SOURCES.txt
[12.252s] -- Installing: /home/bb/ros2_ws/install/acoustic_msg/lib/python3.9/site-packages/acoustic_msg-0.0.0-py3.9.egg-info/PKG-INFO
[12.254s] -- Up-to-date: /home/bb/ros2_ws/install/acoustic_msg/lib/python3.9/site-packages/acoustic_msg
[12.256s] -- Up-to-date: /home/bb/ros2_ws/install/acoustic_msg/lib/python3.9/site-packages/acoustic_msg/msg
[12.256s] -- Up-to-date: /home/bb/ros2_ws/install/acoustic_msg/lib/python3.9/site-packages/acoustic_msg/msg/_acoustic_s.c
[12.257s] -- Up-to-date: /home/bb/ros2_ws/install/acoustic_msg/lib/python3.9/site-packages/acoustic_msg/msg/_acoustic.py
[12.257s] -- Up-to-date: /home/bb/ros2_ws/install/acoustic_msg/lib/python3.9/site-packages/acoustic_msg/msg/__init__.py
[12.258s] -- Up-to-date: /home/bb/ros2_ws/install/acoustic_msg/lib/python3.9/site-packages/acoustic_msg/_acoustic_msg_s.ep.rosidl_typesupport_c.c
[12.259s] -- Up-to-date: /home/bb/ros2_ws/install/acoustic_msg/lib/python3.9/site-packages/acoustic_msg/_acoustic_msg_s.ep.rosidl_typesupport_introspection_c.c
[12.260s] -- Up-to-date: /home/bb/ros2_ws/install/acoustic_msg/lib/python3.9/site-packages/acoustic_msg/acoustic_msg_s__rosidl_typesupport_introspection_c.cpython-38-aarch64-linux-gnu.so
[12.261s] -- Up-to-date: /home/bb/ros2_ws/install/acoustic_msg/lib/python3.9/site-packages/acoustic_msg/_acoustic_msg_s.ep.rosidl_typesupport_fastrtps_c.c
[12.261s] -- Up-to-date: /home/bb/ros2_ws/install/acoustic_msg/lib/python3.9/site-packages/acoustic_msg/libacoustic_msg__rosidl_generator_py.so
[12.262s] -- Up-to-date: /home/bb/ros2_ws/install/acoustic_msg/lib/python3.9/site-packages/acoustic_msg/acoustic_msg_s__rosidl_typesupport_fastrtps_c.cpython-38-aarch64-linux-gnu.so
[12.262s] -- Up-to-date: /home/bb/ros2_ws/install/acoustic_msg/lib/python3.9/site-packages/acoustic_msg/acoustic_msg_s__rosidl_typesupport_c.cpython-38-aarch64-linux-gnu.so
[12.263s] -- Up-to-date: /home/bb/ros2_ws/install/acoustic_msg/lib/python3.9/site-packages/acoustic_msg/__init__.py
[12.568s] Listing '/home/bb/ros2_ws/install/acoustic_msg/lib/python3.9/site-packages/acoustic_msg'...
[12.568s] Listing '/home/bb/ros2_ws/install/acoustic_msg/lib/python3.9/site-packages/acoustic_msg/msg'...
[12.601s] -- Up-to-date: /home/bb/ros2_ws/install/acoustic_msg/lib/python3.9/site-packages/acoustic_msg/acoustic_msg_s__rosidl_typesupport_fastrtps_c.cpython-38-aarch64-linux-gnu.so
[12.612s] -- Up-to-date: /home/bb/ros2_ws/install/acoustic_msg/lib/python3.9/site-packages/acoustic_msg/acoustic_msg_s__rosidl_typesupport_introspection_c.cpython-38-aarch64-linux-gnu.so
[12.613s] -- Up-to-date: /home/bb/ros2_ws/install/acoustic_msg/lib/python3.9/site-packages/acoustic_msg/acoustic_msg_s__rosidl_typesupport_c.cpython-38-aarch64-linux-gnu.so
[12.619s] -- Up-to-date: /home/bb/ros2_ws/install/acoustic_msg/lib/libacoustic_msg__rosidl_generator_py.so
[12.627s] -- Up-to-date: /home/bb/ros2_ws/install/acoustic_msg/share/acoustic_msg/msg/Acoustic.idl
[12.628s] -- Up-to-date: /home/bb/ros2_ws/install/acoustic_msg/share/acoustic_msg/msg/Acoustic.msg
[12.629s] -- Up-to-date: /home/bb/ros2_ws/install/acoustic_msg/share/ament_index/resource_index/package_run_dependencies/acoustic_msg
[12.629s] -- Up-to-date: /home/bb/ros2_ws/install/acoustic_msg/share/ament_index/resource_index/parent_prefix_path/acoustic_msg
[12.630s] -- Up-to-date: /home/bb/ros2_ws/install/acoustic_msg/share/acoustic_msg/environment/ament_prefix_path.sh
[12.631s] -- Up-to-date: /home/bb/ros2_ws/install/acoustic_msg/share/acoustic_msg/environment/ament_prefix_path.dsv
[12.632s] -- Up-to-date: /home/bb/ros2_ws/install/acoustic_msg/share/acoustic_msg/environment/path.sh
[12.633s] -- Up-to-date: /home/bb/ros2_ws/install/acoustic_msg/share/acoustic_msg/environment/path.dsv
[12.635s] -- Up-to-date: /home/bb/ros2_ws/install/acoustic_msg/share/acoustic_msg/local_setup.bash
[12.636s] -- Up-to-date: /home/bb/ros2_ws/install/acoustic_msg/share/acoustic_msg/local_setup.sh
[12.636s] -- Up-to-date: /home/bb/ros2_ws/install/acoustic_msg/share/acoustic_msg/local_setup.zsh
[12.639s] -- Up-to-date: /home/bb/ros2_ws/install/acoustic_msg/share/acoustic_msg/local_setup.dsv
[12.640s] -- Installing: /home/bb/ros2_ws/install/acoustic_msg/share/acoustic_msg/package.dsv
[12.642s] -- Up-to-date: /home/bb/ros2_ws/install/acoustic_msg/share/ament_index/resource_index/packages/acoustic_msg
[12.643s] -- Up-to-date: /home/bb/ros2_ws/install/acoustic_msg/share/acoustic_msg/cmake/export_acoustic_msg__rosidl_generator_cExport.cmake
[12.647s] -- Up-to-date: /home/bb/ros2_ws/install/acoustic_msg/share/acoustic_msg/cmake/export_acoustic_msg__rosidl_generator_cExport-noconfig.cmake
[12.648s] -- Up-to-date: /home/bb/ros2_ws/install/acoustic_msg/share/acoustic_msg/cmake/export_acoustic_msg__rosidl_typesupport_fastrtps_cExport.cmake
[12.648s] -- Up-to-date: /home/bb/ros2_ws/install/acoustic_msg/share/acoustic_msg/cmake/export_acoustic_msg__rosidl_typesupport_fastrtps_cExport-noconfig.cmake
[12.649s] -- Up-to-date: /home/bb/ros2_ws/install/acoustic_msg/share/acoustic_msg/cmake/acoustic_msg__rosidl_typesupport_introspection_cExport.cmake
[12.651s] -- Up-to-date: /home/bb/ros2_ws/install/acoustic_msg/share/acoustic_msg/cmake/acoustic_msg__rosidl_typesupport_introspection_cExport-noconfig.cmake
[12.653s] -- Up-to-date: /home/bb/ros2_ws/install/acoustic_msg/share/acoustic_msg/cmake/acoustic_msg__rosidl_typesupport_cExport.cmake
[12.654s] -- Up-to-date: /home/bb/ros2_ws/install/acoustic_msg/share/acoustic_msg/cmake/acoustic_msg__rosidl_typesupport_cExport-noconfig.cmake
[12.656s] -- Up-to-date: /home/bb/ros2_ws/install/acoustic_msg/share/acoustic_msg/cmake/export_acoustic_msg__rosidl_generator_cppExport.cmake
[12.658s] -- Up-to-date: /home/bb/ros2_ws/install/acoustic_msg/share/acoustic_msg/cmake/export_acoustic_msg__rosidl_typesupport_fastrtps_cppExport.cmake
[12.659s] -- Up-to-date: /home/bb/ros2_ws/install/acoustic_msg/share/acoustic_msg/cmake/export_acoustic_msg__rosidl_typesupport_fastrtps_cppExport-noconfig.cmake
[12.661s] -- Up-to-date: /home/bb/ros2_ws/install/acoustic_msg/share/acoustic_msg/cmake/acoustic_msg__rosidl_typesupport_introspection_cppExport.cmake
[12.661s] -- Up-to-date: /home/bb/ros2_ws/install/acoustic_msg/share/acoustic_msg/cmake/acoustic_msg__rosidl_typesupport_introspection_cppExport-noconfig.cmake
[12.662s] -- Up-to-date: /home/bb/ros2_ws/install/acoustic_msg/share/acoustic_msg/cmake/acoustic_msg__rosidl_typesupport_cppExport.cmake
[12.663s] -- Up-to-date: /home/bb/ros2_ws/install/acoustic_msg/share/acoustic_msg/cmake/acoustic_msg__rosidl_typesupport_cppExport-noconfig.cmake
[12.664s] -- Up-to-date: /home/bb/ros2_ws/install/acoustic_msg/share/acoustic_msg/cmake/export_acoustic_msg__rosidl_generator_pyExport.cmake
[12.665s] -- Up-to-date: /home/bb/ros2_ws/install/acoustic_msg/share/acoustic_msg/cmake/export_acoustic_msg__rosidl_generator_pyExport-noconfig.cmake
[12.665s] -- Up-to-date: /home/bb/ros2_ws/install/acoustic_msg/share/acoustic_msg/cmake/rosidl_cmake-extras.cmake
[12.666s] -- Up-to-date: /home/bb/ros2_ws/install/acoustic_msg/share/acoustic_msg/cmake/ament_cmake_export_include_directories-extras.cmake
[12.703s] -- Up-to-date: /home/bb/ros2_ws/install/acoustic_msg/share/acoustic_msg/cmake/ament_cmake_export_libraries-extras.cmake
[12.704s] -- Up-to-date: /home/bb/ros2_ws/install/acoustic_msg/share/acoustic_msg/cmake/ament_cmake_export_targets-extras.cmake
[12.705s] -- Up-to-date: /home/bb/ros2_ws/install/acoustic_msg/share/acoustic_msg/cmake/rosidl_cmake_export_typesupport_targets-extras.cmake
[12.706s] -- Up-to-date: /home/bb/ros2_ws/install/acoustic_msg/share/acoustic_msg/cmake/ament_cmake_export_dependencies-extras.cmake
[12.708s] -- Up-to-date: /home/bb/ros2_ws/install/acoustic_msg/share/acoustic_msg/cmake/rosidl_cmake_export_typesupport_libraries-extras.cmake
[12.709s] -- Up-to-date: /home/bb/ros2_ws/install/acoustic_msg/share/acoustic_msg/cmake/acoustic_msgConfig.cmake
[12.712s] -- Up-to-date: /home/bb/ros2_ws/install/acoustic_msg/share/acoustic_msg/cmake/acoustic_msgConfig-version.cmake
[12.715s] -- Up-to-date: /home/bb/ros2_ws/install/acoustic_msg/share/acoustic_msg/package.xml
[12.838s] Invoked command in '/home/bb/ros2_ws/build/acoustic_msg' returned '0': CMAKE_PREFIX_PATH=${CMAKE_PREFIX_PATH}:/home/bb/ros2_ws/install/sub:/home/bb/ros2_ws/install/test141123:/home/bb/ros2_ws/install/imu_sensor:/home/bb/ros2_ws/install/depth_sensor:/home/bb/ros2_ws/install/acoustic_sensor:/home/bb/ros2_ws/install/IMU_sensor:/opt/ros/humble /usr/bin/cmake --install /home/bb/ros2_ws/build/acoustic_msg
