[14.851s] Invoking command in '/home/bb/ros2_ws/src/acoustic_sensor': PYTHONPATH=/home/bb/ros2_ws/build/acoustic_sensor/prefix_override:/home/bb/ros2_ws/install/acoustic_sensor/lib/python3.8/site-packages:${PYTHONPATH} /usr/bin/python3 setup.py egg_info --egg-base ../../build/acoustic_sensor build --build-base /home/bb/ros2_ws/build/acoustic_sensor/build install --record /home/bb/ros2_ws/build/acoustic_sensor/install.log --single-version-externally-managed
[16.457s] running egg_info
[16.461s] writing ../../build/acoustic_sensor/acoustic_sensor.egg-info/PKG-INFO
[16.464s] writing dependency_links to ../../build/acoustic_sensor/acoustic_sensor.egg-info/dependency_links.txt
[16.466s] writing entry points to ../../build/acoustic_sensor/acoustic_sensor.egg-info/entry_points.txt
[16.468s] writing requirements to ../../build/acoustic_sensor/acoustic_sensor.egg-info/requires.txt
[16.469s] writing top-level names to ../../build/acoustic_sensor/acoustic_sensor.egg-info/top_level.txt
[16.677s] reading manifest file '../../build/acoustic_sensor/acoustic_sensor.egg-info/SOURCES.txt'
[16.683s] writing manifest file '../../build/acoustic_sensor/acoustic_sensor.egg-info/SOURCES.txt'
[16.686s] running build
[16.687s] running build_py
[16.688s] copying acoustic_sensor/publisher.py -> /home/bb/ros2_ws/build/acoustic_sensor/build/lib/acoustic_sensor
[16.690s] running install
[16.695s] running install_lib
[16.701s] copying /home/bb/ros2_ws/build/acoustic_sensor/build/lib/acoustic_sensor/publisher.py -> /home/bb/ros2_ws/install/acoustic_sensor/lib/python3.8/site-packages/acoustic_sensor
[16.705s] byte-compiling /home/bb/ros2_ws/install/acoustic_sensor/lib/python3.8/site-packages/acoustic_sensor/publisher.py to publisher.cpython-38.pyc
[16.716s] running install_data
[16.719s] running install_egg_info
[16.729s] removing '/home/bb/ros2_ws/install/acoustic_sensor/lib/python3.8/site-packages/acoustic_sensor-0.0.0-py3.8.egg-info' (and everything under it)
[16.732s] Copying ../../build/acoustic_sensor/acoustic_sensor.egg-info to /home/bb/ros2_ws/install/acoustic_sensor/lib/python3.8/site-packages/acoustic_sensor-0.0.0-py3.8.egg-info
[16.739s] running install_scripts
[16.839s] Installing publisher script to /home/bb/ros2_ws/install/acoustic_sensor/lib/acoustic_sensor
[16.842s] writing list of installed files to '/home/bb/ros2_ws/build/acoustic_sensor/install.log'
[18.998s] Invoked command in '/home/bb/ros2_ws/src/acoustic_sensor' returned '0': PYTHONPATH=/home/bb/ros2_ws/build/acoustic_sensor/prefix_override:/home/bb/ros2_ws/install/acoustic_sensor/lib/python3.8/site-packages:${PYTHONPATH} /usr/bin/python3 setup.py egg_info --egg-base ../../build/acoustic_sensor build --build-base /home/bb/ros2_ws/build/acoustic_sensor/build install --record /home/bb/ros2_ws/build/acoustic_sensor/install.log --single-version-externally-managed
