[12.319s] Invoking command in '/home/bb/ros2_ws/src/imu_sensor': PYTHONPATH=/home/bb/ros2_ws/build/imu_sensor/prefix_override:/home/bb/ros2_ws/install/imu_sensor/lib/python3.8/site-packages:${PYTHONPATH} /usr/bin/python3 setup.py egg_info --egg-base ../../build/imu_sensor build --build-base /home/bb/ros2_ws/build/imu_sensor/build install --record /home/bb/ros2_ws/build/imu_sensor/install.log --single-version-externally-managed
[13.835s] running egg_info
[13.837s] writing ../../build/imu_sensor/imu_sensor.egg-info/PKG-INFO
[13.838s] writing dependency_links to ../../build/imu_sensor/imu_sensor.egg-info/dependency_links.txt
[13.840s] writing entry points to ../../build/imu_sensor/imu_sensor.egg-info/entry_points.txt
[13.840s] writing requirements to ../../build/imu_sensor/imu_sensor.egg-info/requires.txt
[13.841s] writing top-level names to ../../build/imu_sensor/imu_sensor.egg-info/top_level.txt
[14.034s] reading manifest file '../../build/imu_sensor/imu_sensor.egg-info/SOURCES.txt'
[14.041s] writing manifest file '../../build/imu_sensor/imu_sensor.egg-info/SOURCES.txt'
[14.043s] running build
[14.045s] running build_py
[14.047s] copying imu_sensor/publisher_accel.py -> /home/bb/ros2_ws/build/imu_sensor/build/lib/imu_sensor
[14.049s] copying imu_sensor/publisher_xyz.py -> /home/bb/ros2_ws/build/imu_sensor/build/lib/imu_sensor
[14.052s] copying imu_sensor/publisher_quat.py -> /home/bb/ros2_ws/build/imu_sensor/build/lib/imu_sensor
[14.055s] running install
[14.061s] running install_lib
[14.068s] copying /home/bb/ros2_ws/build/imu_sensor/build/lib/imu_sensor/publisher_accel.py -> /home/bb/ros2_ws/install/imu_sensor/lib/python3.8/site-packages/imu_sensor
[14.071s] copying /home/bb/ros2_ws/build/imu_sensor/build/lib/imu_sensor/publisher_xyz.py -> /home/bb/ros2_ws/install/imu_sensor/lib/python3.8/site-packages/imu_sensor
[14.075s] copying /home/bb/ros2_ws/build/imu_sensor/build/lib/imu_sensor/publisher_quat.py -> /home/bb/ros2_ws/install/imu_sensor/lib/python3.8/site-packages/imu_sensor
[14.089s] byte-compiling /home/bb/ros2_ws/install/imu_sensor/lib/python3.8/site-packages/imu_sensor/publisher_accel.py to publisher_accel.cpython-38.pyc
[14.100s] byte-compiling /home/bb/ros2_ws/install/imu_sensor/lib/python3.8/site-packages/imu_sensor/publisher_xyz.py to publisher_xyz.cpython-38.pyc
[14.107s] byte-compiling /home/bb/ros2_ws/install/imu_sensor/lib/python3.8/site-packages/imu_sensor/publisher_quat.py to publisher_quat.cpython-38.pyc
[14.114s] running install_data
[14.119s] running install_egg_info
[14.129s] removing '/home/bb/ros2_ws/install/imu_sensor/lib/python3.8/site-packages/imu_sensor-0.0.0-py3.8.egg-info' (and everything under it)
[14.135s] Copying ../../build/imu_sensor/imu_sensor.egg-info to /home/bb/ros2_ws/install/imu_sensor/lib/python3.8/site-packages/imu_sensor-0.0.0-py3.8.egg-info
[14.145s] running install_scripts
[14.253s] Installing publisher_accel script to /home/bb/ros2_ws/install/imu_sensor/lib/imu_sensor
[14.254s] Installing publisher_quat script to /home/bb/ros2_ws/install/imu_sensor/lib/imu_sensor
[14.258s] Installing publisher_xyz script to /home/bb/ros2_ws/install/imu_sensor/lib/imu_sensor
[14.259s] writing list of installed files to '/home/bb/ros2_ws/build/imu_sensor/install.log'
[15.804s] Invoked command in '/home/bb/ros2_ws/src/imu_sensor' returned '0': PYTHONPATH=/home/bb/ros2_ws/build/imu_sensor/prefix_override:/home/bb/ros2_ws/install/imu_sensor/lib/python3.8/site-packages:${PYTHONPATH} /usr/bin/python3 setup.py egg_info --egg-base ../../build/imu_sensor build --build-base /home/bb/ros2_ws/build/imu_sensor/build install --record /home/bb/ros2_ws/build/imu_sensor/install.log --single-version-externally-managed
