[5.011s] Invoking command in '/home/bb/ros2_ws/src/imu_sensor': PYTHONPATH=/home/bb/ros2_ws/build/imu_sensor/prefix_override:/home/bb/ros2_ws/install/imu_sensor/lib/python3.8/site-packages:${PYTHONPATH} /usr/bin/python3 setup.py egg_info --egg-base ../../build/imu_sensor build --build-base /home/bb/ros2_ws/build/imu_sensor/build install --record /home/bb/ros2_ws/build/imu_sensor/install.log --single-version-externally-managed
[6.242s] running egg_info
[6.244s] writing ../../build/imu_sensor/imu_sensor.egg-info/PKG-INFO
[6.245s] writing dependency_links to ../../build/imu_sensor/imu_sensor.egg-info/dependency_links.txt
[6.246s] writing entry points to ../../build/imu_sensor/imu_sensor.egg-info/entry_points.txt
[6.246s] writing requirements to ../../build/imu_sensor/imu_sensor.egg-info/requires.txt
[6.247s] writing top-level names to ../../build/imu_sensor/imu_sensor.egg-info/top_level.txt
[6.411s] reading manifest file '../../build/imu_sensor/imu_sensor.egg-info/SOURCES.txt'
[6.415s] writing manifest file '../../build/imu_sensor/imu_sensor.egg-info/SOURCES.txt'
[6.416s] running build
[6.416s] running build_py
[6.417s] copying imu_sensor/publisher_accel.py -> /home/bb/ros2_ws/build/imu_sensor/build/lib/imu_sensor
[6.419s] running install
[6.423s] running install_lib
[6.428s] copying /home/bb/ros2_ws/build/imu_sensor/build/lib/imu_sensor/publisher_accel.py -> /home/bb/ros2_ws/install/imu_sensor/lib/python3.8/site-packages/imu_sensor
[6.432s] byte-compiling /home/bb/ros2_ws/install/imu_sensor/lib/python3.8/site-packages/imu_sensor/publisher_accel.py to publisher_accel.cpython-38.pyc
[6.440s] running install_data
[6.443s] running install_egg_info
[6.450s] removing '/home/bb/ros2_ws/install/imu_sensor/lib/python3.8/site-packages/imu_sensor-0.0.0-py3.8.egg-info' (and everything under it)
[6.452s] Copying ../../build/imu_sensor/imu_sensor.egg-info to /home/bb/ros2_ws/install/imu_sensor/lib/python3.8/site-packages/imu_sensor-0.0.0-py3.8.egg-info
[6.459s] running install_scripts
[6.540s] Installing publisher_accel script to /home/bb/ros2_ws/install/imu_sensor/lib/imu_sensor
[6.541s] Installing publisher_quat script to /home/bb/ros2_ws/install/imu_sensor/lib/imu_sensor
[6.542s] Installing publisher_xyz script to /home/bb/ros2_ws/install/imu_sensor/lib/imu_sensor
[6.543s] writing list of installed files to '/home/bb/ros2_ws/build/imu_sensor/install.log'
[6.639s] Invoked command in '/home/bb/ros2_ws/src/imu_sensor' returned '0': PYTHONPATH=/home/bb/ros2_ws/build/imu_sensor/prefix_override:/home/bb/ros2_ws/install/imu_sensor/lib/python3.8/site-packages:${PYTHONPATH} /usr/bin/python3 setup.py egg_info --egg-base ../../build/imu_sensor build --build-base /home/bb/ros2_ws/build/imu_sensor/build install --record /home/bb/ros2_ws/build/imu_sensor/install.log --single-version-externally-managed
