-- Found ament_cmake: 1.3.5 (/opt/ros/humble/share/ament_cmake/cmake)
-- Found rosidl_default_generators: 1.2.0 (/opt/ros/humble/share/rosidl_default_generators/cmake)
-- Using all available rosidl_typesupport_c: rosidl_typesupport_fastrtps_c;rosidl_typesupport_introspection_c
-- Found rosidl_adapter: 3.1.5 (/opt/ros/humble/share/rosidl_adapter/cmake)
-- Using all available rosidl_typesupport_cpp: rosidl_typesupport_fastrtps_cpp;rosidl_typesupport_introspection_cpp
-- Found ament_cmake_ros: 0.10.0 (/opt/ros/humble/share/ament_cmake_ros/cmake)
-- Using all available rosidl_typesupport_c: rosidl_typesupport_fastrtps_c;rosidl_typesupport_introspection_c
-- Using all available rosidl_typesupport_cpp: rosidl_typesupport_fastrtps_cpp;rosidl_typesupport_introspection_cpp
-- Found PythonInterp: /usr/bin/python3 (found suitable version "3.10.12", minimum required is "3.6") 
-- Found python_cmake_module: 0.10.0 (/opt/ros/humble/share/python_cmake_module/cmake)
-- Found PythonLibs: /usr/lib/x86_64-linux-gnu/libpython3.10.so (found suitable version "3.10.12", minimum required is "3.5") 
-- Using PYTHON_EXECUTABLE: /usr/bin/python3
-- Using PYTHON_INCLUDE_DIRS: /usr/include/python3.10
-- Using PYTHON_LIBRARIES: /usr/lib/x86_64-linux-gnu/libpython3.10.so
-- Found PythonExtra: .so  
-- Found ament_lint_auto: 0.12.8 (/opt/ros/humble/share/ament_lint_auto/cmake)
-- Added test 'lint_cmake' to check CMake code style
-- Added test 'xmllint' to check XML markup files
-- Configuring done
-- Generating done
-- Build files have been written to: /home/pengxuan/hornet9/build/acoustic_msg
[  3%] [34m[1mGenerating C code for ROS interfaces[0m
[  6%] [34m[1mGenerating C++ code for ROS interfaces[0m
[  6%] Built target ament_cmake_python_copy_acoustic_msg
running egg_info
creating acoustic_msg.egg-info
writing acoustic_msg.egg-info/PKG-INFO
writing dependency_links to acoustic_msg.egg-info/dependency_links.txt
writing top-level names to acoustic_msg.egg-info/top_level.txt
writing manifest file 'acoustic_msg.egg-info/SOURCES.txt'
reading manifest file 'acoustic_msg.egg-info/SOURCES.txt'
writing manifest file 'acoustic_msg.egg-info/SOURCES.txt'
[  9%] [32mBuilding C object CMakeFiles/acoustic_msg__rosidl_generator_c.dir/rosidl_generator_c/acoustic_msg/msg/detail/acoustics__functions.c.o[0m
[  9%] Built target acoustic_msg__cpp
[ 19%] [34m[1mGenerating C++ type support for eProsima Fast-RTPS[0m
[ 19%] [34m[1mGenerating C++ type support dispatch for ROS interfaces[0m
[ 19%] [34m[1mGenerating C++ introspection for ROS interfaces[0m
[ 19%] Built target ament_cmake_python_build_acoustic_msg_egg
[ 22%] [32m[1mLinking C shared library libacoustic_msg__rosidl_generator_c.so[0m
[ 22%] Built target acoustic_msg__rosidl_generator_c
[ 32%] [34m[1mGenerating C type support dispatch for ROS interfaces[0m
[ 32%] [34m[1mGenerating C introspection for ROS interfaces[0m
[ 32%] [34m[1mGenerating C type support for eProsima Fast-RTPS[0m
[ 38%] [32mBuilding CXX object CMakeFiles/acoustic_msg__rosidl_typesupport_fastrtps_cpp.dir/rosidl_typesupport_fastrtps_cpp/acoustic_msg/msg/detail/dds_fastrtps/acoustics__type_support.cpp.o[0m
[ 38%] [32mBuilding CXX object CMakeFiles/acoustic_msg__rosidl_typesupport_introspection_cpp.dir/rosidl_typesupport_introspection_cpp/acoustic_msg/msg/detail/acoustics__type_support.cpp.o[0m
[ 41%] [32mBuilding CXX object CMakeFiles/acoustic_msg__rosidl_typesupport_cpp.dir/rosidl_typesupport_cpp/acoustic_msg/msg/acoustics__type_support.cpp.o[0m
[ 45%] [32mBuilding CXX object CMakeFiles/acoustic_msg__rosidl_typesupport_c.dir/rosidl_typesupport_c/acoustic_msg/msg/acoustics__type_support.cpp.o[0m
[ 48%] [32mBuilding C object CMakeFiles/acoustic_msg__rosidl_typesupport_introspection_c.dir/rosidl_typesupport_introspection_c/acoustic_msg/msg/detail/acoustics__type_support.c.o[0m
[ 51%] [32mBuilding CXX object CMakeFiles/acoustic_msg__rosidl_typesupport_fastrtps_c.dir/rosidl_typesupport_fastrtps_c/acoustic_msg/msg/detail/acoustics__type_support_c.cpp.o[0m
[ 54%] [32m[1mLinking CXX shared library libacoustic_msg__rosidl_typesupport_c.so[0m
[ 58%] [32m[1mLinking C shared library libacoustic_msg__rosidl_typesupport_introspection_c.so[0m
[ 61%] [32m[1mLinking CXX shared library libacoustic_msg__rosidl_typesupport_cpp.so[0m
[ 61%] Built target acoustic_msg__rosidl_typesupport_introspection_c
[ 61%] Built target acoustic_msg__rosidl_typesupport_c
[ 64%] [32m[1mLinking CXX shared library libacoustic_msg__rosidl_typesupport_introspection_cpp.so[0m
[ 67%] [32m[1mLinking CXX shared library libacoustic_msg__rosidl_typesupport_fastrtps_cpp.so[0m
[ 67%] Built target acoustic_msg__rosidl_typesupport_cpp
[ 70%] [32m[1mLinking CXX shared library libacoustic_msg__rosidl_typesupport_fastrtps_c.so[0m
[ 70%] Built target acoustic_msg__rosidl_typesupport_introspection_cpp
[ 70%] Built target acoustic_msg__rosidl_typesupport_fastrtps_cpp
[ 70%] Built target acoustic_msg__rosidl_typesupport_fastrtps_c
[ 70%] Built target acoustic_msg
[ 74%] [34m[1mGenerating Python code for ROS interfaces[0m
[ 74%] Built target acoustic_msg__py
[ 77%] [32mBuilding C object CMakeFiles/acoustic_msg__rosidl_generator_py.dir/rosidl_generator_py/acoustic_msg/msg/_acoustics_s.c.o[0m
[ 80%] [32m[1mLinking C shared library rosidl_generator_py/acoustic_msg/libacoustic_msg__rosidl_generator_py.so[0m
[ 80%] Built target acoustic_msg__rosidl_generator_py
[ 87%] [32mBuilding C object CMakeFiles/acoustic_msg__rosidl_typesupport_fastrtps_c__pyext.dir/rosidl_generator_py/acoustic_msg/_acoustic_msg_s.ep.rosidl_typesupport_fastrtps_c.c.o[0m
[ 87%] [32mBuilding C object CMakeFiles/acoustic_msg__rosidl_typesupport_introspection_c__pyext.dir/rosidl_generator_py/acoustic_msg/_acoustic_msg_s.ep.rosidl_typesupport_introspection_c.c.o[0m
[ 90%] [32mBuilding C object CMakeFiles/acoustic_msg__rosidl_typesupport_c__pyext.dir/rosidl_generator_py/acoustic_msg/_acoustic_msg_s.ep.rosidl_typesupport_c.c.o[0m
[ 96%] [32m[1mLinking C shared library rosidl_generator_py/acoustic_msg/acoustic_msg_s__rosidl_typesupport_fastrtps_c.cpython-310-x86_64-linux-gnu.so[0m
[ 96%] [32m[1mLinking C shared library rosidl_generator_py/acoustic_msg/acoustic_msg_s__rosidl_typesupport_c.cpython-310-x86_64-linux-gnu.so[0m
[100%] [32m[1mLinking C shared library rosidl_generator_py/acoustic_msg/acoustic_msg_s__rosidl_typesupport_introspection_c.cpython-310-x86_64-linux-gnu.so[0m
[100%] Built target acoustic_msg__rosidl_typesupport_c__pyext
[100%] Built target acoustic_msg__rosidl_typesupport_introspection_c__pyext
[100%] Built target acoustic_msg__rosidl_typesupport_fastrtps_c__pyext
-- Install configuration: ""
-- Installing: /home/pengxuan/hornet9/install/acoustic_msg/share/ament_index/resource_index/rosidl_interfaces/acoustic_msg
-- Installing: /home/pengxuan/hornet9/install/acoustic_msg/include/acoustic_msg/acoustic_msg
-- Installing: /home/pengxuan/hornet9/install/acoustic_msg/include/acoustic_msg/acoustic_msg/msg
-- Installing: /home/pengxuan/hornet9/install/acoustic_msg/include/acoustic_msg/acoustic_msg/msg/acoustics.h
-- Installing: /home/pengxuan/hornet9/install/acoustic_msg/include/acoustic_msg/acoustic_msg/msg/rosidl_generator_c__visibility_control.h
-- Installing: /home/pengxuan/hornet9/install/acoustic_msg/include/acoustic_msg/acoustic_msg/msg/detail
-- Installing: /home/pengxuan/hornet9/install/acoustic_msg/include/acoustic_msg/acoustic_msg/msg/detail/acoustics__type_support.h
-- Installing: /home/pengxuan/hornet9/install/acoustic_msg/include/acoustic_msg/acoustic_msg/msg/detail/acoustics__functions.c
-- Installing: /home/pengxuan/hornet9/install/acoustic_msg/include/acoustic_msg/acoustic_msg/msg/detail/acoustics__struct.h
-- Installing: /home/pengxuan/hornet9/install/acoustic_msg/include/acoustic_msg/acoustic_msg/msg/detail/acoustics__functions.h
-- Installing: /home/pengxuan/hornet9/install/acoustic_msg/share/acoustic_msg/environment/library_path.sh
-- Installing: /home/pengxuan/hornet9/install/acoustic_msg/share/acoustic_msg/environment/library_path.dsv
-- Installing: /home/pengxuan/hornet9/install/acoustic_msg/lib/libacoustic_msg__rosidl_generator_c.so
-- Set runtime path of "/home/pengxuan/hornet9/install/acoustic_msg/lib/libacoustic_msg__rosidl_generator_c.so" to ""
-- Up-to-date: /home/pengxuan/hornet9/install/acoustic_msg/include/acoustic_msg/acoustic_msg
-- Up-to-date: /home/pengxuan/hornet9/install/acoustic_msg/include/acoustic_msg/acoustic_msg/msg
-- Installing: /home/pengxuan/hornet9/install/acoustic_msg/include/acoustic_msg/acoustic_msg/msg/rosidl_typesupport_fastrtps_c__visibility_control.h
-- Up-to-date: /home/pengxuan/hornet9/install/acoustic_msg/include/acoustic_msg/acoustic_msg/msg/detail
-- Installing: /home/pengxuan/hornet9/install/acoustic_msg/include/acoustic_msg/acoustic_msg/msg/detail/acoustics__rosidl_typesupport_fastrtps_c.h
-- Installing: /home/pengxuan/hornet9/install/acoustic_msg/lib/libacoustic_msg__rosidl_typesupport_fastrtps_c.so
-- Set runtime path of "/home/pengxuan/hornet9/install/acoustic_msg/lib/libacoustic_msg__rosidl_typesupport_fastrtps_c.so" to ""
-- Up-to-date: /home/pengxuan/hornet9/install/acoustic_msg/include/acoustic_msg/acoustic_msg
-- Up-to-date: /home/pengxuan/hornet9/install/acoustic_msg/include/acoustic_msg/acoustic_msg/msg
-- Installing: /home/pengxuan/hornet9/install/acoustic_msg/include/acoustic_msg/acoustic_msg/msg/rosidl_typesupport_introspection_c__visibility_control.h
-- Up-to-date: /home/pengxuan/hornet9/install/acoustic_msg/include/acoustic_msg/acoustic_msg/msg/detail
-- Installing: /home/pengxuan/hornet9/install/acoustic_msg/include/acoustic_msg/acoustic_msg/msg/detail/acoustics__type_support.c
-- Installing: /home/pengxuan/hornet9/install/acoustic_msg/include/acoustic_msg/acoustic_msg/msg/detail/acoustics__rosidl_typesupport_introspection_c.h
-- Installing: /home/pengxuan/hornet9/install/acoustic_msg/lib/libacoustic_msg__rosidl_typesupport_introspection_c.so
-- Set runtime path of "/home/pengxuan/hornet9/install/acoustic_msg/lib/libacoustic_msg__rosidl_typesupport_introspection_c.so" to ""
-- Installing: /home/pengxuan/hornet9/install/acoustic_msg/lib/libacoustic_msg__rosidl_typesupport_c.so
-- Set runtime path of "/home/pengxuan/hornet9/install/acoustic_msg/lib/libacoustic_msg__rosidl_typesupport_c.so" to ""
-- Up-to-date: /home/pengxuan/hornet9/install/acoustic_msg/include/acoustic_msg/acoustic_msg
-- Up-to-date: /home/pengxuan/hornet9/install/acoustic_msg/include/acoustic_msg/acoustic_msg/msg
-- Up-to-date: /home/pengxuan/hornet9/install/acoustic_msg/include/acoustic_msg/acoustic_msg/msg/detail
-- Installing: /home/pengxuan/hornet9/install/acoustic_msg/include/acoustic_msg/acoustic_msg/msg/detail/acoustics__struct.hpp
-- Installing: /home/pengxuan/hornet9/install/acoustic_msg/include/acoustic_msg/acoustic_msg/msg/detail/acoustics__traits.hpp
-- Installing: /home/pengxuan/hornet9/install/acoustic_msg/include/acoustic_msg/acoustic_msg/msg/detail/acoustics__builder.hpp
-- Installing: /home/pengxuan/hornet9/install/acoustic_msg/include/acoustic_msg/acoustic_msg/msg/acoustics.hpp
-- Up-to-date: /home/pengxuan/hornet9/install/acoustic_msg/include/acoustic_msg/acoustic_msg
-- Up-to-date: /home/pengxuan/hornet9/install/acoustic_msg/include/acoustic_msg/acoustic_msg/msg
-- Up-to-date: /home/pengxuan/hornet9/install/acoustic_msg/include/acoustic_msg/acoustic_msg/msg/detail
-- Installing: /home/pengxuan/hornet9/install/acoustic_msg/include/acoustic_msg/acoustic_msg/msg/detail/dds_fastrtps
-- Installing: /home/pengxuan/hornet9/install/acoustic_msg/include/acoustic_msg/acoustic_msg/msg/detail/acoustics__rosidl_typesupport_fastrtps_cpp.hpp
-- Installing: /home/pengxuan/hornet9/install/acoustic_msg/include/acoustic_msg/acoustic_msg/msg/rosidl_typesupport_fastrtps_cpp__visibility_control.h
-- Installing: /home/pengxuan/hornet9/install/acoustic_msg/lib/libacoustic_msg__rosidl_typesupport_fastrtps_cpp.so
-- Set runtime path of "/home/pengxuan/hornet9/install/acoustic_msg/lib/libacoustic_msg__rosidl_typesupport_fastrtps_cpp.so" to ""
-- Up-to-date: /home/pengxuan/hornet9/install/acoustic_msg/include/acoustic_msg/acoustic_msg
-- Up-to-date: /home/pengxuan/hornet9/install/acoustic_msg/include/acoustic_msg/acoustic_msg/msg
-- Up-to-date: /home/pengxuan/hornet9/install/acoustic_msg/include/acoustic_msg/acoustic_msg/msg/detail
-- Installing: /home/pengxuan/hornet9/install/acoustic_msg/include/acoustic_msg/acoustic_msg/msg/detail/acoustics__rosidl_typesupport_introspection_cpp.hpp
-- Installing: /home/pengxuan/hornet9/install/acoustic_msg/include/acoustic_msg/acoustic_msg/msg/detail/acoustics__type_support.cpp
-- Installing: /home/pengxuan/hornet9/install/acoustic_msg/lib/libacoustic_msg__rosidl_typesupport_introspection_cpp.so
-- Set runtime path of "/home/pengxuan/hornet9/install/acoustic_msg/lib/libacoustic_msg__rosidl_typesupport_introspection_cpp.so" to ""
-- Installing: /home/pengxuan/hornet9/install/acoustic_msg/lib/libacoustic_msg__rosidl_typesupport_cpp.so
-- Set runtime path of "/home/pengxuan/hornet9/install/acoustic_msg/lib/libacoustic_msg__rosidl_typesupport_cpp.so" to ""
-- Installing: /home/pengxuan/hornet9/install/acoustic_msg/share/acoustic_msg/environment/pythonpath.sh
-- Installing: /home/pengxuan/hornet9/install/acoustic_msg/share/acoustic_msg/environment/pythonpath.dsv
-- Installing: /home/pengxuan/hornet9/install/acoustic_msg/local/lib/python3.10/dist-packages/acoustic_msg-0.0.0-py3.10.egg-info
-- Installing: /home/pengxuan/hornet9/install/acoustic_msg/local/lib/python3.10/dist-packages/acoustic_msg-0.0.0-py3.10.egg-info/SOURCES.txt
-- Installing: /home/pengxuan/hornet9/install/acoustic_msg/local/lib/python3.10/dist-packages/acoustic_msg-0.0.0-py3.10.egg-info/dependency_links.txt
-- Installing: /home/pengxuan/hornet9/install/acoustic_msg/local/lib/python3.10/dist-packages/acoustic_msg-0.0.0-py3.10.egg-info/top_level.txt
-- Installing: /home/pengxuan/hornet9/install/acoustic_msg/local/lib/python3.10/dist-packages/acoustic_msg-0.0.0-py3.10.egg-info/PKG-INFO
-- Installing: /home/pengxuan/hornet9/install/acoustic_msg/local/lib/python3.10/dist-packages/acoustic_msg
-- Installing: /home/pengxuan/hornet9/install/acoustic_msg/local/lib/python3.10/dist-packages/acoustic_msg/_acoustic_msg_s.ep.rosidl_typesupport_c.c
-- Installing: /home/pengxuan/hornet9/install/acoustic_msg/local/lib/python3.10/dist-packages/acoustic_msg/libacoustic_msg__rosidl_generator_py.so
-- Installing: /home/pengxuan/hornet9/install/acoustic_msg/local/lib/python3.10/dist-packages/acoustic_msg/_acoustic_msg_s.ep.rosidl_typesupport_introspection_c.c
-- Installing: /home/pengxuan/hornet9/install/acoustic_msg/local/lib/python3.10/dist-packages/acoustic_msg/__init__.py
-- Installing: /home/pengxuan/hornet9/install/acoustic_msg/local/lib/python3.10/dist-packages/acoustic_msg/msg
-- Installing: /home/pengxuan/hornet9/install/acoustic_msg/local/lib/python3.10/dist-packages/acoustic_msg/msg/_acoustics.py
-- Installing: /home/pengxuan/hornet9/install/acoustic_msg/local/lib/python3.10/dist-packages/acoustic_msg/msg/__init__.py
-- Installing: /home/pengxuan/hornet9/install/acoustic_msg/local/lib/python3.10/dist-packages/acoustic_msg/msg/_acoustics_s.c
-- Installing: /home/pengxuan/hornet9/install/acoustic_msg/local/lib/python3.10/dist-packages/acoustic_msg/acoustic_msg_s__rosidl_typesupport_introspection_c.cpython-310-x86_64-linux-gnu.so
-- Installing: /home/pengxuan/hornet9/install/acoustic_msg/local/lib/python3.10/dist-packages/acoustic_msg/acoustic_msg_s__rosidl_typesupport_c.cpython-310-x86_64-linux-gnu.so
-- Installing: /home/pengxuan/hornet9/install/acoustic_msg/local/lib/python3.10/dist-packages/acoustic_msg/acoustic_msg_s__rosidl_typesupport_fastrtps_c.cpython-310-x86_64-linux-gnu.so
-- Installing: /home/pengxuan/hornet9/install/acoustic_msg/local/lib/python3.10/dist-packages/acoustic_msg/_acoustic_msg_s.ep.rosidl_typesupport_fastrtps_c.c
Listing '/home/pengxuan/hornet9/install/acoustic_msg/local/lib/python3.10/dist-packages/acoustic_msg'...
Compiling '/home/pengxuan/hornet9/install/acoustic_msg/local/lib/python3.10/dist-packages/acoustic_msg/__init__.py'...
Listing '/home/pengxuan/hornet9/install/acoustic_msg/local/lib/python3.10/dist-packages/acoustic_msg/msg'...
Compiling '/home/pengxuan/hornet9/install/acoustic_msg/local/lib/python3.10/dist-packages/acoustic_msg/msg/__init__.py'...
Compiling '/home/pengxuan/hornet9/install/acoustic_msg/local/lib/python3.10/dist-packages/acoustic_msg/msg/_acoustics.py'...
-- Installing: /home/pengxuan/hornet9/install/acoustic_msg/local/lib/python3.10/dist-packages/acoustic_msg/acoustic_msg_s__rosidl_typesupport_fastrtps_c.cpython-310-x86_64-linux-gnu.so
-- Set runtime path of "/home/pengxuan/hornet9/install/acoustic_msg/local/lib/python3.10/dist-packages/acoustic_msg/acoustic_msg_s__rosidl_typesupport_fastrtps_c.cpython-310-x86_64-linux-gnu.so" to ""
-- Installing: /home/pengxuan/hornet9/install/acoustic_msg/local/lib/python3.10/dist-packages/acoustic_msg/acoustic_msg_s__rosidl_typesupport_introspection_c.cpython-310-x86_64-linux-gnu.so
-- Set runtime path of "/home/pengxuan/hornet9/install/acoustic_msg/local/lib/python3.10/dist-packages/acoustic_msg/acoustic_msg_s__rosidl_typesupport_introspection_c.cpython-310-x86_64-linux-gnu.so" to ""
-- Installing: /home/pengxuan/hornet9/install/acoustic_msg/local/lib/python3.10/dist-packages/acoustic_msg/acoustic_msg_s__rosidl_typesupport_c.cpython-310-x86_64-linux-gnu.so
-- Set runtime path of "/home/pengxuan/hornet9/install/acoustic_msg/local/lib/python3.10/dist-packages/acoustic_msg/acoustic_msg_s__rosidl_typesupport_c.cpython-310-x86_64-linux-gnu.so" to ""
-- Installing: /home/pengxuan/hornet9/install/acoustic_msg/lib/libacoustic_msg__rosidl_generator_py.so
-- Set runtime path of "/home/pengxuan/hornet9/install/acoustic_msg/lib/libacoustic_msg__rosidl_generator_py.so" to ""
-- Installing: /home/pengxuan/hornet9/install/acoustic_msg/share/acoustic_msg/msg/Acoustics.idl
-- Installing: /home/pengxuan/hornet9/install/acoustic_msg/share/acoustic_msg/msg/Acoustics.msg
-- Installing: /home/pengxuan/hornet9/install/acoustic_msg/share/ament_index/resource_index/package_run_dependencies/acoustic_msg
-- Installing: /home/pengxuan/hornet9/install/acoustic_msg/share/ament_index/resource_index/parent_prefix_path/acoustic_msg
-- Installing: /home/pengxuan/hornet9/install/acoustic_msg/share/acoustic_msg/environment/ament_prefix_path.sh
-- Installing: /home/pengxuan/hornet9/install/acoustic_msg/share/acoustic_msg/environment/ament_prefix_path.dsv
-- Installing: /home/pengxuan/hornet9/install/acoustic_msg/share/acoustic_msg/environment/path.sh
-- Installing: /home/pengxuan/hornet9/install/acoustic_msg/share/acoustic_msg/environment/path.dsv
-- Installing: /home/pengxuan/hornet9/install/acoustic_msg/share/acoustic_msg/local_setup.bash
-- Installing: /home/pengxuan/hornet9/install/acoustic_msg/share/acoustic_msg/local_setup.sh
-- Installing: /home/pengxuan/hornet9/install/acoustic_msg/share/acoustic_msg/local_setup.zsh
-- Installing: /home/pengxuan/hornet9/install/acoustic_msg/share/acoustic_msg/local_setup.dsv
-- Installing: /home/pengxuan/hornet9/install/acoustic_msg/share/acoustic_msg/package.dsv
-- Installing: /home/pengxuan/hornet9/install/acoustic_msg/share/ament_index/resource_index/packages/acoustic_msg
-- Installing: /home/pengxuan/hornet9/install/acoustic_msg/share/acoustic_msg/cmake/export_acoustic_msg__rosidl_generator_cExport.cmake
-- Installing: /home/pengxuan/hornet9/install/acoustic_msg/share/acoustic_msg/cmake/export_acoustic_msg__rosidl_generator_cExport-noconfig.cmake
-- Installing: /home/pengxuan/hornet9/install/acoustic_msg/share/acoustic_msg/cmake/export_acoustic_msg__rosidl_typesupport_fastrtps_cExport.cmake
-- Installing: /home/pengxuan/hornet9/install/acoustic_msg/share/acoustic_msg/cmake/export_acoustic_msg__rosidl_typesupport_fastrtps_cExport-noconfig.cmake
-- Installing: /home/pengxuan/hornet9/install/acoustic_msg/share/acoustic_msg/cmake/acoustic_msg__rosidl_typesupport_introspection_cExport.cmake
-- Installing: /home/pengxuan/hornet9/install/acoustic_msg/share/acoustic_msg/cmake/acoustic_msg__rosidl_typesupport_introspection_cExport-noconfig.cmake
-- Installing: /home/pengxuan/hornet9/install/acoustic_msg/share/acoustic_msg/cmake/acoustic_msg__rosidl_typesupport_cExport.cmake
-- Installing: /home/pengxuan/hornet9/install/acoustic_msg/share/acoustic_msg/cmake/acoustic_msg__rosidl_typesupport_cExport-noconfig.cmake
-- Installing: /home/pengxuan/hornet9/install/acoustic_msg/share/acoustic_msg/cmake/export_acoustic_msg__rosidl_generator_cppExport.cmake
-- Installing: /home/pengxuan/hornet9/install/acoustic_msg/share/acoustic_msg/cmake/export_acoustic_msg__rosidl_typesupport_fastrtps_cppExport.cmake
-- Installing: /home/pengxuan/hornet9/install/acoustic_msg/share/acoustic_msg/cmake/export_acoustic_msg__rosidl_typesupport_fastrtps_cppExport-noconfig.cmake
-- Installing: /home/pengxuan/hornet9/install/acoustic_msg/share/acoustic_msg/cmake/acoustic_msg__rosidl_typesupport_introspection_cppExport.cmake
-- Installing: /home/pengxuan/hornet9/install/acoustic_msg/share/acoustic_msg/cmake/acoustic_msg__rosidl_typesupport_introspection_cppExport-noconfig.cmake
-- Installing: /home/pengxuan/hornet9/install/acoustic_msg/share/acoustic_msg/cmake/acoustic_msg__rosidl_typesupport_cppExport.cmake
-- Installing: /home/pengxuan/hornet9/install/acoustic_msg/share/acoustic_msg/cmake/acoustic_msg__rosidl_typesupport_cppExport-noconfig.cmake
-- Installing: /home/pengxuan/hornet9/install/acoustic_msg/share/acoustic_msg/cmake/export_acoustic_msg__rosidl_generator_pyExport.cmake
-- Installing: /home/pengxuan/hornet9/install/acoustic_msg/share/acoustic_msg/cmake/export_acoustic_msg__rosidl_generator_pyExport-noconfig.cmake
-- Installing: /home/pengxuan/hornet9/install/acoustic_msg/share/acoustic_msg/cmake/rosidl_cmake-extras.cmake
-- Installing: /home/pengxuan/hornet9/install/acoustic_msg/share/acoustic_msg/cmake/ament_cmake_export_include_directories-extras.cmake
-- Installing: /home/pengxuan/hornet9/install/acoustic_msg/share/acoustic_msg/cmake/ament_cmake_export_libraries-extras.cmake
-- Installing: /home/pengxuan/hornet9/install/acoustic_msg/share/acoustic_msg/cmake/ament_cmake_export_targets-extras.cmake
-- Installing: /home/pengxuan/hornet9/install/acoustic_msg/share/acoustic_msg/cmake/rosidl_cmake_export_typesupport_targets-extras.cmake
-- Installing: /home/pengxuan/hornet9/install/acoustic_msg/share/acoustic_msg/cmake/ament_cmake_export_dependencies-extras.cmake
-- Installing: /home/pengxuan/hornet9/install/acoustic_msg/share/acoustic_msg/cmake/rosidl_cmake_export_typesupport_libraries-extras.cmake
-- Installing: /home/pengxuan/hornet9/install/acoustic_msg/share/acoustic_msg/cmake/acoustic_msgConfig.cmake
-- Installing: /home/pengxuan/hornet9/install/acoustic_msg/share/acoustic_msg/cmake/acoustic_msgConfig-version.cmake
-- Installing: /home/pengxuan/hornet9/install/acoustic_msg/share/acoustic_msg/package.xml
