[0.044s] Invoking command in '/home/pengxuan/hornet9/build/acoustic_msg': CMAKE_PREFIX_PATH=/home/pengxuan/hornet9/install/test141123:/home/pengxuan/hornet9/install/depth_sensor:/home/pengxuan/hornet9/install/IMU_sensor:/opt/ros/humble /usr/bin/cmake /home/pengxuan/hornet9/src/acoustic_msg -DCMAKE_INSTALL_PREFIX=/home/pengxuan/hornet9/install/acoustic_msg
[0.054s] -- Found ament_cmake: 1.3.5 (/opt/ros/humble/share/ament_cmake/cmake)
[0.166s] -- Found rosidl_default_generators: 1.2.0 (/opt/ros/humble/share/rosidl_default_generators/cmake)
[0.167s] -- Using all available rosidl_typesupport_c: rosidl_typesupport_fastrtps_c;rosidl_typesupport_introspection_c
[0.168s] -- Found rosidl_adapter: 3.1.5 (/opt/ros/humble/share/rosidl_adapter/cmake)
[0.327s] -- Using all available rosidl_typesupport_cpp: rosidl_typesupport_fastrtps_cpp;rosidl_typesupport_introspection_cpp
[0.538s] -- Found ament_cmake_ros: 0.10.0 (/opt/ros/humble/share/ament_cmake_ros/cmake)
[0.679s] -- Using all available rosidl_typesupport_c: rosidl_typesupport_fastrtps_c;rosidl_typesupport_introspection_c
[0.863s] -- Using all available rosidl_typesupport_cpp: rosidl_typesupport_fastrtps_cpp;rosidl_typesupport_introspection_cpp
[1.004s] -- Found PythonInterp: /usr/bin/python3 (found suitable version "3.10.12", minimum required is "3.6") 
[1.007s] -- Found python_cmake_module: 0.10.0 (/opt/ros/humble/share/python_cmake_module/cmake)
[1.478s] -- Found PythonLibs: /usr/lib/x86_64-linux-gnu/libpython3.10.so (found suitable version "3.10.12", minimum required is "3.5") 
[1.478s] -- Using PYTHON_EXECUTABLE: /usr/bin/python3
[1.478s] -- Using PYTHON_INCLUDE_DIRS: /usr/include/python3.10
[1.479s] -- Using PYTHON_LIBRARIES: /usr/lib/x86_64-linux-gnu/libpython3.10.so
[1.496s] -- Found PythonExtra: .so  
[1.568s] -- Found ament_lint_auto: 0.12.8 (/opt/ros/humble/share/ament_lint_auto/cmake)
[1.598s] -- Added test 'lint_cmake' to check CMake code style
[1.600s] -- Added test 'xmllint' to check XML markup files
[1.602s] -- Configuring done
[1.618s] -- Generating done
[1.619s] -- Build files have been written to: /home/pengxuan/hornet9/build/acoustic_msg
[1.629s] Invoked command in '/home/pengxuan/hornet9/build/acoustic_msg' returned '0': CMAKE_PREFIX_PATH=/home/pengxuan/hornet9/install/test141123:/home/pengxuan/hornet9/install/depth_sensor:/home/pengxuan/hornet9/install/IMU_sensor:/opt/ros/humble /usr/bin/cmake /home/pengxuan/hornet9/src/acoustic_msg -DCMAKE_INSTALL_PREFIX=/home/pengxuan/hornet9/install/acoustic_msg
[1.631s] Invoking command in '/home/pengxuan/hornet9/build/acoustic_msg': CMAKE_PREFIX_PATH=/home/pengxuan/hornet9/install/test141123:/home/pengxuan/hornet9/install/depth_sensor:/home/pengxuan/hornet9/install/IMU_sensor:/opt/ros/humble /usr/bin/cmake --build /home/pengxuan/hornet9/build/acoustic_msg -- -j16 -l16
[1.663s] [  3%] [34m[1mGenerating C code for ROS interfaces[0m
[1.670s] [  6%] [34m[1mGenerating C++ code for ROS interfaces[0m
[1.677s] [  6%] Built target ament_cmake_python_copy_acoustic_msg
[1.813s] running egg_info
[1.814s] creating acoustic_msg.egg-info
[1.814s] writing acoustic_msg.egg-info/PKG-INFO
[1.814s] writing dependency_links to acoustic_msg.egg-info/dependency_links.txt
[1.814s] writing top-level names to acoustic_msg.egg-info/top_level.txt
[1.815s] writing manifest file 'acoustic_msg.egg-info/SOURCES.txt'
[1.816s] reading manifest file 'acoustic_msg.egg-info/SOURCES.txt'
[1.817s] writing manifest file 'acoustic_msg.egg-info/SOURCES.txt'
[1.843s] [  9%] [32mBuilding C object CMakeFiles/acoustic_msg__rosidl_generator_c.dir/rosidl_generator_c/acoustic_msg/msg/detail/acoustics__functions.c.o[0m
[1.853s] [  9%] Built target acoustic_msg__cpp
[1.863s] [ 19%] [34m[1mGenerating C++ type support for eProsima Fast-RTPS[0m
[1.863s] [ 19%] [34m[1mGenerating C++ type support dispatch for ROS interfaces[0m
[1.863s] [ 19%] [34m[1mGenerating C++ introspection for ROS interfaces[0m
[1.888s] [ 19%] Built target ament_cmake_python_build_acoustic_msg_egg
[1.924s] [ 22%] [32m[1mLinking C shared library libacoustic_msg__rosidl_generator_c.so[0m
[2.021s] [ 22%] Built target acoustic_msg__rosidl_generator_c
[2.031s] [ 32%] [34m[1mGenerating C type support dispatch for ROS interfaces[0m
[2.031s] [ 32%] [34m[1mGenerating C introspection for ROS interfaces[0m
[2.031s] [ 32%] [34m[1mGenerating C type support for eProsima Fast-RTPS[0m
[2.066s] [ 38%] [32mBuilding CXX object CMakeFiles/acoustic_msg__rosidl_typesupport_fastrtps_cpp.dir/rosidl_typesupport_fastrtps_cpp/acoustic_msg/msg/detail/dds_fastrtps/acoustics__type_support.cpp.o[0m
[2.066s] [ 38%] [32mBuilding CXX object CMakeFiles/acoustic_msg__rosidl_typesupport_introspection_cpp.dir/rosidl_typesupport_introspection_cpp/acoustic_msg/msg/detail/acoustics__type_support.cpp.o[0m
[2.077s] [ 41%] [32mBuilding CXX object CMakeFiles/acoustic_msg__rosidl_typesupport_cpp.dir/rosidl_typesupport_cpp/acoustic_msg/msg/acoustics__type_support.cpp.o[0m
[2.241s] [ 45%] [32mBuilding CXX object CMakeFiles/acoustic_msg__rosidl_typesupport_c.dir/rosidl_typesupport_c/acoustic_msg/msg/acoustics__type_support.cpp.o[0m
[2.250s] [ 48%] [32mBuilding C object CMakeFiles/acoustic_msg__rosidl_typesupport_introspection_c.dir/rosidl_typesupport_introspection_c/acoustic_msg/msg/detail/acoustics__type_support.c.o[0m
[2.262s] [ 51%] [32mBuilding CXX object CMakeFiles/acoustic_msg__rosidl_typesupport_fastrtps_c.dir/rosidl_typesupport_fastrtps_c/acoustic_msg/msg/detail/acoustics__type_support_c.cpp.o[0m
[2.271s] [ 54%] [32m[1mLinking CXX shared library libacoustic_msg__rosidl_typesupport_c.so[0m
[2.280s] [ 58%] [32m[1mLinking C shared library libacoustic_msg__rosidl_typesupport_introspection_c.so[0m
[2.337s] [ 61%] [32m[1mLinking CXX shared library libacoustic_msg__rosidl_typesupport_cpp.so[0m
[2.378s] [ 61%] Built target acoustic_msg__rosidl_typesupport_introspection_c
[2.387s] [ 61%] Built target acoustic_msg__rosidl_typesupport_c
[2.423s] [ 64%] [32m[1mLinking CXX shared library libacoustic_msg__rosidl_typesupport_introspection_cpp.so[0m
[2.432s] [ 67%] [32m[1mLinking CXX shared library libacoustic_msg__rosidl_typesupport_fastrtps_cpp.so[0m
[2.433s] [ 67%] Built target acoustic_msg__rosidl_typesupport_cpp
[2.498s] [ 70%] [32m[1mLinking CXX shared library libacoustic_msg__rosidl_typesupport_fastrtps_c.so[0m
[2.525s] [ 70%] Built target acoustic_msg__rosidl_typesupport_introspection_cpp
[2.552s] [ 70%] Built target acoustic_msg__rosidl_typesupport_fastrtps_cpp
[2.606s] [ 70%] Built target acoustic_msg__rosidl_typesupport_fastrtps_c
[2.616s] [ 70%] Built target acoustic_msg
[2.627s] [ 74%] [34m[1mGenerating Python code for ROS interfaces[0m
[2.788s] [ 74%] Built target acoustic_msg__py
[2.799s] [ 77%] [32mBuilding C object CMakeFiles/acoustic_msg__rosidl_generator_py.dir/rosidl_generator_py/acoustic_msg/msg/_acoustics_s.c.o[0m
[2.906s] [ 80%] [32m[1mLinking C shared library rosidl_generator_py/acoustic_msg/libacoustic_msg__rosidl_generator_py.so[0m
[3.011s] [ 80%] Built target acoustic_msg__rosidl_generator_py
[3.022s] [ 87%] [32mBuilding C object CMakeFiles/acoustic_msg__rosidl_typesupport_fastrtps_c__pyext.dir/rosidl_generator_py/acoustic_msg/_acoustic_msg_s.ep.rosidl_typesupport_fastrtps_c.c.o[0m
[3.022s] [ 87%] [32mBuilding C object CMakeFiles/acoustic_msg__rosidl_typesupport_introspection_c__pyext.dir/rosidl_generator_py/acoustic_msg/_acoustic_msg_s.ep.rosidl_typesupport_introspection_c.c.o[0m
[3.022s] [ 90%] [32mBuilding C object CMakeFiles/acoustic_msg__rosidl_typesupport_c__pyext.dir/rosidl_generator_py/acoustic_msg/_acoustic_msg_s.ep.rosidl_typesupport_c.c.o[0m
[3.072s] [ 96%] [32m[1mLinking C shared library rosidl_generator_py/acoustic_msg/acoustic_msg_s__rosidl_typesupport_fastrtps_c.cpython-310-x86_64-linux-gnu.so[0m
[3.072s] [ 96%] [32m[1mLinking C shared library rosidl_generator_py/acoustic_msg/acoustic_msg_s__rosidl_typesupport_c.cpython-310-x86_64-linux-gnu.so[0m
[3.072s] [100%] [32m[1mLinking C shared library rosidl_generator_py/acoustic_msg/acoustic_msg_s__rosidl_typesupport_introspection_c.cpython-310-x86_64-linux-gnu.so[0m
[3.134s] [100%] Built target acoustic_msg__rosidl_typesupport_c__pyext
[3.135s] [100%] Built target acoustic_msg__rosidl_typesupport_introspection_c__pyext
[3.135s] [100%] Built target acoustic_msg__rosidl_typesupport_fastrtps_c__pyext
[3.142s] Invoked command in '/home/pengxuan/hornet9/build/acoustic_msg' returned '0': CMAKE_PREFIX_PATH=/home/pengxuan/hornet9/install/test141123:/home/pengxuan/hornet9/install/depth_sensor:/home/pengxuan/hornet9/install/IMU_sensor:/opt/ros/humble /usr/bin/cmake --build /home/pengxuan/hornet9/build/acoustic_msg -- -j16 -l16
[3.186s] Invoking command in '/home/pengxuan/hornet9/build/acoustic_msg': CMAKE_PREFIX_PATH=/home/pengxuan/hornet9/install/test141123:/home/pengxuan/hornet9/install/depth_sensor:/home/pengxuan/hornet9/install/IMU_sensor:/opt/ros/humble /usr/bin/cmake --install /home/pengxuan/hornet9/build/acoustic_msg
[3.189s] -- Install configuration: ""
[3.189s] -- Installing: /home/pengxuan/hornet9/install/acoustic_msg/share/ament_index/resource_index/rosidl_interfaces/acoustic_msg
[3.190s] -- Installing: /home/pengxuan/hornet9/install/acoustic_msg/include/acoustic_msg/acoustic_msg
[3.190s] -- Installing: /home/pengxuan/hornet9/install/acoustic_msg/include/acoustic_msg/acoustic_msg/msg
[3.190s] -- Installing: /home/pengxuan/hornet9/install/acoustic_msg/include/acoustic_msg/acoustic_msg/msg/acoustics.h
[3.190s] -- Installing: /home/pengxuan/hornet9/install/acoustic_msg/include/acoustic_msg/acoustic_msg/msg/rosidl_generator_c__visibility_control.h
[3.190s] -- Installing: /home/pengxuan/hornet9/install/acoustic_msg/include/acoustic_msg/acoustic_msg/msg/detail
[3.190s] -- Installing: /home/pengxuan/hornet9/install/acoustic_msg/include/acoustic_msg/acoustic_msg/msg/detail/acoustics__type_support.h
[3.190s] -- Installing: /home/pengxuan/hornet9/install/acoustic_msg/include/acoustic_msg/acoustic_msg/msg/detail/acoustics__functions.c
[3.190s] -- Installing: /home/pengxuan/hornet9/install/acoustic_msg/include/acoustic_msg/acoustic_msg/msg/detail/acoustics__struct.h
[3.190s] -- Installing: /home/pengxuan/hornet9/install/acoustic_msg/include/acoustic_msg/acoustic_msg/msg/detail/acoustics__functions.h
[3.191s] -- Installing: /home/pengxuan/hornet9/install/acoustic_msg/share/acoustic_msg/environment/library_path.sh
[3.191s] -- Installing: /home/pengxuan/hornet9/install/acoustic_msg/share/acoustic_msg/environment/library_path.dsv
[3.191s] -- Installing: /home/pengxuan/hornet9/install/acoustic_msg/lib/libacoustic_msg__rosidl_generator_c.so
[3.191s] -- Set runtime path of "/home/pengxuan/hornet9/install/acoustic_msg/lib/libacoustic_msg__rosidl_generator_c.so" to ""
[3.191s] -- Up-to-date: /home/pengxuan/hornet9/install/acoustic_msg/include/acoustic_msg/acoustic_msg
[3.191s] -- Up-to-date: /home/pengxuan/hornet9/install/acoustic_msg/include/acoustic_msg/acoustic_msg/msg
[3.191s] -- Installing: /home/pengxuan/hornet9/install/acoustic_msg/include/acoustic_msg/acoustic_msg/msg/rosidl_typesupport_fastrtps_c__visibility_control.h
[3.192s] -- Up-to-date: /home/pengxuan/hornet9/install/acoustic_msg/include/acoustic_msg/acoustic_msg/msg/detail
[3.192s] -- Installing: /home/pengxuan/hornet9/install/acoustic_msg/include/acoustic_msg/acoustic_msg/msg/detail/acoustics__rosidl_typesupport_fastrtps_c.h
[3.192s] -- Installing: /home/pengxuan/hornet9/install/acoustic_msg/lib/libacoustic_msg__rosidl_typesupport_fastrtps_c.so
[3.192s] -- Set runtime path of "/home/pengxuan/hornet9/install/acoustic_msg/lib/libacoustic_msg__rosidl_typesupport_fastrtps_c.so" to ""
[3.192s] -- Up-to-date: /home/pengxuan/hornet9/install/acoustic_msg/include/acoustic_msg/acoustic_msg
[3.193s] -- Up-to-date: /home/pengxuan/hornet9/install/acoustic_msg/include/acoustic_msg/acoustic_msg/msg
[3.193s] -- Installing: /home/pengxuan/hornet9/install/acoustic_msg/include/acoustic_msg/acoustic_msg/msg/rosidl_typesupport_introspection_c__visibility_control.h
[3.193s] -- Up-to-date: /home/pengxuan/hornet9/install/acoustic_msg/include/acoustic_msg/acoustic_msg/msg/detail
[3.193s] -- Installing: /home/pengxuan/hornet9/install/acoustic_msg/include/acoustic_msg/acoustic_msg/msg/detail/acoustics__type_support.c
[3.193s] -- Installing: /home/pengxuan/hornet9/install/acoustic_msg/include/acoustic_msg/acoustic_msg/msg/detail/acoustics__rosidl_typesupport_introspection_c.h
[3.193s] -- Installing: /home/pengxuan/hornet9/install/acoustic_msg/lib/libacoustic_msg__rosidl_typesupport_introspection_c.so
[3.193s] -- Set runtime path of "/home/pengxuan/hornet9/install/acoustic_msg/lib/libacoustic_msg__rosidl_typesupport_introspection_c.so" to ""
[3.193s] -- Installing: /home/pengxuan/hornet9/install/acoustic_msg/lib/libacoustic_msg__rosidl_typesupport_c.so
[3.193s] -- Set runtime path of "/home/pengxuan/hornet9/install/acoustic_msg/lib/libacoustic_msg__rosidl_typesupport_c.so" to ""
[3.193s] -- Up-to-date: /home/pengxuan/hornet9/install/acoustic_msg/include/acoustic_msg/acoustic_msg
[3.193s] -- Up-to-date: /home/pengxuan/hornet9/install/acoustic_msg/include/acoustic_msg/acoustic_msg/msg
[3.193s] -- Up-to-date: /home/pengxuan/hornet9/install/acoustic_msg/include/acoustic_msg/acoustic_msg/msg/detail
[3.193s] -- Installing: /home/pengxuan/hornet9/install/acoustic_msg/include/acoustic_msg/acoustic_msg/msg/detail/acoustics__struct.hpp
[3.194s] -- Installing: /home/pengxuan/hornet9/install/acoustic_msg/include/acoustic_msg/acoustic_msg/msg/detail/acoustics__traits.hpp
[3.194s] -- Installing: /home/pengxuan/hornet9/install/acoustic_msg/include/acoustic_msg/acoustic_msg/msg/detail/acoustics__builder.hpp
[3.194s] -- Installing: /home/pengxuan/hornet9/install/acoustic_msg/include/acoustic_msg/acoustic_msg/msg/acoustics.hpp
[3.194s] -- Up-to-date: /home/pengxuan/hornet9/install/acoustic_msg/include/acoustic_msg/acoustic_msg
[3.194s] -- Up-to-date: /home/pengxuan/hornet9/install/acoustic_msg/include/acoustic_msg/acoustic_msg/msg
[3.194s] -- Up-to-date: /home/pengxuan/hornet9/install/acoustic_msg/include/acoustic_msg/acoustic_msg/msg/detail
[3.195s] -- Installing: /home/pengxuan/hornet9/install/acoustic_msg/include/acoustic_msg/acoustic_msg/msg/detail/dds_fastrtps
[3.195s] -- Installing: /home/pengxuan/hornet9/install/acoustic_msg/include/acoustic_msg/acoustic_msg/msg/detail/acoustics__rosidl_typesupport_fastrtps_cpp.hpp
[3.195s] -- Installing: /home/pengxuan/hornet9/install/acoustic_msg/include/acoustic_msg/acoustic_msg/msg/rosidl_typesupport_fastrtps_cpp__visibility_control.h
[3.195s] -- Installing: /home/pengxuan/hornet9/install/acoustic_msg/lib/libacoustic_msg__rosidl_typesupport_fastrtps_cpp.so
[3.195s] -- Set runtime path of "/home/pengxuan/hornet9/install/acoustic_msg/lib/libacoustic_msg__rosidl_typesupport_fastrtps_cpp.so" to ""
[3.195s] -- Up-to-date: /home/pengxuan/hornet9/install/acoustic_msg/include/acoustic_msg/acoustic_msg
[3.195s] -- Up-to-date: /home/pengxuan/hornet9/install/acoustic_msg/include/acoustic_msg/acoustic_msg/msg
[3.195s] -- Up-to-date: /home/pengxuan/hornet9/install/acoustic_msg/include/acoustic_msg/acoustic_msg/msg/detail
[3.195s] -- Installing: /home/pengxuan/hornet9/install/acoustic_msg/include/acoustic_msg/acoustic_msg/msg/detail/acoustics__rosidl_typesupport_introspection_cpp.hpp
[3.195s] -- Installing: /home/pengxuan/hornet9/install/acoustic_msg/include/acoustic_msg/acoustic_msg/msg/detail/acoustics__type_support.cpp
[3.195s] -- Installing: /home/pengxuan/hornet9/install/acoustic_msg/lib/libacoustic_msg__rosidl_typesupport_introspection_cpp.so
[3.195s] -- Set runtime path of "/home/pengxuan/hornet9/install/acoustic_msg/lib/libacoustic_msg__rosidl_typesupport_introspection_cpp.so" to ""
[3.195s] -- Installing: /home/pengxuan/hornet9/install/acoustic_msg/lib/libacoustic_msg__rosidl_typesupport_cpp.so
[3.195s] -- Set runtime path of "/home/pengxuan/hornet9/install/acoustic_msg/lib/libacoustic_msg__rosidl_typesupport_cpp.so" to ""
[3.195s] -- Installing: /home/pengxuan/hornet9/install/acoustic_msg/share/acoustic_msg/environment/pythonpath.sh
[3.195s] -- Installing: /home/pengxuan/hornet9/install/acoustic_msg/share/acoustic_msg/environment/pythonpath.dsv
[3.196s] -- Installing: /home/pengxuan/hornet9/install/acoustic_msg/local/lib/python3.10/dist-packages/acoustic_msg-0.0.0-py3.10.egg-info
[3.196s] -- Installing: /home/pengxuan/hornet9/install/acoustic_msg/local/lib/python3.10/dist-packages/acoustic_msg-0.0.0-py3.10.egg-info/SOURCES.txt
[3.196s] -- Installing: /home/pengxuan/hornet9/install/acoustic_msg/local/lib/python3.10/dist-packages/acoustic_msg-0.0.0-py3.10.egg-info/dependency_links.txt
[3.196s] -- Installing: /home/pengxuan/hornet9/install/acoustic_msg/local/lib/python3.10/dist-packages/acoustic_msg-0.0.0-py3.10.egg-info/top_level.txt
[3.196s] -- Installing: /home/pengxuan/hornet9/install/acoustic_msg/local/lib/python3.10/dist-packages/acoustic_msg-0.0.0-py3.10.egg-info/PKG-INFO
[3.196s] -- Installing: /home/pengxuan/hornet9/install/acoustic_msg/local/lib/python3.10/dist-packages/acoustic_msg
[3.196s] -- Installing: /home/pengxuan/hornet9/install/acoustic_msg/local/lib/python3.10/dist-packages/acoustic_msg/_acoustic_msg_s.ep.rosidl_typesupport_c.c
[3.196s] -- Installing: /home/pengxuan/hornet9/install/acoustic_msg/local/lib/python3.10/dist-packages/acoustic_msg/libacoustic_msg__rosidl_generator_py.so
[3.196s] -- Installing: /home/pengxuan/hornet9/install/acoustic_msg/local/lib/python3.10/dist-packages/acoustic_msg/_acoustic_msg_s.ep.rosidl_typesupport_introspection_c.c
[3.196s] -- Installing: /home/pengxuan/hornet9/install/acoustic_msg/local/lib/python3.10/dist-packages/acoustic_msg/__init__.py
[3.196s] -- Installing: /home/pengxuan/hornet9/install/acoustic_msg/local/lib/python3.10/dist-packages/acoustic_msg/msg
[3.196s] -- Installing: /home/pengxuan/hornet9/install/acoustic_msg/local/lib/python3.10/dist-packages/acoustic_msg/msg/_acoustics.py
[3.196s] -- Installing: /home/pengxuan/hornet9/install/acoustic_msg/local/lib/python3.10/dist-packages/acoustic_msg/msg/__init__.py
[3.196s] -- Installing: /home/pengxuan/hornet9/install/acoustic_msg/local/lib/python3.10/dist-packages/acoustic_msg/msg/_acoustics_s.c
[3.196s] -- Installing: /home/pengxuan/hornet9/install/acoustic_msg/local/lib/python3.10/dist-packages/acoustic_msg/acoustic_msg_s__rosidl_typesupport_introspection_c.cpython-310-x86_64-linux-gnu.so
[3.196s] -- Installing: /home/pengxuan/hornet9/install/acoustic_msg/local/lib/python3.10/dist-packages/acoustic_msg/acoustic_msg_s__rosidl_typesupport_c.cpython-310-x86_64-linux-gnu.so
[3.196s] -- Installing: /home/pengxuan/hornet9/install/acoustic_msg/local/lib/python3.10/dist-packages/acoustic_msg/acoustic_msg_s__rosidl_typesupport_fastrtps_c.cpython-310-x86_64-linux-gnu.so
[3.196s] -- Installing: /home/pengxuan/hornet9/install/acoustic_msg/local/lib/python3.10/dist-packages/acoustic_msg/_acoustic_msg_s.ep.rosidl_typesupport_fastrtps_c.c
[3.215s] Listing '/home/pengxuan/hornet9/install/acoustic_msg/local/lib/python3.10/dist-packages/acoustic_msg'...
[3.215s] Compiling '/home/pengxuan/hornet9/install/acoustic_msg/local/lib/python3.10/dist-packages/acoustic_msg/__init__.py'...
[3.215s] Listing '/home/pengxuan/hornet9/install/acoustic_msg/local/lib/python3.10/dist-packages/acoustic_msg/msg'...
[3.215s] Compiling '/home/pengxuan/hornet9/install/acoustic_msg/local/lib/python3.10/dist-packages/acoustic_msg/msg/__init__.py'...
[3.215s] Compiling '/home/pengxuan/hornet9/install/acoustic_msg/local/lib/python3.10/dist-packages/acoustic_msg/msg/_acoustics.py'...
[3.217s] -- Installing: /home/pengxuan/hornet9/install/acoustic_msg/local/lib/python3.10/dist-packages/acoustic_msg/acoustic_msg_s__rosidl_typesupport_fastrtps_c.cpython-310-x86_64-linux-gnu.so
[3.217s] -- Set runtime path of "/home/pengxuan/hornet9/install/acoustic_msg/local/lib/python3.10/dist-packages/acoustic_msg/acoustic_msg_s__rosidl_typesupport_fastrtps_c.cpython-310-x86_64-linux-gnu.so" to ""
[3.218s] -- Installing: /home/pengxuan/hornet9/install/acoustic_msg/local/lib/python3.10/dist-packages/acoustic_msg/acoustic_msg_s__rosidl_typesupport_introspection_c.cpython-310-x86_64-linux-gnu.so
[3.218s] -- Set runtime path of "/home/pengxuan/hornet9/install/acoustic_msg/local/lib/python3.10/dist-packages/acoustic_msg/acoustic_msg_s__rosidl_typesupport_introspection_c.cpython-310-x86_64-linux-gnu.so" to ""
[3.218s] -- Installing: /home/pengxuan/hornet9/install/acoustic_msg/local/lib/python3.10/dist-packages/acoustic_msg/acoustic_msg_s__rosidl_typesupport_c.cpython-310-x86_64-linux-gnu.so
[3.218s] -- Set runtime path of "/home/pengxuan/hornet9/install/acoustic_msg/local/lib/python3.10/dist-packages/acoustic_msg/acoustic_msg_s__rosidl_typesupport_c.cpython-310-x86_64-linux-gnu.so" to ""
[3.218s] -- Installing: /home/pengxuan/hornet9/install/acoustic_msg/lib/libacoustic_msg__rosidl_generator_py.so
[3.218s] -- Set runtime path of "/home/pengxuan/hornet9/install/acoustic_msg/lib/libacoustic_msg__rosidl_generator_py.so" to ""
[3.218s] -- Installing: /home/pengxuan/hornet9/install/acoustic_msg/share/acoustic_msg/msg/Acoustics.idl
[3.219s] -- Installing: /home/pengxuan/hornet9/install/acoustic_msg/share/acoustic_msg/msg/Acoustics.msg
[3.219s] -- Installing: /home/pengxuan/hornet9/install/acoustic_msg/share/ament_index/resource_index/package_run_dependencies/acoustic_msg
[3.219s] -- Installing: /home/pengxuan/hornet9/install/acoustic_msg/share/ament_index/resource_index/parent_prefix_path/acoustic_msg
[3.219s] -- Installing: /home/pengxuan/hornet9/install/acoustic_msg/share/acoustic_msg/environment/ament_prefix_path.sh
[3.219s] -- Installing: /home/pengxuan/hornet9/install/acoustic_msg/share/acoustic_msg/environment/ament_prefix_path.dsv
[3.219s] -- Installing: /home/pengxuan/hornet9/install/acoustic_msg/share/acoustic_msg/environment/path.sh
[3.219s] -- Installing: /home/pengxuan/hornet9/install/acoustic_msg/share/acoustic_msg/environment/path.dsv
[3.219s] -- Installing: /home/pengxuan/hornet9/install/acoustic_msg/share/acoustic_msg/local_setup.bash
[3.220s] -- Installing: /home/pengxuan/hornet9/install/acoustic_msg/share/acoustic_msg/local_setup.sh
[3.220s] -- Installing: /home/pengxuan/hornet9/install/acoustic_msg/share/acoustic_msg/local_setup.zsh
[3.220s] -- Installing: /home/pengxuan/hornet9/install/acoustic_msg/share/acoustic_msg/local_setup.dsv
[3.220s] -- Installing: /home/pengxuan/hornet9/install/acoustic_msg/share/acoustic_msg/package.dsv
[3.220s] -- Installing: /home/pengxuan/hornet9/install/acoustic_msg/share/ament_index/resource_index/packages/acoustic_msg
[3.220s] -- Installing: /home/pengxuan/hornet9/install/acoustic_msg/share/acoustic_msg/cmake/export_acoustic_msg__rosidl_generator_cExport.cmake
[3.220s] -- Installing: /home/pengxuan/hornet9/install/acoustic_msg/share/acoustic_msg/cmake/export_acoustic_msg__rosidl_generator_cExport-noconfig.cmake
[3.220s] -- Installing: /home/pengxuan/hornet9/install/acoustic_msg/share/acoustic_msg/cmake/export_acoustic_msg__rosidl_typesupport_fastrtps_cExport.cmake
[3.220s] -- Installing: /home/pengxuan/hornet9/install/acoustic_msg/share/acoustic_msg/cmake/export_acoustic_msg__rosidl_typesupport_fastrtps_cExport-noconfig.cmake
[3.220s] -- Installing: /home/pengxuan/hornet9/install/acoustic_msg/share/acoustic_msg/cmake/acoustic_msg__rosidl_typesupport_introspection_cExport.cmake
[3.220s] -- Installing: /home/pengxuan/hornet9/install/acoustic_msg/share/acoustic_msg/cmake/acoustic_msg__rosidl_typesupport_introspection_cExport-noconfig.cmake
[3.220s] -- Installing: /home/pengxuan/hornet9/install/acoustic_msg/share/acoustic_msg/cmake/acoustic_msg__rosidl_typesupport_cExport.cmake
[3.221s] -- Installing: /home/pengxuan/hornet9/install/acoustic_msg/share/acoustic_msg/cmake/acoustic_msg__rosidl_typesupport_cExport-noconfig.cmake
[3.221s] -- Installing: /home/pengxuan/hornet9/install/acoustic_msg/share/acoustic_msg/cmake/export_acoustic_msg__rosidl_generator_cppExport.cmake
[3.221s] -- Installing: /home/pengxuan/hornet9/install/acoustic_msg/share/acoustic_msg/cmake/export_acoustic_msg__rosidl_typesupport_fastrtps_cppExport.cmake
[3.221s] -- Installing: /home/pengxuan/hornet9/install/acoustic_msg/share/acoustic_msg/cmake/export_acoustic_msg__rosidl_typesupport_fastrtps_cppExport-noconfig.cmake
[3.221s] -- Installing: /home/pengxuan/hornet9/install/acoustic_msg/share/acoustic_msg/cmake/acoustic_msg__rosidl_typesupport_introspection_cppExport.cmake
[3.221s] -- Installing: /home/pengxuan/hornet9/install/acoustic_msg/share/acoustic_msg/cmake/acoustic_msg__rosidl_typesupport_introspection_cppExport-noconfig.cmake
[3.221s] -- Installing: /home/pengxuan/hornet9/install/acoustic_msg/share/acoustic_msg/cmake/acoustic_msg__rosidl_typesupport_cppExport.cmake
[3.221s] -- Installing: /home/pengxuan/hornet9/install/acoustic_msg/share/acoustic_msg/cmake/acoustic_msg__rosidl_typesupport_cppExport-noconfig.cmake
[3.221s] -- Installing: /home/pengxuan/hornet9/install/acoustic_msg/share/acoustic_msg/cmake/export_acoustic_msg__rosidl_generator_pyExport.cmake
[3.221s] -- Installing: /home/pengxuan/hornet9/install/acoustic_msg/share/acoustic_msg/cmake/export_acoustic_msg__rosidl_generator_pyExport-noconfig.cmake
[3.221s] -- Installing: /home/pengxuan/hornet9/install/acoustic_msg/share/acoustic_msg/cmake/rosidl_cmake-extras.cmake
[3.221s] -- Installing: /home/pengxuan/hornet9/install/acoustic_msg/share/acoustic_msg/cmake/ament_cmake_export_include_directories-extras.cmake
[3.222s] -- Installing: /home/pengxuan/hornet9/install/acoustic_msg/share/acoustic_msg/cmake/ament_cmake_export_libraries-extras.cmake
[3.222s] -- Installing: /home/pengxuan/hornet9/install/acoustic_msg/share/acoustic_msg/cmake/ament_cmake_export_targets-extras.cmake
[3.222s] -- Installing: /home/pengxuan/hornet9/install/acoustic_msg/share/acoustic_msg/cmake/rosidl_cmake_export_typesupport_targets-extras.cmake
[3.222s] -- Installing: /home/pengxuan/hornet9/install/acoustic_msg/share/acoustic_msg/cmake/ament_cmake_export_dependencies-extras.cmake
[3.222s] -- Installing: /home/pengxuan/hornet9/install/acoustic_msg/share/acoustic_msg/cmake/rosidl_cmake_export_typesupport_libraries-extras.cmake
[3.222s] -- Installing: /home/pengxuan/hornet9/install/acoustic_msg/share/acoustic_msg/cmake/acoustic_msgConfig.cmake
[3.222s] -- Installing: /home/pengxuan/hornet9/install/acoustic_msg/share/acoustic_msg/cmake/acoustic_msgConfig-version.cmake
[3.222s] -- Installing: /home/pengxuan/hornet9/install/acoustic_msg/share/acoustic_msg/package.xml
[3.223s] Invoked command in '/home/pengxuan/hornet9/build/acoustic_msg' returned '0': CMAKE_PREFIX_PATH=/home/pengxuan/hornet9/install/test141123:/home/pengxuan/hornet9/install/depth_sensor:/home/pengxuan/hornet9/install/IMU_sensor:/opt/ros/humble /usr/bin/cmake --install /home/pengxuan/hornet9/build/acoustic_msg
