[2.794s] Invoking command in '/home/bb/ros2_ws/build/bring_up': AMENT_PREFIX_PATH=/home/bb/ros2_ws/install/imu_sensor:/home/bb/ros2_ws/install/depth_sensor:/home/bb/ros2_ws/install/acoustic_sensor:/home/bb/ros2_ws/install/test_bringup:/home/bb/ros2_ws/install/sub:/home/bb/ros2_ws/install/test_msg:/home/bb/ros2_ws/install/test141123:/home/bb/ros2_ws/install/linear_acceleration_msg:/home/bb/ros2_ws/install/bring_up:/home/bb/ros2_ws/install/acoustic_msg:/home/bb/ros2_ws/install/IMU_sensor:/opt/ros/humble CMAKE_PREFIX_PATH=${CMAKE_PREFIX_PATH}:/home/bb/ros2_ws/install/sub:/home/bb/ros2_ws/install/test141123:/home/bb/ros2_ws/install/imu_sensor:/home/bb/ros2_ws/install/depth_sensor:/home/bb/ros2_ws/install/acoustic_sensor:/home/bb/ros2_ws/install/IMU_sensor:/opt/ros/humble PYTHONPATH=/home/bb/ros2_ws/install/imu_sensor/lib/python3.8/site-packages:/home/bb/ros2_ws/install/depth_sensor/lib/python3.8/site-packages:/home/bb/ros2_ws/install/acoustic_sensor/lib/python3.8/site-packages:/home/bb/ros2_ws/install/sub/lib/python3.8/site-packages:/home/bb/ros2_ws/install/test_msg/lib/python3.9/site-packages:/home/bb/ros2_ws/install/test141123/lib/python3.8/site-packages:/home/bb/ros2_ws/install/linear_acceleration_msg/lib/python3.9/site-packages:/home/bb/ros2_ws/install/acoustic_msg/lib/python3.9/site-packages:/home/bb/ros2_ws/install/IMU_sensor/lib/python3.8/site-packages:/opt/ros/humble/lib/python3.8/site-packages /usr/bin/cmake --build /home/bb/ros2_ws/build/bring_up -- -j6 -l6
[2.954s] -- Found ament_cmake: 1.3.6 (/opt/ros/humble/share/ament_cmake/cmake)
[4.275s] -- Found ament_lint_auto: 0.12.9 (/opt/ros/humble/share/ament_lint_auto/cmake)
[4.953s] -- Added test 'flake8' to check Python code syntax and style conventions
[4.956s] -- Added test 'lint_cmake' to check CMake code style
[4.959s] -- Added test 'pep257' to check Python code against some of the docstring style conventions in PEP 257
[4.965s] -- Added test 'xmllint' to check XML markup files
[4.977s] -- Configuring done
[4.997s] -- Generating done
[5.004s] -- Build files have been written to: /home/bb/ros2_ws/build/bring_up
[5.124s] Invoked command in '/home/bb/ros2_ws/build/bring_up' returned '0': AMENT_PREFIX_PATH=/home/bb/ros2_ws/install/imu_sensor:/home/bb/ros2_ws/install/depth_sensor:/home/bb/ros2_ws/install/acoustic_sensor:/home/bb/ros2_ws/install/test_bringup:/home/bb/ros2_ws/install/sub:/home/bb/ros2_ws/install/test_msg:/home/bb/ros2_ws/install/test141123:/home/bb/ros2_ws/install/linear_acceleration_msg:/home/bb/ros2_ws/install/bring_up:/home/bb/ros2_ws/install/acoustic_msg:/home/bb/ros2_ws/install/IMU_sensor:/opt/ros/humble CMAKE_PREFIX_PATH=${CMAKE_PREFIX_PATH}:/home/bb/ros2_ws/install/sub:/home/bb/ros2_ws/install/test141123:/home/bb/ros2_ws/install/imu_sensor:/home/bb/ros2_ws/install/depth_sensor:/home/bb/ros2_ws/install/acoustic_sensor:/home/bb/ros2_ws/install/IMU_sensor:/opt/ros/humble PYTHONPATH=/home/bb/ros2_ws/install/imu_sensor/lib/python3.8/site-packages:/home/bb/ros2_ws/install/depth_sensor/lib/python3.8/site-packages:/home/bb/ros2_ws/install/acoustic_sensor/lib/python3.8/site-packages:/home/bb/ros2_ws/install/sub/lib/python3.8/site-packages:/home/bb/ros2_ws/install/test_msg/lib/python3.9/site-packages:/home/bb/ros2_ws/install/test141123/lib/python3.8/site-packages:/home/bb/ros2_ws/install/linear_acceleration_msg/lib/python3.9/site-packages:/home/bb/ros2_ws/install/acoustic_msg/lib/python3.9/site-packages:/home/bb/ros2_ws/install/IMU_sensor/lib/python3.8/site-packages:/opt/ros/humble/lib/python3.8/site-packages /usr/bin/cmake --build /home/bb/ros2_ws/build/bring_up -- -j6 -l6
[5.269s] Invoking command in '/home/bb/ros2_ws/build/bring_up': AMENT_PREFIX_PATH=/home/bb/ros2_ws/install/imu_sensor:/home/bb/ros2_ws/install/depth_sensor:/home/bb/ros2_ws/install/acoustic_sensor:/home/bb/ros2_ws/install/test_bringup:/home/bb/ros2_ws/install/sub:/home/bb/ros2_ws/install/test_msg:/home/bb/ros2_ws/install/test141123:/home/bb/ros2_ws/install/linear_acceleration_msg:/home/bb/ros2_ws/install/bring_up:/home/bb/ros2_ws/install/acoustic_msg:/home/bb/ros2_ws/install/IMU_sensor:/opt/ros/humble CMAKE_PREFIX_PATH=${CMAKE_PREFIX_PATH}:/home/bb/ros2_ws/install/sub:/home/bb/ros2_ws/install/test141123:/home/bb/ros2_ws/install/imu_sensor:/home/bb/ros2_ws/install/depth_sensor:/home/bb/ros2_ws/install/acoustic_sensor:/home/bb/ros2_ws/install/IMU_sensor:/opt/ros/humble PYTHONPATH=/home/bb/ros2_ws/install/imu_sensor/lib/python3.8/site-packages:/home/bb/ros2_ws/install/depth_sensor/lib/python3.8/site-packages:/home/bb/ros2_ws/install/acoustic_sensor/lib/python3.8/site-packages:/home/bb/ros2_ws/install/sub/lib/python3.8/site-packages:/home/bb/ros2_ws/install/test_msg/lib/python3.9/site-packages:/home/bb/ros2_ws/install/test141123/lib/python3.8/site-packages:/home/bb/ros2_ws/install/linear_acceleration_msg/lib/python3.9/site-packages:/home/bb/ros2_ws/install/acoustic_msg/lib/python3.9/site-packages:/home/bb/ros2_ws/install/IMU_sensor/lib/python3.8/site-packages:/opt/ros/humble/lib/python3.8/site-packages /usr/bin/cmake --install /home/bb/ros2_ws/build/bring_up
[5.338s] -- Install configuration: ""
[5.339s] -- Up-to-date: /home/bb/ros2_ws/install/bring_up/share/bring_up/launch
[5.339s] -- Installing: /home/bb/ros2_ws/install/bring_up/share/bring_up/launch/comms_nodes.launch.py
[5.340s] -- Up-to-date: /home/bb/ros2_ws/install/bring_up/share/ament_index/resource_index/package_run_dependencies/bring_up
[5.341s] -- Installing: /home/bb/ros2_ws/install/bring_up/share/ament_index/resource_index/parent_prefix_path/bring_up
[5.342s] -- Up-to-date: /home/bb/ros2_ws/install/bring_up/share/bring_up/environment/ament_prefix_path.sh
[5.342s] -- Installing: /home/bb/ros2_ws/install/bring_up/share/bring_up/environment/ament_prefix_path.dsv
[5.344s] -- Up-to-date: /home/bb/ros2_ws/install/bring_up/share/bring_up/environment/path.sh
[5.345s] -- Installing: /home/bb/ros2_ws/install/bring_up/share/bring_up/environment/path.dsv
[5.351s] -- Up-to-date: /home/bb/ros2_ws/install/bring_up/share/bring_up/local_setup.bash
[5.352s] -- Up-to-date: /home/bb/ros2_ws/install/bring_up/share/bring_up/local_setup.sh
[5.352s] -- Up-to-date: /home/bb/ros2_ws/install/bring_up/share/bring_up/local_setup.zsh
[5.353s] -- Installing: /home/bb/ros2_ws/install/bring_up/share/bring_up/local_setup.dsv
[5.354s] -- Installing: /home/bb/ros2_ws/install/bring_up/share/bring_up/package.dsv
[5.355s] -- Up-to-date: /home/bb/ros2_ws/install/bring_up/share/ament_index/resource_index/packages/bring_up
[5.356s] -- Up-to-date: /home/bb/ros2_ws/install/bring_up/share/bring_up/cmake/bring_upConfig.cmake
[5.357s] -- Up-to-date: /home/bb/ros2_ws/install/bring_up/share/bring_up/cmake/bring_upConfig-version.cmake
[5.357s] -- Installing: /home/bb/ros2_ws/install/bring_up/share/bring_up/package.xml
[5.370s] Invoked command in '/home/bb/ros2_ws/build/bring_up' returned '0': AMENT_PREFIX_PATH=/home/bb/ros2_ws/install/imu_sensor:/home/bb/ros2_ws/install/depth_sensor:/home/bb/ros2_ws/install/acoustic_sensor:/home/bb/ros2_ws/install/test_bringup:/home/bb/ros2_ws/install/sub:/home/bb/ros2_ws/install/test_msg:/home/bb/ros2_ws/install/test141123:/home/bb/ros2_ws/install/linear_acceleration_msg:/home/bb/ros2_ws/install/bring_up:/home/bb/ros2_ws/install/acoustic_msg:/home/bb/ros2_ws/install/IMU_sensor:/opt/ros/humble CMAKE_PREFIX_PATH=${CMAKE_PREFIX_PATH}:/home/bb/ros2_ws/install/sub:/home/bb/ros2_ws/install/test141123:/home/bb/ros2_ws/install/imu_sensor:/home/bb/ros2_ws/install/depth_sensor:/home/bb/ros2_ws/install/acoustic_sensor:/home/bb/ros2_ws/install/IMU_sensor:/opt/ros/humble PYTHONPATH=/home/bb/ros2_ws/install/imu_sensor/lib/python3.8/site-packages:/home/bb/ros2_ws/install/depth_sensor/lib/python3.8/site-packages:/home/bb/ros2_ws/install/acoustic_sensor/lib/python3.8/site-packages:/home/bb/ros2_ws/install/sub/lib/python3.8/site-packages:/home/bb/ros2_ws/install/test_msg/lib/python3.9/site-packages:/home/bb/ros2_ws/install/test141123/lib/python3.8/site-packages:/home/bb/ros2_ws/install/linear_acceleration_msg/lib/python3.9/site-packages:/home/bb/ros2_ws/install/acoustic_msg/lib/python3.9/site-packages:/home/bb/ros2_ws/install/IMU_sensor/lib/python3.8/site-packages:/opt/ros/humble/lib/python3.8/site-packages /usr/bin/cmake --install /home/bb/ros2_ws/build/bring_up
