[8.118s] Invoking command in '/home/bb/ros2_ws/build/acoustic_msg': CMAKE_PREFIX_PATH=${CMAKE_PREFIX_PATH}:/home/bb/ros2_ws/install/test141123:/home/bb/ros2_ws/install/imu_sensor:/home/bb/ros2_ws/install/depth_sensor:/home/bb/ros2_ws/install/acoustic_sensor:/home/bb/ros2_ws/install/IMU_sensor:/opt/ros/humble /usr/bin/cmake --build /home/bb/ros2_ws/build/acoustic_msg -- -j6 -l6
[8.509s] [  3%] Built target acoustic_msg__cpp
[8.559s] [ 12%] Built target acoustic_msg__rosidl_generator_c
[8.570s] [ 12%] Built target ament_cmake_python_copy_acoustic_msg
[8.854s] [ 41%] Built target acoustic_msg__rosidl_typesupport_introspection_cpp
[8.855s] [ 41%] Built target acoustic_msg__rosidl_typesupport_fastrtps_cpp
[8.855s] [ 41%] Built target acoustic_msg__rosidl_typesupport_cpp
[8.905s] [ 51%] Built target acoustic_msg__rosidl_typesupport_fastrtps_c
[8.915s] [ 61%] Built target acoustic_msg__rosidl_typesupport_introspection_c
[8.978s] [ 70%] Built target acoustic_msg__rosidl_typesupport_c
[9.188s] [ 70%] Built target acoustic_msg
[9.447s] [ 74%] Built target acoustic_msg__py
[9.632s] [ 80%] Built target acoustic_msg__rosidl_generator_py
[10.002s] [ 87%] Built target acoustic_msg__rosidl_typesupport_introspection_c__pyext
[10.010s] [ 93%] Built target acoustic_msg__rosidl_typesupport_fastrtps_c__pyext
[10.032s] [100%] Built target acoustic_msg__rosidl_typesupport_c__pyext
[11.666s] running egg_info
[11.670s] writing acoustic_msg.egg-info/PKG-INFO
[11.671s] writing dependency_links to acoustic_msg.egg-info/dependency_links.txt
[11.677s] writing top-level names to acoustic_msg.egg-info/top_level.txt
[11.999s] reading manifest file 'acoustic_msg.egg-info/SOURCES.txt'
[12.004s] writing manifest file 'acoustic_msg.egg-info/SOURCES.txt'
[12.181s] [100%] Built target ament_cmake_python_build_acoustic_msg_egg
[12.263s] Invoked command in '/home/bb/ros2_ws/build/acoustic_msg' returned '0': CMAKE_PREFIX_PATH=${CMAKE_PREFIX_PATH}:/home/bb/ros2_ws/install/test141123:/home/bb/ros2_ws/install/imu_sensor:/home/bb/ros2_ws/install/depth_sensor:/home/bb/ros2_ws/install/acoustic_sensor:/home/bb/ros2_ws/install/IMU_sensor:/opt/ros/humble /usr/bin/cmake --build /home/bb/ros2_ws/build/acoustic_msg -- -j6 -l6
[15.839s] Invoking command in '/home/bb/ros2_ws/build/acoustic_msg': CMAKE_PREFIX_PATH=${CMAKE_PREFIX_PATH}:/home/bb/ros2_ws/install/test141123:/home/bb/ros2_ws/install/imu_sensor:/home/bb/ros2_ws/install/depth_sensor:/home/bb/ros2_ws/install/acoustic_sensor:/home/bb/ros2_ws/install/IMU_sensor:/opt/ros/humble /usr/bin/cmake --install /home/bb/ros2_ws/build/acoustic_msg
[18.260s] -- Install configuration: ""
[18.261s] -- Up-to-date: /home/bb/ros2_ws/install/acoustic_msg/share/ament_index/resource_index/rosidl_interfaces/acoustic_msg
[18.262s] -- Up-to-date: /home/bb/ros2_ws/install/acoustic_msg/include/acoustic_msg/acoustic_msg
[18.263s] -- Up-to-date: /home/bb/ros2_ws/install/acoustic_msg/include/acoustic_msg/acoustic_msg/msg
[18.263s] -- Up-to-date: /home/bb/ros2_ws/install/acoustic_msg/include/acoustic_msg/acoustic_msg/msg/rosidl_generator_c__visibility_control.h
[18.264s] -- Up-to-date: /home/bb/ros2_ws/install/acoustic_msg/include/acoustic_msg/acoustic_msg/msg/acoustic.h
[18.265s] -- Up-to-date: /home/bb/ros2_ws/install/acoustic_msg/include/acoustic_msg/acoustic_msg/msg/detail
[18.265s] -- Up-to-date: /home/bb/ros2_ws/install/acoustic_msg/include/acoustic_msg/acoustic_msg/msg/detail/acoustic__functions.h
[18.266s] -- Up-to-date: /home/bb/ros2_ws/install/acoustic_msg/include/acoustic_msg/acoustic_msg/msg/detail/acoustic__functions.c
[18.267s] -- Up-to-date: /home/bb/ros2_ws/install/acoustic_msg/include/acoustic_msg/acoustic_msg/msg/detail/acoustic__type_support.h
[18.267s] -- Up-to-date: /home/bb/ros2_ws/install/acoustic_msg/include/acoustic_msg/acoustic_msg/msg/detail/acoustic__struct.h
[18.268s] -- Up-to-date: /home/bb/ros2_ws/install/acoustic_msg/share/acoustic_msg/environment/library_path.sh
[18.268s] -- Up-to-date: /home/bb/ros2_ws/install/acoustic_msg/share/acoustic_msg/environment/library_path.dsv
[18.269s] -- Up-to-date: /home/bb/ros2_ws/install/acoustic_msg/lib/libacoustic_msg__rosidl_generator_c.so
[18.270s] -- Up-to-date: /home/bb/ros2_ws/install/acoustic_msg/include/acoustic_msg/acoustic_msg
[18.270s] -- Up-to-date: /home/bb/ros2_ws/install/acoustic_msg/include/acoustic_msg/acoustic_msg/msg
[18.270s] -- Up-to-date: /home/bb/ros2_ws/install/acoustic_msg/include/acoustic_msg/acoustic_msg/msg/rosidl_typesupport_fastrtps_c__visibility_control.h
[18.271s] -- Up-to-date: /home/bb/ros2_ws/install/acoustic_msg/include/acoustic_msg/acoustic_msg/msg/detail
[18.272s] -- Up-to-date: /home/bb/ros2_ws/install/acoustic_msg/include/acoustic_msg/acoustic_msg/msg/detail/acoustic__rosidl_typesupport_fastrtps_c.h
[18.272s] -- Up-to-date: /home/bb/ros2_ws/install/acoustic_msg/lib/libacoustic_msg__rosidl_typesupport_fastrtps_c.so
[18.273s] -- Up-to-date: /home/bb/ros2_ws/install/acoustic_msg/include/acoustic_msg/acoustic_msg
[18.273s] -- Up-to-date: /home/bb/ros2_ws/install/acoustic_msg/include/acoustic_msg/acoustic_msg/msg
[18.274s] -- Up-to-date: /home/bb/ros2_ws/install/acoustic_msg/include/acoustic_msg/acoustic_msg/msg/rosidl_typesupport_introspection_c__visibility_control.h
[18.274s] -- Up-to-date: /home/bb/ros2_ws/install/acoustic_msg/include/acoustic_msg/acoustic_msg/msg/detail
[18.275s] -- Up-to-date: /home/bb/ros2_ws/install/acoustic_msg/include/acoustic_msg/acoustic_msg/msg/detail/acoustic__type_support.c
[18.275s] -- Up-to-date: /home/bb/ros2_ws/install/acoustic_msg/include/acoustic_msg/acoustic_msg/msg/detail/acoustic__rosidl_typesupport_introspection_c.h
[18.276s] -- Up-to-date: /home/bb/ros2_ws/install/acoustic_msg/lib/libacoustic_msg__rosidl_typesupport_introspection_c.so
[18.277s] -- Up-to-date: /home/bb/ros2_ws/install/acoustic_msg/lib/libacoustic_msg__rosidl_typesupport_c.so
[18.277s] -- Up-to-date: /home/bb/ros2_ws/install/acoustic_msg/include/acoustic_msg/acoustic_msg
[18.278s] -- Up-to-date: /home/bb/ros2_ws/install/acoustic_msg/include/acoustic_msg/acoustic_msg/msg
[18.279s] -- Up-to-date: /home/bb/ros2_ws/install/acoustic_msg/include/acoustic_msg/acoustic_msg/msg/acoustic.hpp
[18.280s] -- Up-to-date: /home/bb/ros2_ws/install/acoustic_msg/include/acoustic_msg/acoustic_msg/msg/detail
[18.286s] -- Up-to-date: /home/bb/ros2_ws/install/acoustic_msg/include/acoustic_msg/acoustic_msg/msg/detail/acoustic__builder.hpp
[18.287s] -- Up-to-date: /home/bb/ros2_ws/install/acoustic_msg/include/acoustic_msg/acoustic_msg/msg/detail/acoustic__traits.hpp
[18.288s] -- Up-to-date: /home/bb/ros2_ws/install/acoustic_msg/include/acoustic_msg/acoustic_msg/msg/detail/acoustic__struct.hpp
[18.289s] -- Up-to-date: /home/bb/ros2_ws/install/acoustic_msg/include/acoustic_msg/acoustic_msg
[18.290s] -- Up-to-date: /home/bb/ros2_ws/install/acoustic_msg/include/acoustic_msg/acoustic_msg/msg
[18.292s] -- Up-to-date: /home/bb/ros2_ws/install/acoustic_msg/include/acoustic_msg/acoustic_msg/msg/rosidl_typesupport_fastrtps_cpp__visibility_control.h
[18.293s] -- Up-to-date: /home/bb/ros2_ws/install/acoustic_msg/include/acoustic_msg/acoustic_msg/msg/detail
[18.294s] -- Up-to-date: /home/bb/ros2_ws/install/acoustic_msg/include/acoustic_msg/acoustic_msg/msg/detail/acoustic__rosidl_typesupport_fastrtps_cpp.hpp
[18.295s] -- Up-to-date: /home/bb/ros2_ws/install/acoustic_msg/include/acoustic_msg/acoustic_msg/msg/detail/dds_fastrtps
[18.295s] -- Up-to-date: /home/bb/ros2_ws/install/acoustic_msg/lib/libacoustic_msg__rosidl_typesupport_fastrtps_cpp.so
[18.295s] -- Up-to-date: /home/bb/ros2_ws/install/acoustic_msg/include/acoustic_msg/acoustic_msg
[18.296s] -- Up-to-date: /home/bb/ros2_ws/install/acoustic_msg/include/acoustic_msg/acoustic_msg/msg
[18.297s] -- Up-to-date: /home/bb/ros2_ws/install/acoustic_msg/include/acoustic_msg/acoustic_msg/msg/detail
[18.297s] -- Up-to-date: /home/bb/ros2_ws/install/acoustic_msg/include/acoustic_msg/acoustic_msg/msg/detail/acoustic__rosidl_typesupport_introspection_cpp.hpp
[18.298s] -- Up-to-date: /home/bb/ros2_ws/install/acoustic_msg/include/acoustic_msg/acoustic_msg/msg/detail/acoustic__type_support.cpp
[18.300s] -- Up-to-date: /home/bb/ros2_ws/install/acoustic_msg/lib/libacoustic_msg__rosidl_typesupport_introspection_cpp.so
[18.301s] -- Up-to-date: /home/bb/ros2_ws/install/acoustic_msg/lib/libacoustic_msg__rosidl_typesupport_cpp.so
[18.302s] -- Up-to-date: /home/bb/ros2_ws/install/acoustic_msg/share/acoustic_msg/environment/pythonpath.sh
[18.302s] -- Up-to-date: /home/bb/ros2_ws/install/acoustic_msg/share/acoustic_msg/environment/pythonpath.dsv
[18.303s] -- Up-to-date: /home/bb/ros2_ws/install/acoustic_msg/lib/python3.9/site-packages/acoustic_msg-0.0.0-py3.9.egg-info
[18.304s] -- Installing: /home/bb/ros2_ws/install/acoustic_msg/lib/python3.9/site-packages/acoustic_msg-0.0.0-py3.9.egg-info/top_level.txt
[18.305s] -- Installing: /home/bb/ros2_ws/install/acoustic_msg/lib/python3.9/site-packages/acoustic_msg-0.0.0-py3.9.egg-info/dependency_links.txt
[18.307s] -- Installing: /home/bb/ros2_ws/install/acoustic_msg/lib/python3.9/site-packages/acoustic_msg-0.0.0-py3.9.egg-info/SOURCES.txt
[18.309s] -- Installing: /home/bb/ros2_ws/install/acoustic_msg/lib/python3.9/site-packages/acoustic_msg-0.0.0-py3.9.egg-info/PKG-INFO
[18.310s] -- Up-to-date: /home/bb/ros2_ws/install/acoustic_msg/lib/python3.9/site-packages/acoustic_msg
[18.311s] -- Up-to-date: /home/bb/ros2_ws/install/acoustic_msg/lib/python3.9/site-packages/acoustic_msg/msg
[18.313s] -- Up-to-date: /home/bb/ros2_ws/install/acoustic_msg/lib/python3.9/site-packages/acoustic_msg/msg/_acoustic_s.c
[18.314s] -- Up-to-date: /home/bb/ros2_ws/install/acoustic_msg/lib/python3.9/site-packages/acoustic_msg/msg/_acoustic.py
[18.316s] -- Up-to-date: /home/bb/ros2_ws/install/acoustic_msg/lib/python3.9/site-packages/acoustic_msg/msg/__init__.py
[18.317s] -- Up-to-date: /home/bb/ros2_ws/install/acoustic_msg/lib/python3.9/site-packages/acoustic_msg/_acoustic_msg_s.ep.rosidl_typesupport_c.c
[18.319s] -- Up-to-date: /home/bb/ros2_ws/install/acoustic_msg/lib/python3.9/site-packages/acoustic_msg/_acoustic_msg_s.ep.rosidl_typesupport_introspection_c.c
[18.320s] -- Up-to-date: /home/bb/ros2_ws/install/acoustic_msg/lib/python3.9/site-packages/acoustic_msg/acoustic_msg_s__rosidl_typesupport_introspection_c.cpython-38-aarch64-linux-gnu.so
[18.323s] -- Up-to-date: /home/bb/ros2_ws/install/acoustic_msg/lib/python3.9/site-packages/acoustic_msg/_acoustic_msg_s.ep.rosidl_typesupport_fastrtps_c.c
[18.325s] -- Up-to-date: /home/bb/ros2_ws/install/acoustic_msg/lib/python3.9/site-packages/acoustic_msg/libacoustic_msg__rosidl_generator_py.so
[18.327s] -- Up-to-date: /home/bb/ros2_ws/install/acoustic_msg/lib/python3.9/site-packages/acoustic_msg/acoustic_msg_s__rosidl_typesupport_fastrtps_c.cpython-38-aarch64-linux-gnu.so
[18.329s] -- Up-to-date: /home/bb/ros2_ws/install/acoustic_msg/lib/python3.9/site-packages/acoustic_msg/acoustic_msg_s__rosidl_typesupport_c.cpython-38-aarch64-linux-gnu.so
[18.331s] -- Up-to-date: /home/bb/ros2_ws/install/acoustic_msg/lib/python3.9/site-packages/acoustic_msg/__init__.py
[18.333s] Listing '/home/bb/ros2_ws/install/acoustic_msg/lib/python3.9/site-packages/acoustic_msg'...
[18.336s] Listing '/home/bb/ros2_ws/install/acoustic_msg/lib/python3.9/site-packages/acoustic_msg/msg'...
[18.339s] -- Up-to-date: /home/bb/ros2_ws/install/acoustic_msg/lib/python3.9/site-packages/acoustic_msg/acoustic_msg_s__rosidl_typesupport_fastrtps_c.cpython-38-aarch64-linux-gnu.so
[18.340s] -- Up-to-date: /home/bb/ros2_ws/install/acoustic_msg/lib/python3.9/site-packages/acoustic_msg/acoustic_msg_s__rosidl_typesupport_introspection_c.cpython-38-aarch64-linux-gnu.so
[18.343s] -- Up-to-date: /home/bb/ros2_ws/install/acoustic_msg/lib/python3.9/site-packages/acoustic_msg/acoustic_msg_s__rosidl_typesupport_c.cpython-38-aarch64-linux-gnu.so
[18.343s] -- Up-to-date: /home/bb/ros2_ws/install/acoustic_msg/lib/libacoustic_msg__rosidl_generator_py.so
[18.345s] -- Up-to-date: /home/bb/ros2_ws/install/acoustic_msg/share/acoustic_msg/msg/Acoustic.idl
[18.346s] -- Up-to-date: /home/bb/ros2_ws/install/acoustic_msg/share/acoustic_msg/msg/Acoustic.msg
[18.349s] -- Up-to-date: /home/bb/ros2_ws/install/acoustic_msg/share/ament_index/resource_index/package_run_dependencies/acoustic_msg
[18.352s] -- Up-to-date: /home/bb/ros2_ws/install/acoustic_msg/share/ament_index/resource_index/parent_prefix_path/acoustic_msg
[18.354s] -- Up-to-date: /home/bb/ros2_ws/install/acoustic_msg/share/acoustic_msg/environment/ament_prefix_path.sh
[18.356s] -- Up-to-date: /home/bb/ros2_ws/install/acoustic_msg/share/acoustic_msg/environment/ament_prefix_path.dsv
[18.359s] -- Up-to-date: /home/bb/ros2_ws/install/acoustic_msg/share/acoustic_msg/environment/path.sh
[18.359s] -- Up-to-date: /home/bb/ros2_ws/install/acoustic_msg/share/acoustic_msg/environment/path.dsv
[18.360s] -- Up-to-date: /home/bb/ros2_ws/install/acoustic_msg/share/acoustic_msg/local_setup.bash
[18.363s] -- Up-to-date: /home/bb/ros2_ws/install/acoustic_msg/share/acoustic_msg/local_setup.sh
[18.367s] -- Up-to-date: /home/bb/ros2_ws/install/acoustic_msg/share/acoustic_msg/local_setup.zsh
[18.368s] -- Up-to-date: /home/bb/ros2_ws/install/acoustic_msg/share/acoustic_msg/local_setup.dsv
[18.370s] -- Installing: /home/bb/ros2_ws/install/acoustic_msg/share/acoustic_msg/package.dsv
[18.373s] -- Up-to-date: /home/bb/ros2_ws/install/acoustic_msg/share/ament_index/resource_index/packages/acoustic_msg
[18.374s] -- Up-to-date: /home/bb/ros2_ws/install/acoustic_msg/share/acoustic_msg/cmake/export_acoustic_msg__rosidl_generator_cExport.cmake
[18.375s] -- Up-to-date: /home/bb/ros2_ws/install/acoustic_msg/share/acoustic_msg/cmake/export_acoustic_msg__rosidl_generator_cExport-noconfig.cmake
[18.377s] -- Up-to-date: /home/bb/ros2_ws/install/acoustic_msg/share/acoustic_msg/cmake/export_acoustic_msg__rosidl_typesupport_fastrtps_cExport.cmake
[18.378s] -- Up-to-date: /home/bb/ros2_ws/install/acoustic_msg/share/acoustic_msg/cmake/export_acoustic_msg__rosidl_typesupport_fastrtps_cExport-noconfig.cmake
[18.380s] -- Up-to-date: /home/bb/ros2_ws/install/acoustic_msg/share/acoustic_msg/cmake/acoustic_msg__rosidl_typesupport_introspection_cExport.cmake
[18.381s] -- Up-to-date: /home/bb/ros2_ws/install/acoustic_msg/share/acoustic_msg/cmake/acoustic_msg__rosidl_typesupport_introspection_cExport-noconfig.cmake
[18.383s] -- Up-to-date: /home/bb/ros2_ws/install/acoustic_msg/share/acoustic_msg/cmake/acoustic_msg__rosidl_typesupport_cExport.cmake
[18.385s] -- Up-to-date: /home/bb/ros2_ws/install/acoustic_msg/share/acoustic_msg/cmake/acoustic_msg__rosidl_typesupport_cExport-noconfig.cmake
[18.387s] -- Up-to-date: /home/bb/ros2_ws/install/acoustic_msg/share/acoustic_msg/cmake/export_acoustic_msg__rosidl_generator_cppExport.cmake
[18.389s] -- Up-to-date: /home/bb/ros2_ws/install/acoustic_msg/share/acoustic_msg/cmake/export_acoustic_msg__rosidl_typesupport_fastrtps_cppExport.cmake
[18.390s] -- Up-to-date: /home/bb/ros2_ws/install/acoustic_msg/share/acoustic_msg/cmake/export_acoustic_msg__rosidl_typesupport_fastrtps_cppExport-noconfig.cmake
[18.390s] -- Up-to-date: /home/bb/ros2_ws/install/acoustic_msg/share/acoustic_msg/cmake/acoustic_msg__rosidl_typesupport_introspection_cppExport.cmake
[18.391s] -- Up-to-date: /home/bb/ros2_ws/install/acoustic_msg/share/acoustic_msg/cmake/acoustic_msg__rosidl_typesupport_introspection_cppExport-noconfig.cmake
[18.392s] -- Up-to-date: /home/bb/ros2_ws/install/acoustic_msg/share/acoustic_msg/cmake/acoustic_msg__rosidl_typesupport_cppExport.cmake
[18.392s] -- Up-to-date: /home/bb/ros2_ws/install/acoustic_msg/share/acoustic_msg/cmake/acoustic_msg__rosidl_typesupport_cppExport-noconfig.cmake
[18.393s] -- Up-to-date: /home/bb/ros2_ws/install/acoustic_msg/share/acoustic_msg/cmake/export_acoustic_msg__rosidl_generator_pyExport.cmake
[18.394s] -- Up-to-date: /home/bb/ros2_ws/install/acoustic_msg/share/acoustic_msg/cmake/export_acoustic_msg__rosidl_generator_pyExport-noconfig.cmake
[18.394s] -- Up-to-date: /home/bb/ros2_ws/install/acoustic_msg/share/acoustic_msg/cmake/rosidl_cmake-extras.cmake
[18.397s] -- Up-to-date: /home/bb/ros2_ws/install/acoustic_msg/share/acoustic_msg/cmake/ament_cmake_export_include_directories-extras.cmake
[18.398s] -- Up-to-date: /home/bb/ros2_ws/install/acoustic_msg/share/acoustic_msg/cmake/ament_cmake_export_libraries-extras.cmake
[18.399s] -- Up-to-date: /home/bb/ros2_ws/install/acoustic_msg/share/acoustic_msg/cmake/ament_cmake_export_targets-extras.cmake
[18.399s] -- Up-to-date: /home/bb/ros2_ws/install/acoustic_msg/share/acoustic_msg/cmake/rosidl_cmake_export_typesupport_targets-extras.cmake
[18.401s] -- Up-to-date: /home/bb/ros2_ws/install/acoustic_msg/share/acoustic_msg/cmake/ament_cmake_export_dependencies-extras.cmake
[18.402s] -- Up-to-date: /home/bb/ros2_ws/install/acoustic_msg/share/acoustic_msg/cmake/rosidl_cmake_export_typesupport_libraries-extras.cmake
[18.404s] -- Up-to-date: /home/bb/ros2_ws/install/acoustic_msg/share/acoustic_msg/cmake/acoustic_msgConfig.cmake
[18.405s] -- Up-to-date: /home/bb/ros2_ws/install/acoustic_msg/share/acoustic_msg/cmake/acoustic_msgConfig-version.cmake
[18.407s] -- Up-to-date: /home/bb/ros2_ws/install/acoustic_msg/share/acoustic_msg/package.xml
[19.145s] Invoked command in '/home/bb/ros2_ws/build/acoustic_msg' returned '0': CMAKE_PREFIX_PATH=${CMAKE_PREFIX_PATH}:/home/bb/ros2_ws/install/test141123:/home/bb/ros2_ws/install/imu_sensor:/home/bb/ros2_ws/install/depth_sensor:/home/bb/ros2_ws/install/acoustic_sensor:/home/bb/ros2_ws/install/IMU_sensor:/opt/ros/humble /usr/bin/cmake --install /home/bb/ros2_ws/build/acoustic_msg
