[10.583s] DEBUG:colcon:Command line arguments: ['/usr/bin/colcon', 'build', '--packages-select', 'IMU101223']
[10.584s] DEBUG:colcon:Parsed command line arguments: Namespace(allow_overriding=[], ament_cmake_args=None, base_paths=['.'], build_base='build', catkin_cmake_args=None, catkin_skip_building_tests=False, cmake_args=None, cmake_clean_cache=False, cmake_clean_first=False, cmake_force_configure=False, cmake_target=None, cmake_target_skip_unavailable=False, continue_on_error=False, event_handlers=None, executor='parallel', ignore_user_meta=False, install_base='install', log_base=None, log_level=None, main=<bound method BuildVerb.main of <colcon_core.verb.build.BuildVerb object at 0xffff8a27d0a0>>, merge_install=False, metas=['./colcon.meta'], packages_above=None, packages_above_and_dependencies=None, packages_above_depth=None, packages_end=None, packages_ignore=None, packages_ignore_regex=None, packages_select=['IMU101223'], packages_select_build_failed=False, packages_select_by_dep=None, packages_select_regex=None, packages_select_test_failures=False, packages_skip=None, packages_skip_build_finished=False, packages_skip_by_dep=None, packages_skip_regex=None, packages_skip_test_passed=False, packages_skip_up_to=None, packages_start=None, packages_up_to=None, packages_up_to_regex=None, parallel_workers=6, paths=None, symlink_install=False, test_result_base=None, verb_extension=<colcon_core.verb.build.BuildVerb object at 0xffff8a27d0a0>, verb_name='build', verb_parser=<colcon_defaults.argument_parser.defaults.DefaultArgumentsDecorator object at 0xffff8a0ae250>)
[11.080s] Level 1:colcon.colcon_core.package_discovery:discover_packages(colcon_meta) check parameters
[11.081s] Level 1:colcon.colcon_core.package_discovery:discover_packages(recursive) check parameters
[11.081s] Level 1:colcon.colcon_core.package_discovery:discover_packages(ignore) check parameters
[11.081s] Level 1:colcon.colcon_core.package_discovery:discover_packages(path) check parameters
[11.081s] Level 1:colcon.colcon_core.package_discovery:discover_packages(colcon_meta) discover
[11.082s] Level 1:colcon.colcon_core.package_discovery:discover_packages(recursive) discover
[11.082s] INFO:colcon.colcon_core.package_discovery:Crawling recursively for packages in '/home/bb/ros2_ws/src'
[11.082s] Level 1:colcon.colcon_core.package_identification:_identify(.) by extensions ['ignore', 'ignore_ament_install']
[11.083s] Level 1:colcon.colcon_core.package_identification:_identify(.) by extension 'ignore'
[11.083s] Level 1:colcon.colcon_core.package_identification:_identify(.) by extension 'ignore_ament_install'
[11.084s] Level 1:colcon.colcon_core.package_identification:_identify(.) by extensions ['colcon_pkg']
[11.084s] Level 1:colcon.colcon_core.package_identification:_identify(.) by extension 'colcon_pkg'
[11.084s] Level 1:colcon.colcon_core.package_identification:_identify(.) by extensions ['colcon_meta']
[11.084s] Level 1:colcon.colcon_core.package_identification:_identify(.) by extension 'colcon_meta'
[11.085s] Level 1:colcon.colcon_core.package_identification:_identify(.) by extensions ['ros']
[11.085s] Level 1:colcon.colcon_core.package_identification:_identify(.) by extension 'ros'
[11.146s] Level 1:colcon.colcon_core.package_identification:_identify(.) by extensions ['cmake', 'python']
[11.146s] Level 1:colcon.colcon_core.package_identification:_identify(.) by extension 'cmake'
[11.147s] Level 1:colcon.colcon_core.package_identification:_identify(.) by extension 'python'
[11.147s] Level 1:colcon.colcon_core.package_identification:_identify(.) by extensions ['python_setup_py']
[11.147s] Level 1:colcon.colcon_core.package_identification:_identify(.) by extension 'python_setup_py'
[11.148s] Level 1:colcon.colcon_core.package_identification:_identify(IMU101223) by extensions ['ignore', 'ignore_ament_install']
[11.148s] Level 1:colcon.colcon_core.package_identification:_identify(IMU101223) by extension 'ignore'
[11.149s] Level 1:colcon.colcon_core.package_identification:_identify(IMU101223) by extension 'ignore_ament_install'
[11.149s] Level 1:colcon.colcon_core.package_identification:_identify(IMU101223) by extensions ['colcon_pkg']
[11.149s] Level 1:colcon.colcon_core.package_identification:_identify(IMU101223) by extension 'colcon_pkg'
[11.150s] Level 1:colcon.colcon_core.package_identification:_identify(IMU101223) by extensions ['colcon_meta']
[11.150s] Level 1:colcon.colcon_core.package_identification:_identify(IMU101223) by extension 'colcon_meta'
[11.150s] Level 1:colcon.colcon_core.package_identification:_identify(IMU101223) by extensions ['ros']
[11.150s] Level 1:colcon.colcon_core.package_identification:_identify(IMU101223) by extension 'ros'
[11.164s] DEBUG:colcon.colcon_core.package_identification:Package 'IMU101223' with type 'ros.ament_python' and name 'test141123'
[11.164s] Level 1:colcon.colcon_core.package_identification:_identify(build) by extensions ['ignore', 'ignore_ament_install']
[11.165s] Level 1:colcon.colcon_core.package_identification:_identify(build) by extension 'ignore'
[11.165s] Level 1:colcon.colcon_core.package_identification:_identify(build) ignored
[11.166s] Level 1:colcon.colcon_core.package_identification:_identify(depth101223) by extensions ['ignore', 'ignore_ament_install']
[11.166s] Level 1:colcon.colcon_core.package_identification:_identify(depth101223) by extension 'ignore'
[11.167s] Level 1:colcon.colcon_core.package_identification:_identify(depth101223) by extension 'ignore_ament_install'
[11.167s] Level 1:colcon.colcon_core.package_identification:_identify(depth101223) by extensions ['colcon_pkg']
[11.167s] Level 1:colcon.colcon_core.package_identification:_identify(depth101223) by extension 'colcon_pkg'
[11.167s] Level 1:colcon.colcon_core.package_identification:_identify(depth101223) by extensions ['colcon_meta']
[11.168s] Level 1:colcon.colcon_core.package_identification:_identify(depth101223) by extension 'colcon_meta'
[11.168s] Level 1:colcon.colcon_core.package_identification:_identify(depth101223) by extensions ['ros']
[11.168s] Level 1:colcon.colcon_core.package_identification:_identify(depth101223) by extension 'ros'
[11.172s] DEBUG:colcon.colcon_core.package_identification:Package 'depth101223' with type 'ros.ament_python' and name 'test141123'
[11.172s] Level 1:colcon.colcon_core.package_identification:_identify(install) by extensions ['ignore', 'ignore_ament_install']
[11.173s] Level 1:colcon.colcon_core.package_identification:_identify(install) by extension 'ignore'
[11.173s] Level 1:colcon.colcon_core.package_identification:_identify(install) ignored
[11.174s] Level 1:colcon.colcon_core.package_identification:_identify(log) by extensions ['ignore', 'ignore_ament_install']
[11.174s] Level 1:colcon.colcon_core.package_identification:_identify(log) by extension 'ignore'
[11.174s] Level 1:colcon.colcon_core.package_identification:_identify(log) ignored
[11.175s] Level 1:colcon.colcon_core.package_discovery:discover_packages(recursive) using defaults
[11.175s] Level 1:colcon.colcon_core.package_discovery:discover_packages(ignore) discover
[11.175s] Level 1:colcon.colcon_core.package_discovery:discover_packages(ignore) using defaults
[11.175s] Level 1:colcon.colcon_core.package_discovery:discover_packages(path) discover
[11.175s] Level 1:colcon.colcon_core.package_discovery:discover_packages(path) using defaults
[11.352s] WARNING:colcon.colcon_core.package_selection:ignoring unknown package 'IMU101223' in --packages-select
[11.771s] INFO:colcon.colcon_core.package_selection:Skipping not selected package 'test141123' in 'IMU101223'
[11.772s] INFO:colcon.colcon_core.package_selection:Skipping not selected package 'test141123' in 'depth101223'
[12.110s] Level 1:colcon.colcon_core.package_discovery:discover_packages(prefix_path) check parameters
[12.111s] Level 1:colcon.colcon_core.package_discovery:discover_packages(prefix_path) discover
[12.457s] DEBUG:colcon.colcon_installed_package_information.package_discovery:Found 1 installed packages in /home/bb/ros2_ws/install
[12.635s] DEBUG:colcon.colcon_installed_package_information.package_discovery:Found 308 installed packages in /opt/ros/humble
[12.643s] Level 1:colcon.colcon_core.package_discovery:discover_packages(prefix_path) using defaults
[13.515s] INFO:colcon.colcon_core.executor:Executing jobs using 'parallel' executor
[13.689s] DEBUG:colcon.colcon_parallel_executor.executor.parallel:run_until_complete
[13.690s] DEBUG:colcon.colcon_parallel_executor.executor.parallel:closing loop
[13.691s] DEBUG:colcon.colcon_parallel_executor.executor.parallel:loop closed
[13.691s] DEBUG:colcon.colcon_parallel_executor.executor.parallel:run_until_complete finished with '0'
[13.692s] DEBUG:colcon.colcon_core.event_reactor:joining thread
[13.899s] INFO:colcon.colcon_core.plugin_system:Skipping extension 'colcon_notification.desktop_notification.terminal_notifier': Not used on non-Darwin systems
[13.899s] INFO:colcon.colcon_core.plugin_system:Skipping extension 'colcon_notification.desktop_notification.win32': Not used on non-Windows systems
[13.900s] INFO:colcon.colcon_notification.desktop_notification:Sending desktop notification using 'notify2'
[14.002s] DEBUG:colcon.colcon_core.event_reactor:joined thread
[14.191s] INFO:colcon.colcon_core.plugin_system:Skipping extension 'colcon_core.shell.bat': Not used on non-Windows systems
[14.192s] INFO:colcon.colcon_core.shell:Creating prefix script '/home/bb/ros2_ws/src/install/local_setup.ps1'
[14.197s] INFO:colcon.colcon_core.shell:Creating prefix util module '/home/bb/ros2_ws/src/install/_local_setup_util_ps1.py'
[14.204s] INFO:colcon.colcon_core.shell:Creating prefix chain script '/home/bb/ros2_ws/src/install/setup.ps1'
[14.382s] INFO:colcon.colcon_core.shell:Creating prefix script '/home/bb/ros2_ws/src/install/local_setup.sh'
[14.385s] INFO:colcon.colcon_core.shell:Creating prefix util module '/home/bb/ros2_ws/src/install/_local_setup_util_sh.py'
[14.388s] INFO:colcon.colcon_core.shell:Creating prefix chain script '/home/bb/ros2_ws/src/install/setup.sh'
[14.563s] INFO:colcon.colcon_core.shell:Creating prefix script '/home/bb/ros2_ws/src/install/local_setup.bash'
[14.565s] INFO:colcon.colcon_core.shell:Creating prefix chain script '/home/bb/ros2_ws/src/install/setup.bash'
[14.737s] INFO:colcon.colcon_core.shell:Creating prefix script '/home/bb/ros2_ws/src/install/local_setup.zsh'
[14.740s] INFO:colcon.colcon_core.shell:Creating prefix chain script '/home/bb/ros2_ws/src/install/setup.zsh'
