[5.175s] Invoking command in '/home/bb/ros2_ws/src/acoustic_sensor': PYTHONPATH=/home/bb/ros2_ws/build/acoustic_sensor/prefix_override:/home/bb/ros2_ws/install/acoustic_sensor/lib/python3.8/site-packages:${PYTHONPATH} /usr/bin/python3 setup.py egg_info --egg-base ../../build/acoustic_sensor build --build-base /home/bb/ros2_ws/build/acoustic_sensor/build install --record /home/bb/ros2_ws/build/acoustic_sensor/install.log --single-version-externally-managed
[6.394s] running egg_info
[6.396s] creating ../../build/acoustic_sensor/acoustic_sensor.egg-info
[6.397s] writing ../../build/acoustic_sensor/acoustic_sensor.egg-info/PKG-INFO
[6.399s] writing dependency_links to ../../build/acoustic_sensor/acoustic_sensor.egg-info/dependency_links.txt
[6.400s] writing entry points to ../../build/acoustic_sensor/acoustic_sensor.egg-info/entry_points.txt
[6.400s] writing requirements to ../../build/acoustic_sensor/acoustic_sensor.egg-info/requires.txt
[6.401s] writing top-level names to ../../build/acoustic_sensor/acoustic_sensor.egg-info/top_level.txt
[6.402s] writing manifest file '../../build/acoustic_sensor/acoustic_sensor.egg-info/SOURCES.txt'
[6.573s] reading manifest file '../../build/acoustic_sensor/acoustic_sensor.egg-info/SOURCES.txt'
[6.577s] writing manifest file '../../build/acoustic_sensor/acoustic_sensor.egg-info/SOURCES.txt'
[6.577s] running build
[6.578s] running build_py
[6.579s] creating /home/bb/ros2_ws/build/acoustic_sensor/build
[6.579s] creating /home/bb/ros2_ws/build/acoustic_sensor/build/lib
[6.580s] creating /home/bb/ros2_ws/build/acoustic_sensor/build/lib/acoustic_sensor
[6.580s] copying acoustic_sensor/publisher.py -> /home/bb/ros2_ws/build/acoustic_sensor/build/lib/acoustic_sensor
[6.581s] copying acoustic_sensor/__init__.py -> /home/bb/ros2_ws/build/acoustic_sensor/build/lib/acoustic_sensor
[6.581s] running install
[6.585s] running install_lib
[6.592s] running install_data
[6.594s] running install_egg_info
[6.602s] removing '/home/bb/ros2_ws/install/acoustic_sensor/lib/python3.8/site-packages/acoustic_sensor-0.0.0-py3.8.egg-info' (and everything under it)
[6.604s] Copying ../../build/acoustic_sensor/acoustic_sensor.egg-info to /home/bb/ros2_ws/install/acoustic_sensor/lib/python3.8/site-packages/acoustic_sensor-0.0.0-py3.8.egg-info
[6.610s] running install_scripts
[6.690s] Installing publisher script to /home/bb/ros2_ws/install/acoustic_sensor/lib/acoustic_sensor
[6.692s] writing list of installed files to '/home/bb/ros2_ws/build/acoustic_sensor/install.log'
[6.788s] Invoked command in '/home/bb/ros2_ws/src/acoustic_sensor' returned '0': PYTHONPATH=/home/bb/ros2_ws/build/acoustic_sensor/prefix_override:/home/bb/ros2_ws/install/acoustic_sensor/lib/python3.8/site-packages:${PYTHONPATH} /usr/bin/python3 setup.py egg_info --egg-base ../../build/acoustic_sensor build --build-base /home/bb/ros2_ws/build/acoustic_sensor/build install --record /home/bb/ros2_ws/build/acoustic_sensor/install.log --single-version-externally-managed
