[0.432s] Invoking command in '/home/pengxuan/hornet9/src/depth_sensor': PYTHONPATH=/home/pengxuan/hornet9/build/depth_sensor/prefix_override:/home/pengxuan/hornet9/install/depth_sensor/lib/python3.10/site-packages:${PYTHONPATH} /usr/bin/python3 setup.py egg_info --egg-base ../../build/depth_sensor build --build-base /home/pengxuan/hornet9/build/depth_sensor/build install --record /home/pengxuan/hornet9/build/depth_sensor/install.log --single-version-externally-managed
[0.574s] running egg_info
[0.574s] writing ../../build/depth_sensor/depth_sensor.egg-info/PKG-INFO
[0.574s] writing dependency_links to ../../build/depth_sensor/depth_sensor.egg-info/dependency_links.txt
[0.574s] writing entry points to ../../build/depth_sensor/depth_sensor.egg-info/entry_points.txt
[0.574s] writing requirements to ../../build/depth_sensor/depth_sensor.egg-info/requires.txt
[0.574s] writing top-level names to ../../build/depth_sensor/depth_sensor.egg-info/top_level.txt
[0.576s] reading manifest file '../../build/depth_sensor/depth_sensor.egg-info/SOURCES.txt'
[0.576s] writing manifest file '../../build/depth_sensor/depth_sensor.egg-info/SOURCES.txt'
[0.577s] running build
[0.577s] running build_py
[0.577s] copying depth_sensor/publisher.py -> /home/pengxuan/hornet9/build/depth_sensor/build/lib/depth_sensor
[0.578s] /usr/lib/python3/dist-packages/setuptools/command/install.py:34: SetuptoolsDeprecationWarning: setup.py install is deprecated. Use build and pip and other standards-based tools.
[0.578s]   warnings.warn(
[0.578s] running install
[0.578s] running install_lib
[0.578s] copying /home/pengxuan/hornet9/build/depth_sensor/build/lib/depth_sensor/publisher.py -> /home/pengxuan/hornet9/install/depth_sensor/lib/python3.10/site-packages/depth_sensor
[0.578s] byte-compiling /home/pengxuan/hornet9/install/depth_sensor/lib/python3.10/site-packages/depth_sensor/publisher.py to publisher.cpython-310.pyc
[0.579s] running install_data
[0.579s] running install_egg_info
[0.581s] removing '/home/pengxuan/hornet9/install/depth_sensor/lib/python3.10/site-packages/depth_sensor-0.0.0-py3.10.egg-info' (and everything under it)
[0.581s] Copying ../../build/depth_sensor/depth_sensor.egg-info to /home/pengxuan/hornet9/install/depth_sensor/lib/python3.10/site-packages/depth_sensor-0.0.0-py3.10.egg-info
[0.582s] running install_scripts
[0.600s] Installing publisher script to /home/pengxuan/hornet9/install/depth_sensor/lib/depth_sensor
[0.600s] writing list of installed files to '/home/pengxuan/hornet9/build/depth_sensor/install.log'
[0.644s] Invoked command in '/home/pengxuan/hornet9/src/depth_sensor' returned '0': PYTHONPATH=/home/pengxuan/hornet9/build/depth_sensor/prefix_override:/home/pengxuan/hornet9/install/depth_sensor/lib/python3.10/site-packages:${PYTHONPATH} /usr/bin/python3 setup.py egg_info --egg-base ../../build/depth_sensor build --build-base /home/pengxuan/hornet9/build/depth_sensor/build install --record /home/pengxuan/hornet9/build/depth_sensor/install.log --single-version-externally-managed
