[6.129s] Invoking command in '/home/bb/ros2_ws/src/imu_sensor': PYTHONPATH=/home/bb/ros2_ws/build/imu_sensor/prefix_override:/home/bb/ros2_ws/install/imu_sensor/lib/python3.8/site-packages:${PYTHONPATH} /usr/bin/python3 setup.py egg_info --egg-base ../../build/imu_sensor build --build-base /home/bb/ros2_ws/build/imu_sensor/build install --record /home/bb/ros2_ws/build/imu_sensor/install.log --single-version-externally-managed
[7.699s] running egg_info
[7.702s] writing ../../build/imu_sensor/imu_sensor.egg-info/PKG-INFO
[7.704s] writing dependency_links to ../../build/imu_sensor/imu_sensor.egg-info/dependency_links.txt
[7.705s] writing entry points to ../../build/imu_sensor/imu_sensor.egg-info/entry_points.txt
[7.706s] writing requirements to ../../build/imu_sensor/imu_sensor.egg-info/requires.txt
[7.707s] writing top-level names to ../../build/imu_sensor/imu_sensor.egg-info/top_level.txt
[7.904s] reading manifest file '../../build/imu_sensor/imu_sensor.egg-info/SOURCES.txt'
[7.910s] writing manifest file '../../build/imu_sensor/imu_sensor.egg-info/SOURCES.txt'
[7.911s] running build
[7.912s] running build_py
[7.913s] copying imu_sensor/publisher.py -> /home/bb/ros2_ws/build/imu_sensor/build/lib/imu_sensor
[7.914s] running install
[7.918s] running install_lib
[7.924s] copying /home/bb/ros2_ws/build/imu_sensor/build/lib/imu_sensor/publisher.py -> /home/bb/ros2_ws/install/imu_sensor/lib/python3.8/site-packages/imu_sensor
[7.929s] byte-compiling /home/bb/ros2_ws/install/imu_sensor/lib/python3.8/site-packages/imu_sensor/publisher.py to publisher.cpython-38.pyc
[7.937s] running install_data
[7.940s] running install_egg_info
[7.950s] removing '/home/bb/ros2_ws/install/imu_sensor/lib/python3.8/site-packages/imu_sensor-0.0.0-py3.8.egg-info' (and everything under it)
[7.952s] Copying ../../build/imu_sensor/imu_sensor.egg-info to /home/bb/ros2_ws/install/imu_sensor/lib/python3.8/site-packages/imu_sensor-0.0.0-py3.8.egg-info
[7.961s] running install_scripts
[8.058s] Installing publisher script to /home/bb/ros2_ws/install/imu_sensor/lib/imu_sensor
[8.059s] writing list of installed files to '/home/bb/ros2_ws/build/imu_sensor/install.log'
[8.185s] Invoked command in '/home/bb/ros2_ws/src/imu_sensor' returned '0': PYTHONPATH=/home/bb/ros2_ws/build/imu_sensor/prefix_override:/home/bb/ros2_ws/install/imu_sensor/lib/python3.8/site-packages:${PYTHONPATH} /usr/bin/python3 setup.py egg_info --egg-base ../../build/imu_sensor build --build-base /home/bb/ros2_ws/build/imu_sensor/build install --record /home/bb/ros2_ws/build/imu_sensor/install.log --single-version-externally-managed
