[10.687s] DEBUG:colcon:Command line arguments: ['/usr/bin/colcon', 'build']
[10.687s] DEBUG:colcon:Parsed command line arguments: Namespace(allow_overriding=[], ament_cmake_args=None, base_paths=['.'], build_base='build', catkin_cmake_args=None, catkin_skip_building_tests=False, cmake_args=None, cmake_clean_cache=False, cmake_clean_first=False, cmake_force_configure=False, cmake_target=None, cmake_target_skip_unavailable=False, continue_on_error=False, event_handlers=None, executor='parallel', ignore_user_meta=False, install_base='install', log_base=None, log_level=None, main=<bound method BuildVerb.main of <colcon_core.verb.build.BuildVerb object at 0xffffa62664f0>>, merge_install=False, metas=['./colcon.meta'], packages_above=None, packages_above_and_dependencies=None, packages_above_depth=None, packages_end=None, packages_ignore=None, packages_ignore_regex=None, packages_select=None, packages_select_build_failed=False, packages_select_by_dep=None, packages_select_regex=None, packages_select_test_failures=False, packages_skip=None, packages_skip_build_finished=False, packages_skip_by_dep=None, packages_skip_regex=None, packages_skip_test_passed=False, packages_skip_up_to=None, packages_start=None, packages_up_to=None, packages_up_to_regex=None, parallel_workers=6, paths=None, symlink_install=False, test_result_base=None, verb_extension=<colcon_core.verb.build.BuildVerb object at 0xffffa62664f0>, verb_name='build', verb_parser=<colcon_defaults.argument_parser.defaults.DefaultArgumentsDecorator object at 0xffffa5db1880>)
[11.171s] Level 1:colcon.colcon_core.package_discovery:discover_packages(colcon_meta) check parameters
[11.172s] Level 1:colcon.colcon_core.package_discovery:discover_packages(recursive) check parameters
[11.172s] Level 1:colcon.colcon_core.package_discovery:discover_packages(ignore) check parameters
[11.172s] Level 1:colcon.colcon_core.package_discovery:discover_packages(path) check parameters
[11.173s] Level 1:colcon.colcon_core.package_discovery:discover_packages(colcon_meta) discover
[11.173s] Level 1:colcon.colcon_core.package_discovery:discover_packages(recursive) discover
[11.173s] INFO:colcon.colcon_core.package_discovery:Crawling recursively for packages in '/home/bb/ros2_ws'
[11.174s] Level 1:colcon.colcon_core.package_identification:_identify(.) by extensions ['ignore', 'ignore_ament_install']
[11.174s] Level 1:colcon.colcon_core.package_identification:_identify(.) by extension 'ignore'
[11.174s] Level 1:colcon.colcon_core.package_identification:_identify(.) by extension 'ignore_ament_install'
[11.175s] Level 1:colcon.colcon_core.package_identification:_identify(.) by extensions ['colcon_pkg']
[11.175s] Level 1:colcon.colcon_core.package_identification:_identify(.) by extension 'colcon_pkg'
[11.175s] Level 1:colcon.colcon_core.package_identification:_identify(.) by extensions ['colcon_meta']
[11.175s] Level 1:colcon.colcon_core.package_identification:_identify(.) by extension 'colcon_meta'
[11.176s] Level 1:colcon.colcon_core.package_identification:_identify(.) by extensions ['ros']
[11.176s] Level 1:colcon.colcon_core.package_identification:_identify(.) by extension 'ros'
[11.231s] Level 1:colcon.colcon_core.package_identification:_identify(.) by extensions ['cmake', 'python']
[11.231s] Level 1:colcon.colcon_core.package_identification:_identify(.) by extension 'cmake'
[11.231s] Level 1:colcon.colcon_core.package_identification:_identify(.) by extension 'python'
[11.232s] Level 1:colcon.colcon_core.package_identification:_identify(.) by extensions ['python_setup_py']
[11.232s] Level 1:colcon.colcon_core.package_identification:_identify(.) by extension 'python_setup_py'
[11.232s] Level 1:colcon.colcon_core.package_identification:_identify(build) by extensions ['ignore', 'ignore_ament_install']
[11.233s] Level 1:colcon.colcon_core.package_identification:_identify(build) by extension 'ignore'
[11.233s] Level 1:colcon.colcon_core.package_identification:_identify(build) ignored
[11.234s] Level 1:colcon.colcon_core.package_identification:_identify(install) by extensions ['ignore', 'ignore_ament_install']
[11.234s] Level 1:colcon.colcon_core.package_identification:_identify(install) by extension 'ignore'
[11.234s] Level 1:colcon.colcon_core.package_identification:_identify(install) ignored
[11.235s] Level 1:colcon.colcon_core.package_identification:_identify(log) by extensions ['ignore', 'ignore_ament_install']
[11.236s] Level 1:colcon.colcon_core.package_identification:_identify(log) by extension 'ignore'
[11.236s] Level 1:colcon.colcon_core.package_identification:_identify(log) ignored
[11.236s] Level 1:colcon.colcon_core.package_identification:_identify(src) by extensions ['ignore', 'ignore_ament_install']
[11.237s] Level 1:colcon.colcon_core.package_identification:_identify(src) by extension 'ignore'
[11.237s] Level 1:colcon.colcon_core.package_identification:_identify(src) by extension 'ignore_ament_install'
[11.237s] Level 1:colcon.colcon_core.package_identification:_identify(src) by extensions ['colcon_pkg']
[11.238s] Level 1:colcon.colcon_core.package_identification:_identify(src) by extension 'colcon_pkg'
[11.238s] Level 1:colcon.colcon_core.package_identification:_identify(src) by extensions ['colcon_meta']
[11.238s] Level 1:colcon.colcon_core.package_identification:_identify(src) by extension 'colcon_meta'
[11.238s] Level 1:colcon.colcon_core.package_identification:_identify(src) by extensions ['ros']
[11.238s] Level 1:colcon.colcon_core.package_identification:_identify(src) by extension 'ros'
[11.239s] Level 1:colcon.colcon_core.package_identification:_identify(src) by extensions ['cmake', 'python']
[11.239s] Level 1:colcon.colcon_core.package_identification:_identify(src) by extension 'cmake'
[11.239s] Level 1:colcon.colcon_core.package_identification:_identify(src) by extension 'python'
[11.239s] Level 1:colcon.colcon_core.package_identification:_identify(src) by extensions ['python_setup_py']
[11.240s] Level 1:colcon.colcon_core.package_identification:_identify(src) by extension 'python_setup_py'
[11.240s] Level 1:colcon.colcon_core.package_identification:_identify(src/acoustic_msg) by extensions ['ignore', 'ignore_ament_install']
[11.241s] Level 1:colcon.colcon_core.package_identification:_identify(src/acoustic_msg) by extension 'ignore'
[11.241s] Level 1:colcon.colcon_core.package_identification:_identify(src/acoustic_msg) by extension 'ignore_ament_install'
[11.241s] Level 1:colcon.colcon_core.package_identification:_identify(src/acoustic_msg) by extensions ['colcon_pkg']
[11.241s] Level 1:colcon.colcon_core.package_identification:_identify(src/acoustic_msg) by extension 'colcon_pkg'
[11.242s] Level 1:colcon.colcon_core.package_identification:_identify(src/acoustic_msg) by extensions ['colcon_meta']
[11.242s] Level 1:colcon.colcon_core.package_identification:_identify(src/acoustic_msg) by extension 'colcon_meta'
[11.242s] Level 1:colcon.colcon_core.package_identification:_identify(src/acoustic_msg) by extensions ['ros']
[11.242s] Level 1:colcon.colcon_core.package_identification:_identify(src/acoustic_msg) by extension 'ros'
[11.255s] DEBUG:colcon.colcon_core.package_identification:Package 'src/acoustic_msg' with type 'ros.ament_cmake' and name 'acoustic_msg'
[11.256s] Level 1:colcon.colcon_core.package_identification:_identify(src/acoustic_sensor) by extensions ['ignore', 'ignore_ament_install']
[11.256s] Level 1:colcon.colcon_core.package_identification:_identify(src/acoustic_sensor) by extension 'ignore'
[11.257s] Level 1:colcon.colcon_core.package_identification:_identify(src/acoustic_sensor) by extension 'ignore_ament_install'
[11.257s] Level 1:colcon.colcon_core.package_identification:_identify(src/acoustic_sensor) by extensions ['colcon_pkg']
[11.257s] Level 1:colcon.colcon_core.package_identification:_identify(src/acoustic_sensor) by extension 'colcon_pkg'
[11.257s] Level 1:colcon.colcon_core.package_identification:_identify(src/acoustic_sensor) by extensions ['colcon_meta']
[11.258s] Level 1:colcon.colcon_core.package_identification:_identify(src/acoustic_sensor) by extension 'colcon_meta'
[11.258s] Level 1:colcon.colcon_core.package_identification:_identify(src/acoustic_sensor) by extensions ['ros']
[11.258s] Level 1:colcon.colcon_core.package_identification:_identify(src/acoustic_sensor) by extension 'ros'
[11.260s] DEBUG:colcon.colcon_core.package_identification:Package 'src/acoustic_sensor' with type 'ros.ament_python' and name 'acoustic_sensor'
[11.261s] Level 1:colcon.colcon_core.package_identification:_identify(src/bring_up) by extensions ['ignore', 'ignore_ament_install']
[11.261s] Level 1:colcon.colcon_core.package_identification:_identify(src/bring_up) by extension 'ignore'
[11.262s] Level 1:colcon.colcon_core.package_identification:_identify(src/bring_up) by extension 'ignore_ament_install'
[11.262s] Level 1:colcon.colcon_core.package_identification:_identify(src/bring_up) by extensions ['colcon_pkg']
[11.262s] Level 1:colcon.colcon_core.package_identification:_identify(src/bring_up) by extension 'colcon_pkg'
[11.262s] Level 1:colcon.colcon_core.package_identification:_identify(src/bring_up) by extensions ['colcon_meta']
[11.263s] Level 1:colcon.colcon_core.package_identification:_identify(src/bring_up) by extension 'colcon_meta'
[11.263s] Level 1:colcon.colcon_core.package_identification:_identify(src/bring_up) by extensions ['ros']
[11.263s] Level 1:colcon.colcon_core.package_identification:_identify(src/bring_up) by extension 'ros'
[11.265s] DEBUG:colcon.colcon_core.package_identification:Package 'src/bring_up' with type 'ros.ament_cmake' and name 'bring_up'
[11.266s] Level 1:colcon.colcon_core.package_identification:_identify(src/depth_sensor) by extensions ['ignore', 'ignore_ament_install']
[11.266s] Level 1:colcon.colcon_core.package_identification:_identify(src/depth_sensor) by extension 'ignore'
[11.267s] Level 1:colcon.colcon_core.package_identification:_identify(src/depth_sensor) by extension 'ignore_ament_install'
[11.267s] Level 1:colcon.colcon_core.package_identification:_identify(src/depth_sensor) by extensions ['colcon_pkg']
[11.267s] Level 1:colcon.colcon_core.package_identification:_identify(src/depth_sensor) by extension 'colcon_pkg'
[11.267s] Level 1:colcon.colcon_core.package_identification:_identify(src/depth_sensor) by extensions ['colcon_meta']
[11.268s] Level 1:colcon.colcon_core.package_identification:_identify(src/depth_sensor) by extension 'colcon_meta'
[11.268s] Level 1:colcon.colcon_core.package_identification:_identify(src/depth_sensor) by extensions ['ros']
[11.268s] Level 1:colcon.colcon_core.package_identification:_identify(src/depth_sensor) by extension 'ros'
[11.270s] DEBUG:colcon.colcon_core.package_identification:Package 'src/depth_sensor' with type 'ros.ament_python' and name 'depth_sensor'
[11.271s] Level 1:colcon.colcon_core.package_identification:_identify(src/imu_sensor) by extensions ['ignore', 'ignore_ament_install']
[11.271s] Level 1:colcon.colcon_core.package_identification:_identify(src/imu_sensor) by extension 'ignore'
[11.271s] Level 1:colcon.colcon_core.package_identification:_identify(src/imu_sensor) by extension 'ignore_ament_install'
[11.272s] Level 1:colcon.colcon_core.package_identification:_identify(src/imu_sensor) by extensions ['colcon_pkg']
[11.272s] Level 1:colcon.colcon_core.package_identification:_identify(src/imu_sensor) by extension 'colcon_pkg'
[11.272s] Level 1:colcon.colcon_core.package_identification:_identify(src/imu_sensor) by extensions ['colcon_meta']
[11.272s] Level 1:colcon.colcon_core.package_identification:_identify(src/imu_sensor) by extension 'colcon_meta'
[11.273s] Level 1:colcon.colcon_core.package_identification:_identify(src/imu_sensor) by extensions ['ros']
[11.273s] Level 1:colcon.colcon_core.package_identification:_identify(src/imu_sensor) by extension 'ros'
[11.275s] DEBUG:colcon.colcon_core.package_identification:Package 'src/imu_sensor' with type 'ros.ament_python' and name 'imu_sensor'
[11.275s] Level 1:colcon.colcon_core.package_identification:_identify(src/linear_acceleration_msg) by extensions ['ignore', 'ignore_ament_install']
[11.276s] Level 1:colcon.colcon_core.package_identification:_identify(src/linear_acceleration_msg) by extension 'ignore'
[11.276s] Level 1:colcon.colcon_core.package_identification:_identify(src/linear_acceleration_msg) by extension 'ignore_ament_install'
[11.277s] Level 1:colcon.colcon_core.package_identification:_identify(src/linear_acceleration_msg) by extensions ['colcon_pkg']
[11.277s] Level 1:colcon.colcon_core.package_identification:_identify(src/linear_acceleration_msg) by extension 'colcon_pkg'
[11.277s] Level 1:colcon.colcon_core.package_identification:_identify(src/linear_acceleration_msg) by extensions ['colcon_meta']
[11.277s] Level 1:colcon.colcon_core.package_identification:_identify(src/linear_acceleration_msg) by extension 'colcon_meta'
[11.277s] Level 1:colcon.colcon_core.package_identification:_identify(src/linear_acceleration_msg) by extensions ['ros']
[11.278s] Level 1:colcon.colcon_core.package_identification:_identify(src/linear_acceleration_msg) by extension 'ros'
[11.280s] DEBUG:colcon.colcon_core.package_identification:Package 'src/linear_acceleration_msg' with type 'ros.ament_cmake' and name 'linear_acceleration_msg'
[11.281s] Level 1:colcon.colcon_core.package_discovery:discover_packages(recursive) using defaults
[11.281s] Level 1:colcon.colcon_core.package_discovery:discover_packages(ignore) discover
[11.281s] Level 1:colcon.colcon_core.package_discovery:discover_packages(ignore) using defaults
[11.281s] Level 1:colcon.colcon_core.package_discovery:discover_packages(path) discover
[11.281s] Level 1:colcon.colcon_core.package_discovery:discover_packages(path) using defaults
[12.226s] Level 1:colcon.colcon_core.package_discovery:discover_packages(prefix_path) check parameters
[12.227s] Level 1:colcon.colcon_core.package_discovery:discover_packages(prefix_path) discover
[12.583s] DEBUG:colcon.colcon_installed_package_information.package_discovery:Found 11 installed packages in /home/bb/ros2_ws/install
[12.766s] DEBUG:colcon.colcon_installed_package_information.package_discovery:Found 309 installed packages in /opt/ros/humble
[12.774s] Level 1:colcon.colcon_core.package_discovery:discover_packages(prefix_path) using defaults
[13.614s] Level 5:colcon.colcon_core.verb:set package 'acoustic_msg' build argument 'cmake_args' from command line to 'None'
[13.615s] Level 5:colcon.colcon_core.verb:set package 'acoustic_msg' build argument 'cmake_target' from command line to 'None'
[13.615s] Level 5:colcon.colcon_core.verb:set package 'acoustic_msg' build argument 'cmake_target_skip_unavailable' from command line to 'False'
[13.615s] Level 5:colcon.colcon_core.verb:set package 'acoustic_msg' build argument 'cmake_clean_cache' from command line to 'False'
[13.615s] Level 5:colcon.colcon_core.verb:set package 'acoustic_msg' build argument 'cmake_clean_first' from command line to 'False'
[13.615s] Level 5:colcon.colcon_core.verb:set package 'acoustic_msg' build argument 'cmake_force_configure' from command line to 'False'
[13.616s] Level 5:colcon.colcon_core.verb:set package 'acoustic_msg' build argument 'ament_cmake_args' from command line to 'None'
[13.616s] Level 5:colcon.colcon_core.verb:set package 'acoustic_msg' build argument 'catkin_cmake_args' from command line to 'None'
[13.616s] Level 5:colcon.colcon_core.verb:set package 'acoustic_msg' build argument 'catkin_skip_building_tests' from command line to 'False'
[13.616s] DEBUG:colcon.colcon_core.verb:Building package 'acoustic_msg' with the following arguments: {'ament_cmake_args': None, 'build_base': '/home/bb/ros2_ws/build/acoustic_msg', 'catkin_cmake_args': None, 'catkin_skip_building_tests': False, 'cmake_args': None, 'cmake_clean_cache': False, 'cmake_clean_first': False, 'cmake_force_configure': False, 'cmake_target': None, 'cmake_target_skip_unavailable': False, 'install_base': '/home/bb/ros2_ws/install/acoustic_msg', 'merge_install': False, 'path': '/home/bb/ros2_ws/src/acoustic_msg', 'symlink_install': False, 'test_result_base': None}
[13.790s] Level 5:colcon.colcon_core.verb:set package 'acoustic_sensor' build argument 'cmake_args' from command line to 'None'
[13.791s] Level 5:colcon.colcon_core.verb:set package 'acoustic_sensor' build argument 'cmake_target' from command line to 'None'
[13.791s] Level 5:colcon.colcon_core.verb:set package 'acoustic_sensor' build argument 'cmake_target_skip_unavailable' from command line to 'False'
[13.791s] Level 5:colcon.colcon_core.verb:set package 'acoustic_sensor' build argument 'cmake_clean_cache' from command line to 'False'
[13.791s] Level 5:colcon.colcon_core.verb:set package 'acoustic_sensor' build argument 'cmake_clean_first' from command line to 'False'
[13.791s] Level 5:colcon.colcon_core.verb:set package 'acoustic_sensor' build argument 'cmake_force_configure' from command line to 'False'
[13.792s] Level 5:colcon.colcon_core.verb:set package 'acoustic_sensor' build argument 'ament_cmake_args' from command line to 'None'
[13.792s] Level 5:colcon.colcon_core.verb:set package 'acoustic_sensor' build argument 'catkin_cmake_args' from command line to 'None'
[13.792s] Level 5:colcon.colcon_core.verb:set package 'acoustic_sensor' build argument 'catkin_skip_building_tests' from command line to 'False'
[13.792s] DEBUG:colcon.colcon_core.verb:Building package 'acoustic_sensor' with the following arguments: {'ament_cmake_args': None, 'build_base': '/home/bb/ros2_ws/build/acoustic_sensor', 'catkin_cmake_args': None, 'catkin_skip_building_tests': False, 'cmake_args': None, 'cmake_clean_cache': False, 'cmake_clean_first': False, 'cmake_force_configure': False, 'cmake_target': None, 'cmake_target_skip_unavailable': False, 'install_base': '/home/bb/ros2_ws/install/acoustic_sensor', 'merge_install': False, 'path': '/home/bb/ros2_ws/src/acoustic_sensor', 'symlink_install': False, 'test_result_base': None}
[13.965s] Level 5:colcon.colcon_core.verb:set package 'depth_sensor' build argument 'cmake_args' from command line to 'None'
[13.965s] Level 5:colcon.colcon_core.verb:set package 'depth_sensor' build argument 'cmake_target' from command line to 'None'
[13.966s] Level 5:colcon.colcon_core.verb:set package 'depth_sensor' build argument 'cmake_target_skip_unavailable' from command line to 'False'
[13.966s] Level 5:colcon.colcon_core.verb:set package 'depth_sensor' build argument 'cmake_clean_cache' from command line to 'False'
[13.966s] Level 5:colcon.colcon_core.verb:set package 'depth_sensor' build argument 'cmake_clean_first' from command line to 'False'
[13.966s] Level 5:colcon.colcon_core.verb:set package 'depth_sensor' build argument 'cmake_force_configure' from command line to 'False'
[13.966s] Level 5:colcon.colcon_core.verb:set package 'depth_sensor' build argument 'ament_cmake_args' from command line to 'None'
[13.966s] Level 5:colcon.colcon_core.verb:set package 'depth_sensor' build argument 'catkin_cmake_args' from command line to 'None'
[13.967s] Level 5:colcon.colcon_core.verb:set package 'depth_sensor' build argument 'catkin_skip_building_tests' from command line to 'False'
[13.967s] DEBUG:colcon.colcon_core.verb:Building package 'depth_sensor' with the following arguments: {'ament_cmake_args': None, 'build_base': '/home/bb/ros2_ws/build/depth_sensor', 'catkin_cmake_args': None, 'catkin_skip_building_tests': False, 'cmake_args': None, 'cmake_clean_cache': False, 'cmake_clean_first': False, 'cmake_force_configure': False, 'cmake_target': None, 'cmake_target_skip_unavailable': False, 'install_base': '/home/bb/ros2_ws/install/depth_sensor', 'merge_install': False, 'path': '/home/bb/ros2_ws/src/depth_sensor', 'symlink_install': False, 'test_result_base': None}
[14.139s] Level 5:colcon.colcon_core.verb:set package 'imu_sensor' build argument 'cmake_args' from command line to 'None'
[14.139s] Level 5:colcon.colcon_core.verb:set package 'imu_sensor' build argument 'cmake_target' from command line to 'None'
[14.140s] Level 5:colcon.colcon_core.verb:set package 'imu_sensor' build argument 'cmake_target_skip_unavailable' from command line to 'False'
[14.140s] Level 5:colcon.colcon_core.verb:set package 'imu_sensor' build argument 'cmake_clean_cache' from command line to 'False'
[14.140s] Level 5:colcon.colcon_core.verb:set package 'imu_sensor' build argument 'cmake_clean_first' from command line to 'False'
[14.140s] Level 5:colcon.colcon_core.verb:set package 'imu_sensor' build argument 'cmake_force_configure' from command line to 'False'
[14.140s] Level 5:colcon.colcon_core.verb:set package 'imu_sensor' build argument 'ament_cmake_args' from command line to 'None'
[14.141s] Level 5:colcon.colcon_core.verb:set package 'imu_sensor' build argument 'catkin_cmake_args' from command line to 'None'
[14.141s] Level 5:colcon.colcon_core.verb:set package 'imu_sensor' build argument 'catkin_skip_building_tests' from command line to 'False'
[14.141s] DEBUG:colcon.colcon_core.verb:Building package 'imu_sensor' with the following arguments: {'ament_cmake_args': None, 'build_base': '/home/bb/ros2_ws/build/imu_sensor', 'catkin_cmake_args': None, 'catkin_skip_building_tests': False, 'cmake_args': None, 'cmake_clean_cache': False, 'cmake_clean_first': False, 'cmake_force_configure': False, 'cmake_target': None, 'cmake_target_skip_unavailable': False, 'install_base': '/home/bb/ros2_ws/install/imu_sensor', 'merge_install': False, 'path': '/home/bb/ros2_ws/src/imu_sensor', 'symlink_install': False, 'test_result_base': None}
[14.313s] Level 5:colcon.colcon_core.verb:set package 'linear_acceleration_msg' build argument 'cmake_args' from command line to 'None'
[14.313s] Level 5:colcon.colcon_core.verb:set package 'linear_acceleration_msg' build argument 'cmake_target' from command line to 'None'
[14.313s] Level 5:colcon.colcon_core.verb:set package 'linear_acceleration_msg' build argument 'cmake_target_skip_unavailable' from command line to 'False'
[14.313s] Level 5:colcon.colcon_core.verb:set package 'linear_acceleration_msg' build argument 'cmake_clean_cache' from command line to 'False'
[14.314s] Level 5:colcon.colcon_core.verb:set package 'linear_acceleration_msg' build argument 'cmake_clean_first' from command line to 'False'
[14.314s] Level 5:colcon.colcon_core.verb:set package 'linear_acceleration_msg' build argument 'cmake_force_configure' from command line to 'False'
[14.314s] Level 5:colcon.colcon_core.verb:set package 'linear_acceleration_msg' build argument 'ament_cmake_args' from command line to 'None'
[14.314s] Level 5:colcon.colcon_core.verb:set package 'linear_acceleration_msg' build argument 'catkin_cmake_args' from command line to 'None'
[14.314s] Level 5:colcon.colcon_core.verb:set package 'linear_acceleration_msg' build argument 'catkin_skip_building_tests' from command line to 'False'
[14.315s] DEBUG:colcon.colcon_core.verb:Building package 'linear_acceleration_msg' with the following arguments: {'ament_cmake_args': None, 'build_base': '/home/bb/ros2_ws/build/linear_acceleration_msg', 'catkin_cmake_args': None, 'catkin_skip_building_tests': False, 'cmake_args': None, 'cmake_clean_cache': False, 'cmake_clean_first': False, 'cmake_force_configure': False, 'cmake_target': None, 'cmake_target_skip_unavailable': False, 'install_base': '/home/bb/ros2_ws/install/linear_acceleration_msg', 'merge_install': False, 'path': '/home/bb/ros2_ws/src/linear_acceleration_msg', 'symlink_install': False, 'test_result_base': None}
[14.486s] Level 5:colcon.colcon_core.verb:set package 'bring_up' build argument 'cmake_args' from command line to 'None'
[14.486s] Level 5:colcon.colcon_core.verb:set package 'bring_up' build argument 'cmake_target' from command line to 'None'
[14.487s] Level 5:colcon.colcon_core.verb:set package 'bring_up' build argument 'cmake_target_skip_unavailable' from command line to 'False'
[14.487s] Level 5:colcon.colcon_core.verb:set package 'bring_up' build argument 'cmake_clean_cache' from command line to 'False'
[14.487s] Level 5:colcon.colcon_core.verb:set package 'bring_up' build argument 'cmake_clean_first' from command line to 'False'
[14.487s] Level 5:colcon.colcon_core.verb:set package 'bring_up' build argument 'cmake_force_configure' from command line to 'False'
[14.487s] Level 5:colcon.colcon_core.verb:set package 'bring_up' build argument 'ament_cmake_args' from command line to 'None'
[14.487s] Level 5:colcon.colcon_core.verb:set package 'bring_up' build argument 'catkin_cmake_args' from command line to 'None'
[14.487s] Level 5:colcon.colcon_core.verb:set package 'bring_up' build argument 'catkin_skip_building_tests' from command line to 'False'
[14.488s] DEBUG:colcon.colcon_core.verb:Building package 'bring_up' with the following arguments: {'ament_cmake_args': None, 'build_base': '/home/bb/ros2_ws/build/bring_up', 'catkin_cmake_args': None, 'catkin_skip_building_tests': False, 'cmake_args': None, 'cmake_clean_cache': False, 'cmake_clean_first': False, 'cmake_force_configure': False, 'cmake_target': None, 'cmake_target_skip_unavailable': False, 'install_base': '/home/bb/ros2_ws/install/bring_up', 'merge_install': False, 'path': '/home/bb/ros2_ws/src/bring_up', 'symlink_install': False, 'test_result_base': None}
[14.657s] INFO:colcon.colcon_core.executor:Executing jobs using 'parallel' executor
[14.832s] DEBUG:colcon.colcon_parallel_executor.executor.parallel:run_until_complete
[14.834s] INFO:colcon.colcon_ros.task.ament_python.build:Building ROS package in '/home/bb/ros2_ws/src/acoustic_sensor' with build type 'ament_python'
[14.835s] Level 1:colcon.colcon_core.shell:create_environment_hook('acoustic_sensor', 'ament_prefix_path')
[15.036s] INFO:colcon.colcon_core.plugin_system:Skipping extension 'colcon_core.shell.bat': Not used on non-Windows systems
[15.037s] INFO:colcon.colcon_core.shell:Creating environment hook '/home/bb/ros2_ws/install/acoustic_sensor/share/acoustic_sensor/hook/ament_prefix_path.ps1'
[15.040s] INFO:colcon.colcon_core.shell:Creating environment descriptor '/home/bb/ros2_ws/install/acoustic_sensor/share/acoustic_sensor/hook/ament_prefix_path.dsv'
[15.042s] INFO:colcon.colcon_core.shell:Creating environment hook '/home/bb/ros2_ws/install/acoustic_sensor/share/acoustic_sensor/hook/ament_prefix_path.sh'
[15.224s] INFO:colcon.colcon_core.shell:Skip shell extension 'powershell' for command environment: Not usable outside of PowerShell
[15.225s] DEBUG:colcon.colcon_core.shell:Skip shell extension 'dsv' for command environment
[15.794s] INFO:colcon.colcon_ros.task.ament_python.build:Building ROS package in '/home/bb/ros2_ws/src/depth_sensor' with build type 'ament_python'
[15.798s] Level 1:colcon.colcon_core.shell:create_environment_hook('depth_sensor', 'ament_prefix_path')
[15.994s] INFO:colcon.colcon_core.shell:Creating environment hook '/home/bb/ros2_ws/install/depth_sensor/share/depth_sensor/hook/ament_prefix_path.ps1'
[15.997s] INFO:colcon.colcon_core.shell:Creating environment descriptor '/home/bb/ros2_ws/install/depth_sensor/share/depth_sensor/hook/ament_prefix_path.dsv'
[15.999s] INFO:colcon.colcon_core.shell:Creating environment hook '/home/bb/ros2_ws/install/depth_sensor/share/depth_sensor/hook/ament_prefix_path.sh'
[16.180s] INFO:colcon.colcon_core.shell:Skip shell extension 'powershell' for command environment: Not usable outside of PowerShell
[16.181s] DEBUG:colcon.colcon_core.shell:Skip shell extension 'dsv' for command environment
[16.774s] INFO:colcon.colcon_ros.task.ament_python.build:Building ROS package in '/home/bb/ros2_ws/src/imu_sensor' with build type 'ament_python'
[16.777s] Level 1:colcon.colcon_core.shell:create_environment_hook('imu_sensor', 'ament_prefix_path')
[16.991s] INFO:colcon.colcon_core.shell:Creating environment hook '/home/bb/ros2_ws/install/imu_sensor/share/imu_sensor/hook/ament_prefix_path.ps1'
[16.995s] INFO:colcon.colcon_core.shell:Creating environment descriptor '/home/bb/ros2_ws/install/imu_sensor/share/imu_sensor/hook/ament_prefix_path.dsv'
[16.997s] INFO:colcon.colcon_core.shell:Creating environment hook '/home/bb/ros2_ws/install/imu_sensor/share/imu_sensor/hook/ament_prefix_path.sh'
[17.184s] INFO:colcon.colcon_core.shell:Skip shell extension 'powershell' for command environment: Not usable outside of PowerShell
[17.184s] DEBUG:colcon.colcon_core.shell:Skip shell extension 'dsv' for command environment
[17.767s] INFO:colcon.colcon_ros.task.ament_cmake.build:Building ROS package in '/home/bb/ros2_ws/src/acoustic_msg' with build type 'ament_cmake'
[17.770s] INFO:colcon.colcon_cmake.task.cmake.build:Building CMake package in '/home/bb/ros2_ws/src/acoustic_msg'
[17.969s] INFO:colcon.colcon_core.shell:Skip shell extension 'powershell' for command environment: Not usable outside of PowerShell
[17.969s] DEBUG:colcon.colcon_core.shell:Skip shell extension 'dsv' for command environment
[18.549s] INFO:colcon.colcon_ros.task.ament_cmake.build:Building ROS package in '/home/bb/ros2_ws/src/linear_acceleration_msg' with build type 'ament_cmake'
[18.552s] INFO:colcon.colcon_cmake.task.cmake.build:Building CMake package in '/home/bb/ros2_ws/src/linear_acceleration_msg'
[18.751s] INFO:colcon.colcon_core.shell:Skip shell extension 'powershell' for command environment: Not usable outside of PowerShell
[18.752s] DEBUG:colcon.colcon_core.shell:Skip shell extension 'dsv' for command environment
[20.633s] INFO:colcon.colcon_core.task.python.build:Building Python package in '/home/bb/ros2_ws/src/acoustic_sensor'
[20.895s] INFO:colcon.colcon_core.shell:Skip shell extension 'powershell' for command environment: Not usable outside of PowerShell
[20.896s] DEBUG:colcon.colcon_core.shell:Skip shell extension 'dsv' for command environment
[22.797s] INFO:colcon.colcon_core.task.python.build:Building Python package in '/home/bb/ros2_ws/src/depth_sensor'
[22.999s] INFO:colcon.colcon_core.shell:Skip shell extension 'powershell' for command environment: Not usable outside of PowerShell
[22.999s] DEBUG:colcon.colcon_core.shell:Skip shell extension 'dsv' for command environment
[24.905s] INFO:colcon.colcon_core.task.python.build:Building Python package in '/home/bb/ros2_ws/src/imu_sensor'
[25.101s] INFO:colcon.colcon_core.shell:Skip shell extension 'powershell' for command environment: Not usable outside of PowerShell
[25.101s] DEBUG:colcon.colcon_core.shell:Skip shell extension 'dsv' for command environment
[25.708s] DEBUG:colcon.colcon_core.event_handler.log_command:Invoking command in '/home/bb/ros2_ws/build/acoustic_msg': CMAKE_PREFIX_PATH=${CMAKE_PREFIX_PATH}:/home/bb/ros2_ws/install/sub:/home/bb/ros2_ws/install/test141123:/home/bb/ros2_ws/install/imu_sensor:/home/bb/ros2_ws/install/depth_sensor:/home/bb/ros2_ws/install/acoustic_sensor:/home/bb/ros2_ws/install/IMU_sensor:/opt/ros/humble /usr/bin/cmake --build /home/bb/ros2_ws/build/acoustic_msg -- -j6 -l6
[25.765s] DEBUG:colcon.colcon_core.event_handler.log_command:Invoking command in '/home/bb/ros2_ws/build/linear_acceleration_msg': CMAKE_PREFIX_PATH=${CMAKE_PREFIX_PATH}:/home/bb/ros2_ws/install/sub:/home/bb/ros2_ws/install/test141123:/home/bb/ros2_ws/install/imu_sensor:/home/bb/ros2_ws/install/depth_sensor:/home/bb/ros2_ws/install/acoustic_sensor:/home/bb/ros2_ws/install/IMU_sensor:/opt/ros/humble /usr/bin/cmake --build /home/bb/ros2_ws/build/linear_acceleration_msg -- -j6 -l6
[28.775s] DEBUG:colcon.colcon_core.event_handler.log_command:Invoking command in '/home/bb/ros2_ws/src/depth_sensor': PYTHONPATH=/home/bb/ros2_ws/build/depth_sensor/prefix_override:/home/bb/ros2_ws/install/depth_sensor/lib/python3.8/site-packages:${PYTHONPATH} /usr/bin/python3 setup.py egg_info --egg-base ../../build/depth_sensor build --build-base /home/bb/ros2_ws/build/depth_sensor/build install --record /home/bb/ros2_ws/build/depth_sensor/install.log --single-version-externally-managed
[28.839s] DEBUG:colcon.colcon_core.event_handler.log_command:Invoking command in '/home/bb/ros2_ws/src/acoustic_sensor': PYTHONPATH=/home/bb/ros2_ws/build/acoustic_sensor/prefix_override:/home/bb/ros2_ws/install/acoustic_sensor/lib/python3.8/site-packages:${PYTHONPATH} /usr/bin/python3 setup.py egg_info --egg-base ../../build/acoustic_sensor build --build-base /home/bb/ros2_ws/build/acoustic_sensor/build install --record /home/bb/ros2_ws/build/acoustic_sensor/install.log --single-version-externally-managed
[28.954s] DEBUG:colcon.colcon_core.event_handler.log_command:Invoking command in '/home/bb/ros2_ws/src/imu_sensor': PYTHONPATH=/home/bb/ros2_ws/build/imu_sensor/prefix_override:/home/bb/ros2_ws/install/imu_sensor/lib/python3.8/site-packages:${PYTHONPATH} /usr/bin/python3 setup.py egg_info --egg-base ../../build/imu_sensor build --build-base /home/bb/ros2_ws/build/imu_sensor/build install --record /home/bb/ros2_ws/build/imu_sensor/install.log --single-version-externally-managed
[29.820s] DEBUG:colcon.colcon_core.event_handler.log_command:Invoked command in '/home/bb/ros2_ws/build/linear_acceleration_msg' returned '0': CMAKE_PREFIX_PATH=${CMAKE_PREFIX_PATH}:/home/bb/ros2_ws/install/sub:/home/bb/ros2_ws/install/test141123:/home/bb/ros2_ws/install/imu_sensor:/home/bb/ros2_ws/install/depth_sensor:/home/bb/ros2_ws/install/acoustic_sensor:/home/bb/ros2_ws/install/IMU_sensor:/opt/ros/humble /usr/bin/cmake --build /home/bb/ros2_ws/build/linear_acceleration_msg -- -j6 -l6
[29.865s] DEBUG:colcon.colcon_core.event_handler.log_command:Invoked command in '/home/bb/ros2_ws/build/acoustic_msg' returned '0': CMAKE_PREFIX_PATH=${CMAKE_PREFIX_PATH}:/home/bb/ros2_ws/install/sub:/home/bb/ros2_ws/install/test141123:/home/bb/ros2_ws/install/imu_sensor:/home/bb/ros2_ws/install/depth_sensor:/home/bb/ros2_ws/install/acoustic_sensor:/home/bb/ros2_ws/install/IMU_sensor:/opt/ros/humble /usr/bin/cmake --build /home/bb/ros2_ws/build/acoustic_msg -- -j6 -l6
[30.340s] DEBUG:colcon.colcon_core.event_handler.log_command:Invoking command in '/home/bb/ros2_ws/build/linear_acceleration_msg': CMAKE_PREFIX_PATH=${CMAKE_PREFIX_PATH}:/home/bb/ros2_ws/install/sub:/home/bb/ros2_ws/install/test141123:/home/bb/ros2_ws/install/imu_sensor:/home/bb/ros2_ws/install/depth_sensor:/home/bb/ros2_ws/install/acoustic_sensor:/home/bb/ros2_ws/install/IMU_sensor:/opt/ros/humble /usr/bin/cmake --install /home/bb/ros2_ws/build/linear_acceleration_msg
[30.362s] DEBUG:colcon.colcon_core.event_handler.log_command:Invoking command in '/home/bb/ros2_ws/build/acoustic_msg': CMAKE_PREFIX_PATH=${CMAKE_PREFIX_PATH}:/home/bb/ros2_ws/install/sub:/home/bb/ros2_ws/install/test141123:/home/bb/ros2_ws/install/imu_sensor:/home/bb/ros2_ws/install/depth_sensor:/home/bb/ros2_ws/install/acoustic_sensor:/home/bb/ros2_ws/install/IMU_sensor:/opt/ros/humble /usr/bin/cmake --install /home/bb/ros2_ws/build/acoustic_msg
[30.792s] DEBUG:colcon.colcon_core.event_handler.log_command:Invoked command in '/home/bb/ros2_ws/src/acoustic_sensor' returned '0': PYTHONPATH=/home/bb/ros2_ws/build/acoustic_sensor/prefix_override:/home/bb/ros2_ws/install/acoustic_sensor/lib/python3.8/site-packages:${PYTHONPATH} /usr/bin/python3 setup.py egg_info --egg-base ../../build/acoustic_sensor build --build-base /home/bb/ros2_ws/build/acoustic_sensor/build install --record /home/bb/ros2_ws/build/acoustic_sensor/install.log --single-version-externally-managed
[31.153s] Level 1:colcon.colcon_core.environment:checking '/home/bb/ros2_ws/install/acoustic_sensor' for CMake module files
[31.156s] Level 1:colcon.colcon_core.environment:checking '/home/bb/ros2_ws/install/acoustic_sensor' for CMake config files
[31.162s] Level 1:colcon.colcon_core.environment:checking '/home/bb/ros2_ws/install/acoustic_sensor/lib'
[31.163s] Level 1:colcon.colcon_core.environment:checking '/home/bb/ros2_ws/install/acoustic_sensor/bin'
[31.163s] Level 1:colcon.colcon_core.environment:checking '/home/bb/ros2_ws/install/acoustic_sensor/lib/pkgconfig/acoustic_sensor.pc'
[31.165s] Level 1:colcon.colcon_core.environment:checking '/home/bb/ros2_ws/install/acoustic_sensor/lib/python3.8/site-packages'
[31.165s] Level 1:colcon.colcon_core.shell:create_environment_hook('acoustic_sensor', 'pythonpath')
[31.366s] INFO:colcon.colcon_core.shell:Creating environment hook '/home/bb/ros2_ws/install/acoustic_sensor/share/acoustic_sensor/hook/pythonpath.ps1'
[31.370s] INFO:colcon.colcon_core.shell:Creating environment descriptor '/home/bb/ros2_ws/install/acoustic_sensor/share/acoustic_sensor/hook/pythonpath.dsv'
[31.372s] INFO:colcon.colcon_core.shell:Creating environment hook '/home/bb/ros2_ws/install/acoustic_sensor/share/acoustic_sensor/hook/pythonpath.sh'
[31.374s] Level 1:colcon.colcon_core.environment:checking '/home/bb/ros2_ws/install/acoustic_sensor/bin'
[31.375s] Level 1:colcon.colcon_core.environment:create_environment_scripts_only(acoustic_sensor)
[31.576s] INFO:colcon.colcon_core.shell:Creating package script '/home/bb/ros2_ws/install/acoustic_sensor/share/acoustic_sensor/package.ps1'
[31.581s] INFO:colcon.colcon_core.shell:Creating package descriptor '/home/bb/ros2_ws/install/acoustic_sensor/share/acoustic_sensor/package.dsv'
[31.584s] INFO:colcon.colcon_core.shell:Creating package script '/home/bb/ros2_ws/install/acoustic_sensor/share/acoustic_sensor/package.sh'
[31.589s] INFO:colcon.colcon_core.shell:Creating package script '/home/bb/ros2_ws/install/acoustic_sensor/share/acoustic_sensor/package.bash'
[31.592s] INFO:colcon.colcon_core.shell:Creating package script '/home/bb/ros2_ws/install/acoustic_sensor/share/acoustic_sensor/package.zsh'
[31.596s] Level 1:colcon.colcon_core.environment:create_file_with_runtime_dependencies(/home/bb/ros2_ws/install/acoustic_sensor/share/colcon-core/packages/acoustic_sensor)
[31.611s] DEBUG:colcon.colcon_core.event_handler.log_command:Invoked command in '/home/bb/ros2_ws/src/depth_sensor' returned '0': PYTHONPATH=/home/bb/ros2_ws/build/depth_sensor/prefix_override:/home/bb/ros2_ws/install/depth_sensor/lib/python3.8/site-packages:${PYTHONPATH} /usr/bin/python3 setup.py egg_info --egg-base ../../build/depth_sensor build --build-base /home/bb/ros2_ws/build/depth_sensor/build install --record /home/bb/ros2_ws/build/depth_sensor/install.log --single-version-externally-managed
[31.808s] Level 1:colcon.colcon_core.environment:checking '/home/bb/ros2_ws/install/depth_sensor' for CMake module files
[31.811s] Level 1:colcon.colcon_core.environment:checking '/home/bb/ros2_ws/install/depth_sensor' for CMake config files
[31.815s] Level 1:colcon.colcon_core.environment:checking '/home/bb/ros2_ws/install/depth_sensor/lib'
[31.816s] Level 1:colcon.colcon_core.environment:checking '/home/bb/ros2_ws/install/depth_sensor/bin'
[31.816s] Level 1:colcon.colcon_core.environment:checking '/home/bb/ros2_ws/install/depth_sensor/lib/pkgconfig/depth_sensor.pc'
[31.817s] Level 1:colcon.colcon_core.environment:checking '/home/bb/ros2_ws/install/depth_sensor/lib/python3.8/site-packages'
[31.818s] Level 1:colcon.colcon_core.shell:create_environment_hook('depth_sensor', 'pythonpath')
[32.017s] INFO:colcon.colcon_core.shell:Creating environment hook '/home/bb/ros2_ws/install/depth_sensor/share/depth_sensor/hook/pythonpath.ps1'
[32.020s] INFO:colcon.colcon_core.shell:Creating environment descriptor '/home/bb/ros2_ws/install/depth_sensor/share/depth_sensor/hook/pythonpath.dsv'
[32.022s] INFO:colcon.colcon_core.shell:Creating environment hook '/home/bb/ros2_ws/install/depth_sensor/share/depth_sensor/hook/pythonpath.sh'
[32.025s] Level 1:colcon.colcon_core.environment:checking '/home/bb/ros2_ws/install/depth_sensor/bin'
[32.026s] Level 1:colcon.colcon_core.environment:create_environment_scripts_only(depth_sensor)
[32.228s] INFO:colcon.colcon_core.shell:Creating package script '/home/bb/ros2_ws/install/depth_sensor/share/depth_sensor/package.ps1'
[32.231s] INFO:colcon.colcon_core.shell:Creating package descriptor '/home/bb/ros2_ws/install/depth_sensor/share/depth_sensor/package.dsv'
[32.234s] INFO:colcon.colcon_core.shell:Creating package script '/home/bb/ros2_ws/install/depth_sensor/share/depth_sensor/package.sh'
[32.237s] INFO:colcon.colcon_core.shell:Creating package script '/home/bb/ros2_ws/install/depth_sensor/share/depth_sensor/package.bash'
[32.239s] INFO:colcon.colcon_core.shell:Creating package script '/home/bb/ros2_ws/install/depth_sensor/share/depth_sensor/package.zsh'
[32.241s] Level 1:colcon.colcon_core.environment:create_file_with_runtime_dependencies(/home/bb/ros2_ws/install/depth_sensor/share/colcon-core/packages/depth_sensor)
[32.242s] Level 1:colcon.colcon_core.environment:create_environment_scripts_only(acoustic_msg)
[32.247s] DEBUG:colcon.colcon_core.event_handler.log_command:Invoked command in '/home/bb/ros2_ws/build/acoustic_msg' returned '0': CMAKE_PREFIX_PATH=${CMAKE_PREFIX_PATH}:/home/bb/ros2_ws/install/sub:/home/bb/ros2_ws/install/test141123:/home/bb/ros2_ws/install/imu_sensor:/home/bb/ros2_ws/install/depth_sensor:/home/bb/ros2_ws/install/acoustic_sensor:/home/bb/ros2_ws/install/IMU_sensor:/opt/ros/humble /usr/bin/cmake --install /home/bb/ros2_ws/build/acoustic_msg
[32.430s] Level 1:colcon.colcon_core.environment:checking '/home/bb/ros2_ws/install/acoustic_msg' for CMake module files
[32.434s] Level 1:colcon.colcon_core.environment:checking '/home/bb/ros2_ws/install/acoustic_msg' for CMake config files
[32.439s] Level 1:colcon.colcon_core.shell:create_environment_hook('acoustic_msg', 'cmake_prefix_path')
[32.619s] INFO:colcon.colcon_core.shell:Creating environment hook '/home/bb/ros2_ws/install/acoustic_msg/share/acoustic_msg/hook/cmake_prefix_path.ps1'
[32.622s] INFO:colcon.colcon_core.shell:Creating environment descriptor '/home/bb/ros2_ws/install/acoustic_msg/share/acoustic_msg/hook/cmake_prefix_path.dsv'
[32.623s] INFO:colcon.colcon_core.shell:Creating environment hook '/home/bb/ros2_ws/install/acoustic_msg/share/acoustic_msg/hook/cmake_prefix_path.sh'
[32.626s] Level 1:colcon.colcon_core.environment:checking '/home/bb/ros2_ws/install/acoustic_msg/lib'
[32.626s] Level 1:colcon.colcon_core.shell:create_environment_hook('acoustic_msg', 'ld_library_path_lib')
[32.808s] INFO:colcon.colcon_core.shell:Creating environment hook '/home/bb/ros2_ws/install/acoustic_msg/share/acoustic_msg/hook/ld_library_path_lib.ps1'
[32.810s] INFO:colcon.colcon_core.shell:Creating environment descriptor '/home/bb/ros2_ws/install/acoustic_msg/share/acoustic_msg/hook/ld_library_path_lib.dsv'
[32.812s] INFO:colcon.colcon_core.shell:Creating environment hook '/home/bb/ros2_ws/install/acoustic_msg/share/acoustic_msg/hook/ld_library_path_lib.sh'
[32.814s] Level 1:colcon.colcon_core.environment:checking '/home/bb/ros2_ws/install/acoustic_msg/bin'
[32.814s] Level 1:colcon.colcon_core.environment:checking '/home/bb/ros2_ws/install/acoustic_msg/lib/pkgconfig/acoustic_msg.pc'
[32.815s] Level 1:colcon.colcon_core.environment:checking '/home/bb/ros2_ws/install/acoustic_msg/lib/python3.8/site-packages'
[32.816s] Level 1:colcon.colcon_core.environment:checking '/home/bb/ros2_ws/install/acoustic_msg/bin'
[33.000s] INFO:colcon.colcon_core.shell:Creating package script '/home/bb/ros2_ws/install/acoustic_msg/share/acoustic_msg/package.ps1'
[33.003s] INFO:colcon.colcon_core.shell:Creating package descriptor '/home/bb/ros2_ws/install/acoustic_msg/share/acoustic_msg/package.dsv'
[33.006s] INFO:colcon.colcon_core.shell:Creating package script '/home/bb/ros2_ws/install/acoustic_msg/share/acoustic_msg/package.sh'
[33.008s] INFO:colcon.colcon_core.shell:Creating package script '/home/bb/ros2_ws/install/acoustic_msg/share/acoustic_msg/package.bash'
[33.010s] INFO:colcon.colcon_core.shell:Creating package script '/home/bb/ros2_ws/install/acoustic_msg/share/acoustic_msg/package.zsh'
[33.011s] Level 1:colcon.colcon_core.environment:create_file_with_runtime_dependencies(/home/bb/ros2_ws/install/acoustic_msg/share/colcon-core/packages/acoustic_msg)
[33.039s] DEBUG:colcon.colcon_core.event_handler.log_command:Invoked command in '/home/bb/ros2_ws/src/imu_sensor' returned '0': PYTHONPATH=/home/bb/ros2_ws/build/imu_sensor/prefix_override:/home/bb/ros2_ws/install/imu_sensor/lib/python3.8/site-packages:${PYTHONPATH} /usr/bin/python3 setup.py egg_info --egg-base ../../build/imu_sensor build --build-base /home/bb/ros2_ws/build/imu_sensor/build install --record /home/bb/ros2_ws/build/imu_sensor/install.log --single-version-externally-managed
[33.239s] Level 1:colcon.colcon_core.environment:checking '/home/bb/ros2_ws/install/imu_sensor' for CMake module files
[33.242s] Level 1:colcon.colcon_core.environment:checking '/home/bb/ros2_ws/install/imu_sensor' for CMake config files
[33.247s] Level 1:colcon.colcon_core.environment:checking '/home/bb/ros2_ws/install/imu_sensor/lib'
[33.248s] Level 1:colcon.colcon_core.environment:checking '/home/bb/ros2_ws/install/imu_sensor/bin'
[33.248s] Level 1:colcon.colcon_core.environment:checking '/home/bb/ros2_ws/install/imu_sensor/lib/pkgconfig/imu_sensor.pc'
[33.250s] Level 1:colcon.colcon_core.environment:checking '/home/bb/ros2_ws/install/imu_sensor/lib/python3.8/site-packages'
[33.250s] Level 1:colcon.colcon_core.shell:create_environment_hook('imu_sensor', 'pythonpath')
[33.500s] INFO:colcon.colcon_core.shell:Creating environment hook '/home/bb/ros2_ws/install/imu_sensor/share/imu_sensor/hook/pythonpath.ps1'
[33.503s] INFO:colcon.colcon_core.shell:Creating environment descriptor '/home/bb/ros2_ws/install/imu_sensor/share/imu_sensor/hook/pythonpath.dsv'
[33.505s] INFO:colcon.colcon_core.shell:Creating environment hook '/home/bb/ros2_ws/install/imu_sensor/share/imu_sensor/hook/pythonpath.sh'
[33.508s] Level 1:colcon.colcon_core.environment:checking '/home/bb/ros2_ws/install/imu_sensor/bin'
[33.508s] Level 1:colcon.colcon_core.environment:create_environment_scripts_only(imu_sensor)
[33.699s] INFO:colcon.colcon_core.shell:Creating package script '/home/bb/ros2_ws/install/imu_sensor/share/imu_sensor/package.ps1'
[33.704s] INFO:colcon.colcon_core.shell:Creating package descriptor '/home/bb/ros2_ws/install/imu_sensor/share/imu_sensor/package.dsv'
[33.706s] INFO:colcon.colcon_core.shell:Creating package script '/home/bb/ros2_ws/install/imu_sensor/share/imu_sensor/package.sh'
[33.709s] INFO:colcon.colcon_core.shell:Creating package script '/home/bb/ros2_ws/install/imu_sensor/share/imu_sensor/package.bash'
[33.711s] INFO:colcon.colcon_core.shell:Creating package script '/home/bb/ros2_ws/install/imu_sensor/share/imu_sensor/package.zsh'
[33.713s] Level 1:colcon.colcon_core.environment:create_file_with_runtime_dependencies(/home/bb/ros2_ws/install/imu_sensor/share/colcon-core/packages/imu_sensor)
[33.714s] Level 1:colcon.colcon_core.environment:create_environment_scripts_only(linear_acceleration_msg)
[33.720s] DEBUG:colcon.colcon_core.event_handler.log_command:Invoked command in '/home/bb/ros2_ws/build/linear_acceleration_msg' returned '0': CMAKE_PREFIX_PATH=${CMAKE_PREFIX_PATH}:/home/bb/ros2_ws/install/sub:/home/bb/ros2_ws/install/test141123:/home/bb/ros2_ws/install/imu_sensor:/home/bb/ros2_ws/install/depth_sensor:/home/bb/ros2_ws/install/acoustic_sensor:/home/bb/ros2_ws/install/IMU_sensor:/opt/ros/humble /usr/bin/cmake --install /home/bb/ros2_ws/build/linear_acceleration_msg
[33.915s] Level 1:colcon.colcon_core.environment:checking '/home/bb/ros2_ws/install/linear_acceleration_msg' for CMake module files
[33.919s] Level 1:colcon.colcon_core.environment:checking '/home/bb/ros2_ws/install/linear_acceleration_msg' for CMake config files
[33.923s] Level 1:colcon.colcon_core.shell:create_environment_hook('linear_acceleration_msg', 'cmake_prefix_path')
[34.127s] INFO:colcon.colcon_core.shell:Creating environment hook '/home/bb/ros2_ws/install/linear_acceleration_msg/share/linear_acceleration_msg/hook/cmake_prefix_path.ps1'
[34.129s] INFO:colcon.colcon_core.shell:Creating environment descriptor '/home/bb/ros2_ws/install/linear_acceleration_msg/share/linear_acceleration_msg/hook/cmake_prefix_path.dsv'
[34.131s] INFO:colcon.colcon_core.shell:Creating environment hook '/home/bb/ros2_ws/install/linear_acceleration_msg/share/linear_acceleration_msg/hook/cmake_prefix_path.sh'
[34.134s] Level 1:colcon.colcon_core.environment:checking '/home/bb/ros2_ws/install/linear_acceleration_msg/lib'
[34.135s] Level 1:colcon.colcon_core.shell:create_environment_hook('linear_acceleration_msg', 'ld_library_path_lib')
[34.336s] INFO:colcon.colcon_core.shell:Creating environment hook '/home/bb/ros2_ws/install/linear_acceleration_msg/share/linear_acceleration_msg/hook/ld_library_path_lib.ps1'
[34.338s] INFO:colcon.colcon_core.shell:Creating environment descriptor '/home/bb/ros2_ws/install/linear_acceleration_msg/share/linear_acceleration_msg/hook/ld_library_path_lib.dsv'
[34.341s] INFO:colcon.colcon_core.shell:Creating environment hook '/home/bb/ros2_ws/install/linear_acceleration_msg/share/linear_acceleration_msg/hook/ld_library_path_lib.sh'
[34.343s] Level 1:colcon.colcon_core.environment:checking '/home/bb/ros2_ws/install/linear_acceleration_msg/bin'
[34.343s] Level 1:colcon.colcon_core.environment:checking '/home/bb/ros2_ws/install/linear_acceleration_msg/lib/pkgconfig/linear_acceleration_msg.pc'
[34.345s] Level 1:colcon.colcon_core.environment:checking '/home/bb/ros2_ws/install/linear_acceleration_msg/lib/python3.8/site-packages'
[34.345s] Level 1:colcon.colcon_core.environment:checking '/home/bb/ros2_ws/install/linear_acceleration_msg/bin'
[34.546s] INFO:colcon.colcon_core.shell:Creating package script '/home/bb/ros2_ws/install/linear_acceleration_msg/share/linear_acceleration_msg/package.ps1'
[34.550s] INFO:colcon.colcon_core.shell:Creating package descriptor '/home/bb/ros2_ws/install/linear_acceleration_msg/share/linear_acceleration_msg/package.dsv'
[34.552s] INFO:colcon.colcon_core.shell:Creating package script '/home/bb/ros2_ws/install/linear_acceleration_msg/share/linear_acceleration_msg/package.sh'
[34.555s] INFO:colcon.colcon_core.shell:Creating package script '/home/bb/ros2_ws/install/linear_acceleration_msg/share/linear_acceleration_msg/package.bash'
[34.557s] INFO:colcon.colcon_core.shell:Creating package script '/home/bb/ros2_ws/install/linear_acceleration_msg/share/linear_acceleration_msg/package.zsh'
[34.559s] Level 1:colcon.colcon_core.environment:create_file_with_runtime_dependencies(/home/bb/ros2_ws/install/linear_acceleration_msg/share/colcon-core/packages/linear_acceleration_msg)
[34.582s] INFO:colcon.colcon_ros.task.ament_cmake.build:Building ROS package in '/home/bb/ros2_ws/src/bring_up' with build type 'ament_cmake'
[34.585s] INFO:colcon.colcon_cmake.task.cmake.build:Building CMake package in '/home/bb/ros2_ws/src/bring_up'
[34.803s] INFO:colcon.colcon_core.shell:Skip shell extension 'powershell' for command environment: Not usable outside of PowerShell
[34.803s] DEBUG:colcon.colcon_core.shell:Skip shell extension 'dsv' for command environment
[35.678s] Level 1:colcon.colcon_core.environment:create_environment_scripts_only(acoustic_msg)
[35.863s] Level 1:colcon.colcon_core.environment:checking '/home/bb/ros2_ws/install/acoustic_msg' for CMake module files
[35.868s] Level 1:colcon.colcon_core.environment:checking '/home/bb/ros2_ws/install/acoustic_msg' for CMake config files
[35.873s] Level 1:colcon.colcon_core.shell:create_environment_hook('acoustic_msg', 'cmake_prefix_path')
[36.056s] INFO:colcon.colcon_core.shell:Creating environment hook '/home/bb/ros2_ws/install/acoustic_msg/share/acoustic_msg/hook/cmake_prefix_path.ps1'
[36.060s] INFO:colcon.colcon_core.shell:Creating environment descriptor '/home/bb/ros2_ws/install/acoustic_msg/share/acoustic_msg/hook/cmake_prefix_path.dsv'
[36.062s] INFO:colcon.colcon_core.shell:Creating environment hook '/home/bb/ros2_ws/install/acoustic_msg/share/acoustic_msg/hook/cmake_prefix_path.sh'
[36.065s] Level 1:colcon.colcon_core.environment:checking '/home/bb/ros2_ws/install/acoustic_msg/lib'
[36.065s] Level 1:colcon.colcon_core.shell:create_environment_hook('acoustic_msg', 'ld_library_path_lib')
[36.245s] INFO:colcon.colcon_core.shell:Creating environment hook '/home/bb/ros2_ws/install/acoustic_msg/share/acoustic_msg/hook/ld_library_path_lib.ps1'
[36.247s] INFO:colcon.colcon_core.shell:Creating environment descriptor '/home/bb/ros2_ws/install/acoustic_msg/share/acoustic_msg/hook/ld_library_path_lib.dsv'
[36.249s] INFO:colcon.colcon_core.shell:Creating environment hook '/home/bb/ros2_ws/install/acoustic_msg/share/acoustic_msg/hook/ld_library_path_lib.sh'
[36.251s] Level 1:colcon.colcon_core.environment:checking '/home/bb/ros2_ws/install/acoustic_msg/bin'
[36.251s] Level 1:colcon.colcon_core.environment:checking '/home/bb/ros2_ws/install/acoustic_msg/lib/pkgconfig/acoustic_msg.pc'
[36.253s] Level 1:colcon.colcon_core.environment:checking '/home/bb/ros2_ws/install/acoustic_msg/lib/python3.8/site-packages'
[36.254s] Level 1:colcon.colcon_core.environment:checking '/home/bb/ros2_ws/install/acoustic_msg/bin'
[36.453s] INFO:colcon.colcon_core.shell:Creating package script '/home/bb/ros2_ws/install/acoustic_msg/share/acoustic_msg/package.ps1'
[36.457s] INFO:colcon.colcon_core.shell:Creating package descriptor '/home/bb/ros2_ws/install/acoustic_msg/share/acoustic_msg/package.dsv'
[36.459s] INFO:colcon.colcon_core.shell:Creating package script '/home/bb/ros2_ws/install/acoustic_msg/share/acoustic_msg/package.sh'
[36.462s] INFO:colcon.colcon_core.shell:Creating package script '/home/bb/ros2_ws/install/acoustic_msg/share/acoustic_msg/package.bash'
[36.465s] INFO:colcon.colcon_core.shell:Creating package script '/home/bb/ros2_ws/install/acoustic_msg/share/acoustic_msg/package.zsh'
[36.468s] Level 1:colcon.colcon_core.environment:create_file_with_runtime_dependencies(/home/bb/ros2_ws/install/acoustic_msg/share/colcon-core/packages/acoustic_msg)
[36.693s] Level 1:colcon.colcon_core.environment:create_environment_scripts_only(linear_acceleration_msg)
[36.918s] Level 1:colcon.colcon_core.environment:checking '/home/bb/ros2_ws/install/linear_acceleration_msg' for CMake module files
[36.922s] Level 1:colcon.colcon_core.environment:checking '/home/bb/ros2_ws/install/linear_acceleration_msg' for CMake config files
[36.927s] Level 1:colcon.colcon_core.shell:create_environment_hook('linear_acceleration_msg', 'cmake_prefix_path')
[37.192s] INFO:colcon.colcon_core.shell:Creating environment hook '/home/bb/ros2_ws/install/linear_acceleration_msg/share/linear_acceleration_msg/hook/cmake_prefix_path.ps1'
[37.195s] INFO:colcon.colcon_core.shell:Creating environment descriptor '/home/bb/ros2_ws/install/linear_acceleration_msg/share/linear_acceleration_msg/hook/cmake_prefix_path.dsv'
[37.199s] INFO:colcon.colcon_core.shell:Creating environment hook '/home/bb/ros2_ws/install/linear_acceleration_msg/share/linear_acceleration_msg/hook/cmake_prefix_path.sh'
[37.203s] Level 1:colcon.colcon_core.environment:checking '/home/bb/ros2_ws/install/linear_acceleration_msg/lib'
[37.203s] Level 1:colcon.colcon_core.shell:create_environment_hook('linear_acceleration_msg', 'ld_library_path_lib')
[37.450s] INFO:colcon.colcon_core.shell:Creating environment hook '/home/bb/ros2_ws/install/linear_acceleration_msg/share/linear_acceleration_msg/hook/ld_library_path_lib.ps1'
[37.452s] INFO:colcon.colcon_core.shell:Creating environment descriptor '/home/bb/ros2_ws/install/linear_acceleration_msg/share/linear_acceleration_msg/hook/ld_library_path_lib.dsv'
[37.454s] INFO:colcon.colcon_core.shell:Creating environment hook '/home/bb/ros2_ws/install/linear_acceleration_msg/share/linear_acceleration_msg/hook/ld_library_path_lib.sh'
[37.457s] Level 1:colcon.colcon_core.environment:checking '/home/bb/ros2_ws/install/linear_acceleration_msg/bin'
[37.457s] Level 1:colcon.colcon_core.environment:checking '/home/bb/ros2_ws/install/linear_acceleration_msg/lib/pkgconfig/linear_acceleration_msg.pc'
[37.458s] Level 1:colcon.colcon_core.environment:checking '/home/bb/ros2_ws/install/linear_acceleration_msg/lib/python3.8/site-packages'
[37.459s] Level 1:colcon.colcon_core.environment:checking '/home/bb/ros2_ws/install/linear_acceleration_msg/bin'
[37.678s] INFO:colcon.colcon_core.shell:Creating package script '/home/bb/ros2_ws/install/linear_acceleration_msg/share/linear_acceleration_msg/package.ps1'
[37.681s] INFO:colcon.colcon_core.shell:Creating package descriptor '/home/bb/ros2_ws/install/linear_acceleration_msg/share/linear_acceleration_msg/package.dsv'
[37.686s] INFO:colcon.colcon_core.shell:Creating package script '/home/bb/ros2_ws/install/linear_acceleration_msg/share/linear_acceleration_msg/package.sh'
[37.689s] INFO:colcon.colcon_core.shell:Creating package script '/home/bb/ros2_ws/install/linear_acceleration_msg/share/linear_acceleration_msg/package.bash'
[37.691s] INFO:colcon.colcon_core.shell:Creating package script '/home/bb/ros2_ws/install/linear_acceleration_msg/share/linear_acceleration_msg/package.zsh'
[37.694s] Level 1:colcon.colcon_core.environment:create_file_with_runtime_dependencies(/home/bb/ros2_ws/install/linear_acceleration_msg/share/colcon-core/packages/linear_acceleration_msg)
[37.720s] DEBUG:colcon.colcon_core.event_handler.log_command:Invoking command in '/home/bb/ros2_ws/build/bring_up': AMENT_PREFIX_PATH=/home/bb/ros2_ws/install/imu_sensor:/home/bb/ros2_ws/install/depth_sensor:/home/bb/ros2_ws/install/acoustic_sensor:/home/bb/ros2_ws/install/test_bringup:/home/bb/ros2_ws/install/sub:/home/bb/ros2_ws/install/test_msg:/home/bb/ros2_ws/install/test141123:/home/bb/ros2_ws/install/linear_acceleration_msg:/home/bb/ros2_ws/install/bring_up:/home/bb/ros2_ws/install/acoustic_msg:/home/bb/ros2_ws/install/IMU_sensor:/opt/ros/humble CMAKE_PREFIX_PATH=${CMAKE_PREFIX_PATH}:/home/bb/ros2_ws/install/sub:/home/bb/ros2_ws/install/test141123:/home/bb/ros2_ws/install/imu_sensor:/home/bb/ros2_ws/install/depth_sensor:/home/bb/ros2_ws/install/acoustic_sensor:/home/bb/ros2_ws/install/IMU_sensor:/opt/ros/humble PYTHONPATH=/home/bb/ros2_ws/install/imu_sensor/lib/python3.8/site-packages:/home/bb/ros2_ws/install/depth_sensor/lib/python3.8/site-packages:/home/bb/ros2_ws/install/acoustic_sensor/lib/python3.8/site-packages:/home/bb/ros2_ws/install/sub/lib/python3.8/site-packages:/home/bb/ros2_ws/install/test_msg/lib/python3.9/site-packages:/home/bb/ros2_ws/install/test141123/lib/python3.8/site-packages:/home/bb/ros2_ws/install/linear_acceleration_msg/lib/python3.9/site-packages:/home/bb/ros2_ws/install/acoustic_msg/lib/python3.9/site-packages:/home/bb/ros2_ws/install/IMU_sensor/lib/python3.8/site-packages:/opt/ros/humble/lib/python3.8/site-packages /usr/bin/cmake --build /home/bb/ros2_ws/build/bring_up -- -j6 -l6
[38.066s] DEBUG:colcon.colcon_core.event_handler.log_command:Invoked command in '/home/bb/ros2_ws/build/bring_up' returned '0': AMENT_PREFIX_PATH=/home/bb/ros2_ws/install/imu_sensor:/home/bb/ros2_ws/install/depth_sensor:/home/bb/ros2_ws/install/acoustic_sensor:/home/bb/ros2_ws/install/test_bringup:/home/bb/ros2_ws/install/sub:/home/bb/ros2_ws/install/test_msg:/home/bb/ros2_ws/install/test141123:/home/bb/ros2_ws/install/linear_acceleration_msg:/home/bb/ros2_ws/install/bring_up:/home/bb/ros2_ws/install/acoustic_msg:/home/bb/ros2_ws/install/IMU_sensor:/opt/ros/humble CMAKE_PREFIX_PATH=${CMAKE_PREFIX_PATH}:/home/bb/ros2_ws/install/sub:/home/bb/ros2_ws/install/test141123:/home/bb/ros2_ws/install/imu_sensor:/home/bb/ros2_ws/install/depth_sensor:/home/bb/ros2_ws/install/acoustic_sensor:/home/bb/ros2_ws/install/IMU_sensor:/opt/ros/humble PYTHONPATH=/home/bb/ros2_ws/install/imu_sensor/lib/python3.8/site-packages:/home/bb/ros2_ws/install/depth_sensor/lib/python3.8/site-packages:/home/bb/ros2_ws/install/acoustic_sensor/lib/python3.8/site-packages:/home/bb/ros2_ws/install/sub/lib/python3.8/site-packages:/home/bb/ros2_ws/install/test_msg/lib/python3.9/site-packages:/home/bb/ros2_ws/install/test141123/lib/python3.8/site-packages:/home/bb/ros2_ws/install/linear_acceleration_msg/lib/python3.9/site-packages:/home/bb/ros2_ws/install/acoustic_msg/lib/python3.9/site-packages:/home/bb/ros2_ws/install/IMU_sensor/lib/python3.8/site-packages:/opt/ros/humble/lib/python3.8/site-packages /usr/bin/cmake --build /home/bb/ros2_ws/build/bring_up -- -j6 -l6
[38.253s] DEBUG:colcon.colcon_core.event_handler.log_command:Invoking command in '/home/bb/ros2_ws/build/bring_up': AMENT_PREFIX_PATH=/home/bb/ros2_ws/install/imu_sensor:/home/bb/ros2_ws/install/depth_sensor:/home/bb/ros2_ws/install/acoustic_sensor:/home/bb/ros2_ws/install/test_bringup:/home/bb/ros2_ws/install/sub:/home/bb/ros2_ws/install/test_msg:/home/bb/ros2_ws/install/test141123:/home/bb/ros2_ws/install/linear_acceleration_msg:/home/bb/ros2_ws/install/bring_up:/home/bb/ros2_ws/install/acoustic_msg:/home/bb/ros2_ws/install/IMU_sensor:/opt/ros/humble CMAKE_PREFIX_PATH=${CMAKE_PREFIX_PATH}:/home/bb/ros2_ws/install/sub:/home/bb/ros2_ws/install/test141123:/home/bb/ros2_ws/install/imu_sensor:/home/bb/ros2_ws/install/depth_sensor:/home/bb/ros2_ws/install/acoustic_sensor:/home/bb/ros2_ws/install/IMU_sensor:/opt/ros/humble PYTHONPATH=/home/bb/ros2_ws/install/imu_sensor/lib/python3.8/site-packages:/home/bb/ros2_ws/install/depth_sensor/lib/python3.8/site-packages:/home/bb/ros2_ws/install/acoustic_sensor/lib/python3.8/site-packages:/home/bb/ros2_ws/install/sub/lib/python3.8/site-packages:/home/bb/ros2_ws/install/test_msg/lib/python3.9/site-packages:/home/bb/ros2_ws/install/test141123/lib/python3.8/site-packages:/home/bb/ros2_ws/install/linear_acceleration_msg/lib/python3.9/site-packages:/home/bb/ros2_ws/install/acoustic_msg/lib/python3.9/site-packages:/home/bb/ros2_ws/install/IMU_sensor/lib/python3.8/site-packages:/opt/ros/humble/lib/python3.8/site-packages /usr/bin/cmake --install /home/bb/ros2_ws/build/bring_up
[38.347s] Level 1:colcon.colcon_core.environment:create_environment_scripts_only(bring_up)
[38.370s] DEBUG:colcon.colcon_core.event_handler.log_command:Invoked command in '/home/bb/ros2_ws/build/bring_up' returned '0': AMENT_PREFIX_PATH=/home/bb/ros2_ws/install/imu_sensor:/home/bb/ros2_ws/install/depth_sensor:/home/bb/ros2_ws/install/acoustic_sensor:/home/bb/ros2_ws/install/test_bringup:/home/bb/ros2_ws/install/sub:/home/bb/ros2_ws/install/test_msg:/home/bb/ros2_ws/install/test141123:/home/bb/ros2_ws/install/linear_acceleration_msg:/home/bb/ros2_ws/install/bring_up:/home/bb/ros2_ws/install/acoustic_msg:/home/bb/ros2_ws/install/IMU_sensor:/opt/ros/humble CMAKE_PREFIX_PATH=${CMAKE_PREFIX_PATH}:/home/bb/ros2_ws/install/sub:/home/bb/ros2_ws/install/test141123:/home/bb/ros2_ws/install/imu_sensor:/home/bb/ros2_ws/install/depth_sensor:/home/bb/ros2_ws/install/acoustic_sensor:/home/bb/ros2_ws/install/IMU_sensor:/opt/ros/humble PYTHONPATH=/home/bb/ros2_ws/install/imu_sensor/lib/python3.8/site-packages:/home/bb/ros2_ws/install/depth_sensor/lib/python3.8/site-packages:/home/bb/ros2_ws/install/acoustic_sensor/lib/python3.8/site-packages:/home/bb/ros2_ws/install/sub/lib/python3.8/site-packages:/home/bb/ros2_ws/install/test_msg/lib/python3.9/site-packages:/home/bb/ros2_ws/install/test141123/lib/python3.8/site-packages:/home/bb/ros2_ws/install/linear_acceleration_msg/lib/python3.9/site-packages:/home/bb/ros2_ws/install/acoustic_msg/lib/python3.9/site-packages:/home/bb/ros2_ws/install/IMU_sensor/lib/python3.8/site-packages:/opt/ros/humble/lib/python3.8/site-packages /usr/bin/cmake --install /home/bb/ros2_ws/build/bring_up
[38.641s] Level 1:colcon.colcon_core.environment:checking '/home/bb/ros2_ws/install/bring_up' for CMake module files
[38.644s] Level 1:colcon.colcon_core.environment:checking '/home/bb/ros2_ws/install/bring_up' for CMake config files
[38.647s] Level 1:colcon.colcon_core.shell:create_environment_hook('bring_up', 'cmake_prefix_path')
[38.881s] INFO:colcon.colcon_core.shell:Creating environment hook '/home/bb/ros2_ws/install/bring_up/share/bring_up/hook/cmake_prefix_path.ps1'
[38.885s] INFO:colcon.colcon_core.shell:Creating environment descriptor '/home/bb/ros2_ws/install/bring_up/share/bring_up/hook/cmake_prefix_path.dsv'
[38.888s] INFO:colcon.colcon_core.shell:Creating environment hook '/home/bb/ros2_ws/install/bring_up/share/bring_up/hook/cmake_prefix_path.sh'
[38.892s] Level 1:colcon.colcon_core.environment:checking '/home/bb/ros2_ws/install/bring_up/bin'
[38.893s] Level 1:colcon.colcon_core.environment:checking '/home/bb/ros2_ws/install/bring_up/lib/pkgconfig/bring_up.pc'
[38.895s] Level 1:colcon.colcon_core.environment:checking '/home/bb/ros2_ws/install/bring_up/lib/python3.8/site-packages'
[38.895s] Level 1:colcon.colcon_core.environment:checking '/home/bb/ros2_ws/install/bring_up/bin'
[39.139s] INFO:colcon.colcon_core.shell:Creating package script '/home/bb/ros2_ws/install/bring_up/share/bring_up/package.ps1'
[39.142s] INFO:colcon.colcon_core.shell:Creating package descriptor '/home/bb/ros2_ws/install/bring_up/share/bring_up/package.dsv'
[39.145s] INFO:colcon.colcon_core.shell:Creating package script '/home/bb/ros2_ws/install/bring_up/share/bring_up/package.sh'
[39.147s] INFO:colcon.colcon_core.shell:Creating package script '/home/bb/ros2_ws/install/bring_up/share/bring_up/package.bash'
[39.150s] INFO:colcon.colcon_core.shell:Creating package script '/home/bb/ros2_ws/install/bring_up/share/bring_up/package.zsh'
[39.153s] Level 1:colcon.colcon_core.environment:create_file_with_runtime_dependencies(/home/bb/ros2_ws/install/bring_up/share/colcon-core/packages/bring_up)
[39.582s] Level 1:colcon.colcon_core.environment:create_environment_scripts_only(bring_up)
[39.825s] Level 1:colcon.colcon_core.environment:checking '/home/bb/ros2_ws/install/bring_up' for CMake module files
[39.829s] Level 1:colcon.colcon_core.environment:checking '/home/bb/ros2_ws/install/bring_up' for CMake config files
[39.831s] Level 1:colcon.colcon_core.shell:create_environment_hook('bring_up', 'cmake_prefix_path')
[40.070s] INFO:colcon.colcon_core.shell:Creating environment hook '/home/bb/ros2_ws/install/bring_up/share/bring_up/hook/cmake_prefix_path.ps1'
[40.073s] INFO:colcon.colcon_core.shell:Creating environment descriptor '/home/bb/ros2_ws/install/bring_up/share/bring_up/hook/cmake_prefix_path.dsv'
[40.075s] INFO:colcon.colcon_core.shell:Creating environment hook '/home/bb/ros2_ws/install/bring_up/share/bring_up/hook/cmake_prefix_path.sh'
[40.079s] Level 1:colcon.colcon_core.environment:checking '/home/bb/ros2_ws/install/bring_up/bin'
[40.080s] Level 1:colcon.colcon_core.environment:checking '/home/bb/ros2_ws/install/bring_up/lib/pkgconfig/bring_up.pc'
[40.082s] Level 1:colcon.colcon_core.environment:checking '/home/bb/ros2_ws/install/bring_up/lib/python3.8/site-packages'
[40.083s] Level 1:colcon.colcon_core.environment:checking '/home/bb/ros2_ws/install/bring_up/bin'
[40.326s] INFO:colcon.colcon_core.shell:Creating package script '/home/bb/ros2_ws/install/bring_up/share/bring_up/package.ps1'
[40.330s] INFO:colcon.colcon_core.shell:Creating package descriptor '/home/bb/ros2_ws/install/bring_up/share/bring_up/package.dsv'
[40.332s] INFO:colcon.colcon_core.shell:Creating package script '/home/bb/ros2_ws/install/bring_up/share/bring_up/package.sh'
[40.335s] INFO:colcon.colcon_core.shell:Creating package script '/home/bb/ros2_ws/install/bring_up/share/bring_up/package.bash'
[40.338s] INFO:colcon.colcon_core.shell:Creating package script '/home/bb/ros2_ws/install/bring_up/share/bring_up/package.zsh'
[40.340s] Level 1:colcon.colcon_core.environment:create_file_with_runtime_dependencies(/home/bb/ros2_ws/install/bring_up/share/colcon-core/packages/bring_up)
[40.347s] DEBUG:colcon.colcon_parallel_executor.executor.parallel:closing loop
[40.348s] DEBUG:colcon.colcon_parallel_executor.executor.parallel:loop closed
[40.351s] DEBUG:colcon.colcon_parallel_executor.executor.parallel:run_until_complete finished with '0'
[40.352s] DEBUG:colcon.colcon_core.event_reactor:joining thread
[40.658s] INFO:colcon.colcon_core.plugin_system:Skipping extension 'colcon_notification.desktop_notification.terminal_notifier': Not used on non-Darwin systems
[40.658s] INFO:colcon.colcon_core.plugin_system:Skipping extension 'colcon_notification.desktop_notification.win32': Not used on non-Windows systems
[40.659s] INFO:colcon.colcon_notification.desktop_notification:Sending desktop notification using 'notify2'
[40.767s] DEBUG:colcon.colcon_core.event_reactor:joined thread
[41.060s] INFO:colcon.colcon_core.shell:Creating prefix script '/home/bb/ros2_ws/install/local_setup.ps1'
[41.065s] INFO:colcon.colcon_core.shell:Creating prefix util module '/home/bb/ros2_ws/install/_local_setup_util_ps1.py'
[41.072s] INFO:colcon.colcon_core.shell:Creating prefix chain script '/home/bb/ros2_ws/install/setup.ps1'
[41.287s] INFO:colcon.colcon_core.shell:Creating prefix script '/home/bb/ros2_ws/install/local_setup.sh'
[41.291s] INFO:colcon.colcon_core.shell:Creating prefix util module '/home/bb/ros2_ws/install/_local_setup_util_sh.py'
[41.294s] INFO:colcon.colcon_core.shell:Creating prefix chain script '/home/bb/ros2_ws/install/setup.sh'
[41.520s] INFO:colcon.colcon_core.shell:Creating prefix script '/home/bb/ros2_ws/install/local_setup.bash'
[41.524s] INFO:colcon.colcon_core.shell:Creating prefix chain script '/home/bb/ros2_ws/install/setup.bash'
[41.765s] INFO:colcon.colcon_core.shell:Creating prefix script '/home/bb/ros2_ws/install/local_setup.zsh'
[41.768s] INFO:colcon.colcon_core.shell:Creating prefix chain script '/home/bb/ros2_ws/install/setup.zsh'
