[7.130s] Invoking command in '/home/bb/ros2_ws/build/linear_acceleration_msg': CMAKE_PREFIX_PATH=${CMAKE_PREFIX_PATH}:/home/bb/ros2_ws/install/sub:/home/bb/ros2_ws/install/test141123:/home/bb/ros2_ws/install/imu_sensor:/home/bb/ros2_ws/install/depth_sensor:/home/bb/ros2_ws/install/acoustic_sensor:/home/bb/ros2_ws/install/IMU_sensor:/opt/ros/humble /usr/bin/cmake --build /home/bb/ros2_ws/build/linear_acceleration_msg -- -j6 -l6
[7.560s] [  9%] Built target linear_acceleration_msg__rosidl_generator_c
[7.668s] [ 12%] Built target linear_acceleration_msg__cpp
[7.850s] [ 12%] Built target ament_cmake_python_copy_linear_acceleration_msg
[7.952s] [ 22%] Built target linear_acceleration_msg__rosidl_typesupport_c
[7.982s] [ 32%] Built target linear_acceleration_msg__rosidl_typesupport_fastrtps_c
[8.070s] [ 41%] Built target linear_acceleration_msg__rosidl_typesupport_introspection_c
[8.094s] [ 51%] Built target linear_acceleration_msg__rosidl_typesupport_introspection_cpp
[8.109s] [ 61%] Built target linear_acceleration_msg__rosidl_typesupport_fastrtps_cpp
[8.157s] [ 70%] Built target linear_acceleration_msg__rosidl_typesupport_cpp
[8.383s] [ 70%] Built target linear_acceleration_msg
[8.562s] [ 74%] Built target linear_acceleration_msg__py
[8.951s] [ 80%] Built target linear_acceleration_msg__rosidl_generator_py
[9.362s] [ 87%] Built target linear_acceleration_msg__rosidl_typesupport_fastrtps_c__pyext
[9.392s] [ 93%] Built target linear_acceleration_msg__rosidl_typesupport_introspection_c__pyext
[9.419s] [100%] Built target linear_acceleration_msg__rosidl_typesupport_c__pyext
[11.059s] running egg_info
[11.066s] writing linear_acceleration_msg.egg-info/PKG-INFO
[11.067s] writing dependency_links to linear_acceleration_msg.egg-info/dependency_links.txt
[11.068s] writing top-level names to linear_acceleration_msg.egg-info/top_level.txt
[11.406s] reading manifest file 'linear_acceleration_msg.egg-info/SOURCES.txt'
[11.410s] writing manifest file 'linear_acceleration_msg.egg-info/SOURCES.txt'
[11.587s] [100%] Built target ament_cmake_python_build_linear_acceleration_msg_egg
[11.668s] Invoked command in '/home/bb/ros2_ws/build/linear_acceleration_msg' returned '0': CMAKE_PREFIX_PATH=${CMAKE_PREFIX_PATH}:/home/bb/ros2_ws/install/sub:/home/bb/ros2_ws/install/test141123:/home/bb/ros2_ws/install/imu_sensor:/home/bb/ros2_ws/install/depth_sensor:/home/bb/ros2_ws/install/acoustic_sensor:/home/bb/ros2_ws/install/IMU_sensor:/opt/ros/humble /usr/bin/cmake --build /home/bb/ros2_ws/build/linear_acceleration_msg -- -j6 -l6
[12.120s] Invoking command in '/home/bb/ros2_ws/build/linear_acceleration_msg': CMAKE_PREFIX_PATH=${CMAKE_PREFIX_PATH}:/home/bb/ros2_ws/install/sub:/home/bb/ros2_ws/install/test141123:/home/bb/ros2_ws/install/imu_sensor:/home/bb/ros2_ws/install/depth_sensor:/home/bb/ros2_ws/install/acoustic_sensor:/home/bb/ros2_ws/install/IMU_sensor:/opt/ros/humble /usr/bin/cmake --install /home/bb/ros2_ws/build/linear_acceleration_msg
[12.183s] -- Install configuration: ""
[12.187s] -- Up-to-date: /home/bb/ros2_ws/install/linear_acceleration_msg/share/ament_index/resource_index/rosidl_interfaces/linear_acceleration_msg
[12.192s] -- Up-to-date: /home/bb/ros2_ws/install/linear_acceleration_msg/include/linear_acceleration_msg/linear_acceleration_msg
[12.192s] -- Up-to-date: /home/bb/ros2_ws/install/linear_acceleration_msg/include/linear_acceleration_msg/linear_acceleration_msg/msg
[12.193s] -- Up-to-date: /home/bb/ros2_ws/install/linear_acceleration_msg/include/linear_acceleration_msg/linear_acceleration_msg/msg/rosidl_generator_c__visibility_control.h
[12.193s] -- Up-to-date: /home/bb/ros2_ws/install/linear_acceleration_msg/include/linear_acceleration_msg/linear_acceleration_msg/msg/acceleration.h
[12.194s] -- Up-to-date: /home/bb/ros2_ws/install/linear_acceleration_msg/include/linear_acceleration_msg/linear_acceleration_msg/msg/detail
[12.195s] -- Up-to-date: /home/bb/ros2_ws/install/linear_acceleration_msg/include/linear_acceleration_msg/linear_acceleration_msg/msg/detail/acceleration__functions.c
[12.196s] -- Up-to-date: /home/bb/ros2_ws/install/linear_acceleration_msg/include/linear_acceleration_msg/linear_acceleration_msg/msg/detail/acceleration__type_support.h
[12.197s] -- Up-to-date: /home/bb/ros2_ws/install/linear_acceleration_msg/include/linear_acceleration_msg/linear_acceleration_msg/msg/detail/acceleration__struct.h
[12.197s] -- Up-to-date: /home/bb/ros2_ws/install/linear_acceleration_msg/include/linear_acceleration_msg/linear_acceleration_msg/msg/detail/acceleration__functions.h
[12.198s] -- Up-to-date: /home/bb/ros2_ws/install/linear_acceleration_msg/share/linear_acceleration_msg/environment/library_path.sh
[12.199s] -- Up-to-date: /home/bb/ros2_ws/install/linear_acceleration_msg/share/linear_acceleration_msg/environment/library_path.dsv
[12.201s] -- Up-to-date: /home/bb/ros2_ws/install/linear_acceleration_msg/lib/liblinear_acceleration_msg__rosidl_generator_c.so
[12.204s] -- Up-to-date: /home/bb/ros2_ws/install/linear_acceleration_msg/include/linear_acceleration_msg/linear_acceleration_msg
[12.204s] -- Up-to-date: /home/bb/ros2_ws/install/linear_acceleration_msg/include/linear_acceleration_msg/linear_acceleration_msg/msg
[12.205s] -- Up-to-date: /home/bb/ros2_ws/install/linear_acceleration_msg/include/linear_acceleration_msg/linear_acceleration_msg/msg/rosidl_typesupport_fastrtps_c__visibility_control.h
[12.206s] -- Up-to-date: /home/bb/ros2_ws/install/linear_acceleration_msg/include/linear_acceleration_msg/linear_acceleration_msg/msg/detail
[12.209s] -- Up-to-date: /home/bb/ros2_ws/install/linear_acceleration_msg/include/linear_acceleration_msg/linear_acceleration_msg/msg/detail/acceleration__rosidl_typesupport_fastrtps_c.h
[12.212s] -- Up-to-date: /home/bb/ros2_ws/install/linear_acceleration_msg/lib/liblinear_acceleration_msg__rosidl_typesupport_fastrtps_c.so
[12.212s] -- Up-to-date: /home/bb/ros2_ws/install/linear_acceleration_msg/include/linear_acceleration_msg/linear_acceleration_msg
[12.213s] -- Up-to-date: /home/bb/ros2_ws/install/linear_acceleration_msg/include/linear_acceleration_msg/linear_acceleration_msg/msg
[12.213s] -- Up-to-date: /home/bb/ros2_ws/install/linear_acceleration_msg/include/linear_acceleration_msg/linear_acceleration_msg/msg/acceleration.hpp
[12.214s] -- Up-to-date: /home/bb/ros2_ws/install/linear_acceleration_msg/include/linear_acceleration_msg/linear_acceleration_msg/msg/detail
[12.216s] -- Up-to-date: /home/bb/ros2_ws/install/linear_acceleration_msg/include/linear_acceleration_msg/linear_acceleration_msg/msg/detail/acceleration__struct.hpp
[12.217s] -- Up-to-date: /home/bb/ros2_ws/install/linear_acceleration_msg/include/linear_acceleration_msg/linear_acceleration_msg/msg/detail/acceleration__builder.hpp
[12.218s] -- Up-to-date: /home/bb/ros2_ws/install/linear_acceleration_msg/include/linear_acceleration_msg/linear_acceleration_msg/msg/detail/acceleration__traits.hpp
[12.220s] -- Up-to-date: /home/bb/ros2_ws/install/linear_acceleration_msg/include/linear_acceleration_msg/linear_acceleration_msg
[12.221s] -- Up-to-date: /home/bb/ros2_ws/install/linear_acceleration_msg/include/linear_acceleration_msg/linear_acceleration_msg/msg
[12.221s] -- Up-to-date: /home/bb/ros2_ws/install/linear_acceleration_msg/include/linear_acceleration_msg/linear_acceleration_msg/msg/rosidl_typesupport_fastrtps_cpp__visibility_control.h
[12.222s] -- Up-to-date: /home/bb/ros2_ws/install/linear_acceleration_msg/include/linear_acceleration_msg/linear_acceleration_msg/msg/detail
[12.222s] -- Up-to-date: /home/bb/ros2_ws/install/linear_acceleration_msg/include/linear_acceleration_msg/linear_acceleration_msg/msg/detail/acceleration__rosidl_typesupport_fastrtps_cpp.hpp
[12.222s] -- Up-to-date: /home/bb/ros2_ws/install/linear_acceleration_msg/include/linear_acceleration_msg/linear_acceleration_msg/msg/detail/dds_fastrtps
[12.224s] -- Up-to-date: /home/bb/ros2_ws/install/linear_acceleration_msg/lib/liblinear_acceleration_msg__rosidl_typesupport_fastrtps_cpp.so
[12.224s] -- Up-to-date: /home/bb/ros2_ws/install/linear_acceleration_msg/include/linear_acceleration_msg/linear_acceleration_msg
[12.225s] -- Up-to-date: /home/bb/ros2_ws/install/linear_acceleration_msg/include/linear_acceleration_msg/linear_acceleration_msg/msg
[12.225s] -- Up-to-date: /home/bb/ros2_ws/install/linear_acceleration_msg/include/linear_acceleration_msg/linear_acceleration_msg/msg/rosidl_typesupport_introspection_c__visibility_control.h
[12.226s] -- Up-to-date: /home/bb/ros2_ws/install/linear_acceleration_msg/include/linear_acceleration_msg/linear_acceleration_msg/msg/detail
[12.226s] -- Up-to-date: /home/bb/ros2_ws/install/linear_acceleration_msg/include/linear_acceleration_msg/linear_acceleration_msg/msg/detail/acceleration__type_support.c
[12.227s] -- Up-to-date: /home/bb/ros2_ws/install/linear_acceleration_msg/include/linear_acceleration_msg/linear_acceleration_msg/msg/detail/acceleration__rosidl_typesupport_introspection_c.h
[12.229s] -- Up-to-date: /home/bb/ros2_ws/install/linear_acceleration_msg/lib/liblinear_acceleration_msg__rosidl_typesupport_introspection_c.so
[12.230s] -- Up-to-date: /home/bb/ros2_ws/install/linear_acceleration_msg/lib/liblinear_acceleration_msg__rosidl_typesupport_c.so
[12.231s] -- Up-to-date: /home/bb/ros2_ws/install/linear_acceleration_msg/include/linear_acceleration_msg/linear_acceleration_msg
[12.233s] -- Up-to-date: /home/bb/ros2_ws/install/linear_acceleration_msg/include/linear_acceleration_msg/linear_acceleration_msg/msg
[12.233s] -- Up-to-date: /home/bb/ros2_ws/install/linear_acceleration_msg/include/linear_acceleration_msg/linear_acceleration_msg/msg/detail
[12.234s] -- Up-to-date: /home/bb/ros2_ws/install/linear_acceleration_msg/include/linear_acceleration_msg/linear_acceleration_msg/msg/detail/acceleration__type_support.cpp
[12.234s] -- Up-to-date: /home/bb/ros2_ws/install/linear_acceleration_msg/include/linear_acceleration_msg/linear_acceleration_msg/msg/detail/acceleration__rosidl_typesupport_introspection_cpp.hpp
[12.235s] -- Up-to-date: /home/bb/ros2_ws/install/linear_acceleration_msg/lib/liblinear_acceleration_msg__rosidl_typesupport_introspection_cpp.so
[12.239s] -- Up-to-date: /home/bb/ros2_ws/install/linear_acceleration_msg/lib/liblinear_acceleration_msg__rosidl_typesupport_cpp.so
[12.240s] -- Up-to-date: /home/bb/ros2_ws/install/linear_acceleration_msg/share/linear_acceleration_msg/environment/pythonpath.sh
[12.241s] -- Up-to-date: /home/bb/ros2_ws/install/linear_acceleration_msg/share/linear_acceleration_msg/environment/pythonpath.dsv
[12.242s] -- Up-to-date: /home/bb/ros2_ws/install/linear_acceleration_msg/lib/python3.9/site-packages/linear_acceleration_msg-0.0.0-py3.9.egg-info
[12.242s] -- Installing: /home/bb/ros2_ws/install/linear_acceleration_msg/lib/python3.9/site-packages/linear_acceleration_msg-0.0.0-py3.9.egg-info/top_level.txt
[12.243s] -- Installing: /home/bb/ros2_ws/install/linear_acceleration_msg/lib/python3.9/site-packages/linear_acceleration_msg-0.0.0-py3.9.egg-info/dependency_links.txt
[12.243s] -- Installing: /home/bb/ros2_ws/install/linear_acceleration_msg/lib/python3.9/site-packages/linear_acceleration_msg-0.0.0-py3.9.egg-info/SOURCES.txt
[12.245s] -- Installing: /home/bb/ros2_ws/install/linear_acceleration_msg/lib/python3.9/site-packages/linear_acceleration_msg-0.0.0-py3.9.egg-info/PKG-INFO
[12.245s] -- Up-to-date: /home/bb/ros2_ws/install/linear_acceleration_msg/lib/python3.9/site-packages/linear_acceleration_msg
[12.246s] -- Up-to-date: /home/bb/ros2_ws/install/linear_acceleration_msg/lib/python3.9/site-packages/linear_acceleration_msg/msg
[12.246s] -- Up-to-date: /home/bb/ros2_ws/install/linear_acceleration_msg/lib/python3.9/site-packages/linear_acceleration_msg/msg/_acceleration.py
[12.247s] -- Up-to-date: /home/bb/ros2_ws/install/linear_acceleration_msg/lib/python3.9/site-packages/linear_acceleration_msg/msg/_acceleration_s.c
[12.247s] -- Up-to-date: /home/bb/ros2_ws/install/linear_acceleration_msg/lib/python3.9/site-packages/linear_acceleration_msg/msg/__init__.py
[12.248s] -- Up-to-date: /home/bb/ros2_ws/install/linear_acceleration_msg/lib/python3.9/site-packages/linear_acceleration_msg/_linear_acceleration_msg_s.ep.rosidl_typesupport_fastrtps_c.c
[12.248s] -- Up-to-date: /home/bb/ros2_ws/install/linear_acceleration_msg/lib/python3.9/site-packages/linear_acceleration_msg/_linear_acceleration_msg_s.ep.rosidl_typesupport_introspection_c.c
[12.248s] -- Up-to-date: /home/bb/ros2_ws/install/linear_acceleration_msg/lib/python3.9/site-packages/linear_acceleration_msg/liblinear_acceleration_msg__rosidl_generator_py.so
[12.249s] -- Up-to-date: /home/bb/ros2_ws/install/linear_acceleration_msg/lib/python3.9/site-packages/linear_acceleration_msg/linear_acceleration_msg_s__rosidl_typesupport_fastrtps_c.cpython-38-aarch64-linux-gnu.so
[12.249s] -- Up-to-date: /home/bb/ros2_ws/install/linear_acceleration_msg/lib/python3.9/site-packages/linear_acceleration_msg/_linear_acceleration_msg_s.ep.rosidl_typesupport_c.c
[12.250s] -- Up-to-date: /home/bb/ros2_ws/install/linear_acceleration_msg/lib/python3.9/site-packages/linear_acceleration_msg/linear_acceleration_msg_s__rosidl_typesupport_introspection_c.cpython-38-aarch64-linux-gnu.so
[12.251s] -- Up-to-date: /home/bb/ros2_ws/install/linear_acceleration_msg/lib/python3.9/site-packages/linear_acceleration_msg/linear_acceleration_msg_s__rosidl_typesupport_c.cpython-38-aarch64-linux-gnu.so
[12.251s] -- Up-to-date: /home/bb/ros2_ws/install/linear_acceleration_msg/lib/python3.9/site-packages/linear_acceleration_msg/__init__.py
[12.515s] Listing '/home/bb/ros2_ws/install/linear_acceleration_msg/lib/python3.9/site-packages/linear_acceleration_msg'...
[12.515s] Listing '/home/bb/ros2_ws/install/linear_acceleration_msg/lib/python3.9/site-packages/linear_acceleration_msg/msg'...
[12.547s] -- Up-to-date: /home/bb/ros2_ws/install/linear_acceleration_msg/lib/python3.9/site-packages/linear_acceleration_msg/linear_acceleration_msg_s__rosidl_typesupport_fastrtps_c.cpython-38-aarch64-linux-gnu.so
[12.552s] -- Up-to-date: /home/bb/ros2_ws/install/linear_acceleration_msg/lib/python3.9/site-packages/linear_acceleration_msg/linear_acceleration_msg_s__rosidl_typesupport_introspection_c.cpython-38-aarch64-linux-gnu.so
[12.554s] -- Up-to-date: /home/bb/ros2_ws/install/linear_acceleration_msg/lib/python3.9/site-packages/linear_acceleration_msg/linear_acceleration_msg_s__rosidl_typesupport_c.cpython-38-aarch64-linux-gnu.so
[12.559s] -- Up-to-date: /home/bb/ros2_ws/install/linear_acceleration_msg/lib/liblinear_acceleration_msg__rosidl_generator_py.so
[12.562s] -- Up-to-date: /home/bb/ros2_ws/install/linear_acceleration_msg/share/linear_acceleration_msg/msg/Acceleration.idl
[12.565s] -- Up-to-date: /home/bb/ros2_ws/install/linear_acceleration_msg/share/linear_acceleration_msg/msg/Acceleration.msg
[12.568s] -- Up-to-date: /home/bb/ros2_ws/install/linear_acceleration_msg/share/ament_index/resource_index/package_run_dependencies/linear_acceleration_msg
[12.573s] -- Up-to-date: /home/bb/ros2_ws/install/linear_acceleration_msg/share/ament_index/resource_index/parent_prefix_path/linear_acceleration_msg
[12.576s] -- Up-to-date: /home/bb/ros2_ws/install/linear_acceleration_msg/share/linear_acceleration_msg/environment/ament_prefix_path.sh
[12.578s] -- Up-to-date: /home/bb/ros2_ws/install/linear_acceleration_msg/share/linear_acceleration_msg/environment/ament_prefix_path.dsv
[12.580s] -- Up-to-date: /home/bb/ros2_ws/install/linear_acceleration_msg/share/linear_acceleration_msg/environment/path.sh
[12.583s] -- Up-to-date: /home/bb/ros2_ws/install/linear_acceleration_msg/share/linear_acceleration_msg/environment/path.dsv
[12.586s] -- Up-to-date: /home/bb/ros2_ws/install/linear_acceleration_msg/share/linear_acceleration_msg/local_setup.bash
[12.587s] -- Up-to-date: /home/bb/ros2_ws/install/linear_acceleration_msg/share/linear_acceleration_msg/local_setup.sh
[12.588s] -- Up-to-date: /home/bb/ros2_ws/install/linear_acceleration_msg/share/linear_acceleration_msg/local_setup.zsh
[12.593s] -- Up-to-date: /home/bb/ros2_ws/install/linear_acceleration_msg/share/linear_acceleration_msg/local_setup.dsv
[12.595s] -- Installing: /home/bb/ros2_ws/install/linear_acceleration_msg/share/linear_acceleration_msg/package.dsv
[12.598s] -- Up-to-date: /home/bb/ros2_ws/install/linear_acceleration_msg/share/ament_index/resource_index/packages/linear_acceleration_msg
[12.599s] -- Up-to-date: /home/bb/ros2_ws/install/linear_acceleration_msg/share/linear_acceleration_msg/cmake/export_linear_acceleration_msg__rosidl_generator_cExport.cmake
[12.607s] -- Up-to-date: /home/bb/ros2_ws/install/linear_acceleration_msg/share/linear_acceleration_msg/cmake/export_linear_acceleration_msg__rosidl_generator_cExport-noconfig.cmake
[12.618s] -- Up-to-date: /home/bb/ros2_ws/install/linear_acceleration_msg/share/linear_acceleration_msg/cmake/export_linear_acceleration_msg__rosidl_typesupport_fastrtps_cExport.cmake
[12.620s] -- Up-to-date: /home/bb/ros2_ws/install/linear_acceleration_msg/share/linear_acceleration_msg/cmake/export_linear_acceleration_msg__rosidl_typesupport_fastrtps_cExport-noconfig.cmake
[12.626s] -- Up-to-date: /home/bb/ros2_ws/install/linear_acceleration_msg/share/linear_acceleration_msg/cmake/export_linear_acceleration_msg__rosidl_generator_cppExport.cmake
[12.632s] -- Up-to-date: /home/bb/ros2_ws/install/linear_acceleration_msg/share/linear_acceleration_msg/cmake/export_linear_acceleration_msg__rosidl_typesupport_fastrtps_cppExport.cmake
[12.645s] -- Up-to-date: /home/bb/ros2_ws/install/linear_acceleration_msg/share/linear_acceleration_msg/cmake/export_linear_acceleration_msg__rosidl_typesupport_fastrtps_cppExport-noconfig.cmake
[12.647s] -- Up-to-date: /home/bb/ros2_ws/install/linear_acceleration_msg/share/linear_acceleration_msg/cmake/linear_acceleration_msg__rosidl_typesupport_introspection_cExport.cmake
[12.649s] -- Up-to-date: /home/bb/ros2_ws/install/linear_acceleration_msg/share/linear_acceleration_msg/cmake/linear_acceleration_msg__rosidl_typesupport_introspection_cExport-noconfig.cmake
[12.651s] -- Up-to-date: /home/bb/ros2_ws/install/linear_acceleration_msg/share/linear_acceleration_msg/cmake/linear_acceleration_msg__rosidl_typesupport_cExport.cmake
[12.652s] -- Up-to-date: /home/bb/ros2_ws/install/linear_acceleration_msg/share/linear_acceleration_msg/cmake/linear_acceleration_msg__rosidl_typesupport_cExport-noconfig.cmake
[12.653s] -- Up-to-date: /home/bb/ros2_ws/install/linear_acceleration_msg/share/linear_acceleration_msg/cmake/linear_acceleration_msg__rosidl_typesupport_introspection_cppExport.cmake
[12.654s] -- Up-to-date: /home/bb/ros2_ws/install/linear_acceleration_msg/share/linear_acceleration_msg/cmake/linear_acceleration_msg__rosidl_typesupport_introspection_cppExport-noconfig.cmake
[12.654s] -- Up-to-date: /home/bb/ros2_ws/install/linear_acceleration_msg/share/linear_acceleration_msg/cmake/linear_acceleration_msg__rosidl_typesupport_cppExport.cmake
[12.663s] -- Up-to-date: /home/bb/ros2_ws/install/linear_acceleration_msg/share/linear_acceleration_msg/cmake/linear_acceleration_msg__rosidl_typesupport_cppExport-noconfig.cmake
[12.664s] -- Up-to-date: /home/bb/ros2_ws/install/linear_acceleration_msg/share/linear_acceleration_msg/cmake/export_linear_acceleration_msg__rosidl_generator_pyExport.cmake
[12.666s] -- Up-to-date: /home/bb/ros2_ws/install/linear_acceleration_msg/share/linear_acceleration_msg/cmake/export_linear_acceleration_msg__rosidl_generator_pyExport-noconfig.cmake
[12.667s] -- Up-to-date: /home/bb/ros2_ws/install/linear_acceleration_msg/share/linear_acceleration_msg/cmake/rosidl_cmake-extras.cmake
[12.668s] -- Up-to-date: /home/bb/ros2_ws/install/linear_acceleration_msg/share/linear_acceleration_msg/cmake/ament_cmake_export_include_directories-extras.cmake
[12.670s] -- Up-to-date: /home/bb/ros2_ws/install/linear_acceleration_msg/share/linear_acceleration_msg/cmake/ament_cmake_export_libraries-extras.cmake
[12.670s] -- Up-to-date: /home/bb/ros2_ws/install/linear_acceleration_msg/share/linear_acceleration_msg/cmake/ament_cmake_export_targets-extras.cmake
[12.672s] -- Up-to-date: /home/bb/ros2_ws/install/linear_acceleration_msg/share/linear_acceleration_msg/cmake/rosidl_cmake_export_typesupport_targets-extras.cmake
[12.674s] -- Up-to-date: /home/bb/ros2_ws/install/linear_acceleration_msg/share/linear_acceleration_msg/cmake/ament_cmake_export_dependencies-extras.cmake
[12.675s] -- Up-to-date: /home/bb/ros2_ws/install/linear_acceleration_msg/share/linear_acceleration_msg/cmake/rosidl_cmake_export_typesupport_libraries-extras.cmake
[12.679s] -- Up-to-date: /home/bb/ros2_ws/install/linear_acceleration_msg/share/linear_acceleration_msg/cmake/linear_acceleration_msgConfig.cmake
[12.680s] -- Up-to-date: /home/bb/ros2_ws/install/linear_acceleration_msg/share/linear_acceleration_msg/cmake/linear_acceleration_msgConfig-version.cmake
[12.684s] -- Up-to-date: /home/bb/ros2_ws/install/linear_acceleration_msg/share/linear_acceleration_msg/package.xml
[14.666s] Invoked command in '/home/bb/ros2_ws/build/linear_acceleration_msg' returned '0': CMAKE_PREFIX_PATH=${CMAKE_PREFIX_PATH}:/home/bb/ros2_ws/install/sub:/home/bb/ros2_ws/install/test141123:/home/bb/ros2_ws/install/imu_sensor:/home/bb/ros2_ws/install/depth_sensor:/home/bb/ros2_ws/install/acoustic_sensor:/home/bb/ros2_ws/install/IMU_sensor:/opt/ros/humble /usr/bin/cmake --install /home/bb/ros2_ws/build/linear_acceleration_msg
