[0.044s] Invoking command in '/home/pengxuan/hornet9/build/acoustic_msg': CMAKE_PREFIX_PATH=/home/pengxuan/hornet9/install/test141123:/home/pengxuan/hornet9/install/depth_sensor:/home/pengxuan/hornet9/install/IMU_sensor:/opt/ros/humble /usr/bin/cmake /home/pengxuan/hornet9/src/acoustic_msg -DCMAKE_INSTALL_PREFIX=/home/pengxuan/hornet9/install/acoustic_msg
[0.318s] -- The C compiler identification is GNU 11.4.0
[0.838s] -- The CXX compiler identification is GNU 11.4.0
[1.137s] -- Detecting C compiler ABI info
[1.293s] -- Detecting C compiler ABI info - done
[1.297s] -- Check for working C compiler: /usr/bin/cc - skipped
[1.306s] -- Detecting C compile features
[1.308s] -- Detecting C compile features - done
[1.312s] -- Detecting CXX compiler ABI info
[1.472s] -- Detecting CXX compiler ABI info - done
[1.476s] -- Check for working CXX compiler: /usr/bin/c++ - skipped
[1.476s] -- Detecting CXX compile features
[1.476s] -- Detecting CXX compile features - done
[1.496s] -- Found ament_cmake: 1.3.5 (/opt/ros/humble/share/ament_cmake/cmake)
[1.614s] -- Found Python3: /usr/bin/python3.10 (found version "3.10.12") found components: Interpreter 
[1.711s] -- Found rosidl_default_generators: 1.2.0 (/opt/ros/humble/share/rosidl_default_generators/cmake)
[1.716s] -- Using all available rosidl_typesupport_c: rosidl_typesupport_fastrtps_c;rosidl_typesupport_introspection_c
[1.723s] -- Found rosidl_adapter: 3.1.5 (/opt/ros/humble/share/rosidl_adapter/cmake)
[1.915s] -- Using all available rosidl_typesupport_cpp: rosidl_typesupport_fastrtps_cpp;rosidl_typesupport_introspection_cpp
[1.956s] [31mCMake Error at /opt/ros/humble/share/rosidl_cmake/cmake/rosidl_generate_interfaces.cmake:59 (message):
[1.956s]   rosidl_generate_interfaces() called without any interface files
[1.956s] Call Stack (most recent call first):
[1.956s]   CMakeLists.txt:15 (rosidl_generate_interfaces)
[1.956s] 
[1.956s] [0m
[1.956s] -- Configuring incomplete, errors occurred!
[1.956s] See also "/home/pengxuan/hornet9/build/acoustic_msg/CMakeFiles/CMakeOutput.log".
[1.966s] Invoked command in '/home/pengxuan/hornet9/build/acoustic_msg' returned '1': CMAKE_PREFIX_PATH=/home/pengxuan/hornet9/install/test141123:/home/pengxuan/hornet9/install/depth_sensor:/home/pengxuan/hornet9/install/IMU_sensor:/opt/ros/humble /usr/bin/cmake /home/pengxuan/hornet9/src/acoustic_msg -DCMAKE_INSTALL_PREFIX=/home/pengxuan/hornet9/install/acoustic_msg
