[13.651s] Invoking command in '/home/bb/ros2_ws/src/depth_sensor': PYTHONPATH=/home/bb/ros2_ws/build/depth_sensor/prefix_override:/home/bb/ros2_ws/install/depth_sensor/lib/python3.8/site-packages:${PYTHONPATH} /usr/bin/python3 setup.py egg_info --egg-base ../../build/depth_sensor build --build-base /home/bb/ros2_ws/build/depth_sensor/build install --record /home/bb/ros2_ws/build/depth_sensor/install.log --single-version-externally-managed
[15.105s] running egg_info
[15.111s] writing ../../build/depth_sensor/depth_sensor.egg-info/PKG-INFO
[15.112s] writing dependency_links to ../../build/depth_sensor/depth_sensor.egg-info/dependency_links.txt
[15.114s] writing entry points to ../../build/depth_sensor/depth_sensor.egg-info/entry_points.txt
[15.116s] writing requirements to ../../build/depth_sensor/depth_sensor.egg-info/requires.txt
[15.117s] writing top-level names to ../../build/depth_sensor/depth_sensor.egg-info/top_level.txt
[15.328s] reading manifest file '../../build/depth_sensor/depth_sensor.egg-info/SOURCES.txt'
[15.333s] writing manifest file '../../build/depth_sensor/depth_sensor.egg-info/SOURCES.txt'
[15.336s] running build
[15.336s] running build_py
[15.338s] running install
[15.343s] running install_lib
[15.353s] running install_data
[15.356s] running install_egg_info
[15.367s] removing '/home/bb/ros2_ws/install/depth_sensor/lib/python3.8/site-packages/depth_sensor-0.0.0-py3.8.egg-info' (and everything under it)
[15.371s] Copying ../../build/depth_sensor/depth_sensor.egg-info to /home/bb/ros2_ws/install/depth_sensor/lib/python3.8/site-packages/depth_sensor-0.0.0-py3.8.egg-info
[15.383s] running install_scripts
[15.483s] Installing publisher script to /home/bb/ros2_ws/install/depth_sensor/lib/depth_sensor
[15.486s] writing list of installed files to '/home/bb/ros2_ws/build/depth_sensor/install.log'
[15.615s] Invoked command in '/home/bb/ros2_ws/src/depth_sensor' returned '0': PYTHONPATH=/home/bb/ros2_ws/build/depth_sensor/prefix_override:/home/bb/ros2_ws/install/depth_sensor/lib/python3.8/site-packages:${PYTHONPATH} /usr/bin/python3 setup.py egg_info --egg-base ../../build/depth_sensor build --build-base /home/bb/ros2_ws/build/depth_sensor/build install --record /home/bb/ros2_ws/build/depth_sensor/install.log --single-version-externally-managed
