running egg_info
writing ../../build/depth_sensor/depth_sensor.egg-info/PKG-INFO
writing dependency_links to ../../build/depth_sensor/depth_sensor.egg-info/dependency_links.txt
writing entry points to ../../build/depth_sensor/depth_sensor.egg-info/entry_points.txt
writing requirements to ../../build/depth_sensor/depth_sensor.egg-info/requires.txt
writing top-level names to ../../build/depth_sensor/depth_sensor.egg-info/top_level.txt
reading manifest file '../../build/depth_sensor/depth_sensor.egg-info/SOURCES.txt'
writing manifest file '../../build/depth_sensor/depth_sensor.egg-info/SOURCES.txt'
running build
running build_py
copying depth_sensor/publisher.py -> /home/pengxuan/hornet9/build/depth_sensor/build/lib/depth_sensor
running install
running install_lib
copying /home/pengxuan/hornet9/build/depth_sensor/build/lib/depth_sensor/publisher.py -> /home/pengxuan/hornet9/install/depth_sensor/lib/python3.10/site-packages/depth_sensor
byte-compiling /home/pengxuan/hornet9/install/depth_sensor/lib/python3.10/site-packages/depth_sensor/publisher.py to publisher.cpython-310.pyc
running install_data
running install_egg_info
removing '/home/pengxuan/hornet9/install/depth_sensor/lib/python3.10/site-packages/depth_sensor-0.0.0-py3.10.egg-info' (and everything under it)
Copying ../../build/depth_sensor/depth_sensor.egg-info to /home/pengxuan/hornet9/install/depth_sensor/lib/python3.10/site-packages/depth_sensor-0.0.0-py3.10.egg-info
running install_scripts
Installing publisher script to /home/pengxuan/hornet9/install/depth_sensor/lib/depth_sensor
writing list of installed files to '/home/pengxuan/hornet9/build/depth_sensor/install.log'
