[5.216s] Invoking command in '/home/bb/ros2_ws/src/depth_sensor': PYTHONPATH=/home/bb/ros2_ws/build/depth_sensor/prefix_override:/home/bb/ros2_ws/install/depth_sensor/lib/python3.8/site-packages:${PYTHONPATH} /usr/bin/python3 setup.py egg_info --egg-base ../../build/depth_sensor build --build-base /home/bb/ros2_ws/build/depth_sensor/build install --record /home/bb/ros2_ws/build/depth_sensor/install.log --single-version-externally-managed
[6.486s] running egg_info
[6.488s] writing ../../build/depth_sensor/depth_sensor.egg-info/PKG-INFO
[6.489s] writing dependency_links to ../../build/depth_sensor/depth_sensor.egg-info/dependency_links.txt
[6.490s] writing entry points to ../../build/depth_sensor/depth_sensor.egg-info/entry_points.txt
[6.491s] writing requirements to ../../build/depth_sensor/depth_sensor.egg-info/requires.txt
[6.492s] writing top-level names to ../../build/depth_sensor/depth_sensor.egg-info/top_level.txt
[6.684s] reading manifest file '../../build/depth_sensor/depth_sensor.egg-info/SOURCES.txt'
[6.688s] writing manifest file '../../build/depth_sensor/depth_sensor.egg-info/SOURCES.txt'
[6.689s] running build
[6.689s] running build_py
[6.690s] copying depth_sensor/publisher.py -> /home/bb/ros2_ws/build/depth_sensor/build/lib/depth_sensor
[6.691s] running install
[6.695s] running install_lib
[6.700s] copying /home/bb/ros2_ws/build/depth_sensor/build/lib/depth_sensor/publisher.py -> /home/bb/ros2_ws/install/depth_sensor/lib/python3.8/site-packages/depth_sensor
[6.703s] byte-compiling /home/bb/ros2_ws/install/depth_sensor/lib/python3.8/site-packages/depth_sensor/publisher.py to publisher.cpython-38.pyc
[6.712s] running install_data
[6.715s] running install_egg_info
[6.723s] removing '/home/bb/ros2_ws/install/depth_sensor/lib/python3.8/site-packages/depth_sensor-0.0.0-py3.8.egg-info' (and everything under it)
[6.725s] Copying ../../build/depth_sensor/depth_sensor.egg-info to /home/bb/ros2_ws/install/depth_sensor/lib/python3.8/site-packages/depth_sensor-0.0.0-py3.8.egg-info
[6.732s] running install_scripts
[6.813s] Installing publisher script to /home/bb/ros2_ws/install/depth_sensor/lib/depth_sensor
[6.815s] writing list of installed files to '/home/bb/ros2_ws/build/depth_sensor/install.log'
[6.915s] Invoked command in '/home/bb/ros2_ws/src/depth_sensor' returned '0': PYTHONPATH=/home/bb/ros2_ws/build/depth_sensor/prefix_override:/home/bb/ros2_ws/install/depth_sensor/lib/python3.8/site-packages:${PYTHONPATH} /usr/bin/python3 setup.py egg_info --egg-base ../../build/depth_sensor build --build-base /home/bb/ros2_ws/build/depth_sensor/build install --record /home/bb/ros2_ws/build/depth_sensor/install.log --single-version-externally-managed
