[10.386s] DEBUG:colcon:Command line arguments: ['/usr/bin/colcon', 'build', '--packages-select', 'test141123']
[10.386s] DEBUG:colcon:Parsed command line arguments: Namespace(allow_overriding=[], ament_cmake_args=None, base_paths=['.'], build_base='build', catkin_cmake_args=None, catkin_skip_building_tests=False, cmake_args=None, cmake_clean_cache=False, cmake_clean_first=False, cmake_force_configure=False, cmake_target=None, cmake_target_skip_unavailable=False, continue_on_error=False, event_handlers=None, executor='parallel', ignore_user_meta=False, install_base='install', log_base=None, log_level=None, main=<bound method BuildVerb.main of <colcon_core.verb.build.BuildVerb object at 0xffff92c3abe0>>, merge_install=False, metas=['./colcon.meta'], packages_above=None, packages_above_and_dependencies=None, packages_above_depth=None, packages_end=None, packages_ignore=None, packages_ignore_regex=None, packages_select=['test141123'], packages_select_build_failed=False, packages_select_by_dep=None, packages_select_regex=None, packages_select_test_failures=False, packages_skip=None, packages_skip_build_finished=False, packages_skip_by_dep=None, packages_skip_regex=None, packages_skip_test_passed=False, packages_skip_up_to=None, packages_start=None, packages_up_to=None, packages_up_to_regex=None, parallel_workers=6, paths=None, symlink_install=False, test_result_base=None, verb_extension=<colcon_core.verb.build.BuildVerb object at 0xffff92c3abe0>, verb_name='build', verb_parser=<colcon_defaults.argument_parser.defaults.DefaultArgumentsDecorator object at 0xffff9280f340>)
[10.832s] Level 1:colcon.colcon_core.package_discovery:discover_packages(colcon_meta) check parameters
[10.833s] Level 1:colcon.colcon_core.package_discovery:discover_packages(recursive) check parameters
[10.833s] Level 1:colcon.colcon_core.package_discovery:discover_packages(ignore) check parameters
[10.833s] Level 1:colcon.colcon_core.package_discovery:discover_packages(path) check parameters
[10.833s] Level 1:colcon.colcon_core.package_discovery:discover_packages(colcon_meta) discover
[10.834s] Level 1:colcon.colcon_core.package_discovery:discover_packages(recursive) discover
[10.834s] INFO:colcon.colcon_core.package_discovery:Crawling recursively for packages in '/home/bb/ros2_ws'
[10.835s] Level 1:colcon.colcon_core.package_identification:_identify(.) by extensions ['ignore', 'ignore_ament_install']
[10.835s] Level 1:colcon.colcon_core.package_identification:_identify(.) by extension 'ignore'
[10.835s] Level 1:colcon.colcon_core.package_identification:_identify(.) by extension 'ignore_ament_install'
[10.836s] Level 1:colcon.colcon_core.package_identification:_identify(.) by extensions ['colcon_pkg']
[10.836s] Level 1:colcon.colcon_core.package_identification:_identify(.) by extension 'colcon_pkg'
[10.836s] Level 1:colcon.colcon_core.package_identification:_identify(.) by extensions ['colcon_meta']
[10.836s] Level 1:colcon.colcon_core.package_identification:_identify(.) by extension 'colcon_meta'
[10.836s] Level 1:colcon.colcon_core.package_identification:_identify(.) by extensions ['ros']
[10.837s] Level 1:colcon.colcon_core.package_identification:_identify(.) by extension 'ros'
[10.927s] Level 1:colcon.colcon_core.package_identification:_identify(.) by extensions ['cmake', 'python']
[10.928s] Level 1:colcon.colcon_core.package_identification:_identify(.) by extension 'cmake'
[10.928s] Level 1:colcon.colcon_core.package_identification:_identify(.) by extension 'python'
[10.928s] Level 1:colcon.colcon_core.package_identification:_identify(.) by extensions ['python_setup_py']
[10.929s] Level 1:colcon.colcon_core.package_identification:_identify(.) by extension 'python_setup_py'
[10.929s] Level 1:colcon.colcon_core.package_identification:_identify(build) by extensions ['ignore', 'ignore_ament_install']
[10.930s] Level 1:colcon.colcon_core.package_identification:_identify(build) by extension 'ignore'
[10.930s] Level 1:colcon.colcon_core.package_identification:_identify(build) ignored
[10.931s] Level 1:colcon.colcon_core.package_identification:_identify(install) by extensions ['ignore', 'ignore_ament_install']
[10.931s] Level 1:colcon.colcon_core.package_identification:_identify(install) by extension 'ignore'
[10.932s] Level 1:colcon.colcon_core.package_identification:_identify(install) ignored
[10.932s] Level 1:colcon.colcon_core.package_identification:_identify(log) by extensions ['ignore', 'ignore_ament_install']
[10.933s] Level 1:colcon.colcon_core.package_identification:_identify(log) by extension 'ignore'
[10.933s] Level 1:colcon.colcon_core.package_identification:_identify(log) ignored
[10.933s] Level 1:colcon.colcon_core.package_identification:_identify(src) by extensions ['ignore', 'ignore_ament_install']
[10.934s] Level 1:colcon.colcon_core.package_identification:_identify(src) by extension 'ignore'
[10.934s] Level 1:colcon.colcon_core.package_identification:_identify(src) by extension 'ignore_ament_install'
[10.934s] Level 1:colcon.colcon_core.package_identification:_identify(src) by extensions ['colcon_pkg']
[10.935s] Level 1:colcon.colcon_core.package_identification:_identify(src) by extension 'colcon_pkg'
[10.935s] Level 1:colcon.colcon_core.package_identification:_identify(src) by extensions ['colcon_meta']
[10.935s] Level 1:colcon.colcon_core.package_identification:_identify(src) by extension 'colcon_meta'
[10.935s] Level 1:colcon.colcon_core.package_identification:_identify(src) by extensions ['ros']
[10.935s] Level 1:colcon.colcon_core.package_identification:_identify(src) by extension 'ros'
[10.936s] Level 1:colcon.colcon_core.package_identification:_identify(src) by extensions ['cmake', 'python']
[10.936s] Level 1:colcon.colcon_core.package_identification:_identify(src) by extension 'cmake'
[10.936s] Level 1:colcon.colcon_core.package_identification:_identify(src) by extension 'python'
[10.937s] Level 1:colcon.colcon_core.package_identification:_identify(src) by extensions ['python_setup_py']
[10.937s] Level 1:colcon.colcon_core.package_identification:_identify(src) by extension 'python_setup_py'
[10.937s] Level 1:colcon.colcon_core.package_identification:_identify(src/IMU_sensor) by extensions ['ignore', 'ignore_ament_install']
[10.938s] Level 1:colcon.colcon_core.package_identification:_identify(src/IMU_sensor) by extension 'ignore'
[10.938s] Level 1:colcon.colcon_core.package_identification:_identify(src/IMU_sensor) by extension 'ignore_ament_install'
[10.938s] Level 1:colcon.colcon_core.package_identification:_identify(src/IMU_sensor) by extensions ['colcon_pkg']
[10.938s] Level 1:colcon.colcon_core.package_identification:_identify(src/IMU_sensor) by extension 'colcon_pkg'
[10.939s] Level 1:colcon.colcon_core.package_identification:_identify(src/IMU_sensor) by extensions ['colcon_meta']
[10.939s] Level 1:colcon.colcon_core.package_identification:_identify(src/IMU_sensor) by extension 'colcon_meta'
[10.939s] Level 1:colcon.colcon_core.package_identification:_identify(src/IMU_sensor) by extensions ['ros']
[10.939s] Level 1:colcon.colcon_core.package_identification:_identify(src/IMU_sensor) by extension 'ros'
[10.951s] DEBUG:colcon.colcon_core.package_identification:Package 'src/IMU_sensor' with type 'ros.ament_python' and name 'IMU_sensor'
[10.951s] Level 1:colcon.colcon_core.package_identification:_identify(src/build) by extensions ['ignore', 'ignore_ament_install']
[10.952s] Level 1:colcon.colcon_core.package_identification:_identify(src/build) by extension 'ignore'
[10.952s] Level 1:colcon.colcon_core.package_identification:_identify(src/build) ignored
[10.953s] Level 1:colcon.colcon_core.package_identification:_identify(src/install) by extensions ['ignore', 'ignore_ament_install']
[10.953s] Level 1:colcon.colcon_core.package_identification:_identify(src/install) by extension 'ignore'
[10.953s] Level 1:colcon.colcon_core.package_identification:_identify(src/install) ignored
[10.954s] Level 1:colcon.colcon_core.package_identification:_identify(src/log) by extensions ['ignore', 'ignore_ament_install']
[10.954s] Level 1:colcon.colcon_core.package_identification:_identify(src/log) by extension 'ignore'
[10.955s] Level 1:colcon.colcon_core.package_identification:_identify(src/log) ignored
[10.955s] Level 1:colcon.colcon_core.package_identification:_identify(src/test141123) by extensions ['ignore', 'ignore_ament_install']
[10.955s] Level 1:colcon.colcon_core.package_identification:_identify(src/test141123) by extension 'ignore'
[10.956s] Level 1:colcon.colcon_core.package_identification:_identify(src/test141123) by extension 'ignore_ament_install'
[10.956s] Level 1:colcon.colcon_core.package_identification:_identify(src/test141123) by extensions ['colcon_pkg']
[10.956s] Level 1:colcon.colcon_core.package_identification:_identify(src/test141123) by extension 'colcon_pkg'
[10.956s] Level 1:colcon.colcon_core.package_identification:_identify(src/test141123) by extensions ['colcon_meta']
[10.957s] Level 1:colcon.colcon_core.package_identification:_identify(src/test141123) by extension 'colcon_meta'
[10.957s] Level 1:colcon.colcon_core.package_identification:_identify(src/test141123) by extensions ['ros']
[10.957s] Level 1:colcon.colcon_core.package_identification:_identify(src/test141123) by extension 'ros'
[10.960s] DEBUG:colcon.colcon_core.package_identification:Package 'src/test141123' with type 'ros.ament_python' and name 'test141123'
[10.960s] Level 1:colcon.colcon_core.package_discovery:discover_packages(recursive) using defaults
[10.961s] Level 1:colcon.colcon_core.package_discovery:discover_packages(ignore) discover
[10.961s] Level 1:colcon.colcon_core.package_discovery:discover_packages(ignore) using defaults
[10.961s] Level 1:colcon.colcon_core.package_discovery:discover_packages(path) discover
[10.961s] Level 1:colcon.colcon_core.package_discovery:discover_packages(path) using defaults
[11.555s] INFO:colcon.colcon_core.package_selection:Skipping not selected package 'IMU_sensor' in 'src/IMU_sensor'
[11.893s] Level 1:colcon.colcon_core.package_discovery:discover_packages(prefix_path) check parameters
[11.893s] Level 1:colcon.colcon_core.package_discovery:discover_packages(prefix_path) discover
[12.239s] DEBUG:colcon.colcon_installed_package_information.package_discovery:Found 2 installed packages in /home/bb/ros2_ws/install
[12.421s] DEBUG:colcon.colcon_installed_package_information.package_discovery:Found 308 installed packages in /opt/ros/humble
[12.430s] Level 1:colcon.colcon_core.package_discovery:discover_packages(prefix_path) using defaults
[13.284s] Level 5:colcon.colcon_core.verb:set package 'test141123' build argument 'cmake_args' from command line to 'None'
[13.284s] Level 5:colcon.colcon_core.verb:set package 'test141123' build argument 'cmake_target' from command line to 'None'
[13.284s] Level 5:colcon.colcon_core.verb:set package 'test141123' build argument 'cmake_target_skip_unavailable' from command line to 'False'
[13.285s] Level 5:colcon.colcon_core.verb:set package 'test141123' build argument 'cmake_clean_cache' from command line to 'False'
[13.285s] Level 5:colcon.colcon_core.verb:set package 'test141123' build argument 'cmake_clean_first' from command line to 'False'
[13.285s] Level 5:colcon.colcon_core.verb:set package 'test141123' build argument 'cmake_force_configure' from command line to 'False'
[13.285s] Level 5:colcon.colcon_core.verb:set package 'test141123' build argument 'ament_cmake_args' from command line to 'None'
[13.285s] Level 5:colcon.colcon_core.verb:set package 'test141123' build argument 'catkin_cmake_args' from command line to 'None'
[13.285s] Level 5:colcon.colcon_core.verb:set package 'test141123' build argument 'catkin_skip_building_tests' from command line to 'False'
[13.286s] DEBUG:colcon.colcon_core.verb:Building package 'test141123' with the following arguments: {'ament_cmake_args': None, 'build_base': '/home/bb/ros2_ws/build/test141123', 'catkin_cmake_args': None, 'catkin_skip_building_tests': False, 'cmake_args': None, 'cmake_clean_cache': False, 'cmake_clean_first': False, 'cmake_force_configure': False, 'cmake_target': None, 'cmake_target_skip_unavailable': False, 'install_base': '/home/bb/ros2_ws/install/test141123', 'merge_install': False, 'path': '/home/bb/ros2_ws/src/test141123', 'symlink_install': False, 'test_result_base': None}
[13.452s] INFO:colcon.colcon_core.executor:Executing jobs using 'parallel' executor
[13.629s] DEBUG:colcon.colcon_parallel_executor.executor.parallel:run_until_complete
[13.630s] INFO:colcon.colcon_ros.task.ament_python.build:Building ROS package in '/home/bb/ros2_ws/src/test141123' with build type 'ament_python'
[13.631s] Level 1:colcon.colcon_core.shell:create_environment_hook('test141123', 'ament_prefix_path')
[13.813s] INFO:colcon.colcon_core.plugin_system:Skipping extension 'colcon_core.shell.bat': Not used on non-Windows systems
[13.814s] INFO:colcon.colcon_core.shell:Creating environment hook '/home/bb/ros2_ws/install/test141123/share/test141123/hook/ament_prefix_path.ps1'
[13.817s] INFO:colcon.colcon_core.shell:Creating environment descriptor '/home/bb/ros2_ws/install/test141123/share/test141123/hook/ament_prefix_path.dsv'
[13.819s] INFO:colcon.colcon_core.shell:Creating environment hook '/home/bb/ros2_ws/install/test141123/share/test141123/hook/ament_prefix_path.sh'
[14.002s] INFO:colcon.colcon_core.shell:Skip shell extension 'powershell' for command environment: Not usable outside of PowerShell
[14.002s] DEBUG:colcon.colcon_core.shell:Skip shell extension 'dsv' for command environment
[15.808s] INFO:colcon.colcon_core.task.python.build:Building Python package in '/home/bb/ros2_ws/src/test141123'
[16.004s] INFO:colcon.colcon_core.shell:Skip shell extension 'powershell' for command environment: Not usable outside of PowerShell
[16.004s] DEBUG:colcon.colcon_core.shell:Skip shell extension 'dsv' for command environment
[18.579s] DEBUG:colcon.colcon_core.event_handler.log_command:Invoking command in '/home/bb/ros2_ws/src/test141123': PYTHONPATH=/home/bb/ros2_ws/build/test141123/prefix_override:/home/bb/ros2_ws/install/test141123/lib/python3.8/site-packages:${PYTHONPATH} /usr/bin/python3 setup.py egg_info --egg-base ../../build/test141123 build --build-base /home/bb/ros2_ws/build/test141123/build install --record /home/bb/ros2_ws/build/test141123/install.log --single-version-externally-managed
[20.172s] DEBUG:colcon.colcon_core.event_handler.log_command:Invoked command in '/home/bb/ros2_ws/src/test141123' returned '0': PYTHONPATH=/home/bb/ros2_ws/build/test141123/prefix_override:/home/bb/ros2_ws/install/test141123/lib/python3.8/site-packages:${PYTHONPATH} /usr/bin/python3 setup.py egg_info --egg-base ../../build/test141123 build --build-base /home/bb/ros2_ws/build/test141123/build install --record /home/bb/ros2_ws/build/test141123/install.log --single-version-externally-managed
[20.377s] Level 1:colcon.colcon_core.environment:checking '/home/bb/ros2_ws/install/test141123' for CMake module files
[20.380s] Level 1:colcon.colcon_core.environment:checking '/home/bb/ros2_ws/install/test141123' for CMake config files
[20.385s] Level 1:colcon.colcon_core.environment:checking '/home/bb/ros2_ws/install/test141123/lib'
[20.386s] Level 1:colcon.colcon_core.environment:checking '/home/bb/ros2_ws/install/test141123/bin'
[20.386s] Level 1:colcon.colcon_core.environment:checking '/home/bb/ros2_ws/install/test141123/lib/pkgconfig/test141123.pc'
[20.387s] Level 1:colcon.colcon_core.environment:checking '/home/bb/ros2_ws/install/test141123/lib/python3.8/site-packages'
[20.388s] Level 1:colcon.colcon_core.shell:create_environment_hook('test141123', 'pythonpath')
[20.570s] INFO:colcon.colcon_core.shell:Creating environment hook '/home/bb/ros2_ws/install/test141123/share/test141123/hook/pythonpath.ps1'
[20.573s] INFO:colcon.colcon_core.shell:Creating environment descriptor '/home/bb/ros2_ws/install/test141123/share/test141123/hook/pythonpath.dsv'
[20.575s] INFO:colcon.colcon_core.shell:Creating environment hook '/home/bb/ros2_ws/install/test141123/share/test141123/hook/pythonpath.sh'
[20.577s] Level 1:colcon.colcon_core.environment:checking '/home/bb/ros2_ws/install/test141123/bin'
[20.578s] Level 1:colcon.colcon_core.environment:create_environment_scripts_only(test141123)
[20.764s] INFO:colcon.colcon_core.shell:Creating package script '/home/bb/ros2_ws/install/test141123/share/test141123/package.ps1'
[20.768s] INFO:colcon.colcon_core.shell:Creating package descriptor '/home/bb/ros2_ws/install/test141123/share/test141123/package.dsv'
[20.771s] INFO:colcon.colcon_core.shell:Creating package script '/home/bb/ros2_ws/install/test141123/share/test141123/package.sh'
[20.775s] INFO:colcon.colcon_core.shell:Creating package script '/home/bb/ros2_ws/install/test141123/share/test141123/package.bash'
[20.778s] INFO:colcon.colcon_core.shell:Creating package script '/home/bb/ros2_ws/install/test141123/share/test141123/package.zsh'
[20.781s] Level 1:colcon.colcon_core.environment:create_file_with_runtime_dependencies(/home/bb/ros2_ws/install/test141123/share/colcon-core/packages/test141123)
[20.784s] DEBUG:colcon.colcon_parallel_executor.executor.parallel:closing loop
[20.786s] DEBUG:colcon.colcon_parallel_executor.executor.parallel:loop closed
[20.786s] DEBUG:colcon.colcon_parallel_executor.executor.parallel:run_until_complete finished with '0'
[20.787s] DEBUG:colcon.colcon_core.event_reactor:joining thread
[20.990s] INFO:colcon.colcon_core.plugin_system:Skipping extension 'colcon_notification.desktop_notification.terminal_notifier': Not used on non-Darwin systems
[20.990s] INFO:colcon.colcon_core.plugin_system:Skipping extension 'colcon_notification.desktop_notification.win32': Not used on non-Windows systems
[20.991s] INFO:colcon.colcon_notification.desktop_notification:Sending desktop notification using 'notify2'
[21.079s] DEBUG:colcon.colcon_core.event_reactor:joined thread
[21.261s] INFO:colcon.colcon_core.shell:Creating prefix script '/home/bb/ros2_ws/install/local_setup.ps1'
[21.266s] INFO:colcon.colcon_core.shell:Creating prefix util module '/home/bb/ros2_ws/install/_local_setup_util_ps1.py'
[21.272s] INFO:colcon.colcon_core.shell:Creating prefix chain script '/home/bb/ros2_ws/install/setup.ps1'
[21.453s] INFO:colcon.colcon_core.shell:Creating prefix script '/home/bb/ros2_ws/install/local_setup.sh'
[21.456s] INFO:colcon.colcon_core.shell:Creating prefix util module '/home/bb/ros2_ws/install/_local_setup_util_sh.py'
[21.458s] INFO:colcon.colcon_core.shell:Creating prefix chain script '/home/bb/ros2_ws/install/setup.sh'
[21.644s] INFO:colcon.colcon_core.shell:Creating prefix script '/home/bb/ros2_ws/install/local_setup.bash'
[21.646s] INFO:colcon.colcon_core.shell:Creating prefix chain script '/home/bb/ros2_ws/install/setup.bash'
[21.826s] INFO:colcon.colcon_core.shell:Creating prefix script '/home/bb/ros2_ws/install/local_setup.zsh'
[21.828s] INFO:colcon.colcon_core.shell:Creating prefix chain script '/home/bb/ros2_ws/install/setup.zsh'
