[0.791s] Invoking command in '/home/bb/ros2_ws/build/acoustic_msg': CMAKE_PREFIX_PATH=${CMAKE_PREFIX_PATH}:/home/bb/ros2_ws/install/imu_sensor:/home/bb/ros2_ws/install/depth_sensor:/home/bb/ros2_ws/install/acoustic_sensor:/home/bb/ros2_ws/install/test141123:/home/bb/ros2_ws/install/IMU_sensor:/opt/ros/humble /usr/bin/cmake /home/bb/ros2_ws/src/acoustic_msg -DCMAKE_INSTALL_PREFIX=/home/bb/ros2_ws/install/acoustic_msg
[1.354s] -- The C compiler identification is GNU 9.4.0
[1.859s] -- The CXX compiler identification is GNU 9.4.0
[1.898s] -- Check for working C compiler: /usr/bin/cc
[2.348s] -- Check for working C compiler: /usr/bin/cc -- works
[2.357s] -- Detecting C compiler ABI info
[2.792s] -- Detecting C compiler ABI info - done
[2.878s] -- Detecting C compile features
[2.881s] -- Detecting C compile features - done
[2.899s] -- Check for working CXX compiler: /usr/bin/c++
[3.407s] -- Check for working CXX compiler: /usr/bin/c++ -- works
[3.413s] -- Detecting CXX compiler ABI info
[3.913s] -- Detecting CXX compiler ABI info - done
[3.987s] -- Detecting CXX compile features
[3.990s] -- Detecting CXX compile features - done
[4.013s] -- Found ament_cmake: 1.3.6 (/opt/ros/humble/share/ament_cmake/cmake)
[5.015s] -- Found Python3: /usr/bin/python3.9 (found version "3.9.5") found components: Interpreter 
[5.622s] -- Found rosidl_default_generators: 1.2.0 (/opt/ros/humble/share/rosidl_default_generators/cmake)
[5.652s] -- Using all available rosidl_typesupport_c: rosidl_typesupport_fastrtps_c;rosidl_typesupport_introspection_c
[5.707s] -- Found rosidl_adapter: 3.1.5 (/opt/ros/humble/share/rosidl_adapter/cmake)
[6.031s] -- Using all available rosidl_typesupport_cpp: rosidl_typesupport_fastrtps_cpp;rosidl_typesupport_introspection_cpp
[6.300s] CMake Error at CMakeLists.txt:13 (rosidl_generate_interface):
[6.301s]   Unknown CMake command "rosidl_generate_interface".
[6.301s] 
[6.302s] 
[6.310s] -- Configuring incomplete, errors occurred!
[6.311s] See also "/home/bb/ros2_ws/build/acoustic_msg/CMakeFiles/CMakeOutput.log".
[6.338s] Invoked command in '/home/bb/ros2_ws/build/acoustic_msg' returned '1': CMAKE_PREFIX_PATH=${CMAKE_PREFIX_PATH}:/home/bb/ros2_ws/install/imu_sensor:/home/bb/ros2_ws/install/depth_sensor:/home/bb/ros2_ws/install/acoustic_sensor:/home/bb/ros2_ws/install/test141123:/home/bb/ros2_ws/install/IMU_sensor:/opt/ros/humble /usr/bin/cmake /home/bb/ros2_ws/src/acoustic_msg -DCMAKE_INSTALL_PREFIX=/home/bb/ros2_ws/install/acoustic_msg
