[10.737s] DEBUG:colcon:Command line arguments: ['/usr/bin/colcon', 'build', '--packages-select', 'acoustic_msg']
[10.738s] DEBUG:colcon:Parsed command line arguments: Namespace(allow_overriding=[], ament_cmake_args=None, base_paths=['.'], build_base='build', catkin_cmake_args=None, catkin_skip_building_tests=False, cmake_args=None, cmake_clean_cache=False, cmake_clean_first=False, cmake_force_configure=False, cmake_target=None, cmake_target_skip_unavailable=False, continue_on_error=False, event_handlers=None, executor='parallel', ignore_user_meta=False, install_base='install', log_base=None, log_level=None, main=<bound method BuildVerb.main of <colcon_core.verb.build.BuildVerb object at 0xffff8b809880>>, merge_install=False, metas=['./colcon.meta'], packages_above=None, packages_above_and_dependencies=None, packages_above_depth=None, packages_end=None, packages_ignore=None, packages_ignore_regex=None, packages_select=['acoustic_msg'], packages_select_build_failed=False, packages_select_by_dep=None, packages_select_regex=None, packages_select_test_failures=False, packages_skip=None, packages_skip_build_finished=False, packages_skip_by_dep=None, packages_skip_regex=None, packages_skip_test_passed=False, packages_skip_up_to=None, packages_start=None, packages_up_to=None, packages_up_to_regex=None, parallel_workers=6, paths=None, symlink_install=False, test_result_base=None, verb_extension=<colcon_core.verb.build.BuildVerb object at 0xffff8b809880>, verb_name='build', verb_parser=<colcon_defaults.argument_parser.defaults.DefaultArgumentsDecorator object at 0xffff8b411850>)
[11.195s] Level 1:colcon.colcon_core.package_discovery:discover_packages(colcon_meta) check parameters
[11.196s] Level 1:colcon.colcon_core.package_discovery:discover_packages(recursive) check parameters
[11.196s] Level 1:colcon.colcon_core.package_discovery:discover_packages(ignore) check parameters
[11.196s] Level 1:colcon.colcon_core.package_discovery:discover_packages(path) check parameters
[11.196s] Level 1:colcon.colcon_core.package_discovery:discover_packages(colcon_meta) discover
[11.196s] Level 1:colcon.colcon_core.package_discovery:discover_packages(recursive) discover
[11.197s] INFO:colcon.colcon_core.package_discovery:Crawling recursively for packages in '/home/bb/ros2_ws'
[11.197s] Level 1:colcon.colcon_core.package_identification:_identify(.) by extensions ['ignore', 'ignore_ament_install']
[11.198s] Level 1:colcon.colcon_core.package_identification:_identify(.) by extension 'ignore'
[11.198s] Level 1:colcon.colcon_core.package_identification:_identify(.) by extension 'ignore_ament_install'
[11.198s] Level 1:colcon.colcon_core.package_identification:_identify(.) by extensions ['colcon_pkg']
[11.198s] Level 1:colcon.colcon_core.package_identification:_identify(.) by extension 'colcon_pkg'
[11.199s] Level 1:colcon.colcon_core.package_identification:_identify(.) by extensions ['colcon_meta']
[11.199s] Level 1:colcon.colcon_core.package_identification:_identify(.) by extension 'colcon_meta'
[11.199s] Level 1:colcon.colcon_core.package_identification:_identify(.) by extensions ['ros']
[11.199s] Level 1:colcon.colcon_core.package_identification:_identify(.) by extension 'ros'
[11.256s] Level 1:colcon.colcon_core.package_identification:_identify(.) by extensions ['cmake', 'python']
[11.256s] Level 1:colcon.colcon_core.package_identification:_identify(.) by extension 'cmake'
[11.256s] Level 1:colcon.colcon_core.package_identification:_identify(.) by extension 'python'
[11.257s] Level 1:colcon.colcon_core.package_identification:_identify(.) by extensions ['python_setup_py']
[11.257s] Level 1:colcon.colcon_core.package_identification:_identify(.) by extension 'python_setup_py'
[11.258s] Level 1:colcon.colcon_core.package_identification:_identify(build) by extensions ['ignore', 'ignore_ament_install']
[11.258s] Level 1:colcon.colcon_core.package_identification:_identify(build) by extension 'ignore'
[11.258s] Level 1:colcon.colcon_core.package_identification:_identify(build) ignored
[11.259s] Level 1:colcon.colcon_core.package_identification:_identify(install) by extensions ['ignore', 'ignore_ament_install']
[11.259s] Level 1:colcon.colcon_core.package_identification:_identify(install) by extension 'ignore'
[11.260s] Level 1:colcon.colcon_core.package_identification:_identify(install) ignored
[11.260s] Level 1:colcon.colcon_core.package_identification:_identify(log) by extensions ['ignore', 'ignore_ament_install']
[11.261s] Level 1:colcon.colcon_core.package_identification:_identify(log) by extension 'ignore'
[11.261s] Level 1:colcon.colcon_core.package_identification:_identify(log) ignored
[11.261s] Level 1:colcon.colcon_core.package_identification:_identify(src) by extensions ['ignore', 'ignore_ament_install']
[11.262s] Level 1:colcon.colcon_core.package_identification:_identify(src) by extension 'ignore'
[11.262s] Level 1:colcon.colcon_core.package_identification:_identify(src) by extension 'ignore_ament_install'
[11.262s] Level 1:colcon.colcon_core.package_identification:_identify(src) by extensions ['colcon_pkg']
[11.263s] Level 1:colcon.colcon_core.package_identification:_identify(src) by extension 'colcon_pkg'
[11.263s] Level 1:colcon.colcon_core.package_identification:_identify(src) by extensions ['colcon_meta']
[11.263s] Level 1:colcon.colcon_core.package_identification:_identify(src) by extension 'colcon_meta'
[11.263s] Level 1:colcon.colcon_core.package_identification:_identify(src) by extensions ['ros']
[11.264s] Level 1:colcon.colcon_core.package_identification:_identify(src) by extension 'ros'
[11.264s] Level 1:colcon.colcon_core.package_identification:_identify(src) by extensions ['cmake', 'python']
[11.264s] Level 1:colcon.colcon_core.package_identification:_identify(src) by extension 'cmake'
[11.264s] Level 1:colcon.colcon_core.package_identification:_identify(src) by extension 'python'
[11.265s] Level 1:colcon.colcon_core.package_identification:_identify(src) by extensions ['python_setup_py']
[11.265s] Level 1:colcon.colcon_core.package_identification:_identify(src) by extension 'python_setup_py'
[11.265s] Level 1:colcon.colcon_core.package_identification:_identify(src/acoustic_msg) by extensions ['ignore', 'ignore_ament_install']
[11.266s] Level 1:colcon.colcon_core.package_identification:_identify(src/acoustic_msg) by extension 'ignore'
[11.266s] Level 1:colcon.colcon_core.package_identification:_identify(src/acoustic_msg) by extension 'ignore_ament_install'
[11.266s] Level 1:colcon.colcon_core.package_identification:_identify(src/acoustic_msg) by extensions ['colcon_pkg']
[11.266s] Level 1:colcon.colcon_core.package_identification:_identify(src/acoustic_msg) by extension 'colcon_pkg'
[11.267s] Level 1:colcon.colcon_core.package_identification:_identify(src/acoustic_msg) by extensions ['colcon_meta']
[11.267s] Level 1:colcon.colcon_core.package_identification:_identify(src/acoustic_msg) by extension 'colcon_meta'
[11.267s] Level 1:colcon.colcon_core.package_identification:_identify(src/acoustic_msg) by extensions ['ros']
[11.267s] Level 1:colcon.colcon_core.package_identification:_identify(src/acoustic_msg) by extension 'ros'
[11.277s] DEBUG:colcon.colcon_core.package_identification:Package 'src/acoustic_msg' with type 'ros.ament_cmake' and name 'acoustic_msg'
[11.278s] Level 1:colcon.colcon_core.package_identification:_identify(src/acoustic_sensor) by extensions ['ignore', 'ignore_ament_install']
[11.279s] Level 1:colcon.colcon_core.package_identification:_identify(src/acoustic_sensor) by extension 'ignore'
[11.279s] Level 1:colcon.colcon_core.package_identification:_identify(src/acoustic_sensor) by extension 'ignore_ament_install'
[11.279s] Level 1:colcon.colcon_core.package_identification:_identify(src/acoustic_sensor) by extensions ['colcon_pkg']
[11.280s] Level 1:colcon.colcon_core.package_identification:_identify(src/acoustic_sensor) by extension 'colcon_pkg'
[11.280s] Level 1:colcon.colcon_core.package_identification:_identify(src/acoustic_sensor) by extensions ['colcon_meta']
[11.280s] Level 1:colcon.colcon_core.package_identification:_identify(src/acoustic_sensor) by extension 'colcon_meta'
[11.280s] Level 1:colcon.colcon_core.package_identification:_identify(src/acoustic_sensor) by extensions ['ros']
[11.281s] Level 1:colcon.colcon_core.package_identification:_identify(src/acoustic_sensor) by extension 'ros'
[11.283s] DEBUG:colcon.colcon_core.package_identification:Package 'src/acoustic_sensor' with type 'ros.ament_python' and name 'acoustic_sensor'
[11.283s] Level 1:colcon.colcon_core.package_identification:_identify(src/build) by extensions ['ignore', 'ignore_ament_install']
[11.284s] Level 1:colcon.colcon_core.package_identification:_identify(src/build) by extension 'ignore'
[11.284s] Level 1:colcon.colcon_core.package_identification:_identify(src/build) ignored
[11.285s] Level 1:colcon.colcon_core.package_identification:_identify(src/depth_sensor) by extensions ['ignore', 'ignore_ament_install']
[11.285s] Level 1:colcon.colcon_core.package_identification:_identify(src/depth_sensor) by extension 'ignore'
[11.285s] Level 1:colcon.colcon_core.package_identification:_identify(src/depth_sensor) by extension 'ignore_ament_install'
[11.285s] Level 1:colcon.colcon_core.package_identification:_identify(src/depth_sensor) by extensions ['colcon_pkg']
[11.286s] Level 1:colcon.colcon_core.package_identification:_identify(src/depth_sensor) by extension 'colcon_pkg'
[11.286s] Level 1:colcon.colcon_core.package_identification:_identify(src/depth_sensor) by extensions ['colcon_meta']
[11.286s] Level 1:colcon.colcon_core.package_identification:_identify(src/depth_sensor) by extension 'colcon_meta'
[11.286s] Level 1:colcon.colcon_core.package_identification:_identify(src/depth_sensor) by extensions ['ros']
[11.286s] Level 1:colcon.colcon_core.package_identification:_identify(src/depth_sensor) by extension 'ros'
[11.289s] DEBUG:colcon.colcon_core.package_identification:Package 'src/depth_sensor' with type 'ros.ament_python' and name 'depth_sensor'
[11.290s] Level 1:colcon.colcon_core.package_identification:_identify(src/imu_sensor) by extensions ['ignore', 'ignore_ament_install']
[11.290s] Level 1:colcon.colcon_core.package_identification:_identify(src/imu_sensor) by extension 'ignore'
[11.291s] Level 1:colcon.colcon_core.package_identification:_identify(src/imu_sensor) by extension 'ignore_ament_install'
[11.291s] Level 1:colcon.colcon_core.package_identification:_identify(src/imu_sensor) by extensions ['colcon_pkg']
[11.291s] Level 1:colcon.colcon_core.package_identification:_identify(src/imu_sensor) by extension 'colcon_pkg'
[11.292s] Level 1:colcon.colcon_core.package_identification:_identify(src/imu_sensor) by extensions ['colcon_meta']
[11.292s] Level 1:colcon.colcon_core.package_identification:_identify(src/imu_sensor) by extension 'colcon_meta'
[11.292s] Level 1:colcon.colcon_core.package_identification:_identify(src/imu_sensor) by extensions ['ros']
[11.292s] Level 1:colcon.colcon_core.package_identification:_identify(src/imu_sensor) by extension 'ros'
[11.294s] DEBUG:colcon.colcon_core.package_identification:Package 'src/imu_sensor' with type 'ros.ament_python' and name 'imu_sensor'
[11.295s] Level 1:colcon.colcon_core.package_identification:_identify(src/install) by extensions ['ignore', 'ignore_ament_install']
[11.295s] Level 1:colcon.colcon_core.package_identification:_identify(src/install) by extension 'ignore'
[11.295s] Level 1:colcon.colcon_core.package_identification:_identify(src/install) ignored
[11.296s] Level 1:colcon.colcon_core.package_identification:_identify(src/log) by extensions ['ignore', 'ignore_ament_install']
[11.296s] Level 1:colcon.colcon_core.package_identification:_identify(src/log) by extension 'ignore'
[11.297s] Level 1:colcon.colcon_core.package_identification:_identify(src/log) ignored
[11.297s] Level 1:colcon.colcon_core.package_identification:_identify(src/test141123) by extensions ['ignore', 'ignore_ament_install']
[11.297s] Level 1:colcon.colcon_core.package_identification:_identify(src/test141123) by extension 'ignore'
[11.298s] Level 1:colcon.colcon_core.package_identification:_identify(src/test141123) by extension 'ignore_ament_install'
[11.298s] Level 1:colcon.colcon_core.package_identification:_identify(src/test141123) by extensions ['colcon_pkg']
[11.298s] Level 1:colcon.colcon_core.package_identification:_identify(src/test141123) by extension 'colcon_pkg'
[11.299s] Level 1:colcon.colcon_core.package_identification:_identify(src/test141123) by extensions ['colcon_meta']
[11.299s] Level 1:colcon.colcon_core.package_identification:_identify(src/test141123) by extension 'colcon_meta'
[11.299s] Level 1:colcon.colcon_core.package_identification:_identify(src/test141123) by extensions ['ros']
[11.299s] Level 1:colcon.colcon_core.package_identification:_identify(src/test141123) by extension 'ros'
[11.302s] DEBUG:colcon.colcon_core.package_identification:Package 'src/test141123' with type 'ros.ament_python' and name 'test141123'
[11.303s] Level 1:colcon.colcon_core.package_discovery:discover_packages(recursive) using defaults
[11.303s] Level 1:colcon.colcon_core.package_discovery:discover_packages(ignore) discover
[11.303s] Level 1:colcon.colcon_core.package_discovery:discover_packages(ignore) using defaults
[11.303s] Level 1:colcon.colcon_core.package_discovery:discover_packages(path) discover
[11.303s] Level 1:colcon.colcon_core.package_discovery:discover_packages(path) using defaults
[11.944s] INFO:colcon.colcon_core.package_selection:Skipping not selected package 'acoustic_sensor' in 'src/acoustic_sensor'
[11.944s] INFO:colcon.colcon_core.package_selection:Skipping not selected package 'depth_sensor' in 'src/depth_sensor'
[11.944s] INFO:colcon.colcon_core.package_selection:Skipping not selected package 'imu_sensor' in 'src/imu_sensor'
[11.944s] INFO:colcon.colcon_core.package_selection:Skipping not selected package 'test141123' in 'src/test141123'
[12.294s] Level 1:colcon.colcon_core.package_discovery:discover_packages(prefix_path) check parameters
[12.294s] Level 1:colcon.colcon_core.package_discovery:discover_packages(prefix_path) discover
[12.656s] DEBUG:colcon.colcon_installed_package_information.package_discovery:Found 6 installed packages in /home/bb/ros2_ws/install
[12.842s] DEBUG:colcon.colcon_installed_package_information.package_discovery:Found 308 installed packages in /opt/ros/humble
[12.851s] Level 1:colcon.colcon_core.package_discovery:discover_packages(prefix_path) using defaults
[13.711s] Level 5:colcon.colcon_core.verb:set package 'acoustic_msg' build argument 'cmake_args' from command line to 'None'
[13.711s] Level 5:colcon.colcon_core.verb:set package 'acoustic_msg' build argument 'cmake_target' from command line to 'None'
[13.712s] Level 5:colcon.colcon_core.verb:set package 'acoustic_msg' build argument 'cmake_target_skip_unavailable' from command line to 'False'
[13.712s] Level 5:colcon.colcon_core.verb:set package 'acoustic_msg' build argument 'cmake_clean_cache' from command line to 'False'
[13.712s] Level 5:colcon.colcon_core.verb:set package 'acoustic_msg' build argument 'cmake_clean_first' from command line to 'False'
[13.712s] Level 5:colcon.colcon_core.verb:set package 'acoustic_msg' build argument 'cmake_force_configure' from command line to 'False'
[13.712s] Level 5:colcon.colcon_core.verb:set package 'acoustic_msg' build argument 'ament_cmake_args' from command line to 'None'
[13.713s] Level 5:colcon.colcon_core.verb:set package 'acoustic_msg' build argument 'catkin_cmake_args' from command line to 'None'
[13.713s] Level 5:colcon.colcon_core.verb:set package 'acoustic_msg' build argument 'catkin_skip_building_tests' from command line to 'False'
[13.713s] DEBUG:colcon.colcon_core.verb:Building package 'acoustic_msg' with the following arguments: {'ament_cmake_args': None, 'build_base': '/home/bb/ros2_ws/build/acoustic_msg', 'catkin_cmake_args': None, 'catkin_skip_building_tests': False, 'cmake_args': None, 'cmake_clean_cache': False, 'cmake_clean_first': False, 'cmake_force_configure': False, 'cmake_target': None, 'cmake_target_skip_unavailable': False, 'install_base': '/home/bb/ros2_ws/install/acoustic_msg', 'merge_install': False, 'path': '/home/bb/ros2_ws/src/acoustic_msg', 'symlink_install': False, 'test_result_base': None}
[13.890s] INFO:colcon.colcon_core.executor:Executing jobs using 'parallel' executor
[14.068s] DEBUG:colcon.colcon_parallel_executor.executor.parallel:run_until_complete
[14.072s] INFO:colcon.colcon_ros.task.ament_cmake.build:Building ROS package in '/home/bb/ros2_ws/src/acoustic_msg' with build type 'ament_cmake'
[14.072s] INFO:colcon.colcon_cmake.task.cmake.build:Building CMake package in '/home/bb/ros2_ws/src/acoustic_msg'
[14.263s] INFO:colcon.colcon_core.plugin_system:Skipping extension 'colcon_core.shell.bat': Not used on non-Windows systems
[14.265s] INFO:colcon.colcon_core.shell:Skip shell extension 'powershell' for command environment: Not usable outside of PowerShell
[14.265s] DEBUG:colcon.colcon_core.shell:Skip shell extension 'dsv' for command environment
[14.872s] DEBUG:colcon.colcon_core.event_handler.log_command:Invoking command in '/home/bb/ros2_ws/build/acoustic_msg': CMAKE_PREFIX_PATH=${CMAKE_PREFIX_PATH}:/home/bb/ros2_ws/install/imu_sensor:/home/bb/ros2_ws/install/depth_sensor:/home/bb/ros2_ws/install/acoustic_sensor:/home/bb/ros2_ws/install/test141123:/home/bb/ros2_ws/install/IMU_sensor:/opt/ros/humble /usr/bin/cmake /home/bb/ros2_ws/src/acoustic_msg -DCMAKE_INSTALL_PREFIX=/home/bb/ros2_ws/install/acoustic_msg
[20.413s] DEBUG:colcon.colcon_core.event_handler.log_command:Invoked command in '/home/bb/ros2_ws/build/acoustic_msg' returned '1': CMAKE_PREFIX_PATH=${CMAKE_PREFIX_PATH}:/home/bb/ros2_ws/install/imu_sensor:/home/bb/ros2_ws/install/depth_sensor:/home/bb/ros2_ws/install/acoustic_sensor:/home/bb/ros2_ws/install/test141123:/home/bb/ros2_ws/install/IMU_sensor:/opt/ros/humble /usr/bin/cmake /home/bb/ros2_ws/src/acoustic_msg -DCMAKE_INSTALL_PREFIX=/home/bb/ros2_ws/install/acoustic_msg
[20.488s] Level 1:colcon.colcon_core.environment:create_environment_scripts_only(acoustic_msg)
[20.701s] Level 1:colcon.colcon_core.environment:checking '/home/bb/ros2_ws/install/acoustic_msg' for CMake module files
[20.705s] Level 1:colcon.colcon_core.environment:checking '/home/bb/ros2_ws/install/acoustic_msg' for CMake config files
[20.709s] Level 1:colcon.colcon_core.shell:create_environment_hook('acoustic_msg', 'cmake_prefix_path')
[20.892s] INFO:colcon.colcon_core.shell:Creating environment hook '/home/bb/ros2_ws/install/acoustic_msg/share/acoustic_msg/hook/cmake_prefix_path.ps1'
[20.896s] INFO:colcon.colcon_core.shell:Creating environment descriptor '/home/bb/ros2_ws/install/acoustic_msg/share/acoustic_msg/hook/cmake_prefix_path.dsv'
[20.898s] INFO:colcon.colcon_core.shell:Creating environment hook '/home/bb/ros2_ws/install/acoustic_msg/share/acoustic_msg/hook/cmake_prefix_path.sh'
[20.902s] Level 1:colcon.colcon_core.environment:checking '/home/bb/ros2_ws/install/acoustic_msg/lib'
[20.903s] Level 1:colcon.colcon_core.shell:create_environment_hook('acoustic_msg', 'ld_library_path_lib')
[21.081s] INFO:colcon.colcon_core.shell:Creating environment hook '/home/bb/ros2_ws/install/acoustic_msg/share/acoustic_msg/hook/ld_library_path_lib.ps1'
[21.084s] INFO:colcon.colcon_core.shell:Creating environment descriptor '/home/bb/ros2_ws/install/acoustic_msg/share/acoustic_msg/hook/ld_library_path_lib.dsv'
[21.085s] INFO:colcon.colcon_core.shell:Creating environment hook '/home/bb/ros2_ws/install/acoustic_msg/share/acoustic_msg/hook/ld_library_path_lib.sh'
[21.087s] Level 1:colcon.colcon_core.environment:checking '/home/bb/ros2_ws/install/acoustic_msg/bin'
[21.087s] Level 1:colcon.colcon_core.environment:checking '/home/bb/ros2_ws/install/acoustic_msg/lib/pkgconfig/acoustic_msg.pc'
[21.089s] Level 1:colcon.colcon_core.environment:checking '/home/bb/ros2_ws/install/acoustic_msg/lib/python3.8/site-packages'
[21.089s] Level 1:colcon.colcon_core.environment:checking '/home/bb/ros2_ws/install/acoustic_msg/bin'
[21.270s] INFO:colcon.colcon_core.shell:Creating package script '/home/bb/ros2_ws/install/acoustic_msg/share/acoustic_msg/package.ps1'
[21.274s] INFO:colcon.colcon_core.shell:Creating package descriptor '/home/bb/ros2_ws/install/acoustic_msg/share/acoustic_msg/package.dsv'
[21.277s] INFO:colcon.colcon_core.shell:Creating package script '/home/bb/ros2_ws/install/acoustic_msg/share/acoustic_msg/package.sh'
[21.281s] INFO:colcon.colcon_core.shell:Creating package script '/home/bb/ros2_ws/install/acoustic_msg/share/acoustic_msg/package.bash'
[21.284s] INFO:colcon.colcon_core.shell:Creating package script '/home/bb/ros2_ws/install/acoustic_msg/share/acoustic_msg/package.zsh'
[21.288s] Level 1:colcon.colcon_core.environment:create_file_with_runtime_dependencies(/home/bb/ros2_ws/install/acoustic_msg/share/colcon-core/packages/acoustic_msg)
[21.300s] DEBUG:colcon.colcon_parallel_executor.executor.parallel:closing loop
[21.301s] DEBUG:colcon.colcon_parallel_executor.executor.parallel:loop closed
[21.301s] DEBUG:colcon.colcon_parallel_executor.executor.parallel:run_until_complete finished with '1'
[21.302s] DEBUG:colcon.colcon_core.event_reactor:joining thread
[21.511s] INFO:colcon.colcon_core.plugin_system:Skipping extension 'colcon_notification.desktop_notification.terminal_notifier': Not used on non-Darwin systems
[21.512s] INFO:colcon.colcon_core.plugin_system:Skipping extension 'colcon_notification.desktop_notification.win32': Not used on non-Windows systems
[21.512s] INFO:colcon.colcon_notification.desktop_notification:Sending desktop notification using 'notify2'
[21.602s] DEBUG:colcon.colcon_core.event_reactor:joined thread
[21.789s] INFO:colcon.colcon_core.shell:Creating prefix script '/home/bb/ros2_ws/install/local_setup.ps1'
[21.793s] INFO:colcon.colcon_core.shell:Creating prefix util module '/home/bb/ros2_ws/install/_local_setup_util_ps1.py'
[21.799s] INFO:colcon.colcon_core.shell:Creating prefix chain script '/home/bb/ros2_ws/install/setup.ps1'
[21.982s] INFO:colcon.colcon_core.shell:Creating prefix script '/home/bb/ros2_ws/install/local_setup.sh'
[21.984s] INFO:colcon.colcon_core.shell:Creating prefix util module '/home/bb/ros2_ws/install/_local_setup_util_sh.py'
[21.987s] INFO:colcon.colcon_core.shell:Creating prefix chain script '/home/bb/ros2_ws/install/setup.sh'
[22.168s] INFO:colcon.colcon_core.shell:Creating prefix script '/home/bb/ros2_ws/install/local_setup.bash'
[22.170s] INFO:colcon.colcon_core.shell:Creating prefix chain script '/home/bb/ros2_ws/install/setup.bash'
[22.354s] INFO:colcon.colcon_core.shell:Creating prefix script '/home/bb/ros2_ws/install/local_setup.zsh'
[22.356s] INFO:colcon.colcon_core.shell:Creating prefix chain script '/home/bb/ros2_ws/install/setup.zsh'
