[6.065s] Invoking command in '/home/bb/ros2_ws/src/imu_sensor': PYTHONPATH=/home/bb/ros2_ws/build/imu_sensor/prefix_override:/home/bb/ros2_ws/install/imu_sensor/lib/python3.8/site-packages:${PYTHONPATH} /usr/bin/python3 setup.py egg_info --egg-base ../../build/imu_sensor build --build-base /home/bb/ros2_ws/build/imu_sensor/build install --record /home/bb/ros2_ws/build/imu_sensor/install.log --single-version-externally-managed
[7.986s] running egg_info
[7.998s] writing ../../build/imu_sensor/imu_sensor.egg-info/PKG-INFO
[8.000s] writing dependency_links to ../../build/imu_sensor/imu_sensor.egg-info/dependency_links.txt
[8.003s] writing entry points to ../../build/imu_sensor/imu_sensor.egg-info/entry_points.txt
[8.005s] writing requirements to ../../build/imu_sensor/imu_sensor.egg-info/requires.txt
[8.007s] writing top-level names to ../../build/imu_sensor/imu_sensor.egg-info/top_level.txt
[8.231s] reading manifest file '../../build/imu_sensor/imu_sensor.egg-info/SOURCES.txt'
[8.237s] writing manifest file '../../build/imu_sensor/imu_sensor.egg-info/SOURCES.txt'
[8.239s] running build
[8.240s] running build_py
[8.242s] copying imu_sensor/publisher_accel.py -> /home/bb/ros2_ws/build/imu_sensor/build/lib/imu_sensor
[8.246s] running install
[8.254s] running install_lib
[8.264s] copying /home/bb/ros2_ws/build/imu_sensor/build/lib/imu_sensor/publisher_accel.py -> /home/bb/ros2_ws/install/imu_sensor/lib/python3.8/site-packages/imu_sensor
[8.270s] byte-compiling /home/bb/ros2_ws/install/imu_sensor/lib/python3.8/site-packages/imu_sensor/publisher_accel.py to publisher_accel.cpython-38.pyc
[8.281s] running install_data
[8.285s] running install_egg_info
[8.293s] removing '/home/bb/ros2_ws/install/imu_sensor/lib/python3.8/site-packages/imu_sensor-0.0.0-py3.8.egg-info' (and everything under it)
[8.295s] Copying ../../build/imu_sensor/imu_sensor.egg-info to /home/bb/ros2_ws/install/imu_sensor/lib/python3.8/site-packages/imu_sensor-0.0.0-py3.8.egg-info
[8.304s] running install_scripts
[8.406s] Installing publisher_accel script to /home/bb/ros2_ws/install/imu_sensor/lib/imu_sensor
[8.407s] Installing publisher_quat script to /home/bb/ros2_ws/install/imu_sensor/lib/imu_sensor
[8.408s] Installing publisher_xy script to /home/bb/ros2_ws/install/imu_sensor/lib/imu_sensor
[8.409s] Installing publisher_z script to /home/bb/ros2_ws/install/imu_sensor/lib/imu_sensor
[8.411s] writing list of installed files to '/home/bb/ros2_ws/build/imu_sensor/install.log'
[8.520s] Invoked command in '/home/bb/ros2_ws/src/imu_sensor' returned '0': PYTHONPATH=/home/bb/ros2_ws/build/imu_sensor/prefix_override:/home/bb/ros2_ws/install/imu_sensor/lib/python3.8/site-packages:${PYTHONPATH} /usr/bin/python3 setup.py egg_info --egg-base ../../build/imu_sensor build --build-base /home/bb/ros2_ws/build/imu_sensor/build install --record /home/bb/ros2_ws/build/imu_sensor/install.log --single-version-externally-managed
