[10.725s] DEBUG:colcon:Command line arguments: ['/usr/bin/colcon', 'build', '--packages-select', 'acoustic_sensor']
[10.726s] DEBUG:colcon:Parsed command line arguments: Namespace(allow_overriding=[], ament_cmake_args=None, base_paths=['.'], build_base='build', catkin_cmake_args=None, catkin_skip_building_tests=False, cmake_args=None, cmake_clean_cache=False, cmake_clean_first=False, cmake_force_configure=False, cmake_target=None, cmake_target_skip_unavailable=False, continue_on_error=False, event_handlers=None, executor='parallel', ignore_user_meta=False, install_base='install', log_base=None, log_level=None, main=<bound method BuildVerb.main of <colcon_core.verb.build.BuildVerb object at 0xffffb1dac880>>, merge_install=False, metas=['./colcon.meta'], packages_above=None, packages_above_and_dependencies=None, packages_above_depth=None, packages_end=None, packages_ignore=None, packages_ignore_regex=None, packages_select=['acoustic_sensor'], packages_select_build_failed=False, packages_select_by_dep=None, packages_select_regex=None, packages_select_test_failures=False, packages_skip=None, packages_skip_build_finished=False, packages_skip_by_dep=None, packages_skip_regex=None, packages_skip_test_passed=False, packages_skip_up_to=None, packages_start=None, packages_up_to=None, packages_up_to_regex=None, parallel_workers=6, paths=None, symlink_install=False, test_result_base=None, verb_extension=<colcon_core.verb.build.BuildVerb object at 0xffffb1dac880>, verb_name='build', verb_parser=<colcon_defaults.argument_parser.defaults.DefaultArgumentsDecorator object at 0xffffb19af3d0>)
[11.182s] Level 1:colcon.colcon_core.package_discovery:discover_packages(colcon_meta) check parameters
[11.183s] Level 1:colcon.colcon_core.package_discovery:discover_packages(recursive) check parameters
[11.183s] Level 1:colcon.colcon_core.package_discovery:discover_packages(ignore) check parameters
[11.183s] Level 1:colcon.colcon_core.package_discovery:discover_packages(path) check parameters
[11.183s] Level 1:colcon.colcon_core.package_discovery:discover_packages(colcon_meta) discover
[11.184s] Level 1:colcon.colcon_core.package_discovery:discover_packages(recursive) discover
[11.184s] INFO:colcon.colcon_core.package_discovery:Crawling recursively for packages in '/home/bb/ros2_ws'
[11.185s] Level 1:colcon.colcon_core.package_identification:_identify(.) by extensions ['ignore', 'ignore_ament_install']
[11.185s] Level 1:colcon.colcon_core.package_identification:_identify(.) by extension 'ignore'
[11.185s] Level 1:colcon.colcon_core.package_identification:_identify(.) by extension 'ignore_ament_install'
[11.186s] Level 1:colcon.colcon_core.package_identification:_identify(.) by extensions ['colcon_pkg']
[11.186s] Level 1:colcon.colcon_core.package_identification:_identify(.) by extension 'colcon_pkg'
[11.186s] Level 1:colcon.colcon_core.package_identification:_identify(.) by extensions ['colcon_meta']
[11.186s] Level 1:colcon.colcon_core.package_identification:_identify(.) by extension 'colcon_meta'
[11.187s] Level 1:colcon.colcon_core.package_identification:_identify(.) by extensions ['ros']
[11.187s] Level 1:colcon.colcon_core.package_identification:_identify(.) by extension 'ros'
[11.244s] Level 1:colcon.colcon_core.package_identification:_identify(.) by extensions ['cmake', 'python']
[11.244s] Level 1:colcon.colcon_core.package_identification:_identify(.) by extension 'cmake'
[11.244s] Level 1:colcon.colcon_core.package_identification:_identify(.) by extension 'python'
[11.245s] Level 1:colcon.colcon_core.package_identification:_identify(.) by extensions ['python_setup_py']
[11.245s] Level 1:colcon.colcon_core.package_identification:_identify(.) by extension 'python_setup_py'
[11.246s] Level 1:colcon.colcon_core.package_identification:_identify(build) by extensions ['ignore', 'ignore_ament_install']
[11.246s] Level 1:colcon.colcon_core.package_identification:_identify(build) by extension 'ignore'
[11.246s] Level 1:colcon.colcon_core.package_identification:_identify(build) ignored
[11.247s] Level 1:colcon.colcon_core.package_identification:_identify(install) by extensions ['ignore', 'ignore_ament_install']
[11.248s] Level 1:colcon.colcon_core.package_identification:_identify(install) by extension 'ignore'
[11.248s] Level 1:colcon.colcon_core.package_identification:_identify(install) ignored
[11.249s] Level 1:colcon.colcon_core.package_identification:_identify(log) by extensions ['ignore', 'ignore_ament_install']
[11.249s] Level 1:colcon.colcon_core.package_identification:_identify(log) by extension 'ignore'
[11.249s] Level 1:colcon.colcon_core.package_identification:_identify(log) ignored
[11.250s] Level 1:colcon.colcon_core.package_identification:_identify(src) by extensions ['ignore', 'ignore_ament_install']
[11.250s] Level 1:colcon.colcon_core.package_identification:_identify(src) by extension 'ignore'
[11.251s] Level 1:colcon.colcon_core.package_identification:_identify(src) by extension 'ignore_ament_install'
[11.251s] Level 1:colcon.colcon_core.package_identification:_identify(src) by extensions ['colcon_pkg']
[11.251s] Level 1:colcon.colcon_core.package_identification:_identify(src) by extension 'colcon_pkg'
[11.251s] Level 1:colcon.colcon_core.package_identification:_identify(src) by extensions ['colcon_meta']
[11.251s] Level 1:colcon.colcon_core.package_identification:_identify(src) by extension 'colcon_meta'
[11.252s] Level 1:colcon.colcon_core.package_identification:_identify(src) by extensions ['ros']
[11.252s] Level 1:colcon.colcon_core.package_identification:_identify(src) by extension 'ros'
[11.252s] Level 1:colcon.colcon_core.package_identification:_identify(src) by extensions ['cmake', 'python']
[11.253s] Level 1:colcon.colcon_core.package_identification:_identify(src) by extension 'cmake'
[11.253s] Level 1:colcon.colcon_core.package_identification:_identify(src) by extension 'python'
[11.253s] Level 1:colcon.colcon_core.package_identification:_identify(src) by extensions ['python_setup_py']
[11.253s] Level 1:colcon.colcon_core.package_identification:_identify(src) by extension 'python_setup_py'
[11.254s] Level 1:colcon.colcon_core.package_identification:_identify(src/acoustic_msg) by extensions ['ignore', 'ignore_ament_install']
[11.254s] Level 1:colcon.colcon_core.package_identification:_identify(src/acoustic_msg) by extension 'ignore'
[11.254s] Level 1:colcon.colcon_core.package_identification:_identify(src/acoustic_msg) by extension 'ignore_ament_install'
[11.255s] Level 1:colcon.colcon_core.package_identification:_identify(src/acoustic_msg) by extensions ['colcon_pkg']
[11.255s] Level 1:colcon.colcon_core.package_identification:_identify(src/acoustic_msg) by extension 'colcon_pkg'
[11.255s] Level 1:colcon.colcon_core.package_identification:_identify(src/acoustic_msg) by extensions ['colcon_meta']
[11.255s] Level 1:colcon.colcon_core.package_identification:_identify(src/acoustic_msg) by extension 'colcon_meta'
[11.256s] Level 1:colcon.colcon_core.package_identification:_identify(src/acoustic_msg) by extensions ['ros']
[11.256s] Level 1:colcon.colcon_core.package_identification:_identify(src/acoustic_msg) by extension 'ros'
[11.266s] DEBUG:colcon.colcon_core.package_identification:Package 'src/acoustic_msg' with type 'ros.ament_cmake' and name 'acoustic_msg'
[11.267s] Level 1:colcon.colcon_core.package_identification:_identify(src/acoustic_sensor) by extensions ['ignore', 'ignore_ament_install']
[11.267s] Level 1:colcon.colcon_core.package_identification:_identify(src/acoustic_sensor) by extension 'ignore'
[11.268s] Level 1:colcon.colcon_core.package_identification:_identify(src/acoustic_sensor) by extension 'ignore_ament_install'
[11.268s] Level 1:colcon.colcon_core.package_identification:_identify(src/acoustic_sensor) by extensions ['colcon_pkg']
[11.268s] Level 1:colcon.colcon_core.package_identification:_identify(src/acoustic_sensor) by extension 'colcon_pkg'
[11.269s] Level 1:colcon.colcon_core.package_identification:_identify(src/acoustic_sensor) by extensions ['colcon_meta']
[11.269s] Level 1:colcon.colcon_core.package_identification:_identify(src/acoustic_sensor) by extension 'colcon_meta'
[11.269s] Level 1:colcon.colcon_core.package_identification:_identify(src/acoustic_sensor) by extensions ['ros']
[11.269s] Level 1:colcon.colcon_core.package_identification:_identify(src/acoustic_sensor) by extension 'ros'
[11.272s] DEBUG:colcon.colcon_core.package_identification:Package 'src/acoustic_sensor' with type 'ros.ament_python' and name 'acoustic_sensor'
[11.272s] Level 1:colcon.colcon_core.package_identification:_identify(src/build) by extensions ['ignore', 'ignore_ament_install']
[11.273s] Level 1:colcon.colcon_core.package_identification:_identify(src/build) by extension 'ignore'
[11.273s] Level 1:colcon.colcon_core.package_identification:_identify(src/build) ignored
[11.273s] Level 1:colcon.colcon_core.package_identification:_identify(src/depth_sensor) by extensions ['ignore', 'ignore_ament_install']
[11.274s] Level 1:colcon.colcon_core.package_identification:_identify(src/depth_sensor) by extension 'ignore'
[11.274s] Level 1:colcon.colcon_core.package_identification:_identify(src/depth_sensor) by extension 'ignore_ament_install'
[11.274s] Level 1:colcon.colcon_core.package_identification:_identify(src/depth_sensor) by extensions ['colcon_pkg']
[11.274s] Level 1:colcon.colcon_core.package_identification:_identify(src/depth_sensor) by extension 'colcon_pkg'
[11.275s] Level 1:colcon.colcon_core.package_identification:_identify(src/depth_sensor) by extensions ['colcon_meta']
[11.275s] Level 1:colcon.colcon_core.package_identification:_identify(src/depth_sensor) by extension 'colcon_meta'
[11.275s] Level 1:colcon.colcon_core.package_identification:_identify(src/depth_sensor) by extensions ['ros']
[11.275s] Level 1:colcon.colcon_core.package_identification:_identify(src/depth_sensor) by extension 'ros'
[11.278s] DEBUG:colcon.colcon_core.package_identification:Package 'src/depth_sensor' with type 'ros.ament_python' and name 'depth_sensor'
[11.278s] Level 1:colcon.colcon_core.package_identification:_identify(src/imu_sensor) by extensions ['ignore', 'ignore_ament_install']
[11.279s] Level 1:colcon.colcon_core.package_identification:_identify(src/imu_sensor) by extension 'ignore'
[11.279s] Level 1:colcon.colcon_core.package_identification:_identify(src/imu_sensor) by extension 'ignore_ament_install'
[11.279s] Level 1:colcon.colcon_core.package_identification:_identify(src/imu_sensor) by extensions ['colcon_pkg']
[11.280s] Level 1:colcon.colcon_core.package_identification:_identify(src/imu_sensor) by extension 'colcon_pkg'
[11.280s] Level 1:colcon.colcon_core.package_identification:_identify(src/imu_sensor) by extensions ['colcon_meta']
[11.280s] Level 1:colcon.colcon_core.package_identification:_identify(src/imu_sensor) by extension 'colcon_meta'
[11.280s] Level 1:colcon.colcon_core.package_identification:_identify(src/imu_sensor) by extensions ['ros']
[11.281s] Level 1:colcon.colcon_core.package_identification:_identify(src/imu_sensor) by extension 'ros'
[11.282s] DEBUG:colcon.colcon_core.package_identification:Package 'src/imu_sensor' with type 'ros.ament_python' and name 'imu_sensor'
[11.283s] Level 1:colcon.colcon_core.package_identification:_identify(src/install) by extensions ['ignore', 'ignore_ament_install']
[11.283s] Level 1:colcon.colcon_core.package_identification:_identify(src/install) by extension 'ignore'
[11.284s] Level 1:colcon.colcon_core.package_identification:_identify(src/install) ignored
[11.284s] Level 1:colcon.colcon_core.package_identification:_identify(src/log) by extensions ['ignore', 'ignore_ament_install']
[11.285s] Level 1:colcon.colcon_core.package_identification:_identify(src/log) by extension 'ignore'
[11.285s] Level 1:colcon.colcon_core.package_identification:_identify(src/log) ignored
[11.285s] Level 1:colcon.colcon_core.package_identification:_identify(src/test141123) by extensions ['ignore', 'ignore_ament_install']
[11.286s] Level 1:colcon.colcon_core.package_identification:_identify(src/test141123) by extension 'ignore'
[11.286s] Level 1:colcon.colcon_core.package_identification:_identify(src/test141123) by extension 'ignore_ament_install'
[11.286s] Level 1:colcon.colcon_core.package_identification:_identify(src/test141123) by extensions ['colcon_pkg']
[11.286s] Level 1:colcon.colcon_core.package_identification:_identify(src/test141123) by extension 'colcon_pkg'
[11.287s] Level 1:colcon.colcon_core.package_identification:_identify(src/test141123) by extensions ['colcon_meta']
[11.287s] Level 1:colcon.colcon_core.package_identification:_identify(src/test141123) by extension 'colcon_meta'
[11.287s] Level 1:colcon.colcon_core.package_identification:_identify(src/test141123) by extensions ['ros']
[11.287s] Level 1:colcon.colcon_core.package_identification:_identify(src/test141123) by extension 'ros'
[11.290s] DEBUG:colcon.colcon_core.package_identification:Package 'src/test141123' with type 'ros.ament_python' and name 'test141123'
[11.290s] Level 1:colcon.colcon_core.package_discovery:discover_packages(recursive) using defaults
[11.291s] Level 1:colcon.colcon_core.package_discovery:discover_packages(ignore) discover
[11.291s] Level 1:colcon.colcon_core.package_discovery:discover_packages(ignore) using defaults
[11.291s] Level 1:colcon.colcon_core.package_discovery:discover_packages(path) discover
[11.291s] Level 1:colcon.colcon_core.package_discovery:discover_packages(path) using defaults
[11.941s] INFO:colcon.colcon_core.package_selection:Skipping not selected package 'acoustic_msg' in 'src/acoustic_msg'
[11.941s] INFO:colcon.colcon_core.package_selection:Skipping not selected package 'depth_sensor' in 'src/depth_sensor'
[11.942s] INFO:colcon.colcon_core.package_selection:Skipping not selected package 'imu_sensor' in 'src/imu_sensor'
[11.942s] INFO:colcon.colcon_core.package_selection:Skipping not selected package 'test141123' in 'src/test141123'
[12.295s] Level 1:colcon.colcon_core.package_discovery:discover_packages(prefix_path) check parameters
[12.296s] Level 1:colcon.colcon_core.package_discovery:discover_packages(prefix_path) discover
[12.655s] DEBUG:colcon.colcon_installed_package_information.package_discovery:Found 6 installed packages in /home/bb/ros2_ws/install
[12.841s] DEBUG:colcon.colcon_installed_package_information.package_discovery:Found 308 installed packages in /opt/ros/humble
[12.850s] Level 1:colcon.colcon_core.package_discovery:discover_packages(prefix_path) using defaults
[13.726s] Level 5:colcon.colcon_core.verb:set package 'acoustic_sensor' build argument 'cmake_args' from command line to 'None'
[13.726s] Level 5:colcon.colcon_core.verb:set package 'acoustic_sensor' build argument 'cmake_target' from command line to 'None'
[13.726s] Level 5:colcon.colcon_core.verb:set package 'acoustic_sensor' build argument 'cmake_target_skip_unavailable' from command line to 'False'
[13.727s] Level 5:colcon.colcon_core.verb:set package 'acoustic_sensor' build argument 'cmake_clean_cache' from command line to 'False'
[13.727s] Level 5:colcon.colcon_core.verb:set package 'acoustic_sensor' build argument 'cmake_clean_first' from command line to 'False'
[13.727s] Level 5:colcon.colcon_core.verb:set package 'acoustic_sensor' build argument 'cmake_force_configure' from command line to 'False'
[13.727s] Level 5:colcon.colcon_core.verb:set package 'acoustic_sensor' build argument 'ament_cmake_args' from command line to 'None'
[13.727s] Level 5:colcon.colcon_core.verb:set package 'acoustic_sensor' build argument 'catkin_cmake_args' from command line to 'None'
[13.727s] Level 5:colcon.colcon_core.verb:set package 'acoustic_sensor' build argument 'catkin_skip_building_tests' from command line to 'False'
[13.728s] DEBUG:colcon.colcon_core.verb:Building package 'acoustic_sensor' with the following arguments: {'ament_cmake_args': None, 'build_base': '/home/bb/ros2_ws/build/acoustic_sensor', 'catkin_cmake_args': None, 'catkin_skip_building_tests': False, 'cmake_args': None, 'cmake_clean_cache': False, 'cmake_clean_first': False, 'cmake_force_configure': False, 'cmake_target': None, 'cmake_target_skip_unavailable': False, 'install_base': '/home/bb/ros2_ws/install/acoustic_sensor', 'merge_install': False, 'path': '/home/bb/ros2_ws/src/acoustic_sensor', 'symlink_install': False, 'test_result_base': None}
[13.904s] INFO:colcon.colcon_core.executor:Executing jobs using 'parallel' executor
[14.087s] DEBUG:colcon.colcon_parallel_executor.executor.parallel:run_until_complete
[14.088s] INFO:colcon.colcon_ros.task.ament_python.build:Building ROS package in '/home/bb/ros2_ws/src/acoustic_sensor' with build type 'ament_python'
[14.089s] Level 1:colcon.colcon_core.shell:create_environment_hook('acoustic_sensor', 'ament_prefix_path')
[14.282s] INFO:colcon.colcon_core.plugin_system:Skipping extension 'colcon_core.shell.bat': Not used on non-Windows systems
[14.283s] INFO:colcon.colcon_core.shell:Creating environment hook '/home/bb/ros2_ws/install/acoustic_sensor/share/acoustic_sensor/hook/ament_prefix_path.ps1'
[14.286s] INFO:colcon.colcon_core.shell:Creating environment descriptor '/home/bb/ros2_ws/install/acoustic_sensor/share/acoustic_sensor/hook/ament_prefix_path.dsv'
[14.289s] INFO:colcon.colcon_core.shell:Creating environment hook '/home/bb/ros2_ws/install/acoustic_sensor/share/acoustic_sensor/hook/ament_prefix_path.sh'
[14.474s] INFO:colcon.colcon_core.shell:Skip shell extension 'powershell' for command environment: Not usable outside of PowerShell
[14.474s] DEBUG:colcon.colcon_core.shell:Skip shell extension 'dsv' for command environment
[16.352s] INFO:colcon.colcon_core.task.python.build:Building Python package in '/home/bb/ros2_ws/src/acoustic_sensor'
[16.559s] INFO:colcon.colcon_core.shell:Skip shell extension 'powershell' for command environment: Not usable outside of PowerShell
[16.560s] DEBUG:colcon.colcon_core.shell:Skip shell extension 'dsv' for command environment
[19.269s] DEBUG:colcon.colcon_core.event_handler.log_command:Invoking command in '/home/bb/ros2_ws/src/acoustic_sensor': PYTHONPATH=/home/bb/ros2_ws/build/acoustic_sensor/prefix_override:/home/bb/ros2_ws/install/acoustic_sensor/lib/python3.8/site-packages:${PYTHONPATH} /usr/bin/python3 setup.py egg_info --egg-base ../../build/acoustic_sensor build --build-base /home/bb/ros2_ws/build/acoustic_sensor/build install --record /home/bb/ros2_ws/build/acoustic_sensor/install.log --single-version-externally-managed
[20.879s] DEBUG:colcon.colcon_core.event_handler.log_command:Invoked command in '/home/bb/ros2_ws/src/acoustic_sensor' returned '0': PYTHONPATH=/home/bb/ros2_ws/build/acoustic_sensor/prefix_override:/home/bb/ros2_ws/install/acoustic_sensor/lib/python3.8/site-packages:${PYTHONPATH} /usr/bin/python3 setup.py egg_info --egg-base ../../build/acoustic_sensor build --build-base /home/bb/ros2_ws/build/acoustic_sensor/build install --record /home/bb/ros2_ws/build/acoustic_sensor/install.log --single-version-externally-managed
[21.086s] Level 1:colcon.colcon_core.environment:checking '/home/bb/ros2_ws/install/acoustic_sensor' for CMake module files
[21.088s] Level 1:colcon.colcon_core.environment:checking '/home/bb/ros2_ws/install/acoustic_sensor' for CMake config files
[21.095s] Level 1:colcon.colcon_core.environment:checking '/home/bb/ros2_ws/install/acoustic_sensor/lib'
[21.095s] Level 1:colcon.colcon_core.environment:checking '/home/bb/ros2_ws/install/acoustic_sensor/bin'
[21.096s] Level 1:colcon.colcon_core.environment:checking '/home/bb/ros2_ws/install/acoustic_sensor/lib/pkgconfig/acoustic_sensor.pc'
[21.097s] Level 1:colcon.colcon_core.environment:checking '/home/bb/ros2_ws/install/acoustic_sensor/lib/python3.8/site-packages'
[21.098s] Level 1:colcon.colcon_core.shell:create_environment_hook('acoustic_sensor', 'pythonpath')
[21.283s] INFO:colcon.colcon_core.shell:Creating environment hook '/home/bb/ros2_ws/install/acoustic_sensor/share/acoustic_sensor/hook/pythonpath.ps1'
[21.286s] INFO:colcon.colcon_core.shell:Creating environment descriptor '/home/bb/ros2_ws/install/acoustic_sensor/share/acoustic_sensor/hook/pythonpath.dsv'
[21.288s] INFO:colcon.colcon_core.shell:Creating environment hook '/home/bb/ros2_ws/install/acoustic_sensor/share/acoustic_sensor/hook/pythonpath.sh'
[21.290s] Level 1:colcon.colcon_core.environment:checking '/home/bb/ros2_ws/install/acoustic_sensor/bin'
[21.291s] Level 1:colcon.colcon_core.environment:create_environment_scripts_only(acoustic_sensor)
[21.470s] INFO:colcon.colcon_core.shell:Creating package script '/home/bb/ros2_ws/install/acoustic_sensor/share/acoustic_sensor/package.ps1'
[21.475s] INFO:colcon.colcon_core.shell:Creating package descriptor '/home/bb/ros2_ws/install/acoustic_sensor/share/acoustic_sensor/package.dsv'
[21.477s] INFO:colcon.colcon_core.shell:Creating package script '/home/bb/ros2_ws/install/acoustic_sensor/share/acoustic_sensor/package.sh'
[21.481s] INFO:colcon.colcon_core.shell:Creating package script '/home/bb/ros2_ws/install/acoustic_sensor/share/acoustic_sensor/package.bash'
[21.484s] INFO:colcon.colcon_core.shell:Creating package script '/home/bb/ros2_ws/install/acoustic_sensor/share/acoustic_sensor/package.zsh'
[21.487s] Level 1:colcon.colcon_core.environment:create_file_with_runtime_dependencies(/home/bb/ros2_ws/install/acoustic_sensor/share/colcon-core/packages/acoustic_sensor)
[21.489s] DEBUG:colcon.colcon_parallel_executor.executor.parallel:closing loop
[21.492s] DEBUG:colcon.colcon_parallel_executor.executor.parallel:loop closed
[21.492s] DEBUG:colcon.colcon_parallel_executor.executor.parallel:run_until_complete finished with '0'
[21.493s] DEBUG:colcon.colcon_core.event_reactor:joining thread
[21.702s] INFO:colcon.colcon_core.plugin_system:Skipping extension 'colcon_notification.desktop_notification.terminal_notifier': Not used on non-Darwin systems
[21.702s] INFO:colcon.colcon_core.plugin_system:Skipping extension 'colcon_notification.desktop_notification.win32': Not used on non-Windows systems
[21.703s] INFO:colcon.colcon_notification.desktop_notification:Sending desktop notification using 'notify2'
[21.791s] DEBUG:colcon.colcon_core.event_reactor:joined thread
[21.976s] INFO:colcon.colcon_core.shell:Creating prefix script '/home/bb/ros2_ws/install/local_setup.ps1'
[21.981s] INFO:colcon.colcon_core.shell:Creating prefix util module '/home/bb/ros2_ws/install/_local_setup_util_ps1.py'
[21.987s] INFO:colcon.colcon_core.shell:Creating prefix chain script '/home/bb/ros2_ws/install/setup.ps1'
[22.168s] INFO:colcon.colcon_core.shell:Creating prefix script '/home/bb/ros2_ws/install/local_setup.sh'
[22.171s] INFO:colcon.colcon_core.shell:Creating prefix util module '/home/bb/ros2_ws/install/_local_setup_util_sh.py'
[22.173s] INFO:colcon.colcon_core.shell:Creating prefix chain script '/home/bb/ros2_ws/install/setup.sh'
[22.357s] INFO:colcon.colcon_core.shell:Creating prefix script '/home/bb/ros2_ws/install/local_setup.bash'
[22.360s] INFO:colcon.colcon_core.shell:Creating prefix chain script '/home/bb/ros2_ws/install/setup.bash'
[22.540s] INFO:colcon.colcon_core.shell:Creating prefix script '/home/bb/ros2_ws/install/local_setup.zsh'
[22.542s] INFO:colcon.colcon_core.shell:Creating prefix chain script '/home/bb/ros2_ws/install/setup.zsh'
