[12.145s] Invoking command in '/home/bb/ros2_ws/src/imu_sensor': PYTHONPATH=/home/bb/ros2_ws/build/imu_sensor/prefix_override:/home/bb/ros2_ws/install/imu_sensor/lib/python3.8/site-packages:${PYTHONPATH} /usr/bin/python3 setup.py egg_info --egg-base ../../build/imu_sensor build --build-base /home/bb/ros2_ws/build/imu_sensor/build install --record /home/bb/ros2_ws/build/imu_sensor/install.log --single-version-externally-managed
[13.792s] running egg_info
[13.794s] writing ../../build/imu_sensor/imu_sensor.egg-info/PKG-INFO
[13.797s] writing dependency_links to ../../build/imu_sensor/imu_sensor.egg-info/dependency_links.txt
[13.798s] writing entry points to ../../build/imu_sensor/imu_sensor.egg-info/entry_points.txt
[13.807s] writing requirements to ../../build/imu_sensor/imu_sensor.egg-info/requires.txt
[13.807s] writing top-level names to ../../build/imu_sensor/imu_sensor.egg-info/top_level.txt
[14.007s] reading manifest file '../../build/imu_sensor/imu_sensor.egg-info/SOURCES.txt'
[14.014s] writing manifest file '../../build/imu_sensor/imu_sensor.egg-info/SOURCES.txt'
[14.014s] running build
[14.015s] running build_py
[14.017s] running install
[14.020s] running install_lib
[14.034s] running install_data
[14.036s] running install_egg_info
[14.036s] removing '/home/bb/ros2_ws/install/imu_sensor/lib/python3.8/site-packages/imu_sensor-0.0.0-py3.8.egg-info' (and everything under it)
[14.054s] Copying ../../build/imu_sensor/imu_sensor.egg-info to /home/bb/ros2_ws/install/imu_sensor/lib/python3.8/site-packages/imu_sensor-0.0.0-py3.8.egg-info
[14.054s] running install_scripts
[14.144s] Installing publisher_accel script to /home/bb/ros2_ws/install/imu_sensor/lib/imu_sensor
[14.147s] Installing publisher_quat script to /home/bb/ros2_ws/install/imu_sensor/lib/imu_sensor
[14.148s] Installing publisher_xyz script to /home/bb/ros2_ws/install/imu_sensor/lib/imu_sensor
[14.151s] writing list of installed files to '/home/bb/ros2_ws/build/imu_sensor/install.log'
[15.273s] Invoked command in '/home/bb/ros2_ws/src/imu_sensor' returned '0': PYTHONPATH=/home/bb/ros2_ws/build/imu_sensor/prefix_override:/home/bb/ros2_ws/install/imu_sensor/lib/python3.8/site-packages:${PYTHONPATH} /usr/bin/python3 setup.py egg_info --egg-base ../../build/imu_sensor build --build-base /home/bb/ros2_ws/build/imu_sensor/build install --record /home/bb/ros2_ws/build/imu_sensor/install.log --single-version-externally-managed
