[5.140s] Invoking command in '/home/bb/ros2_ws/src/imu_sensor': PYTHONPATH=/home/bb/ros2_ws/build/imu_sensor/prefix_override:/home/bb/ros2_ws/install/imu_sensor/lib/python3.8/site-packages:${PYTHONPATH} /usr/bin/python3 setup.py egg_info --egg-base ../../build/imu_sensor build --build-base /home/bb/ros2_ws/build/imu_sensor/build install --record /home/bb/ros2_ws/build/imu_sensor/install.log --single-version-externally-managed
[6.356s] running egg_info
[6.359s] writing ../../build/imu_sensor/imu_sensor.egg-info/PKG-INFO
[6.360s] writing dependency_links to ../../build/imu_sensor/imu_sensor.egg-info/dependency_links.txt
[6.361s] writing entry points to ../../build/imu_sensor/imu_sensor.egg-info/entry_points.txt
[6.362s] writing requirements to ../../build/imu_sensor/imu_sensor.egg-info/requires.txt
[6.363s] writing top-level names to ../../build/imu_sensor/imu_sensor.egg-info/top_level.txt
[6.526s] reading manifest file '../../build/imu_sensor/imu_sensor.egg-info/SOURCES.txt'
[6.530s] writing manifest file '../../build/imu_sensor/imu_sensor.egg-info/SOURCES.txt'
[6.531s] running build
[6.532s] running build_py
[6.532s] copying imu_sensor/publisher_xy.py -> /home/bb/ros2_ws/build/imu_sensor/build/lib/imu_sensor
[6.533s] copying imu_sensor/publisher_accel.py -> /home/bb/ros2_ws/build/imu_sensor/build/lib/imu_sensor
[6.534s] copying imu_sensor/publisher_z.py -> /home/bb/ros2_ws/build/imu_sensor/build/lib/imu_sensor
[6.535s] running install
[6.539s] running install_lib
[6.546s] copying /home/bb/ros2_ws/build/imu_sensor/build/lib/imu_sensor/publisher_xy.py -> /home/bb/ros2_ws/install/imu_sensor/lib/python3.8/site-packages/imu_sensor
[6.546s] copying /home/bb/ros2_ws/build/imu_sensor/build/lib/imu_sensor/publisher_accel.py -> /home/bb/ros2_ws/install/imu_sensor/lib/python3.8/site-packages/imu_sensor
[6.547s] copying /home/bb/ros2_ws/build/imu_sensor/build/lib/imu_sensor/publisher_z.py -> /home/bb/ros2_ws/install/imu_sensor/lib/python3.8/site-packages/imu_sensor
[6.550s] byte-compiling /home/bb/ros2_ws/install/imu_sensor/lib/python3.8/site-packages/imu_sensor/publisher_xy.py to publisher_xy.cpython-38.pyc
[6.558s] byte-compiling /home/bb/ros2_ws/install/imu_sensor/lib/python3.8/site-packages/imu_sensor/publisher_accel.py to publisher_accel.cpython-38.pyc
[6.561s] byte-compiling /home/bb/ros2_ws/install/imu_sensor/lib/python3.8/site-packages/imu_sensor/publisher_z.py to publisher_z.cpython-38.pyc
[6.563s] running install_data
[6.566s] running install_egg_info
[6.573s] removing '/home/bb/ros2_ws/install/imu_sensor/lib/python3.8/site-packages/imu_sensor-0.0.0-py3.8.egg-info' (and everything under it)
[6.576s] Copying ../../build/imu_sensor/imu_sensor.egg-info to /home/bb/ros2_ws/install/imu_sensor/lib/python3.8/site-packages/imu_sensor-0.0.0-py3.8.egg-info
[6.582s] running install_scripts
[6.663s] Installing publisher_accel script to /home/bb/ros2_ws/install/imu_sensor/lib/imu_sensor
[6.663s] Installing publisher_quat script to /home/bb/ros2_ws/install/imu_sensor/lib/imu_sensor
[6.664s] Installing publisher_xy script to /home/bb/ros2_ws/install/imu_sensor/lib/imu_sensor
[6.665s] Installing publisher_z script to /home/bb/ros2_ws/install/imu_sensor/lib/imu_sensor
[6.667s] writing list of installed files to '/home/bb/ros2_ws/build/imu_sensor/install.log'
[6.772s] Invoked command in '/home/bb/ros2_ws/src/imu_sensor' returned '0': PYTHONPATH=/home/bb/ros2_ws/build/imu_sensor/prefix_override:/home/bb/ros2_ws/install/imu_sensor/lib/python3.8/site-packages:${PYTHONPATH} /usr/bin/python3 setup.py egg_info --egg-base ../../build/imu_sensor build --build-base /home/bb/ros2_ws/build/imu_sensor/build install --record /home/bb/ros2_ws/build/imu_sensor/install.log --single-version-externally-managed
