[10.625s] DEBUG:colcon:Command line arguments: ['/usr/bin/colcon', 'build', '--packages-select', 'acoustic_msg']
[10.626s] DEBUG:colcon:Parsed command line arguments: Namespace(allow_overriding=[], ament_cmake_args=None, base_paths=['.'], build_base='build', catkin_cmake_args=None, catkin_skip_building_tests=False, cmake_args=None, cmake_clean_cache=False, cmake_clean_first=False, cmake_force_configure=False, cmake_target=None, cmake_target_skip_unavailable=False, continue_on_error=False, event_handlers=None, executor='parallel', ignore_user_meta=False, install_base='install', log_base=None, log_level=None, main=<bound method BuildVerb.main of <colcon_core.verb.build.BuildVerb object at 0xffff82ad0c40>>, merge_install=False, metas=['./colcon.meta'], packages_above=None, packages_above_and_dependencies=None, packages_above_depth=None, packages_end=None, packages_ignore=None, packages_ignore_regex=None, packages_select=['acoustic_msg'], packages_select_build_failed=False, packages_select_by_dep=None, packages_select_regex=None, packages_select_test_failures=False, packages_skip=None, packages_skip_build_finished=False, packages_skip_by_dep=None, packages_skip_regex=None, packages_skip_test_passed=False, packages_skip_up_to=None, packages_start=None, packages_up_to=None, packages_up_to_regex=None, parallel_workers=6, paths=None, symlink_install=False, test_result_base=None, verb_extension=<colcon_core.verb.build.BuildVerb object at 0xffff82ad0c40>, verb_name='build', verb_parser=<colcon_defaults.argument_parser.defaults.DefaultArgumentsDecorator object at 0xffff826dc940>)
[11.072s] Level 1:colcon.colcon_core.package_discovery:discover_packages(colcon_meta) check parameters
[11.073s] Level 1:colcon.colcon_core.package_discovery:discover_packages(recursive) check parameters
[11.073s] Level 1:colcon.colcon_core.package_discovery:discover_packages(ignore) check parameters
[11.073s] Level 1:colcon.colcon_core.package_discovery:discover_packages(path) check parameters
[11.073s] Level 1:colcon.colcon_core.package_discovery:discover_packages(colcon_meta) discover
[11.074s] Level 1:colcon.colcon_core.package_discovery:discover_packages(recursive) discover
[11.074s] INFO:colcon.colcon_core.package_discovery:Crawling recursively for packages in '/home/bb/ros2_ws'
[11.075s] Level 1:colcon.colcon_core.package_identification:_identify(.) by extensions ['ignore', 'ignore_ament_install']
[11.075s] Level 1:colcon.colcon_core.package_identification:_identify(.) by extension 'ignore'
[11.075s] Level 1:colcon.colcon_core.package_identification:_identify(.) by extension 'ignore_ament_install'
[11.075s] Level 1:colcon.colcon_core.package_identification:_identify(.) by extensions ['colcon_pkg']
[11.076s] Level 1:colcon.colcon_core.package_identification:_identify(.) by extension 'colcon_pkg'
[11.076s] Level 1:colcon.colcon_core.package_identification:_identify(.) by extensions ['colcon_meta']
[11.076s] Level 1:colcon.colcon_core.package_identification:_identify(.) by extension 'colcon_meta'
[11.076s] Level 1:colcon.colcon_core.package_identification:_identify(.) by extensions ['ros']
[11.076s] Level 1:colcon.colcon_core.package_identification:_identify(.) by extension 'ros'
[11.133s] Level 1:colcon.colcon_core.package_identification:_identify(.) by extensions ['cmake', 'python']
[11.134s] Level 1:colcon.colcon_core.package_identification:_identify(.) by extension 'cmake'
[11.134s] Level 1:colcon.colcon_core.package_identification:_identify(.) by extension 'python'
[11.134s] Level 1:colcon.colcon_core.package_identification:_identify(.) by extensions ['python_setup_py']
[11.134s] Level 1:colcon.colcon_core.package_identification:_identify(.) by extension 'python_setup_py'
[11.135s] Level 1:colcon.colcon_core.package_identification:_identify(build) by extensions ['ignore', 'ignore_ament_install']
[11.135s] Level 1:colcon.colcon_core.package_identification:_identify(build) by extension 'ignore'
[11.136s] Level 1:colcon.colcon_core.package_identification:_identify(build) ignored
[11.136s] Level 1:colcon.colcon_core.package_identification:_identify(install) by extensions ['ignore', 'ignore_ament_install']
[11.137s] Level 1:colcon.colcon_core.package_identification:_identify(install) by extension 'ignore'
[11.137s] Level 1:colcon.colcon_core.package_identification:_identify(install) ignored
[11.138s] Level 1:colcon.colcon_core.package_identification:_identify(log) by extensions ['ignore', 'ignore_ament_install']
[11.138s] Level 1:colcon.colcon_core.package_identification:_identify(log) by extension 'ignore'
[11.138s] Level 1:colcon.colcon_core.package_identification:_identify(log) ignored
[11.139s] Level 1:colcon.colcon_core.package_identification:_identify(src) by extensions ['ignore', 'ignore_ament_install']
[11.139s] Level 1:colcon.colcon_core.package_identification:_identify(src) by extension 'ignore'
[11.139s] Level 1:colcon.colcon_core.package_identification:_identify(src) by extension 'ignore_ament_install'
[11.140s] Level 1:colcon.colcon_core.package_identification:_identify(src) by extensions ['colcon_pkg']
[11.140s] Level 1:colcon.colcon_core.package_identification:_identify(src) by extension 'colcon_pkg'
[11.140s] Level 1:colcon.colcon_core.package_identification:_identify(src) by extensions ['colcon_meta']
[11.140s] Level 1:colcon.colcon_core.package_identification:_identify(src) by extension 'colcon_meta'
[11.140s] Level 1:colcon.colcon_core.package_identification:_identify(src) by extensions ['ros']
[11.141s] Level 1:colcon.colcon_core.package_identification:_identify(src) by extension 'ros'
[11.141s] Level 1:colcon.colcon_core.package_identification:_identify(src) by extensions ['cmake', 'python']
[11.141s] Level 1:colcon.colcon_core.package_identification:_identify(src) by extension 'cmake'
[11.141s] Level 1:colcon.colcon_core.package_identification:_identify(src) by extension 'python'
[11.142s] Level 1:colcon.colcon_core.package_identification:_identify(src) by extensions ['python_setup_py']
[11.142s] Level 1:colcon.colcon_core.package_identification:_identify(src) by extension 'python_setup_py'
[11.142s] Level 1:colcon.colcon_core.package_identification:_identify(src/acoustic_msg) by extensions ['ignore', 'ignore_ament_install']
[11.143s] Level 1:colcon.colcon_core.package_identification:_identify(src/acoustic_msg) by extension 'ignore'
[11.143s] Level 1:colcon.colcon_core.package_identification:_identify(src/acoustic_msg) by extension 'ignore_ament_install'
[11.143s] Level 1:colcon.colcon_core.package_identification:_identify(src/acoustic_msg) by extensions ['colcon_pkg']
[11.143s] Level 1:colcon.colcon_core.package_identification:_identify(src/acoustic_msg) by extension 'colcon_pkg'
[11.144s] Level 1:colcon.colcon_core.package_identification:_identify(src/acoustic_msg) by extensions ['colcon_meta']
[11.144s] Level 1:colcon.colcon_core.package_identification:_identify(src/acoustic_msg) by extension 'colcon_meta'
[11.144s] Level 1:colcon.colcon_core.package_identification:_identify(src/acoustic_msg) by extensions ['ros']
[11.144s] Level 1:colcon.colcon_core.package_identification:_identify(src/acoustic_msg) by extension 'ros'
[11.155s] DEBUG:colcon.colcon_core.package_identification:Package 'src/acoustic_msg' with type 'ros.ament_cmake' and name 'acoustic_msg'
[11.155s] Level 1:colcon.colcon_core.package_identification:_identify(src/acoustic_sensor) by extensions ['ignore', 'ignore_ament_install']
[11.156s] Level 1:colcon.colcon_core.package_identification:_identify(src/acoustic_sensor) by extension 'ignore'
[11.156s] Level 1:colcon.colcon_core.package_identification:_identify(src/acoustic_sensor) by extension 'ignore_ament_install'
[11.156s] Level 1:colcon.colcon_core.package_identification:_identify(src/acoustic_sensor) by extensions ['colcon_pkg']
[11.156s] Level 1:colcon.colcon_core.package_identification:_identify(src/acoustic_sensor) by extension 'colcon_pkg'
[11.157s] Level 1:colcon.colcon_core.package_identification:_identify(src/acoustic_sensor) by extensions ['colcon_meta']
[11.157s] Level 1:colcon.colcon_core.package_identification:_identify(src/acoustic_sensor) by extension 'colcon_meta'
[11.157s] Level 1:colcon.colcon_core.package_identification:_identify(src/acoustic_sensor) by extensions ['ros']
[11.157s] Level 1:colcon.colcon_core.package_identification:_identify(src/acoustic_sensor) by extension 'ros'
[11.160s] DEBUG:colcon.colcon_core.package_identification:Package 'src/acoustic_sensor' with type 'ros.ament_python' and name 'acoustic_sensor'
[11.160s] Level 1:colcon.colcon_core.package_identification:_identify(src/build) by extensions ['ignore', 'ignore_ament_install']
[11.160s] Level 1:colcon.colcon_core.package_identification:_identify(src/build) by extension 'ignore'
[11.161s] Level 1:colcon.colcon_core.package_identification:_identify(src/build) ignored
[11.161s] Level 1:colcon.colcon_core.package_identification:_identify(src/depth_sensor) by extensions ['ignore', 'ignore_ament_install']
[11.161s] Level 1:colcon.colcon_core.package_identification:_identify(src/depth_sensor) by extension 'ignore'
[11.162s] Level 1:colcon.colcon_core.package_identification:_identify(src/depth_sensor) by extension 'ignore_ament_install'
[11.162s] Level 1:colcon.colcon_core.package_identification:_identify(src/depth_sensor) by extensions ['colcon_pkg']
[11.162s] Level 1:colcon.colcon_core.package_identification:_identify(src/depth_sensor) by extension 'colcon_pkg'
[11.163s] Level 1:colcon.colcon_core.package_identification:_identify(src/depth_sensor) by extensions ['colcon_meta']
[11.163s] Level 1:colcon.colcon_core.package_identification:_identify(src/depth_sensor) by extension 'colcon_meta'
[11.163s] Level 1:colcon.colcon_core.package_identification:_identify(src/depth_sensor) by extensions ['ros']
[11.164s] Level 1:colcon.colcon_core.package_identification:_identify(src/depth_sensor) by extension 'ros'
[11.166s] DEBUG:colcon.colcon_core.package_identification:Package 'src/depth_sensor' with type 'ros.ament_python' and name 'depth_sensor'
[11.167s] Level 1:colcon.colcon_core.package_identification:_identify(src/imu_sensor) by extensions ['ignore', 'ignore_ament_install']
[11.167s] Level 1:colcon.colcon_core.package_identification:_identify(src/imu_sensor) by extension 'ignore'
[11.168s] Level 1:colcon.colcon_core.package_identification:_identify(src/imu_sensor) by extension 'ignore_ament_install'
[11.168s] Level 1:colcon.colcon_core.package_identification:_identify(src/imu_sensor) by extensions ['colcon_pkg']
[11.168s] Level 1:colcon.colcon_core.package_identification:_identify(src/imu_sensor) by extension 'colcon_pkg'
[11.168s] Level 1:colcon.colcon_core.package_identification:_identify(src/imu_sensor) by extensions ['colcon_meta']
[11.168s] Level 1:colcon.colcon_core.package_identification:_identify(src/imu_sensor) by extension 'colcon_meta'
[11.169s] Level 1:colcon.colcon_core.package_identification:_identify(src/imu_sensor) by extensions ['ros']
[11.169s] Level 1:colcon.colcon_core.package_identification:_identify(src/imu_sensor) by extension 'ros'
[11.171s] DEBUG:colcon.colcon_core.package_identification:Package 'src/imu_sensor' with type 'ros.ament_python' and name 'imu_sensor'
[11.172s] Level 1:colcon.colcon_core.package_identification:_identify(src/install) by extensions ['ignore', 'ignore_ament_install']
[11.172s] Level 1:colcon.colcon_core.package_identification:_identify(src/install) by extension 'ignore'
[11.172s] Level 1:colcon.colcon_core.package_identification:_identify(src/install) ignored
[11.173s] Level 1:colcon.colcon_core.package_identification:_identify(src/log) by extensions ['ignore', 'ignore_ament_install']
[11.173s] Level 1:colcon.colcon_core.package_identification:_identify(src/log) by extension 'ignore'
[11.173s] Level 1:colcon.colcon_core.package_identification:_identify(src/log) ignored
[11.174s] Level 1:colcon.colcon_core.package_identification:_identify(src/test141123) by extensions ['ignore', 'ignore_ament_install']
[11.174s] Level 1:colcon.colcon_core.package_identification:_identify(src/test141123) by extension 'ignore'
[11.174s] Level 1:colcon.colcon_core.package_identification:_identify(src/test141123) by extension 'ignore_ament_install'
[11.175s] Level 1:colcon.colcon_core.package_identification:_identify(src/test141123) by extensions ['colcon_pkg']
[11.175s] Level 1:colcon.colcon_core.package_identification:_identify(src/test141123) by extension 'colcon_pkg'
[11.175s] Level 1:colcon.colcon_core.package_identification:_identify(src/test141123) by extensions ['colcon_meta']
[11.175s] Level 1:colcon.colcon_core.package_identification:_identify(src/test141123) by extension 'colcon_meta'
[11.176s] Level 1:colcon.colcon_core.package_identification:_identify(src/test141123) by extensions ['ros']
[11.176s] Level 1:colcon.colcon_core.package_identification:_identify(src/test141123) by extension 'ros'
[11.179s] DEBUG:colcon.colcon_core.package_identification:Package 'src/test141123' with type 'ros.ament_python' and name 'test141123'
[11.179s] Level 1:colcon.colcon_core.package_discovery:discover_packages(recursive) using defaults
[11.179s] Level 1:colcon.colcon_core.package_discovery:discover_packages(ignore) discover
[11.179s] Level 1:colcon.colcon_core.package_discovery:discover_packages(ignore) using defaults
[11.179s] Level 1:colcon.colcon_core.package_discovery:discover_packages(path) discover
[11.180s] Level 1:colcon.colcon_core.package_discovery:discover_packages(path) using defaults
[11.812s] INFO:colcon.colcon_core.package_selection:Skipping not selected package 'acoustic_sensor' in 'src/acoustic_sensor'
[11.812s] INFO:colcon.colcon_core.package_selection:Skipping not selected package 'depth_sensor' in 'src/depth_sensor'
[11.812s] INFO:colcon.colcon_core.package_selection:Skipping not selected package 'imu_sensor' in 'src/imu_sensor'
[11.812s] INFO:colcon.colcon_core.package_selection:Skipping not selected package 'test141123' in 'src/test141123'
[12.152s] Level 1:colcon.colcon_core.package_discovery:discover_packages(prefix_path) check parameters
[12.152s] Level 1:colcon.colcon_core.package_discovery:discover_packages(prefix_path) discover
[12.510s] DEBUG:colcon.colcon_installed_package_information.package_discovery:Found 6 installed packages in /home/bb/ros2_ws/install
[12.691s] DEBUG:colcon.colcon_installed_package_information.package_discovery:Found 308 installed packages in /opt/ros/humble
[12.700s] Level 1:colcon.colcon_core.package_discovery:discover_packages(prefix_path) using defaults
[13.554s] Level 5:colcon.colcon_core.verb:set package 'acoustic_msg' build argument 'cmake_args' from command line to 'None'
[13.554s] Level 5:colcon.colcon_core.verb:set package 'acoustic_msg' build argument 'cmake_target' from command line to 'None'
[13.554s] Level 5:colcon.colcon_core.verb:set package 'acoustic_msg' build argument 'cmake_target_skip_unavailable' from command line to 'False'
[13.554s] Level 5:colcon.colcon_core.verb:set package 'acoustic_msg' build argument 'cmake_clean_cache' from command line to 'False'
[13.554s] Level 5:colcon.colcon_core.verb:set package 'acoustic_msg' build argument 'cmake_clean_first' from command line to 'False'
[13.555s] Level 5:colcon.colcon_core.verb:set package 'acoustic_msg' build argument 'cmake_force_configure' from command line to 'False'
[13.555s] Level 5:colcon.colcon_core.verb:set package 'acoustic_msg' build argument 'ament_cmake_args' from command line to 'None'
[13.555s] Level 5:colcon.colcon_core.verb:set package 'acoustic_msg' build argument 'catkin_cmake_args' from command line to 'None'
[13.555s] Level 5:colcon.colcon_core.verb:set package 'acoustic_msg' build argument 'catkin_skip_building_tests' from command line to 'False'
[13.555s] DEBUG:colcon.colcon_core.verb:Building package 'acoustic_msg' with the following arguments: {'ament_cmake_args': None, 'build_base': '/home/bb/ros2_ws/build/acoustic_msg', 'catkin_cmake_args': None, 'catkin_skip_building_tests': False, 'cmake_args': None, 'cmake_clean_cache': False, 'cmake_clean_first': False, 'cmake_force_configure': False, 'cmake_target': None, 'cmake_target_skip_unavailable': False, 'install_base': '/home/bb/ros2_ws/install/acoustic_msg', 'merge_install': False, 'path': '/home/bb/ros2_ws/src/acoustic_msg', 'symlink_install': False, 'test_result_base': None}
[13.729s] INFO:colcon.colcon_core.executor:Executing jobs using 'parallel' executor
[13.906s] DEBUG:colcon.colcon_parallel_executor.executor.parallel:run_until_complete
[13.907s] INFO:colcon.colcon_ros.task.ament_cmake.build:Building ROS package in '/home/bb/ros2_ws/src/acoustic_msg' with build type 'ament_cmake'
[13.908s] INFO:colcon.colcon_cmake.task.cmake.build:Building CMake package in '/home/bb/ros2_ws/src/acoustic_msg'
[14.100s] INFO:colcon.colcon_core.plugin_system:Skipping extension 'colcon_core.shell.bat': Not used on non-Windows systems
[14.101s] INFO:colcon.colcon_core.shell:Skip shell extension 'powershell' for command environment: Not usable outside of PowerShell
[14.102s] DEBUG:colcon.colcon_core.shell:Skip shell extension 'dsv' for command environment
[14.715s] DEBUG:colcon.colcon_core.event_handler.log_command:Invoking command in '/home/bb/ros2_ws/build/acoustic_msg': CMAKE_PREFIX_PATH=${CMAKE_PREFIX_PATH}:/home/bb/ros2_ws/install/imu_sensor:/home/bb/ros2_ws/install/depth_sensor:/home/bb/ros2_ws/install/acoustic_sensor:/home/bb/ros2_ws/install/test141123:/home/bb/ros2_ws/install/IMU_sensor:/opt/ros/humble /usr/bin/cmake /home/bb/ros2_ws/src/acoustic_msg -DCMAKE_INSTALL_PREFIX=/home/bb/ros2_ws/install/acoustic_msg
[24.719s] DEBUG:colcon.colcon_core.event_handler.log_command:Invoked command in '/home/bb/ros2_ws/build/acoustic_msg' returned '0': CMAKE_PREFIX_PATH=${CMAKE_PREFIX_PATH}:/home/bb/ros2_ws/install/imu_sensor:/home/bb/ros2_ws/install/depth_sensor:/home/bb/ros2_ws/install/acoustic_sensor:/home/bb/ros2_ws/install/test141123:/home/bb/ros2_ws/install/IMU_sensor:/opt/ros/humble /usr/bin/cmake /home/bb/ros2_ws/src/acoustic_msg -DCMAKE_INSTALL_PREFIX=/home/bb/ros2_ws/install/acoustic_msg
[24.742s] DEBUG:colcon.colcon_core.event_handler.log_command:Invoking command in '/home/bb/ros2_ws/build/acoustic_msg': CMAKE_PREFIX_PATH=${CMAKE_PREFIX_PATH}:/home/bb/ros2_ws/install/imu_sensor:/home/bb/ros2_ws/install/depth_sensor:/home/bb/ros2_ws/install/acoustic_sensor:/home/bb/ros2_ws/install/test141123:/home/bb/ros2_ws/install/IMU_sensor:/opt/ros/humble /usr/bin/cmake --build /home/bb/ros2_ws/build/acoustic_msg -- -j6 -l6
[35.608s] DEBUG:colcon.colcon_core.event_handler.log_command:Invoked command in '/home/bb/ros2_ws/build/acoustic_msg' returned '0': CMAKE_PREFIX_PATH=${CMAKE_PREFIX_PATH}:/home/bb/ros2_ws/install/imu_sensor:/home/bb/ros2_ws/install/depth_sensor:/home/bb/ros2_ws/install/acoustic_sensor:/home/bb/ros2_ws/install/test141123:/home/bb/ros2_ws/install/IMU_sensor:/opt/ros/humble /usr/bin/cmake --build /home/bb/ros2_ws/build/acoustic_msg -- -j6 -l6
[35.991s] DEBUG:colcon.colcon_core.event_handler.log_command:Invoking command in '/home/bb/ros2_ws/build/acoustic_msg': CMAKE_PREFIX_PATH=${CMAKE_PREFIX_PATH}:/home/bb/ros2_ws/install/imu_sensor:/home/bb/ros2_ws/install/depth_sensor:/home/bb/ros2_ws/install/acoustic_sensor:/home/bb/ros2_ws/install/test141123:/home/bb/ros2_ws/install/IMU_sensor:/opt/ros/humble /usr/bin/cmake --install /home/bb/ros2_ws/build/acoustic_msg
[36.458s] Level 1:colcon.colcon_core.environment:create_environment_scripts_only(acoustic_msg)
[36.461s] DEBUG:colcon.colcon_core.event_handler.log_command:Invoked command in '/home/bb/ros2_ws/build/acoustic_msg' returned '0': CMAKE_PREFIX_PATH=${CMAKE_PREFIX_PATH}:/home/bb/ros2_ws/install/imu_sensor:/home/bb/ros2_ws/install/depth_sensor:/home/bb/ros2_ws/install/acoustic_sensor:/home/bb/ros2_ws/install/test141123:/home/bb/ros2_ws/install/IMU_sensor:/opt/ros/humble /usr/bin/cmake --install /home/bb/ros2_ws/build/acoustic_msg
[36.674s] Level 1:colcon.colcon_core.environment:checking '/home/bb/ros2_ws/install/acoustic_msg' for CMake module files
[36.679s] Level 1:colcon.colcon_core.environment:checking '/home/bb/ros2_ws/install/acoustic_msg' for CMake config files
[36.685s] Level 1:colcon.colcon_core.shell:create_environment_hook('acoustic_msg', 'cmake_prefix_path')
[36.872s] INFO:colcon.colcon_core.shell:Creating environment hook '/home/bb/ros2_ws/install/acoustic_msg/share/acoustic_msg/hook/cmake_prefix_path.ps1'
[36.876s] INFO:colcon.colcon_core.shell:Creating environment descriptor '/home/bb/ros2_ws/install/acoustic_msg/share/acoustic_msg/hook/cmake_prefix_path.dsv'
[36.878s] INFO:colcon.colcon_core.shell:Creating environment hook '/home/bb/ros2_ws/install/acoustic_msg/share/acoustic_msg/hook/cmake_prefix_path.sh'
[36.883s] Level 1:colcon.colcon_core.environment:checking '/home/bb/ros2_ws/install/acoustic_msg/lib'
[36.884s] Level 1:colcon.colcon_core.shell:create_environment_hook('acoustic_msg', 'ld_library_path_lib')
[37.067s] INFO:colcon.colcon_core.shell:Creating environment hook '/home/bb/ros2_ws/install/acoustic_msg/share/acoustic_msg/hook/ld_library_path_lib.ps1'
[37.069s] INFO:colcon.colcon_core.shell:Creating environment descriptor '/home/bb/ros2_ws/install/acoustic_msg/share/acoustic_msg/hook/ld_library_path_lib.dsv'
[37.071s] INFO:colcon.colcon_core.shell:Creating environment hook '/home/bb/ros2_ws/install/acoustic_msg/share/acoustic_msg/hook/ld_library_path_lib.sh'
[37.072s] Level 1:colcon.colcon_core.environment:checking '/home/bb/ros2_ws/install/acoustic_msg/bin'
[37.073s] Level 1:colcon.colcon_core.environment:checking '/home/bb/ros2_ws/install/acoustic_msg/lib/pkgconfig/acoustic_msg.pc'
[37.074s] Level 1:colcon.colcon_core.environment:checking '/home/bb/ros2_ws/install/acoustic_msg/lib/python3.8/site-packages'
[37.075s] Level 1:colcon.colcon_core.environment:checking '/home/bb/ros2_ws/install/acoustic_msg/bin'
[37.258s] INFO:colcon.colcon_core.shell:Creating package script '/home/bb/ros2_ws/install/acoustic_msg/share/acoustic_msg/package.ps1'
[37.262s] INFO:colcon.colcon_core.shell:Creating package descriptor '/home/bb/ros2_ws/install/acoustic_msg/share/acoustic_msg/package.dsv'
[37.265s] INFO:colcon.colcon_core.shell:Creating package script '/home/bb/ros2_ws/install/acoustic_msg/share/acoustic_msg/package.sh'
[37.268s] INFO:colcon.colcon_core.shell:Creating package script '/home/bb/ros2_ws/install/acoustic_msg/share/acoustic_msg/package.bash'
[37.272s] INFO:colcon.colcon_core.shell:Creating package script '/home/bb/ros2_ws/install/acoustic_msg/share/acoustic_msg/package.zsh'
[37.275s] Level 1:colcon.colcon_core.environment:create_file_with_runtime_dependencies(/home/bb/ros2_ws/install/acoustic_msg/share/colcon-core/packages/acoustic_msg)
[37.784s] Level 1:colcon.colcon_core.environment:create_environment_scripts_only(acoustic_msg)
[37.973s] Level 1:colcon.colcon_core.environment:checking '/home/bb/ros2_ws/install/acoustic_msg' for CMake module files
[37.977s] Level 1:colcon.colcon_core.environment:checking '/home/bb/ros2_ws/install/acoustic_msg' for CMake config files
[37.982s] Level 1:colcon.colcon_core.shell:create_environment_hook('acoustic_msg', 'cmake_prefix_path')
[38.167s] INFO:colcon.colcon_core.shell:Creating environment hook '/home/bb/ros2_ws/install/acoustic_msg/share/acoustic_msg/hook/cmake_prefix_path.ps1'
[38.170s] INFO:colcon.colcon_core.shell:Creating environment descriptor '/home/bb/ros2_ws/install/acoustic_msg/share/acoustic_msg/hook/cmake_prefix_path.dsv'
[38.172s] INFO:colcon.colcon_core.shell:Creating environment hook '/home/bb/ros2_ws/install/acoustic_msg/share/acoustic_msg/hook/cmake_prefix_path.sh'
[38.175s] Level 1:colcon.colcon_core.environment:checking '/home/bb/ros2_ws/install/acoustic_msg/lib'
[38.176s] Level 1:colcon.colcon_core.shell:create_environment_hook('acoustic_msg', 'ld_library_path_lib')
[38.360s] INFO:colcon.colcon_core.shell:Creating environment hook '/home/bb/ros2_ws/install/acoustic_msg/share/acoustic_msg/hook/ld_library_path_lib.ps1'
[38.362s] INFO:colcon.colcon_core.shell:Creating environment descriptor '/home/bb/ros2_ws/install/acoustic_msg/share/acoustic_msg/hook/ld_library_path_lib.dsv'
[38.364s] INFO:colcon.colcon_core.shell:Creating environment hook '/home/bb/ros2_ws/install/acoustic_msg/share/acoustic_msg/hook/ld_library_path_lib.sh'
[38.366s] Level 1:colcon.colcon_core.environment:checking '/home/bb/ros2_ws/install/acoustic_msg/bin'
[38.366s] Level 1:colcon.colcon_core.environment:checking '/home/bb/ros2_ws/install/acoustic_msg/lib/pkgconfig/acoustic_msg.pc'
[38.368s] Level 1:colcon.colcon_core.environment:checking '/home/bb/ros2_ws/install/acoustic_msg/lib/python3.8/site-packages'
[38.368s] Level 1:colcon.colcon_core.environment:checking '/home/bb/ros2_ws/install/acoustic_msg/bin'
[38.554s] INFO:colcon.colcon_core.shell:Creating package script '/home/bb/ros2_ws/install/acoustic_msg/share/acoustic_msg/package.ps1'
[38.558s] INFO:colcon.colcon_core.shell:Creating package descriptor '/home/bb/ros2_ws/install/acoustic_msg/share/acoustic_msg/package.dsv'
[38.561s] INFO:colcon.colcon_core.shell:Creating package script '/home/bb/ros2_ws/install/acoustic_msg/share/acoustic_msg/package.sh'
[38.563s] INFO:colcon.colcon_core.shell:Creating package script '/home/bb/ros2_ws/install/acoustic_msg/share/acoustic_msg/package.bash'
[38.566s] INFO:colcon.colcon_core.shell:Creating package script '/home/bb/ros2_ws/install/acoustic_msg/share/acoustic_msg/package.zsh'
[38.567s] Level 1:colcon.colcon_core.environment:create_file_with_runtime_dependencies(/home/bb/ros2_ws/install/acoustic_msg/share/colcon-core/packages/acoustic_msg)
[38.570s] DEBUG:colcon.colcon_parallel_executor.executor.parallel:closing loop
[38.572s] DEBUG:colcon.colcon_parallel_executor.executor.parallel:loop closed
[38.573s] DEBUG:colcon.colcon_parallel_executor.executor.parallel:run_until_complete finished with '0'
[38.573s] DEBUG:colcon.colcon_core.event_reactor:joining thread
[38.787s] INFO:colcon.colcon_core.plugin_system:Skipping extension 'colcon_notification.desktop_notification.terminal_notifier': Not used on non-Darwin systems
[38.787s] INFO:colcon.colcon_core.plugin_system:Skipping extension 'colcon_notification.desktop_notification.win32': Not used on non-Windows systems
[38.787s] INFO:colcon.colcon_notification.desktop_notification:Sending desktop notification using 'notify2'
[38.871s] DEBUG:colcon.colcon_core.event_reactor:joined thread
[39.060s] INFO:colcon.colcon_core.shell:Creating prefix script '/home/bb/ros2_ws/install/local_setup.ps1'
[39.064s] INFO:colcon.colcon_core.shell:Creating prefix util module '/home/bb/ros2_ws/install/_local_setup_util_ps1.py'
[39.070s] INFO:colcon.colcon_core.shell:Creating prefix chain script '/home/bb/ros2_ws/install/setup.ps1'
[39.256s] INFO:colcon.colcon_core.shell:Creating prefix script '/home/bb/ros2_ws/install/local_setup.sh'
[39.258s] INFO:colcon.colcon_core.shell:Creating prefix util module '/home/bb/ros2_ws/install/_local_setup_util_sh.py'
[39.261s] INFO:colcon.colcon_core.shell:Creating prefix chain script '/home/bb/ros2_ws/install/setup.sh'
[39.445s] INFO:colcon.colcon_core.shell:Creating prefix script '/home/bb/ros2_ws/install/local_setup.bash'
[39.447s] INFO:colcon.colcon_core.shell:Creating prefix chain script '/home/bb/ros2_ws/install/setup.bash'
[39.631s] INFO:colcon.colcon_core.shell:Creating prefix script '/home/bb/ros2_ws/install/local_setup.zsh'
[39.634s] INFO:colcon.colcon_core.shell:Creating prefix chain script '/home/bb/ros2_ws/install/setup.zsh'
