[6.215s] Invoking command in '/home/bb/ros2_ws/src/depth_sensor': PYTHONPATH=/home/bb/ros2_ws/build/depth_sensor/prefix_override:/home/bb/ros2_ws/install/depth_sensor/lib/python3.8/site-packages:${PYTHONPATH} /usr/bin/python3 setup.py egg_info --egg-base ../../build/depth_sensor build --build-base /home/bb/ros2_ws/build/depth_sensor/build install --record /home/bb/ros2_ws/build/depth_sensor/install.log --single-version-externally-managed
[7.692s] running egg_info
[7.697s] writing ../../build/depth_sensor/depth_sensor.egg-info/PKG-INFO
[7.699s] writing dependency_links to ../../build/depth_sensor/depth_sensor.egg-info/dependency_links.txt
[7.700s] writing entry points to ../../build/depth_sensor/depth_sensor.egg-info/entry_points.txt
[7.701s] writing requirements to ../../build/depth_sensor/depth_sensor.egg-info/requires.txt
[7.703s] writing top-level names to ../../build/depth_sensor/depth_sensor.egg-info/top_level.txt
[7.903s] reading manifest file '../../build/depth_sensor/depth_sensor.egg-info/SOURCES.txt'
[7.907s] writing manifest file '../../build/depth_sensor/depth_sensor.egg-info/SOURCES.txt'
[7.908s] running build
[7.909s] running build_py
[7.910s] copying depth_sensor/publisher.py -> /home/bb/ros2_ws/build/depth_sensor/build/lib/depth_sensor
[7.911s] running install
[7.917s] running install_lib
[7.922s] copying /home/bb/ros2_ws/build/depth_sensor/build/lib/depth_sensor/publisher.py -> /home/bb/ros2_ws/install/depth_sensor/lib/python3.8/site-packages/depth_sensor
[7.927s] byte-compiling /home/bb/ros2_ws/install/depth_sensor/lib/python3.8/site-packages/depth_sensor/publisher.py to publisher.cpython-38.pyc
[7.935s] running install_data
[7.938s] running install_egg_info
[7.946s] removing '/home/bb/ros2_ws/install/depth_sensor/lib/python3.8/site-packages/depth_sensor-0.0.0-py3.8.egg-info' (and everything under it)
[7.952s] Copying ../../build/depth_sensor/depth_sensor.egg-info to /home/bb/ros2_ws/install/depth_sensor/lib/python3.8/site-packages/depth_sensor-0.0.0-py3.8.egg-info
[7.956s] running install_scripts
[8.052s] Installing publisher script to /home/bb/ros2_ws/install/depth_sensor/lib/depth_sensor
[8.054s] writing list of installed files to '/home/bb/ros2_ws/build/depth_sensor/install.log'
[8.176s] Invoked command in '/home/bb/ros2_ws/src/depth_sensor' returned '0': PYTHONPATH=/home/bb/ros2_ws/build/depth_sensor/prefix_override:/home/bb/ros2_ws/install/depth_sensor/lib/python3.8/site-packages:${PYTHONPATH} /usr/bin/python3 setup.py egg_info --egg-base ../../build/depth_sensor build --build-base /home/bb/ros2_ws/build/depth_sensor/build install --record /home/bb/ros2_ws/build/depth_sensor/install.log --single-version-externally-managed
