[10.208s] DEBUG:colcon:Command line arguments: ['/usr/bin/colcon', 'build', '--packages-select', 'IMU101223']
[10.208s] DEBUG:colcon:Parsed command line arguments: Namespace(allow_overriding=[], ament_cmake_args=None, base_paths=['.'], build_base='build', catkin_cmake_args=None, catkin_skip_building_tests=False, cmake_args=None, cmake_clean_cache=False, cmake_clean_first=False, cmake_force_configure=False, cmake_target=None, cmake_target_skip_unavailable=False, continue_on_error=False, event_handlers=None, executor='parallel', ignore_user_meta=False, install_base='install', log_base=None, log_level=None, main=<bound method BuildVerb.main of <colcon_core.verb.build.BuildVerb object at 0xffffa5f971f0>>, merge_install=False, metas=['./colcon.meta'], packages_above=None, packages_above_and_dependencies=None, packages_above_depth=None, packages_end=None, packages_ignore=None, packages_ignore_regex=None, packages_select=['IMU101223'], packages_select_build_failed=False, packages_select_by_dep=None, packages_select_regex=None, packages_select_test_failures=False, packages_skip=None, packages_skip_build_finished=False, packages_skip_by_dep=None, packages_skip_regex=None, packages_skip_test_passed=False, packages_skip_up_to=None, packages_start=None, packages_up_to=None, packages_up_to_regex=None, parallel_workers=6, paths=None, symlink_install=False, test_result_base=None, verb_extension=<colcon_core.verb.build.BuildVerb object at 0xffffa5f971f0>, verb_name='build', verb_parser=<colcon_defaults.argument_parser.defaults.DefaultArgumentsDecorator object at 0xffffa5b85250>)
[10.668s] Level 1:colcon.colcon_core.package_discovery:discover_packages(colcon_meta) check parameters
[10.669s] Level 1:colcon.colcon_core.package_discovery:discover_packages(recursive) check parameters
[10.669s] Level 1:colcon.colcon_core.package_discovery:discover_packages(ignore) check parameters
[10.669s] Level 1:colcon.colcon_core.package_discovery:discover_packages(path) check parameters
[10.670s] Level 1:colcon.colcon_core.package_discovery:discover_packages(colcon_meta) discover
[10.670s] Level 1:colcon.colcon_core.package_discovery:discover_packages(recursive) discover
[10.670s] INFO:colcon.colcon_core.package_discovery:Crawling recursively for packages in '/home/bb/ros2_ws'
[10.671s] Level 1:colcon.colcon_core.package_identification:_identify(.) by extensions ['ignore', 'ignore_ament_install']
[10.671s] Level 1:colcon.colcon_core.package_identification:_identify(.) by extension 'ignore'
[10.671s] Level 1:colcon.colcon_core.package_identification:_identify(.) by extension 'ignore_ament_install'
[10.672s] Level 1:colcon.colcon_core.package_identification:_identify(.) by extensions ['colcon_pkg']
[10.672s] Level 1:colcon.colcon_core.package_identification:_identify(.) by extension 'colcon_pkg'
[10.672s] Level 1:colcon.colcon_core.package_identification:_identify(.) by extensions ['colcon_meta']
[10.672s] Level 1:colcon.colcon_core.package_identification:_identify(.) by extension 'colcon_meta'
[10.673s] Level 1:colcon.colcon_core.package_identification:_identify(.) by extensions ['ros']
[10.673s] Level 1:colcon.colcon_core.package_identification:_identify(.) by extension 'ros'
[10.730s] Level 1:colcon.colcon_core.package_identification:_identify(.) by extensions ['cmake', 'python']
[10.730s] Level 1:colcon.colcon_core.package_identification:_identify(.) by extension 'cmake'
[10.731s] Level 1:colcon.colcon_core.package_identification:_identify(.) by extension 'python'
[10.731s] Level 1:colcon.colcon_core.package_identification:_identify(.) by extensions ['python_setup_py']
[10.731s] Level 1:colcon.colcon_core.package_identification:_identify(.) by extension 'python_setup_py'
[10.732s] Level 1:colcon.colcon_core.package_identification:_identify(build) by extensions ['ignore', 'ignore_ament_install']
[10.732s] Level 1:colcon.colcon_core.package_identification:_identify(build) by extension 'ignore'
[10.733s] Level 1:colcon.colcon_core.package_identification:_identify(build) ignored
[10.733s] Level 1:colcon.colcon_core.package_identification:_identify(install) by extensions ['ignore', 'ignore_ament_install']
[10.734s] Level 1:colcon.colcon_core.package_identification:_identify(install) by extension 'ignore'
[10.734s] Level 1:colcon.colcon_core.package_identification:_identify(install) ignored
[10.735s] Level 1:colcon.colcon_core.package_identification:_identify(log) by extensions ['ignore', 'ignore_ament_install']
[10.735s] Level 1:colcon.colcon_core.package_identification:_identify(log) by extension 'ignore'
[10.735s] Level 1:colcon.colcon_core.package_identification:_identify(log) ignored
[10.736s] Level 1:colcon.colcon_core.package_identification:_identify(src) by extensions ['ignore', 'ignore_ament_install']
[10.736s] Level 1:colcon.colcon_core.package_identification:_identify(src) by extension 'ignore'
[10.736s] Level 1:colcon.colcon_core.package_identification:_identify(src) by extension 'ignore_ament_install'
[10.737s] Level 1:colcon.colcon_core.package_identification:_identify(src) by extensions ['colcon_pkg']
[10.737s] Level 1:colcon.colcon_core.package_identification:_identify(src) by extension 'colcon_pkg'
[10.737s] Level 1:colcon.colcon_core.package_identification:_identify(src) by extensions ['colcon_meta']
[10.737s] Level 1:colcon.colcon_core.package_identification:_identify(src) by extension 'colcon_meta'
[10.738s] Level 1:colcon.colcon_core.package_identification:_identify(src) by extensions ['ros']
[10.738s] Level 1:colcon.colcon_core.package_identification:_identify(src) by extension 'ros'
[10.738s] Level 1:colcon.colcon_core.package_identification:_identify(src) by extensions ['cmake', 'python']
[10.738s] Level 1:colcon.colcon_core.package_identification:_identify(src) by extension 'cmake'
[10.739s] Level 1:colcon.colcon_core.package_identification:_identify(src) by extension 'python'
[10.739s] Level 1:colcon.colcon_core.package_identification:_identify(src) by extensions ['python_setup_py']
[10.739s] Level 1:colcon.colcon_core.package_identification:_identify(src) by extension 'python_setup_py'
[10.740s] Level 1:colcon.colcon_core.package_identification:_identify(src/IMU101223) by extensions ['ignore', 'ignore_ament_install']
[10.740s] Level 1:colcon.colcon_core.package_identification:_identify(src/IMU101223) by extension 'ignore'
[10.740s] Level 1:colcon.colcon_core.package_identification:_identify(src/IMU101223) by extension 'ignore_ament_install'
[10.740s] Level 1:colcon.colcon_core.package_identification:_identify(src/IMU101223) by extensions ['colcon_pkg']
[10.741s] Level 1:colcon.colcon_core.package_identification:_identify(src/IMU101223) by extension 'colcon_pkg'
[10.741s] Level 1:colcon.colcon_core.package_identification:_identify(src/IMU101223) by extensions ['colcon_meta']
[10.741s] Level 1:colcon.colcon_core.package_identification:_identify(src/IMU101223) by extension 'colcon_meta'
[10.741s] Level 1:colcon.colcon_core.package_identification:_identify(src/IMU101223) by extensions ['ros']
[10.742s] Level 1:colcon.colcon_core.package_identification:_identify(src/IMU101223) by extension 'ros'
[10.753s] DEBUG:colcon.colcon_core.package_identification:Package 'src/IMU101223' with type 'ros.ament_python' and name 'test141123'
[10.754s] Level 1:colcon.colcon_core.package_identification:_identify(src/build) by extensions ['ignore', 'ignore_ament_install']
[10.754s] Level 1:colcon.colcon_core.package_identification:_identify(src/build) by extension 'ignore'
[10.754s] Level 1:colcon.colcon_core.package_identification:_identify(src/build) ignored
[10.755s] Level 1:colcon.colcon_core.package_identification:_identify(src/depth101223) by extensions ['ignore', 'ignore_ament_install']
[10.755s] Level 1:colcon.colcon_core.package_identification:_identify(src/depth101223) by extension 'ignore'
[10.755s] Level 1:colcon.colcon_core.package_identification:_identify(src/depth101223) by extension 'ignore_ament_install'
[10.756s] Level 1:colcon.colcon_core.package_identification:_identify(src/depth101223) by extensions ['colcon_pkg']
[10.756s] Level 1:colcon.colcon_core.package_identification:_identify(src/depth101223) by extension 'colcon_pkg'
[10.756s] Level 1:colcon.colcon_core.package_identification:_identify(src/depth101223) by extensions ['colcon_meta']
[10.756s] Level 1:colcon.colcon_core.package_identification:_identify(src/depth101223) by extension 'colcon_meta'
[10.756s] Level 1:colcon.colcon_core.package_identification:_identify(src/depth101223) by extensions ['ros']
[10.757s] Level 1:colcon.colcon_core.package_identification:_identify(src/depth101223) by extension 'ros'
[10.760s] DEBUG:colcon.colcon_core.package_identification:Package 'src/depth101223' with type 'ros.ament_python' and name 'test141123'
[10.760s] Level 1:colcon.colcon_core.package_identification:_identify(src/install) by extensions ['ignore', 'ignore_ament_install']
[10.761s] Level 1:colcon.colcon_core.package_identification:_identify(src/install) by extension 'ignore'
[10.761s] Level 1:colcon.colcon_core.package_identification:_identify(src/install) ignored
[10.762s] Level 1:colcon.colcon_core.package_identification:_identify(src/log) by extensions ['ignore', 'ignore_ament_install']
[10.762s] Level 1:colcon.colcon_core.package_identification:_identify(src/log) by extension 'ignore'
[10.762s] Level 1:colcon.colcon_core.package_identification:_identify(src/log) ignored
[10.762s] Level 1:colcon.colcon_core.package_discovery:discover_packages(recursive) using defaults
[10.763s] Level 1:colcon.colcon_core.package_discovery:discover_packages(ignore) discover
[10.763s] Level 1:colcon.colcon_core.package_discovery:discover_packages(ignore) using defaults
[10.763s] Level 1:colcon.colcon_core.package_discovery:discover_packages(path) discover
[10.763s] Level 1:colcon.colcon_core.package_discovery:discover_packages(path) using defaults
[10.935s] WARNING:colcon.colcon_core.package_selection:ignoring unknown package 'IMU101223' in --packages-select
[11.335s] INFO:colcon.colcon_core.package_selection:Skipping not selected package 'test141123' in 'src/IMU101223'
[11.335s] INFO:colcon.colcon_core.package_selection:Skipping not selected package 'test141123' in 'src/depth101223'
[11.665s] Level 1:colcon.colcon_core.package_discovery:discover_packages(prefix_path) check parameters
[11.665s] Level 1:colcon.colcon_core.package_discovery:discover_packages(prefix_path) discover
[12.005s] DEBUG:colcon.colcon_installed_package_information.package_discovery:Found 1 installed packages in /home/bb/ros2_ws/install
[12.180s] DEBUG:colcon.colcon_installed_package_information.package_discovery:Found 308 installed packages in /opt/ros/humble
[12.188s] Level 1:colcon.colcon_core.package_discovery:discover_packages(prefix_path) using defaults
[13.011s] INFO:colcon.colcon_core.executor:Executing jobs using 'parallel' executor
[13.177s] DEBUG:colcon.colcon_parallel_executor.executor.parallel:run_until_complete
[13.178s] DEBUG:colcon.colcon_parallel_executor.executor.parallel:closing loop
[13.179s] DEBUG:colcon.colcon_parallel_executor.executor.parallel:loop closed
[13.180s] DEBUG:colcon.colcon_parallel_executor.executor.parallel:run_until_complete finished with '0'
[13.180s] DEBUG:colcon.colcon_core.event_reactor:joining thread
[13.386s] INFO:colcon.colcon_core.plugin_system:Skipping extension 'colcon_notification.desktop_notification.terminal_notifier': Not used on non-Darwin systems
[13.387s] INFO:colcon.colcon_core.plugin_system:Skipping extension 'colcon_notification.desktop_notification.win32': Not used on non-Windows systems
[13.387s] INFO:colcon.colcon_notification.desktop_notification:Sending desktop notification using 'notify2'
[13.487s] DEBUG:colcon.colcon_core.event_reactor:joined thread
[13.668s] INFO:colcon.colcon_core.plugin_system:Skipping extension 'colcon_core.shell.bat': Not used on non-Windows systems
[13.669s] INFO:colcon.colcon_core.shell:Creating prefix script '/home/bb/ros2_ws/install/local_setup.ps1'
[13.673s] INFO:colcon.colcon_core.shell:Creating prefix util module '/home/bb/ros2_ws/install/_local_setup_util_ps1.py'
[13.679s] INFO:colcon.colcon_core.shell:Creating prefix chain script '/home/bb/ros2_ws/install/setup.ps1'
[13.854s] INFO:colcon.colcon_core.shell:Creating prefix script '/home/bb/ros2_ws/install/local_setup.sh'
[13.857s] INFO:colcon.colcon_core.shell:Creating prefix util module '/home/bb/ros2_ws/install/_local_setup_util_sh.py'
[13.859s] INFO:colcon.colcon_core.shell:Creating prefix chain script '/home/bb/ros2_ws/install/setup.sh'
[14.030s] INFO:colcon.colcon_core.shell:Creating prefix script '/home/bb/ros2_ws/install/local_setup.bash'
[14.032s] INFO:colcon.colcon_core.shell:Creating prefix chain script '/home/bb/ros2_ws/install/setup.bash'
[14.208s] INFO:colcon.colcon_core.shell:Creating prefix script '/home/bb/ros2_ws/install/local_setup.zsh'
[14.211s] INFO:colcon.colcon_core.shell:Creating prefix chain script '/home/bb/ros2_ws/install/setup.zsh'
