[10.602s] DEBUG:colcon:Command line arguments: ['/usr/bin/colcon', 'build', '--packages-select', 'depth_sensor']
[10.603s] DEBUG:colcon:Parsed command line arguments: Namespace(allow_overriding=[], ament_cmake_args=None, base_paths=['.'], build_base='build', catkin_cmake_args=None, catkin_skip_building_tests=False, cmake_args=None, cmake_clean_cache=False, cmake_clean_first=False, cmake_force_configure=False, cmake_target=None, cmake_target_skip_unavailable=False, continue_on_error=False, event_handlers=None, executor='parallel', ignore_user_meta=False, install_base='install', log_base=None, log_level=None, main=<bound method BuildVerb.main of <colcon_core.verb.build.BuildVerb object at 0xffff9f575a30>>, merge_install=False, metas=['./colcon.meta'], packages_above=None, packages_above_and_dependencies=None, packages_above_depth=None, packages_end=None, packages_ignore=None, packages_ignore_regex=None, packages_select=['depth_sensor'], packages_select_build_failed=False, packages_select_by_dep=None, packages_select_regex=None, packages_select_test_failures=False, packages_skip=None, packages_skip_build_finished=False, packages_skip_by_dep=None, packages_skip_regex=None, packages_skip_test_passed=False, packages_skip_up_to=None, packages_start=None, packages_up_to=None, packages_up_to_regex=None, parallel_workers=6, paths=None, symlink_install=False, test_result_base=None, verb_extension=<colcon_core.verb.build.BuildVerb object at 0xffff9f575a30>, verb_name='build', verb_parser=<colcon_defaults.argument_parser.defaults.DefaultArgumentsDecorator object at 0xffff9f178970>)
[11.087s] Level 1:colcon.colcon_core.package_discovery:discover_packages(colcon_meta) check parameters
[11.087s] Level 1:colcon.colcon_core.package_discovery:discover_packages(recursive) check parameters
[11.087s] Level 1:colcon.colcon_core.package_discovery:discover_packages(ignore) check parameters
[11.088s] Level 1:colcon.colcon_core.package_discovery:discover_packages(path) check parameters
[11.088s] Level 1:colcon.colcon_core.package_discovery:discover_packages(colcon_meta) discover
[11.088s] Level 1:colcon.colcon_core.package_discovery:discover_packages(recursive) discover
[11.089s] INFO:colcon.colcon_core.package_discovery:Crawling recursively for packages in '/home/bb/ros2_ws'
[11.089s] Level 1:colcon.colcon_core.package_identification:_identify(.) by extensions ['ignore', 'ignore_ament_install']
[11.090s] Level 1:colcon.colcon_core.package_identification:_identify(.) by extension 'ignore'
[11.090s] Level 1:colcon.colcon_core.package_identification:_identify(.) by extension 'ignore_ament_install'
[11.090s] Level 1:colcon.colcon_core.package_identification:_identify(.) by extensions ['colcon_pkg']
[11.090s] Level 1:colcon.colcon_core.package_identification:_identify(.) by extension 'colcon_pkg'
[11.091s] Level 1:colcon.colcon_core.package_identification:_identify(.) by extensions ['colcon_meta']
[11.091s] Level 1:colcon.colcon_core.package_identification:_identify(.) by extension 'colcon_meta'
[11.091s] Level 1:colcon.colcon_core.package_identification:_identify(.) by extensions ['ros']
[11.091s] Level 1:colcon.colcon_core.package_identification:_identify(.) by extension 'ros'
[11.147s] Level 1:colcon.colcon_core.package_identification:_identify(.) by extensions ['cmake', 'python']
[11.147s] Level 1:colcon.colcon_core.package_identification:_identify(.) by extension 'cmake'
[11.147s] Level 1:colcon.colcon_core.package_identification:_identify(.) by extension 'python'
[11.148s] Level 1:colcon.colcon_core.package_identification:_identify(.) by extensions ['python_setup_py']
[11.148s] Level 1:colcon.colcon_core.package_identification:_identify(.) by extension 'python_setup_py'
[11.148s] Level 1:colcon.colcon_core.package_identification:_identify(build) by extensions ['ignore', 'ignore_ament_install']
[11.149s] Level 1:colcon.colcon_core.package_identification:_identify(build) by extension 'ignore'
[11.149s] Level 1:colcon.colcon_core.package_identification:_identify(build) ignored
[11.150s] Level 1:colcon.colcon_core.package_identification:_identify(install) by extensions ['ignore', 'ignore_ament_install']
[11.150s] Level 1:colcon.colcon_core.package_identification:_identify(install) by extension 'ignore'
[11.151s] Level 1:colcon.colcon_core.package_identification:_identify(install) ignored
[11.151s] Level 1:colcon.colcon_core.package_identification:_identify(log) by extensions ['ignore', 'ignore_ament_install']
[11.152s] Level 1:colcon.colcon_core.package_identification:_identify(log) by extension 'ignore'
[11.152s] Level 1:colcon.colcon_core.package_identification:_identify(log) ignored
[11.152s] Level 1:colcon.colcon_core.package_identification:_identify(src) by extensions ['ignore', 'ignore_ament_install']
[11.153s] Level 1:colcon.colcon_core.package_identification:_identify(src) by extension 'ignore'
[11.153s] Level 1:colcon.colcon_core.package_identification:_identify(src) by extension 'ignore_ament_install'
[11.153s] Level 1:colcon.colcon_core.package_identification:_identify(src) by extensions ['colcon_pkg']
[11.153s] Level 1:colcon.colcon_core.package_identification:_identify(src) by extension 'colcon_pkg'
[11.154s] Level 1:colcon.colcon_core.package_identification:_identify(src) by extensions ['colcon_meta']
[11.154s] Level 1:colcon.colcon_core.package_identification:_identify(src) by extension 'colcon_meta'
[11.154s] Level 1:colcon.colcon_core.package_identification:_identify(src) by extensions ['ros']
[11.154s] Level 1:colcon.colcon_core.package_identification:_identify(src) by extension 'ros'
[11.155s] Level 1:colcon.colcon_core.package_identification:_identify(src) by extensions ['cmake', 'python']
[11.155s] Level 1:colcon.colcon_core.package_identification:_identify(src) by extension 'cmake'
[11.155s] Level 1:colcon.colcon_core.package_identification:_identify(src) by extension 'python'
[11.155s] Level 1:colcon.colcon_core.package_identification:_identify(src) by extensions ['python_setup_py']
[11.156s] Level 1:colcon.colcon_core.package_identification:_identify(src) by extension 'python_setup_py'
[11.156s] Level 1:colcon.colcon_core.package_identification:_identify(src/acoustic_msg) by extensions ['ignore', 'ignore_ament_install']
[11.156s] Level 1:colcon.colcon_core.package_identification:_identify(src/acoustic_msg) by extension 'ignore'
[11.157s] Level 1:colcon.colcon_core.package_identification:_identify(src/acoustic_msg) by extension 'ignore_ament_install'
[11.157s] Level 1:colcon.colcon_core.package_identification:_identify(src/acoustic_msg) by extensions ['colcon_pkg']
[11.157s] Level 1:colcon.colcon_core.package_identification:_identify(src/acoustic_msg) by extension 'colcon_pkg'
[11.157s] Level 1:colcon.colcon_core.package_identification:_identify(src/acoustic_msg) by extensions ['colcon_meta']
[11.158s] Level 1:colcon.colcon_core.package_identification:_identify(src/acoustic_msg) by extension 'colcon_meta'
[11.158s] Level 1:colcon.colcon_core.package_identification:_identify(src/acoustic_msg) by extensions ['ros']
[11.158s] Level 1:colcon.colcon_core.package_identification:_identify(src/acoustic_msg) by extension 'ros'
[11.169s] DEBUG:colcon.colcon_core.package_identification:Package 'src/acoustic_msg' with type 'ros.ament_cmake' and name 'acoustic_msg'
[11.169s] Level 1:colcon.colcon_core.package_identification:_identify(src/acoustic_sensor) by extensions ['ignore', 'ignore_ament_install']
[11.170s] Level 1:colcon.colcon_core.package_identification:_identify(src/acoustic_sensor) by extension 'ignore'
[11.170s] Level 1:colcon.colcon_core.package_identification:_identify(src/acoustic_sensor) by extension 'ignore_ament_install'
[11.170s] Level 1:colcon.colcon_core.package_identification:_identify(src/acoustic_sensor) by extensions ['colcon_pkg']
[11.170s] Level 1:colcon.colcon_core.package_identification:_identify(src/acoustic_sensor) by extension 'colcon_pkg'
[11.171s] Level 1:colcon.colcon_core.package_identification:_identify(src/acoustic_sensor) by extensions ['colcon_meta']
[11.171s] Level 1:colcon.colcon_core.package_identification:_identify(src/acoustic_sensor) by extension 'colcon_meta'
[11.171s] Level 1:colcon.colcon_core.package_identification:_identify(src/acoustic_sensor) by extensions ['ros']
[11.171s] Level 1:colcon.colcon_core.package_identification:_identify(src/acoustic_sensor) by extension 'ros'
[11.174s] DEBUG:colcon.colcon_core.package_identification:Package 'src/acoustic_sensor' with type 'ros.ament_python' and name 'acoustic_sensor'
[11.174s] Level 1:colcon.colcon_core.package_identification:_identify(src/build) by extensions ['ignore', 'ignore_ament_install']
[11.175s] Level 1:colcon.colcon_core.package_identification:_identify(src/build) by extension 'ignore'
[11.175s] Level 1:colcon.colcon_core.package_identification:_identify(src/build) ignored
[11.175s] Level 1:colcon.colcon_core.package_identification:_identify(src/depth_sensor) by extensions ['ignore', 'ignore_ament_install']
[11.176s] Level 1:colcon.colcon_core.package_identification:_identify(src/depth_sensor) by extension 'ignore'
[11.176s] Level 1:colcon.colcon_core.package_identification:_identify(src/depth_sensor) by extension 'ignore_ament_install'
[11.176s] Level 1:colcon.colcon_core.package_identification:_identify(src/depth_sensor) by extensions ['colcon_pkg']
[11.176s] Level 1:colcon.colcon_core.package_identification:_identify(src/depth_sensor) by extension 'colcon_pkg'
[11.177s] Level 1:colcon.colcon_core.package_identification:_identify(src/depth_sensor) by extensions ['colcon_meta']
[11.177s] Level 1:colcon.colcon_core.package_identification:_identify(src/depth_sensor) by extension 'colcon_meta'
[11.177s] Level 1:colcon.colcon_core.package_identification:_identify(src/depth_sensor) by extensions ['ros']
[11.177s] Level 1:colcon.colcon_core.package_identification:_identify(src/depth_sensor) by extension 'ros'
[11.179s] DEBUG:colcon.colcon_core.package_identification:Package 'src/depth_sensor' with type 'ros.ament_python' and name 'depth_sensor'
[11.180s] Level 1:colcon.colcon_core.package_identification:_identify(src/imu_sensor) by extensions ['ignore', 'ignore_ament_install']
[11.180s] Level 1:colcon.colcon_core.package_identification:_identify(src/imu_sensor) by extension 'ignore'
[11.180s] Level 1:colcon.colcon_core.package_identification:_identify(src/imu_sensor) by extension 'ignore_ament_install'
[11.181s] Level 1:colcon.colcon_core.package_identification:_identify(src/imu_sensor) by extensions ['colcon_pkg']
[11.181s] Level 1:colcon.colcon_core.package_identification:_identify(src/imu_sensor) by extension 'colcon_pkg'
[11.181s] Level 1:colcon.colcon_core.package_identification:_identify(src/imu_sensor) by extensions ['colcon_meta']
[11.181s] Level 1:colcon.colcon_core.package_identification:_identify(src/imu_sensor) by extension 'colcon_meta'
[11.182s] Level 1:colcon.colcon_core.package_identification:_identify(src/imu_sensor) by extensions ['ros']
[11.182s] Level 1:colcon.colcon_core.package_identification:_identify(src/imu_sensor) by extension 'ros'
[11.184s] DEBUG:colcon.colcon_core.package_identification:Package 'src/imu_sensor' with type 'ros.ament_python' and name 'imu_sensor'
[11.184s] Level 1:colcon.colcon_core.package_identification:_identify(src/install) by extensions ['ignore', 'ignore_ament_install']
[11.185s] Level 1:colcon.colcon_core.package_identification:_identify(src/install) by extension 'ignore'
[11.185s] Level 1:colcon.colcon_core.package_identification:_identify(src/install) ignored
[11.186s] Level 1:colcon.colcon_core.package_identification:_identify(src/log) by extensions ['ignore', 'ignore_ament_install']
[11.186s] Level 1:colcon.colcon_core.package_identification:_identify(src/log) by extension 'ignore'
[11.186s] Level 1:colcon.colcon_core.package_identification:_identify(src/log) ignored
[11.187s] Level 1:colcon.colcon_core.package_identification:_identify(src/test141123) by extensions ['ignore', 'ignore_ament_install']
[11.187s] Level 1:colcon.colcon_core.package_identification:_identify(src/test141123) by extension 'ignore'
[11.187s] Level 1:colcon.colcon_core.package_identification:_identify(src/test141123) by extension 'ignore_ament_install'
[11.187s] Level 1:colcon.colcon_core.package_identification:_identify(src/test141123) by extensions ['colcon_pkg']
[11.188s] Level 1:colcon.colcon_core.package_identification:_identify(src/test141123) by extension 'colcon_pkg'
[11.188s] Level 1:colcon.colcon_core.package_identification:_identify(src/test141123) by extensions ['colcon_meta']
[11.188s] Level 1:colcon.colcon_core.package_identification:_identify(src/test141123) by extension 'colcon_meta'
[11.188s] Level 1:colcon.colcon_core.package_identification:_identify(src/test141123) by extensions ['ros']
[11.188s] Level 1:colcon.colcon_core.package_identification:_identify(src/test141123) by extension 'ros'
[11.191s] DEBUG:colcon.colcon_core.package_identification:Package 'src/test141123' with type 'ros.ament_python' and name 'test141123'
[11.191s] Level 1:colcon.colcon_core.package_discovery:discover_packages(recursive) using defaults
[11.192s] Level 1:colcon.colcon_core.package_discovery:discover_packages(ignore) discover
[11.192s] Level 1:colcon.colcon_core.package_discovery:discover_packages(ignore) using defaults
[11.192s] Level 1:colcon.colcon_core.package_discovery:discover_packages(path) discover
[11.192s] Level 1:colcon.colcon_core.package_discovery:discover_packages(path) using defaults
[11.794s] INFO:colcon.colcon_core.package_selection:Skipping not selected package 'acoustic_msg' in 'src/acoustic_msg'
[11.794s] INFO:colcon.colcon_core.package_selection:Skipping not selected package 'acoustic_sensor' in 'src/acoustic_sensor'
[11.794s] INFO:colcon.colcon_core.package_selection:Skipping not selected package 'imu_sensor' in 'src/imu_sensor'
[11.794s] INFO:colcon.colcon_core.package_selection:Skipping not selected package 'test141123' in 'src/test141123'
[12.134s] Level 1:colcon.colcon_core.package_discovery:discover_packages(prefix_path) check parameters
[12.134s] Level 1:colcon.colcon_core.package_discovery:discover_packages(prefix_path) discover
[12.490s] DEBUG:colcon.colcon_installed_package_information.package_discovery:Found 6 installed packages in /home/bb/ros2_ws/install
[12.672s] DEBUG:colcon.colcon_installed_package_information.package_discovery:Found 308 installed packages in /opt/ros/humble
[12.681s] Level 1:colcon.colcon_core.package_discovery:discover_packages(prefix_path) using defaults
[13.529s] Level 5:colcon.colcon_core.verb:set package 'depth_sensor' build argument 'cmake_args' from command line to 'None'
[13.530s] Level 5:colcon.colcon_core.verb:set package 'depth_sensor' build argument 'cmake_target' from command line to 'None'
[13.530s] Level 5:colcon.colcon_core.verb:set package 'depth_sensor' build argument 'cmake_target_skip_unavailable' from command line to 'False'
[13.530s] Level 5:colcon.colcon_core.verb:set package 'depth_sensor' build argument 'cmake_clean_cache' from command line to 'False'
[13.530s] Level 5:colcon.colcon_core.verb:set package 'depth_sensor' build argument 'cmake_clean_first' from command line to 'False'
[13.530s] Level 5:colcon.colcon_core.verb:set package 'depth_sensor' build argument 'cmake_force_configure' from command line to 'False'
[13.531s] Level 5:colcon.colcon_core.verb:set package 'depth_sensor' build argument 'ament_cmake_args' from command line to 'None'
[13.531s] Level 5:colcon.colcon_core.verb:set package 'depth_sensor' build argument 'catkin_cmake_args' from command line to 'None'
[13.531s] Level 5:colcon.colcon_core.verb:set package 'depth_sensor' build argument 'catkin_skip_building_tests' from command line to 'False'
[13.531s] DEBUG:colcon.colcon_core.verb:Building package 'depth_sensor' with the following arguments: {'ament_cmake_args': None, 'build_base': '/home/bb/ros2_ws/build/depth_sensor', 'catkin_cmake_args': None, 'catkin_skip_building_tests': False, 'cmake_args': None, 'cmake_clean_cache': False, 'cmake_clean_first': False, 'cmake_force_configure': False, 'cmake_target': None, 'cmake_target_skip_unavailable': False, 'install_base': '/home/bb/ros2_ws/install/depth_sensor', 'merge_install': False, 'path': '/home/bb/ros2_ws/src/depth_sensor', 'symlink_install': False, 'test_result_base': None}
[13.704s] INFO:colcon.colcon_core.executor:Executing jobs using 'parallel' executor
[13.878s] DEBUG:colcon.colcon_parallel_executor.executor.parallel:run_until_complete
[13.879s] INFO:colcon.colcon_ros.task.ament_python.build:Building ROS package in '/home/bb/ros2_ws/src/depth_sensor' with build type 'ament_python'
[13.880s] Level 1:colcon.colcon_core.shell:create_environment_hook('depth_sensor', 'ament_prefix_path')
[14.070s] INFO:colcon.colcon_core.plugin_system:Skipping extension 'colcon_core.shell.bat': Not used on non-Windows systems
[14.071s] INFO:colcon.colcon_core.shell:Creating environment hook '/home/bb/ros2_ws/install/depth_sensor/share/depth_sensor/hook/ament_prefix_path.ps1'
[14.074s] INFO:colcon.colcon_core.shell:Creating environment descriptor '/home/bb/ros2_ws/install/depth_sensor/share/depth_sensor/hook/ament_prefix_path.dsv'
[14.076s] INFO:colcon.colcon_core.shell:Creating environment hook '/home/bb/ros2_ws/install/depth_sensor/share/depth_sensor/hook/ament_prefix_path.sh'
[14.256s] INFO:colcon.colcon_core.shell:Skip shell extension 'powershell' for command environment: Not usable outside of PowerShell
[14.256s] DEBUG:colcon.colcon_core.shell:Skip shell extension 'dsv' for command environment
[16.137s] INFO:colcon.colcon_core.task.python.build:Building Python package in '/home/bb/ros2_ws/src/depth_sensor'
[16.360s] INFO:colcon.colcon_core.shell:Skip shell extension 'powershell' for command environment: Not usable outside of PowerShell
[16.360s] DEBUG:colcon.colcon_core.shell:Skip shell extension 'dsv' for command environment
[19.090s] DEBUG:colcon.colcon_core.event_handler.log_command:Invoking command in '/home/bb/ros2_ws/src/depth_sensor': PYTHONPATH=/home/bb/ros2_ws/build/depth_sensor/prefix_override:/home/bb/ros2_ws/install/depth_sensor/lib/python3.8/site-packages:${PYTHONPATH} /usr/bin/python3 setup.py egg_info --egg-base ../../build/depth_sensor build --build-base /home/bb/ros2_ws/build/depth_sensor/build install --record /home/bb/ros2_ws/build/depth_sensor/install.log --single-version-externally-managed
[20.748s] DEBUG:colcon.colcon_core.event_handler.log_command:Invoked command in '/home/bb/ros2_ws/src/depth_sensor' returned '0': PYTHONPATH=/home/bb/ros2_ws/build/depth_sensor/prefix_override:/home/bb/ros2_ws/install/depth_sensor/lib/python3.8/site-packages:${PYTHONPATH} /usr/bin/python3 setup.py egg_info --egg-base ../../build/depth_sensor build --build-base /home/bb/ros2_ws/build/depth_sensor/build install --record /home/bb/ros2_ws/build/depth_sensor/install.log --single-version-externally-managed
[20.959s] Level 1:colcon.colcon_core.environment:checking '/home/bb/ros2_ws/install/depth_sensor' for CMake module files
[20.961s] Level 1:colcon.colcon_core.environment:checking '/home/bb/ros2_ws/install/depth_sensor' for CMake config files
[20.968s] Level 1:colcon.colcon_core.environment:checking '/home/bb/ros2_ws/install/depth_sensor/lib'
[20.969s] Level 1:colcon.colcon_core.environment:checking '/home/bb/ros2_ws/install/depth_sensor/bin'
[20.969s] Level 1:colcon.colcon_core.environment:checking '/home/bb/ros2_ws/install/depth_sensor/lib/pkgconfig/depth_sensor.pc'
[20.971s] Level 1:colcon.colcon_core.environment:checking '/home/bb/ros2_ws/install/depth_sensor/lib/python3.8/site-packages'
[20.971s] Level 1:colcon.colcon_core.shell:create_environment_hook('depth_sensor', 'pythonpath')
[21.152s] INFO:colcon.colcon_core.shell:Creating environment hook '/home/bb/ros2_ws/install/depth_sensor/share/depth_sensor/hook/pythonpath.ps1'
[21.156s] INFO:colcon.colcon_core.shell:Creating environment descriptor '/home/bb/ros2_ws/install/depth_sensor/share/depth_sensor/hook/pythonpath.dsv'
[21.157s] INFO:colcon.colcon_core.shell:Creating environment hook '/home/bb/ros2_ws/install/depth_sensor/share/depth_sensor/hook/pythonpath.sh'
[21.160s] Level 1:colcon.colcon_core.environment:checking '/home/bb/ros2_ws/install/depth_sensor/bin'
[21.160s] Level 1:colcon.colcon_core.environment:create_environment_scripts_only(depth_sensor)
[21.343s] INFO:colcon.colcon_core.shell:Creating package script '/home/bb/ros2_ws/install/depth_sensor/share/depth_sensor/package.ps1'
[21.348s] INFO:colcon.colcon_core.shell:Creating package descriptor '/home/bb/ros2_ws/install/depth_sensor/share/depth_sensor/package.dsv'
[21.350s] INFO:colcon.colcon_core.shell:Creating package script '/home/bb/ros2_ws/install/depth_sensor/share/depth_sensor/package.sh'
[21.354s] INFO:colcon.colcon_core.shell:Creating package script '/home/bb/ros2_ws/install/depth_sensor/share/depth_sensor/package.bash'
[21.357s] INFO:colcon.colcon_core.shell:Creating package script '/home/bb/ros2_ws/install/depth_sensor/share/depth_sensor/package.zsh'
[21.360s] Level 1:colcon.colcon_core.environment:create_file_with_runtime_dependencies(/home/bb/ros2_ws/install/depth_sensor/share/colcon-core/packages/depth_sensor)
[21.362s] DEBUG:colcon.colcon_parallel_executor.executor.parallel:closing loop
[21.365s] DEBUG:colcon.colcon_parallel_executor.executor.parallel:loop closed
[21.365s] DEBUG:colcon.colcon_parallel_executor.executor.parallel:run_until_complete finished with '0'
[21.366s] DEBUG:colcon.colcon_core.event_reactor:joining thread
[21.581s] INFO:colcon.colcon_core.plugin_system:Skipping extension 'colcon_notification.desktop_notification.terminal_notifier': Not used on non-Darwin systems
[21.582s] INFO:colcon.colcon_core.plugin_system:Skipping extension 'colcon_notification.desktop_notification.win32': Not used on non-Windows systems
[21.582s] INFO:colcon.colcon_notification.desktop_notification:Sending desktop notification using 'notify2'
[21.670s] DEBUG:colcon.colcon_core.event_reactor:joined thread
[21.856s] INFO:colcon.colcon_core.shell:Creating prefix script '/home/bb/ros2_ws/install/local_setup.ps1'
[21.860s] INFO:colcon.colcon_core.shell:Creating prefix util module '/home/bb/ros2_ws/install/_local_setup_util_ps1.py'
[21.866s] INFO:colcon.colcon_core.shell:Creating prefix chain script '/home/bb/ros2_ws/install/setup.ps1'
[22.047s] INFO:colcon.colcon_core.shell:Creating prefix script '/home/bb/ros2_ws/install/local_setup.sh'
[22.050s] INFO:colcon.colcon_core.shell:Creating prefix util module '/home/bb/ros2_ws/install/_local_setup_util_sh.py'
[22.052s] INFO:colcon.colcon_core.shell:Creating prefix chain script '/home/bb/ros2_ws/install/setup.sh'
[22.231s] INFO:colcon.colcon_core.shell:Creating prefix script '/home/bb/ros2_ws/install/local_setup.bash'
[22.233s] INFO:colcon.colcon_core.shell:Creating prefix chain script '/home/bb/ros2_ws/install/setup.bash'
[22.418s] INFO:colcon.colcon_core.shell:Creating prefix script '/home/bb/ros2_ws/install/local_setup.zsh'
[22.420s] INFO:colcon.colcon_core.shell:Creating prefix chain script '/home/bb/ros2_ws/install/setup.zsh'
