[10.141s] DEBUG:colcon:Command line arguments: ['/usr/bin/colcon', 'build', '--packages-select', 'IMU101223']
[10.141s] DEBUG:colcon:Parsed command line arguments: Namespace(allow_overriding=[], ament_cmake_args=None, base_paths=['.'], build_base='build', catkin_cmake_args=None, catkin_skip_building_tests=False, cmake_args=None, cmake_clean_cache=False, cmake_clean_first=False, cmake_force_configure=False, cmake_target=None, cmake_target_skip_unavailable=False, continue_on_error=False, event_handlers=None, executor='parallel', ignore_user_meta=False, install_base='install', log_base=None, log_level=None, main=<bound method BuildVerb.main of <colcon_core.verb.build.BuildVerb object at 0xffff971ae400>>, merge_install=False, metas=['./colcon.meta'], packages_above=None, packages_above_and_dependencies=None, packages_above_depth=None, packages_end=None, packages_ignore=None, packages_ignore_regex=None, packages_select=['IMU101223'], packages_select_build_failed=False, packages_select_by_dep=None, packages_select_regex=None, packages_select_test_failures=False, packages_skip=None, packages_skip_build_finished=False, packages_skip_by_dep=None, packages_skip_regex=None, packages_skip_test_passed=False, packages_skip_up_to=None, packages_start=None, packages_up_to=None, packages_up_to_regex=None, parallel_workers=6, paths=None, symlink_install=False, test_result_base=None, verb_extension=<colcon_core.verb.build.BuildVerb object at 0xffff971ae400>, verb_name='build', verb_parser=<colcon_defaults.argument_parser.defaults.DefaultArgumentsDecorator object at 0xffff96c3eca0>)
[10.605s] Level 1:colcon.colcon_core.package_discovery:discover_packages(colcon_meta) check parameters
[10.606s] Level 1:colcon.colcon_core.package_discovery:discover_packages(recursive) check parameters
[10.606s] Level 1:colcon.colcon_core.package_discovery:discover_packages(ignore) check parameters
[10.606s] Level 1:colcon.colcon_core.package_discovery:discover_packages(path) check parameters
[10.607s] Level 1:colcon.colcon_core.package_discovery:discover_packages(colcon_meta) discover
[10.607s] Level 1:colcon.colcon_core.package_discovery:discover_packages(recursive) discover
[10.607s] INFO:colcon.colcon_core.package_discovery:Crawling recursively for packages in '/home/bb/ros2_ws'
[10.608s] Level 1:colcon.colcon_core.package_identification:_identify(.) by extensions ['ignore', 'ignore_ament_install']
[10.608s] Level 1:colcon.colcon_core.package_identification:_identify(.) by extension 'ignore'
[10.608s] Level 1:colcon.colcon_core.package_identification:_identify(.) by extension 'ignore_ament_install'
[10.609s] Level 1:colcon.colcon_core.package_identification:_identify(.) by extensions ['colcon_pkg']
[10.609s] Level 1:colcon.colcon_core.package_identification:_identify(.) by extension 'colcon_pkg'
[10.609s] Level 1:colcon.colcon_core.package_identification:_identify(.) by extensions ['colcon_meta']
[10.609s] Level 1:colcon.colcon_core.package_identification:_identify(.) by extension 'colcon_meta'
[10.610s] Level 1:colcon.colcon_core.package_identification:_identify(.) by extensions ['ros']
[10.610s] Level 1:colcon.colcon_core.package_identification:_identify(.) by extension 'ros'
[10.667s] Level 1:colcon.colcon_core.package_identification:_identify(.) by extensions ['cmake', 'python']
[10.667s] Level 1:colcon.colcon_core.package_identification:_identify(.) by extension 'cmake'
[10.668s] Level 1:colcon.colcon_core.package_identification:_identify(.) by extension 'python'
[10.668s] Level 1:colcon.colcon_core.package_identification:_identify(.) by extensions ['python_setup_py']
[10.668s] Level 1:colcon.colcon_core.package_identification:_identify(.) by extension 'python_setup_py'
[10.669s] Level 1:colcon.colcon_core.package_identification:_identify(build) by extensions ['ignore', 'ignore_ament_install']
[10.669s] Level 1:colcon.colcon_core.package_identification:_identify(build) by extension 'ignore'
[10.669s] Level 1:colcon.colcon_core.package_identification:_identify(build) ignored
[10.670s] Level 1:colcon.colcon_core.package_identification:_identify(install) by extensions ['ignore', 'ignore_ament_install']
[10.671s] Level 1:colcon.colcon_core.package_identification:_identify(install) by extension 'ignore'
[10.671s] Level 1:colcon.colcon_core.package_identification:_identify(install) ignored
[10.672s] Level 1:colcon.colcon_core.package_identification:_identify(log) by extensions ['ignore', 'ignore_ament_install']
[10.672s] Level 1:colcon.colcon_core.package_identification:_identify(log) by extension 'ignore'
[10.672s] Level 1:colcon.colcon_core.package_identification:_identify(log) ignored
[10.673s] Level 1:colcon.colcon_core.package_identification:_identify(src) by extensions ['ignore', 'ignore_ament_install']
[10.673s] Level 1:colcon.colcon_core.package_identification:_identify(src) by extension 'ignore'
[10.673s] Level 1:colcon.colcon_core.package_identification:_identify(src) by extension 'ignore_ament_install'
[10.674s] Level 1:colcon.colcon_core.package_identification:_identify(src) by extensions ['colcon_pkg']
[10.674s] Level 1:colcon.colcon_core.package_identification:_identify(src) by extension 'colcon_pkg'
[10.674s] Level 1:colcon.colcon_core.package_identification:_identify(src) by extensions ['colcon_meta']
[10.674s] Level 1:colcon.colcon_core.package_identification:_identify(src) by extension 'colcon_meta'
[10.675s] Level 1:colcon.colcon_core.package_identification:_identify(src) by extensions ['ros']
[10.675s] Level 1:colcon.colcon_core.package_identification:_identify(src) by extension 'ros'
[10.675s] Level 1:colcon.colcon_core.package_identification:_identify(src) by extensions ['cmake', 'python']
[10.676s] Level 1:colcon.colcon_core.package_identification:_identify(src) by extension 'cmake'
[10.676s] Level 1:colcon.colcon_core.package_identification:_identify(src) by extension 'python'
[10.676s] Level 1:colcon.colcon_core.package_identification:_identify(src) by extensions ['python_setup_py']
[10.676s] Level 1:colcon.colcon_core.package_identification:_identify(src) by extension 'python_setup_py'
[10.677s] Level 1:colcon.colcon_core.package_identification:_identify(src/IMU101223) by extensions ['ignore', 'ignore_ament_install']
[10.677s] Level 1:colcon.colcon_core.package_identification:_identify(src/IMU101223) by extension 'ignore'
[10.677s] Level 1:colcon.colcon_core.package_identification:_identify(src/IMU101223) by extension 'ignore_ament_install'
[10.678s] Level 1:colcon.colcon_core.package_identification:_identify(src/IMU101223) by extensions ['colcon_pkg']
[10.678s] Level 1:colcon.colcon_core.package_identification:_identify(src/IMU101223) by extension 'colcon_pkg'
[10.678s] Level 1:colcon.colcon_core.package_identification:_identify(src/IMU101223) by extensions ['colcon_meta']
[10.678s] Level 1:colcon.colcon_core.package_identification:_identify(src/IMU101223) by extension 'colcon_meta'
[10.679s] Level 1:colcon.colcon_core.package_identification:_identify(src/IMU101223) by extensions ['ros']
[10.679s] Level 1:colcon.colcon_core.package_identification:_identify(src/IMU101223) by extension 'ros'
[10.691s] DEBUG:colcon.colcon_core.package_identification:Package 'src/IMU101223' with type 'ros.ament_python' and name 'test141123'
[10.691s] Level 1:colcon.colcon_core.package_identification:_identify(src/build) by extensions ['ignore', 'ignore_ament_install']
[10.692s] Level 1:colcon.colcon_core.package_identification:_identify(src/build) by extension 'ignore'
[10.692s] Level 1:colcon.colcon_core.package_identification:_identify(src/build) ignored
[10.692s] Level 1:colcon.colcon_core.package_identification:_identify(src/depth101223) by extensions ['ignore', 'ignore_ament_install']
[10.693s] Level 1:colcon.colcon_core.package_identification:_identify(src/depth101223) by extension 'ignore'
[10.693s] Level 1:colcon.colcon_core.package_identification:_identify(src/depth101223) by extension 'ignore_ament_install'
[10.693s] Level 1:colcon.colcon_core.package_identification:_identify(src/depth101223) by extensions ['colcon_pkg']
[10.694s] Level 1:colcon.colcon_core.package_identification:_identify(src/depth101223) by extension 'colcon_pkg'
[10.694s] Level 1:colcon.colcon_core.package_identification:_identify(src/depth101223) by extensions ['colcon_meta']
[10.694s] Level 1:colcon.colcon_core.package_identification:_identify(src/depth101223) by extension 'colcon_meta'
[10.694s] Level 1:colcon.colcon_core.package_identification:_identify(src/depth101223) by extensions ['ros']
[10.695s] Level 1:colcon.colcon_core.package_identification:_identify(src/depth101223) by extension 'ros'
[10.698s] DEBUG:colcon.colcon_core.package_identification:Package 'src/depth101223' with type 'ros.ament_python' and name 'test141123'
[10.698s] Level 1:colcon.colcon_core.package_identification:_identify(src/install) by extensions ['ignore', 'ignore_ament_install']
[10.699s] Level 1:colcon.colcon_core.package_identification:_identify(src/install) by extension 'ignore'
[10.699s] Level 1:colcon.colcon_core.package_identification:_identify(src/install) ignored
[10.699s] Level 1:colcon.colcon_core.package_identification:_identify(src/log) by extensions ['ignore', 'ignore_ament_install']
[10.700s] Level 1:colcon.colcon_core.package_identification:_identify(src/log) by extension 'ignore'
[10.700s] Level 1:colcon.colcon_core.package_identification:_identify(src/log) ignored
[10.700s] Level 1:colcon.colcon_core.package_discovery:discover_packages(recursive) using defaults
[10.701s] Level 1:colcon.colcon_core.package_discovery:discover_packages(ignore) discover
[10.701s] Level 1:colcon.colcon_core.package_discovery:discover_packages(ignore) using defaults
[10.701s] Level 1:colcon.colcon_core.package_discovery:discover_packages(path) discover
[10.701s] Level 1:colcon.colcon_core.package_discovery:discover_packages(path) using defaults
[10.878s] WARNING:colcon.colcon_core.package_selection:ignoring unknown package 'IMU101223' in --packages-select
[11.282s] INFO:colcon.colcon_core.package_selection:Skipping not selected package 'test141123' in 'src/depth101223'
[11.283s] INFO:colcon.colcon_core.package_selection:Skipping not selected package 'test141123' in 'src/IMU101223'
[11.615s] Level 1:colcon.colcon_core.package_discovery:discover_packages(prefix_path) check parameters
[11.615s] Level 1:colcon.colcon_core.package_discovery:discover_packages(prefix_path) discover
[11.959s] DEBUG:colcon.colcon_installed_package_information.package_discovery:Found 1 installed packages in /home/bb/ros2_ws/install
[12.134s] DEBUG:colcon.colcon_installed_package_information.package_discovery:Found 308 installed packages in /opt/ros/humble
[12.143s] Level 1:colcon.colcon_core.package_discovery:discover_packages(prefix_path) using defaults
[12.961s] INFO:colcon.colcon_core.executor:Executing jobs using 'parallel' executor
[13.133s] DEBUG:colcon.colcon_parallel_executor.executor.parallel:run_until_complete
[13.135s] DEBUG:colcon.colcon_parallel_executor.executor.parallel:closing loop
[13.135s] DEBUG:colcon.colcon_parallel_executor.executor.parallel:loop closed
[13.135s] DEBUG:colcon.colcon_parallel_executor.executor.parallel:run_until_complete finished with '0'
[13.136s] DEBUG:colcon.colcon_core.event_reactor:joining thread
[13.362s] INFO:colcon.colcon_core.plugin_system:Skipping extension 'colcon_notification.desktop_notification.terminal_notifier': Not used on non-Darwin systems
[13.362s] INFO:colcon.colcon_core.plugin_system:Skipping extension 'colcon_notification.desktop_notification.win32': Not used on non-Windows systems
[13.362s] INFO:colcon.colcon_notification.desktop_notification:Sending desktop notification using 'notify2'
[13.444s] DEBUG:colcon.colcon_core.event_reactor:joined thread
[13.626s] INFO:colcon.colcon_core.plugin_system:Skipping extension 'colcon_core.shell.bat': Not used on non-Windows systems
[13.627s] INFO:colcon.colcon_core.shell:Creating prefix script '/home/bb/ros2_ws/install/local_setup.ps1'
[13.631s] INFO:colcon.colcon_core.shell:Creating prefix util module '/home/bb/ros2_ws/install/_local_setup_util_ps1.py'
[13.637s] INFO:colcon.colcon_core.shell:Creating prefix chain script '/home/bb/ros2_ws/install/setup.ps1'
[13.812s] INFO:colcon.colcon_core.shell:Creating prefix script '/home/bb/ros2_ws/install/local_setup.sh'
[13.814s] INFO:colcon.colcon_core.shell:Creating prefix util module '/home/bb/ros2_ws/install/_local_setup_util_sh.py'
[13.817s] INFO:colcon.colcon_core.shell:Creating prefix chain script '/home/bb/ros2_ws/install/setup.sh'
[13.987s] INFO:colcon.colcon_core.shell:Creating prefix script '/home/bb/ros2_ws/install/local_setup.bash'
[13.989s] INFO:colcon.colcon_core.shell:Creating prefix chain script '/home/bb/ros2_ws/install/setup.bash'
[14.160s] INFO:colcon.colcon_core.shell:Creating prefix script '/home/bb/ros2_ws/install/local_setup.zsh'
[14.162s] INFO:colcon.colcon_core.shell:Creating prefix chain script '/home/bb/ros2_ws/install/setup.zsh'
