[7.121s] Invoking command in '/home/bb/ros2_ws/build/linear_acceleration_msg': CMAKE_PREFIX_PATH=${CMAKE_PREFIX_PATH}:/home/bb/ros2_ws/install/sub:/home/bb/ros2_ws/install/test141123:/home/bb/ros2_ws/install/imu_sensor:/home/bb/ros2_ws/install/depth_sensor:/home/bb/ros2_ws/install/acoustic_sensor:/home/bb/ros2_ws/install/IMU_sensor:/opt/ros/humble /usr/bin/cmake --build /home/bb/ros2_ws/build/linear_acceleration_msg -- -j6 -l6
[7.283s] -- Found ament_cmake: 1.3.6 (/opt/ros/humble/share/ament_cmake/cmake)
[9.313s] -- Found geometry_msgs: 4.2.3 (/opt/ros/humble/share/geometry_msgs/cmake)
[9.625s] -- Found rosidl_generator_c: 3.1.5 (/opt/ros/humble/share/rosidl_generator_c/cmake)
[9.651s] -- Found rosidl_adapter: 3.1.5 (/opt/ros/humble/share/rosidl_adapter/cmake)
[9.707s] -- Found rosidl_generator_cpp: 3.1.5 (/opt/ros/humble/share/rosidl_generator_cpp/cmake)
[9.823s] -- Using all available rosidl_typesupport_c: rosidl_typesupport_fastrtps_c;rosidl_typesupport_introspection_c
[9.993s] -- Using all available rosidl_typesupport_cpp: rosidl_typesupport_fastrtps_cpp;rosidl_typesupport_introspection_cpp
[10.942s] -- Found rosidl_default_generators: 1.2.0 (/opt/ros/humble/share/rosidl_default_generators/cmake)
[13.781s] -- Found ament_cmake_ros: 0.10.0 (/opt/ros/humble/share/ament_cmake_ros/cmake)
[18.193s] -- Using all available rosidl_typesupport_c: rosidl_typesupport_fastrtps_c;rosidl_typesupport_introspection_c
[19.892s] -- Using all available rosidl_typesupport_cpp: rosidl_typesupport_fastrtps_cpp;rosidl_typesupport_introspection_cpp
[20.068s] -- Found python_cmake_module: 0.10.0 (/opt/ros/humble/share/python_cmake_module/cmake)
[20.285s] -- Using PYTHON_EXECUTABLE: /usr/bin/python3
[20.286s] -- Using PYTHON_INCLUDE_DIRS: /usr/include/python3.8
[20.286s] -- Using PYTHON_LIBRARIES: /usr/lib/aarch64-linux-gnu/libpython3.8.so
[20.437s] -- Found ament_lint_auto: 0.12.9 (/opt/ros/humble/share/ament_lint_auto/cmake)
[20.511s] -- Added test 'lint_cmake' to check CMake code style
[20.520s] -- Added test 'xmllint' to check XML markup files
[20.558s] -- Configuring done
[20.808s] -- Generating done
[20.832s] -- Build files have been written to: /home/bb/ros2_ws/build/linear_acceleration_msg
[20.981s] [  2%] [34m[1mGenerating C code for ROS interfaces[0m
[20.984s] [35m[1mScanning dependencies of target linear_acceleration_msg__cpp[0m
[21.051s] [  5%] [34m[1mGenerating C++ code for ROS interfaces[0m
[21.111s] [  5%] Built target ament_cmake_python_copy_linear_acceleration_msg
[22.990s] [  5%] Built target linear_acceleration_msg__cpp
[23.056s] [  7%] [34m[1mGenerating C++ introspection for ROS interfaces[0m
[23.139s] [ 10%] [34m[1mGenerating C++ type support dispatch for ROS interfaces[0m
[23.174s] [35m[1mScanning dependencies of target linear_acceleration_msg__rosidl_generator_c[0m
[23.183s] [ 12%] [34m[1mGenerating C++ type support for eProsima Fast-RTPS[0m
[23.309s] [ 15%] [32mBuilding C object CMakeFiles/linear_acceleration_msg__rosidl_generator_c.dir/rosidl_generator_c/linear_acceleration_msg/msg/detail/acceleration_xy__functions.c.o[0m
[23.324s] [ 17%] [32mBuilding C object CMakeFiles/linear_acceleration_msg__rosidl_generator_c.dir/rosidl_generator_c/linear_acceleration_msg/msg/detail/acceleration_z__functions.c.o[0m
[23.423s] running egg_info
[23.427s] writing linear_acceleration_msg.egg-info/PKG-INFO
[23.431s] writing dependency_links to linear_acceleration_msg.egg-info/dependency_links.txt
[23.435s] writing top-level names to linear_acceleration_msg.egg-info/top_level.txt
[23.822s] reading manifest file 'linear_acceleration_msg.egg-info/SOURCES.txt'
[23.826s] writing manifest file 'linear_acceleration_msg.egg-info/SOURCES.txt'
[24.116s] [ 17%] Built target ament_cmake_python_build_linear_acceleration_msg_egg
[24.145s] [ 20%] [32m[1mLinking C shared library liblinear_acceleration_msg__rosidl_generator_c.so[0m
[24.418s] [ 20%] Built target linear_acceleration_msg__rosidl_generator_c
[24.516s] [ 23%] [34m[1mGenerating C introspection for ROS interfaces[0m
[24.595s] [ 28%] [34m[1mGenerating C type support dispatch for ROS interfaces[0m
[24.596s] [ 28%] [34m[1mGenerating C type support for eProsima Fast-RTPS[0m
[25.402s] [35m[1mScanning dependencies of target linear_acceleration_msg__rosidl_typesupport_cpp[0m
[25.532s] [ 30%] [32mBuilding CXX object CMakeFiles/linear_acceleration_msg__rosidl_typesupport_cpp.dir/rosidl_typesupport_cpp/linear_acceleration_msg/msg/acceleration_xy__type_support.cpp.o[0m
[25.651s] [35m[1mScanning dependencies of target linear_acceleration_msg__rosidl_typesupport_fastrtps_cpp[0m
[25.686s] [35m[1mScanning dependencies of target linear_acceleration_msg__rosidl_typesupport_introspection_cpp[0m
[25.900s] [ 33%] [32mBuilding CXX object CMakeFiles/linear_acceleration_msg__rosidl_typesupport_introspection_cpp.dir/rosidl_typesupport_introspection_cpp/linear_acceleration_msg/msg/detail/acceleration_xy__type_support.cpp.o[0m
[26.018s] [ 35%] [32mBuilding CXX object CMakeFiles/linear_acceleration_msg__rosidl_typesupport_fastrtps_cpp.dir/rosidl_typesupport_fastrtps_cpp/linear_acceleration_msg/msg/detail/dds_fastrtps/acceleration_xy__type_support.cpp.o[0m
[26.904s] [35m[1mScanning dependencies of target linear_acceleration_msg__rosidl_typesupport_c[0m
[27.073s] [ 38%] [32mBuilding CXX object CMakeFiles/linear_acceleration_msg__rosidl_typesupport_c.dir/rosidl_typesupport_c/linear_acceleration_msg/msg/acceleration_xy__type_support.cpp.o[0m
[27.271s] [35m[1mScanning dependencies of target linear_acceleration_msg__rosidl_typesupport_introspection_c[0m
[27.401s] [35m[1mScanning dependencies of target linear_acceleration_msg__rosidl_typesupport_fastrtps_c[0m
[27.523s] [ 41%] [32mBuilding C object CMakeFiles/linear_acceleration_msg__rosidl_typesupport_introspection_c.dir/rosidl_typesupport_introspection_c/linear_acceleration_msg/msg/detail/acceleration_xy__type_support.c.o[0m
[27.667s] [ 43%] [32mBuilding CXX object CMakeFiles/linear_acceleration_msg__rosidl_typesupport_fastrtps_c.dir/rosidl_typesupport_fastrtps_c/linear_acceleration_msg/msg/detail/acceleration_xy__type_support_c.cpp.o[0m
[27.722s] [ 46%] [32mBuilding CXX object CMakeFiles/linear_acceleration_msg__rosidl_typesupport_c.dir/rosidl_typesupport_c/linear_acceleration_msg/msg/acceleration_z__type_support.cpp.o[0m
[28.114s] [ 48%] [32mBuilding C object CMakeFiles/linear_acceleration_msg__rosidl_typesupport_introspection_c.dir/rosidl_typesupport_introspection_c/linear_acceleration_msg/msg/detail/acceleration_z__type_support.c.o[0m
[28.313s] [ 51%] [32m[1mLinking CXX shared library liblinear_acceleration_msg__rosidl_typesupport_c.so[0m
[28.522s] [ 53%] [32m[1mLinking C shared library liblinear_acceleration_msg__rosidl_typesupport_introspection_c.so[0m
[28.942s] [ 53%] Built target linear_acceleration_msg__rosidl_typesupport_c
[29.067s] [ 53%] Built target linear_acceleration_msg__rosidl_typesupport_introspection_c
[29.112s] [ 56%] [32mBuilding CXX object CMakeFiles/linear_acceleration_msg__rosidl_typesupport_fastrtps_c.dir/rosidl_typesupport_fastrtps_c/linear_acceleration_msg/msg/detail/acceleration_z__type_support_c.cpp.o[0m
[29.167s] [ 58%] [32mBuilding CXX object CMakeFiles/linear_acceleration_msg__rosidl_typesupport_cpp.dir/rosidl_typesupport_cpp/linear_acceleration_msg/msg/acceleration_z__type_support.cpp.o[0m
[29.201s] [ 61%] [32mBuilding CXX object CMakeFiles/linear_acceleration_msg__rosidl_typesupport_fastrtps_cpp.dir/rosidl_typesupport_fastrtps_cpp/linear_acceleration_msg/msg/detail/dds_fastrtps/acceleration_z__type_support.cpp.o[0m
[30.551s] [ 64%] [32mBuilding CXX object CMakeFiles/linear_acceleration_msg__rosidl_typesupport_introspection_cpp.dir/rosidl_typesupport_introspection_cpp/linear_acceleration_msg/msg/detail/acceleration_z__type_support.cpp.o[0m
[31.717s] [ 66%] [32m[1mLinking CXX shared library liblinear_acceleration_msg__rosidl_typesupport_cpp.so[0m
[31.970s] [ 66%] Built target linear_acceleration_msg__rosidl_typesupport_cpp
[32.058s] [ 69%] [32m[1mLinking CXX shared library liblinear_acceleration_msg__rosidl_typesupport_fastrtps_c.so[0m
[32.465s] [ 69%] Built target linear_acceleration_msg__rosidl_typesupport_fastrtps_c
[32.786s] [ 71%] [32m[1mLinking CXX shared library liblinear_acceleration_msg__rosidl_typesupport_fastrtps_cpp.so[0m
[33.169s] [ 71%] Built target linear_acceleration_msg__rosidl_typesupport_fastrtps_cpp
[33.393s] [ 74%] [32m[1mLinking CXX shared library liblinear_acceleration_msg__rosidl_typesupport_introspection_cpp.so[0m
[33.633s] [ 74%] Built target linear_acceleration_msg__rosidl_typesupport_introspection_cpp
[33.751s] [ 74%] Built target linear_acceleration_msg
[33.811s] [35m[1mScanning dependencies of target linear_acceleration_msg__py[0m
[33.874s] [ 76%] [34m[1mGenerating Python code for ROS interfaces[0m
[35.508s] [ 76%] Built target linear_acceleration_msg__py
[35.571s] [35m[1mScanning dependencies of target linear_acceleration_msg__rosidl_generator_py[0m
[35.710s] [ 79%] [32mBuilding C object CMakeFiles/linear_acceleration_msg__rosidl_generator_py.dir/rosidl_generator_py/linear_acceleration_msg/msg/_acceleration_xy_s.c.o[0m
[35.711s] [ 82%] [32mBuilding C object CMakeFiles/linear_acceleration_msg__rosidl_generator_py.dir/rosidl_generator_py/linear_acceleration_msg/msg/_acceleration_z_s.c.o[0m
[36.414s] [ 84%] [32m[1mLinking C shared library rosidl_generator_py/linear_acceleration_msg/liblinear_acceleration_msg__rosidl_generator_py.so[0m
[36.646s] [ 84%] Built target linear_acceleration_msg__rosidl_generator_py
[36.720s] [35m[1mScanning dependencies of target linear_acceleration_msg__rosidl_typesupport_fastrtps_c__pyext[0m
[36.728s] [35m[1mScanning dependencies of target linear_acceleration_msg__rosidl_typesupport_c__pyext[0m
[36.752s] [35m[1mScanning dependencies of target linear_acceleration_msg__rosidl_typesupport_introspection_c__pyext[0m
[36.872s] [ 87%] [32mBuilding C object CMakeFiles/linear_acceleration_msg__rosidl_typesupport_fastrtps_c__pyext.dir/rosidl_generator_py/linear_acceleration_msg/_linear_acceleration_msg_s.ep.rosidl_typesupport_fastrtps_c.c.o[0m
[36.907s] [ 89%] [32mBuilding C object CMakeFiles/linear_acceleration_msg__rosidl_typesupport_introspection_c__pyext.dir/rosidl_generator_py/linear_acceleration_msg/_linear_acceleration_msg_s.ep.rosidl_typesupport_introspection_c.c.o[0m
[36.917s] [ 92%] [32mBuilding C object CMakeFiles/linear_acceleration_msg__rosidl_typesupport_c__pyext.dir/rosidl_generator_py/linear_acceleration_msg/_linear_acceleration_msg_s.ep.rosidl_typesupport_c.c.o[0m
[37.725s] [ 94%] [32m[1mLinking C shared library rosidl_generator_py/linear_acceleration_msg/linear_acceleration_msg_s__rosidl_typesupport_introspection_c.cpython-38-aarch64-linux-gnu.so[0m
[37.775s] [ 97%] [32m[1mLinking C shared library rosidl_generator_py/linear_acceleration_msg/linear_acceleration_msg_s__rosidl_typesupport_fastrtps_c.cpython-38-aarch64-linux-gnu.so[0m
[37.806s] [100%] [32m[1mLinking C shared library rosidl_generator_py/linear_acceleration_msg/linear_acceleration_msg_s__rosidl_typesupport_c.cpython-38-aarch64-linux-gnu.so[0m
[37.978s] [100%] Built target linear_acceleration_msg__rosidl_typesupport_introspection_c__pyext
[38.019s] [100%] Built target linear_acceleration_msg__rosidl_typesupport_fastrtps_c__pyext
[38.035s] [100%] Built target linear_acceleration_msg__rosidl_typesupport_c__pyext
[38.109s] Invoked command in '/home/bb/ros2_ws/build/linear_acceleration_msg' returned '0': CMAKE_PREFIX_PATH=${CMAKE_PREFIX_PATH}:/home/bb/ros2_ws/install/sub:/home/bb/ros2_ws/install/test141123:/home/bb/ros2_ws/install/imu_sensor:/home/bb/ros2_ws/install/depth_sensor:/home/bb/ros2_ws/install/acoustic_sensor:/home/bb/ros2_ws/install/IMU_sensor:/opt/ros/humble /usr/bin/cmake --build /home/bb/ros2_ws/build/linear_acceleration_msg -- -j6 -l6
[38.599s] Invoking command in '/home/bb/ros2_ws/build/linear_acceleration_msg': CMAKE_PREFIX_PATH=${CMAKE_PREFIX_PATH}:/home/bb/ros2_ws/install/sub:/home/bb/ros2_ws/install/test141123:/home/bb/ros2_ws/install/imu_sensor:/home/bb/ros2_ws/install/depth_sensor:/home/bb/ros2_ws/install/acoustic_sensor:/home/bb/ros2_ws/install/IMU_sensor:/opt/ros/humble /usr/bin/cmake --install /home/bb/ros2_ws/build/linear_acceleration_msg
[38.648s] -- Install configuration: ""
[38.649s] -- Installing: /home/bb/ros2_ws/install/linear_acceleration_msg/share/ament_index/resource_index/rosidl_interfaces/linear_acceleration_msg
[38.650s] -- Up-to-date: /home/bb/ros2_ws/install/linear_acceleration_msg/include/linear_acceleration_msg/linear_acceleration_msg
[38.651s] -- Up-to-date: /home/bb/ros2_ws/install/linear_acceleration_msg/include/linear_acceleration_msg/linear_acceleration_msg/msg
[38.652s] -- Up-to-date: /home/bb/ros2_ws/install/linear_acceleration_msg/include/linear_acceleration_msg/linear_acceleration_msg/msg/rosidl_generator_c__visibility_control.h
[38.653s] -- Up-to-date: /home/bb/ros2_ws/install/linear_acceleration_msg/include/linear_acceleration_msg/linear_acceleration_msg/msg/acceleration.h
[38.654s] -- Up-to-date: /home/bb/ros2_ws/install/linear_acceleration_msg/include/linear_acceleration_msg/linear_acceleration_msg/msg/detail
[38.655s] -- Installing: /home/bb/ros2_ws/install/linear_acceleration_msg/include/linear_acceleration_msg/linear_acceleration_msg/msg/detail/acceleration_z__type_support.h
[38.656s] -- Installing: /home/bb/ros2_ws/install/linear_acceleration_msg/include/linear_acceleration_msg/linear_acceleration_msg/msg/detail/acceleration_xy__struct.h
[38.657s] -- Installing: /home/bb/ros2_ws/install/linear_acceleration_msg/include/linear_acceleration_msg/linear_acceleration_msg/msg/detail/acceleration_z__struct.h
[38.657s] -- Installing: /home/bb/ros2_ws/install/linear_acceleration_msg/include/linear_acceleration_msg/linear_acceleration_msg/msg/detail/acceleration_xy__functions.c
[38.658s] -- Up-to-date: /home/bb/ros2_ws/install/linear_acceleration_msg/include/linear_acceleration_msg/linear_acceleration_msg/msg/detail/acceleration__functions.c
[38.659s] -- Up-to-date: /home/bb/ros2_ws/install/linear_acceleration_msg/include/linear_acceleration_msg/linear_acceleration_msg/msg/detail/acceleration__type_support.h
[38.659s] -- Installing: /home/bb/ros2_ws/install/linear_acceleration_msg/include/linear_acceleration_msg/linear_acceleration_msg/msg/detail/acceleration_z__functions.c
[38.660s] -- Up-to-date: /home/bb/ros2_ws/install/linear_acceleration_msg/include/linear_acceleration_msg/linear_acceleration_msg/msg/detail/acceleration__struct.h
[38.660s] -- Up-to-date: /home/bb/ros2_ws/install/linear_acceleration_msg/include/linear_acceleration_msg/linear_acceleration_msg/msg/detail/acceleration__functions.h
[38.661s] -- Installing: /home/bb/ros2_ws/install/linear_acceleration_msg/include/linear_acceleration_msg/linear_acceleration_msg/msg/detail/acceleration_xy__functions.h
[38.661s] -- Installing: /home/bb/ros2_ws/install/linear_acceleration_msg/include/linear_acceleration_msg/linear_acceleration_msg/msg/detail/acceleration_z__functions.h
[38.662s] -- Installing: /home/bb/ros2_ws/install/linear_acceleration_msg/include/linear_acceleration_msg/linear_acceleration_msg/msg/detail/acceleration_xy__type_support.h
[38.663s] -- Installing: /home/bb/ros2_ws/install/linear_acceleration_msg/include/linear_acceleration_msg/linear_acceleration_msg/msg/acceleration_xy.h
[38.663s] -- Installing: /home/bb/ros2_ws/install/linear_acceleration_msg/include/linear_acceleration_msg/linear_acceleration_msg/msg/acceleration_z.h
[38.664s] -- Up-to-date: /home/bb/ros2_ws/install/linear_acceleration_msg/share/linear_acceleration_msg/environment/library_path.sh
[38.664s] -- Installing: /home/bb/ros2_ws/install/linear_acceleration_msg/share/linear_acceleration_msg/environment/library_path.dsv
[38.667s] -- Installing: /home/bb/ros2_ws/install/linear_acceleration_msg/lib/liblinear_acceleration_msg__rosidl_generator_c.so
[38.672s] -- Set runtime path of "/home/bb/ros2_ws/install/linear_acceleration_msg/lib/liblinear_acceleration_msg__rosidl_generator_c.so" to ""
[38.673s] -- Up-to-date: /home/bb/ros2_ws/install/linear_acceleration_msg/include/linear_acceleration_msg/linear_acceleration_msg
[38.674s] -- Up-to-date: /home/bb/ros2_ws/install/linear_acceleration_msg/include/linear_acceleration_msg/linear_acceleration_msg/msg
[38.674s] -- Up-to-date: /home/bb/ros2_ws/install/linear_acceleration_msg/include/linear_acceleration_msg/linear_acceleration_msg/msg/rosidl_typesupport_fastrtps_c__visibility_control.h
[38.675s] -- Up-to-date: /home/bb/ros2_ws/install/linear_acceleration_msg/include/linear_acceleration_msg/linear_acceleration_msg/msg/detail
[38.675s] -- Up-to-date: /home/bb/ros2_ws/install/linear_acceleration_msg/include/linear_acceleration_msg/linear_acceleration_msg/msg/detail/acceleration__rosidl_typesupport_fastrtps_c.h
[38.677s] -- Installing: /home/bb/ros2_ws/install/linear_acceleration_msg/include/linear_acceleration_msg/linear_acceleration_msg/msg/detail/acceleration_z__rosidl_typesupport_fastrtps_c.h
[38.677s] -- Installing: /home/bb/ros2_ws/install/linear_acceleration_msg/include/linear_acceleration_msg/linear_acceleration_msg/msg/detail/acceleration_xy__rosidl_typesupport_fastrtps_c.h
[38.678s] -- Installing: /home/bb/ros2_ws/install/linear_acceleration_msg/lib/liblinear_acceleration_msg__rosidl_typesupport_fastrtps_c.so
[38.680s] -- Set runtime path of "/home/bb/ros2_ws/install/linear_acceleration_msg/lib/liblinear_acceleration_msg__rosidl_typesupport_fastrtps_c.so" to ""
[38.681s] -- Up-to-date: /home/bb/ros2_ws/install/linear_acceleration_msg/include/linear_acceleration_msg/linear_acceleration_msg
[38.681s] -- Up-to-date: /home/bb/ros2_ws/install/linear_acceleration_msg/include/linear_acceleration_msg/linear_acceleration_msg/msg
[38.682s] -- Installing: /home/bb/ros2_ws/install/linear_acceleration_msg/include/linear_acceleration_msg/linear_acceleration_msg/msg/acceleration_xy.hpp
[38.683s] -- Up-to-date: /home/bb/ros2_ws/install/linear_acceleration_msg/include/linear_acceleration_msg/linear_acceleration_msg/msg/acceleration.hpp
[38.683s] -- Installing: /home/bb/ros2_ws/install/linear_acceleration_msg/include/linear_acceleration_msg/linear_acceleration_msg/msg/acceleration_z.hpp
[38.684s] -- Up-to-date: /home/bb/ros2_ws/install/linear_acceleration_msg/include/linear_acceleration_msg/linear_acceleration_msg/msg/detail
[38.684s] -- Installing: /home/bb/ros2_ws/install/linear_acceleration_msg/include/linear_acceleration_msg/linear_acceleration_msg/msg/detail/acceleration_xy__struct.hpp
[38.685s] -- Installing: /home/bb/ros2_ws/install/linear_acceleration_msg/include/linear_acceleration_msg/linear_acceleration_msg/msg/detail/acceleration_z__struct.hpp
[38.686s] -- Up-to-date: /home/bb/ros2_ws/install/linear_acceleration_msg/include/linear_acceleration_msg/linear_acceleration_msg/msg/detail/acceleration__struct.hpp
[38.686s] -- Up-to-date: /home/bb/ros2_ws/install/linear_acceleration_msg/include/linear_acceleration_msg/linear_acceleration_msg/msg/detail/acceleration__builder.hpp
[38.687s] -- Installing: /home/bb/ros2_ws/install/linear_acceleration_msg/include/linear_acceleration_msg/linear_acceleration_msg/msg/detail/acceleration_z__builder.hpp
[38.688s] -- Up-to-date: /home/bb/ros2_ws/install/linear_acceleration_msg/include/linear_acceleration_msg/linear_acceleration_msg/msg/detail/acceleration__traits.hpp
[38.688s] -- Installing: /home/bb/ros2_ws/install/linear_acceleration_msg/include/linear_acceleration_msg/linear_acceleration_msg/msg/detail/acceleration_xy__builder.hpp
[38.689s] -- Installing: /home/bb/ros2_ws/install/linear_acceleration_msg/include/linear_acceleration_msg/linear_acceleration_msg/msg/detail/acceleration_xy__traits.hpp
[38.689s] -- Installing: /home/bb/ros2_ws/install/linear_acceleration_msg/include/linear_acceleration_msg/linear_acceleration_msg/msg/detail/acceleration_z__traits.hpp
[38.690s] -- Up-to-date: /home/bb/ros2_ws/install/linear_acceleration_msg/include/linear_acceleration_msg/linear_acceleration_msg
[38.692s] -- Up-to-date: /home/bb/ros2_ws/install/linear_acceleration_msg/include/linear_acceleration_msg/linear_acceleration_msg/msg
[38.692s] -- Up-to-date: /home/bb/ros2_ws/install/linear_acceleration_msg/include/linear_acceleration_msg/linear_acceleration_msg/msg/rosidl_typesupport_fastrtps_cpp__visibility_control.h
[38.693s] -- Up-to-date: /home/bb/ros2_ws/install/linear_acceleration_msg/include/linear_acceleration_msg/linear_acceleration_msg/msg/detail
[38.693s] -- Up-to-date: /home/bb/ros2_ws/install/linear_acceleration_msg/include/linear_acceleration_msg/linear_acceleration_msg/msg/detail/acceleration__rosidl_typesupport_fastrtps_cpp.hpp
[38.694s] -- Installing: /home/bb/ros2_ws/install/linear_acceleration_msg/include/linear_acceleration_msg/linear_acceleration_msg/msg/detail/acceleration_z__rosidl_typesupport_fastrtps_cpp.hpp
[38.694s] -- Up-to-date: /home/bb/ros2_ws/install/linear_acceleration_msg/include/linear_acceleration_msg/linear_acceleration_msg/msg/detail/dds_fastrtps
[38.695s] -- Installing: /home/bb/ros2_ws/install/linear_acceleration_msg/include/linear_acceleration_msg/linear_acceleration_msg/msg/detail/acceleration_xy__rosidl_typesupport_fastrtps_cpp.hpp
[38.696s] -- Installing: /home/bb/ros2_ws/install/linear_acceleration_msg/lib/liblinear_acceleration_msg__rosidl_typesupport_fastrtps_cpp.so
[38.700s] -- Set runtime path of "/home/bb/ros2_ws/install/linear_acceleration_msg/lib/liblinear_acceleration_msg__rosidl_typesupport_fastrtps_cpp.so" to ""
[38.701s] -- Up-to-date: /home/bb/ros2_ws/install/linear_acceleration_msg/include/linear_acceleration_msg/linear_acceleration_msg
[38.701s] -- Up-to-date: /home/bb/ros2_ws/install/linear_acceleration_msg/include/linear_acceleration_msg/linear_acceleration_msg/msg
[38.702s] -- Up-to-date: /home/bb/ros2_ws/install/linear_acceleration_msg/include/linear_acceleration_msg/linear_acceleration_msg/msg/rosidl_typesupport_introspection_c__visibility_control.h
[38.702s] -- Up-to-date: /home/bb/ros2_ws/install/linear_acceleration_msg/include/linear_acceleration_msg/linear_acceleration_msg/msg/detail
[38.703s] -- Up-to-date: /home/bb/ros2_ws/install/linear_acceleration_msg/include/linear_acceleration_msg/linear_acceleration_msg/msg/detail/acceleration__type_support.c
[38.704s] -- Installing: /home/bb/ros2_ws/install/linear_acceleration_msg/include/linear_acceleration_msg/linear_acceleration_msg/msg/detail/acceleration_xy__rosidl_typesupport_introspection_c.h
[38.704s] -- Installing: /home/bb/ros2_ws/install/linear_acceleration_msg/include/linear_acceleration_msg/linear_acceleration_msg/msg/detail/acceleration_z__type_support.c
[38.705s] -- Up-to-date: /home/bb/ros2_ws/install/linear_acceleration_msg/include/linear_acceleration_msg/linear_acceleration_msg/msg/detail/acceleration__rosidl_typesupport_introspection_c.h
[38.705s] -- Installing: /home/bb/ros2_ws/install/linear_acceleration_msg/include/linear_acceleration_msg/linear_acceleration_msg/msg/detail/acceleration_z__rosidl_typesupport_introspection_c.h
[38.706s] -- Installing: /home/bb/ros2_ws/install/linear_acceleration_msg/include/linear_acceleration_msg/linear_acceleration_msg/msg/detail/acceleration_xy__type_support.c
[38.707s] -- Installing: /home/bb/ros2_ws/install/linear_acceleration_msg/lib/liblinear_acceleration_msg__rosidl_typesupport_introspection_c.so
[38.711s] -- Set runtime path of "/home/bb/ros2_ws/install/linear_acceleration_msg/lib/liblinear_acceleration_msg__rosidl_typesupport_introspection_c.so" to ""
[38.713s] -- Installing: /home/bb/ros2_ws/install/linear_acceleration_msg/lib/liblinear_acceleration_msg__rosidl_typesupport_c.so
[38.716s] -- Set runtime path of "/home/bb/ros2_ws/install/linear_acceleration_msg/lib/liblinear_acceleration_msg__rosidl_typesupport_c.so" to ""
[38.717s] -- Up-to-date: /home/bb/ros2_ws/install/linear_acceleration_msg/include/linear_acceleration_msg/linear_acceleration_msg
[38.718s] -- Up-to-date: /home/bb/ros2_ws/install/linear_acceleration_msg/include/linear_acceleration_msg/linear_acceleration_msg/msg
[38.718s] -- Up-to-date: /home/bb/ros2_ws/install/linear_acceleration_msg/include/linear_acceleration_msg/linear_acceleration_msg/msg/detail
[38.719s] -- Installing: /home/bb/ros2_ws/install/linear_acceleration_msg/include/linear_acceleration_msg/linear_acceleration_msg/msg/detail/acceleration_z__rosidl_typesupport_introspection_cpp.hpp
[38.720s] -- Installing: /home/bb/ros2_ws/install/linear_acceleration_msg/include/linear_acceleration_msg/linear_acceleration_msg/msg/detail/acceleration_xy__rosidl_typesupport_introspection_cpp.hpp
[38.720s] -- Up-to-date: /home/bb/ros2_ws/install/linear_acceleration_msg/include/linear_acceleration_msg/linear_acceleration_msg/msg/detail/acceleration__type_support.cpp
[38.721s] -- Installing: /home/bb/ros2_ws/install/linear_acceleration_msg/include/linear_acceleration_msg/linear_acceleration_msg/msg/detail/acceleration_z__type_support.cpp
[38.721s] -- Up-to-date: /home/bb/ros2_ws/install/linear_acceleration_msg/include/linear_acceleration_msg/linear_acceleration_msg/msg/detail/acceleration__rosidl_typesupport_introspection_cpp.hpp
[38.722s] -- Installing: /home/bb/ros2_ws/install/linear_acceleration_msg/include/linear_acceleration_msg/linear_acceleration_msg/msg/detail/acceleration_xy__type_support.cpp
[38.724s] -- Installing: /home/bb/ros2_ws/install/linear_acceleration_msg/lib/liblinear_acceleration_msg__rosidl_typesupport_introspection_cpp.so
[38.728s] -- Set runtime path of "/home/bb/ros2_ws/install/linear_acceleration_msg/lib/liblinear_acceleration_msg__rosidl_typesupport_introspection_cpp.so" to ""
[38.729s] -- Installing: /home/bb/ros2_ws/install/linear_acceleration_msg/lib/liblinear_acceleration_msg__rosidl_typesupport_cpp.so
[38.733s] -- Set runtime path of "/home/bb/ros2_ws/install/linear_acceleration_msg/lib/liblinear_acceleration_msg__rosidl_typesupport_cpp.so" to ""
[38.733s] -- Up-to-date: /home/bb/ros2_ws/install/linear_acceleration_msg/share/linear_acceleration_msg/environment/pythonpath.sh
[38.734s] -- Installing: /home/bb/ros2_ws/install/linear_acceleration_msg/share/linear_acceleration_msg/environment/pythonpath.dsv
[38.735s] -- Up-to-date: /home/bb/ros2_ws/install/linear_acceleration_msg/lib/python3.9/site-packages/linear_acceleration_msg-0.0.0-py3.9.egg-info
[38.736s] -- Installing: /home/bb/ros2_ws/install/linear_acceleration_msg/lib/python3.9/site-packages/linear_acceleration_msg-0.0.0-py3.9.egg-info/top_level.txt
[38.736s] -- Installing: /home/bb/ros2_ws/install/linear_acceleration_msg/lib/python3.9/site-packages/linear_acceleration_msg-0.0.0-py3.9.egg-info/dependency_links.txt
[38.737s] -- Installing: /home/bb/ros2_ws/install/linear_acceleration_msg/lib/python3.9/site-packages/linear_acceleration_msg-0.0.0-py3.9.egg-info/SOURCES.txt
[38.738s] -- Installing: /home/bb/ros2_ws/install/linear_acceleration_msg/lib/python3.9/site-packages/linear_acceleration_msg-0.0.0-py3.9.egg-info/PKG-INFO
[38.740s] -- Up-to-date: /home/bb/ros2_ws/install/linear_acceleration_msg/lib/python3.9/site-packages/linear_acceleration_msg
[38.742s] -- Up-to-date: /home/bb/ros2_ws/install/linear_acceleration_msg/lib/python3.9/site-packages/linear_acceleration_msg/msg
[38.743s] -- Up-to-date: /home/bb/ros2_ws/install/linear_acceleration_msg/lib/python3.9/site-packages/linear_acceleration_msg/msg/_acceleration.py
[38.744s] -- Up-to-date: /home/bb/ros2_ws/install/linear_acceleration_msg/lib/python3.9/site-packages/linear_acceleration_msg/msg/_acceleration_s.c
[38.745s] -- Installing: /home/bb/ros2_ws/install/linear_acceleration_msg/lib/python3.9/site-packages/linear_acceleration_msg/msg/_acceleration_xy_s.c
[38.746s] -- Installing: /home/bb/ros2_ws/install/linear_acceleration_msg/lib/python3.9/site-packages/linear_acceleration_msg/msg/_acceleration_z.py
[38.746s] -- Installing: /home/bb/ros2_ws/install/linear_acceleration_msg/lib/python3.9/site-packages/linear_acceleration_msg/msg/_acceleration_z_s.c
[38.747s] -- Installing: /home/bb/ros2_ws/install/linear_acceleration_msg/lib/python3.9/site-packages/linear_acceleration_msg/msg/_acceleration_xy.py
[38.747s] -- Installing: /home/bb/ros2_ws/install/linear_acceleration_msg/lib/python3.9/site-packages/linear_acceleration_msg/msg/__init__.py
[38.749s] -- Installing: /home/bb/ros2_ws/install/linear_acceleration_msg/lib/python3.9/site-packages/linear_acceleration_msg/_linear_acceleration_msg_s.ep.rosidl_typesupport_fastrtps_c.c
[38.749s] -- Installing: /home/bb/ros2_ws/install/linear_acceleration_msg/lib/python3.9/site-packages/linear_acceleration_msg/_linear_acceleration_msg_s.ep.rosidl_typesupport_introspection_c.c
[38.751s] -- Installing: /home/bb/ros2_ws/install/linear_acceleration_msg/lib/python3.9/site-packages/linear_acceleration_msg/liblinear_acceleration_msg__rosidl_generator_py.so
[38.751s] -- Installing: /home/bb/ros2_ws/install/linear_acceleration_msg/lib/python3.9/site-packages/linear_acceleration_msg/linear_acceleration_msg_s__rosidl_typesupport_fastrtps_c.cpython-38-aarch64-linux-gnu.so
[38.754s] -- Installing: /home/bb/ros2_ws/install/linear_acceleration_msg/lib/python3.9/site-packages/linear_acceleration_msg/_linear_acceleration_msg_s.ep.rosidl_typesupport_c.c
[38.754s] -- Installing: /home/bb/ros2_ws/install/linear_acceleration_msg/lib/python3.9/site-packages/linear_acceleration_msg/linear_acceleration_msg_s__rosidl_typesupport_introspection_c.cpython-38-aarch64-linux-gnu.so
[38.755s] -- Installing: /home/bb/ros2_ws/install/linear_acceleration_msg/lib/python3.9/site-packages/linear_acceleration_msg/linear_acceleration_msg_s__rosidl_typesupport_c.cpython-38-aarch64-linux-gnu.so
[38.756s] -- Installing: /home/bb/ros2_ws/install/linear_acceleration_msg/lib/python3.9/site-packages/linear_acceleration_msg/__init__.py
[39.012s] Listing '/home/bb/ros2_ws/install/linear_acceleration_msg/lib/python3.9/site-packages/linear_acceleration_msg'...
[39.013s] Compiling '/home/bb/ros2_ws/install/linear_acceleration_msg/lib/python3.9/site-packages/linear_acceleration_msg/__init__.py'...
[39.015s] Listing '/home/bb/ros2_ws/install/linear_acceleration_msg/lib/python3.9/site-packages/linear_acceleration_msg/msg'...
[39.015s] Compiling '/home/bb/ros2_ws/install/linear_acceleration_msg/lib/python3.9/site-packages/linear_acceleration_msg/msg/__init__.py'...
[39.016s] Compiling '/home/bb/ros2_ws/install/linear_acceleration_msg/lib/python3.9/site-packages/linear_acceleration_msg/msg/_acceleration_xy.py'...
[39.017s] Compiling '/home/bb/ros2_ws/install/linear_acceleration_msg/lib/python3.9/site-packages/linear_acceleration_msg/msg/_acceleration_z.py'...
[39.044s] -- Installing: /home/bb/ros2_ws/install/linear_acceleration_msg/lib/python3.9/site-packages/linear_acceleration_msg/linear_acceleration_msg_s__rosidl_typesupport_fastrtps_c.cpython-38-aarch64-linux-gnu.so
[39.051s] -- Set runtime path of "/home/bb/ros2_ws/install/linear_acceleration_msg/lib/python3.9/site-packages/linear_acceleration_msg/linear_acceleration_msg_s__rosidl_typesupport_fastrtps_c.cpython-38-aarch64-linux-gnu.so" to ""
[39.054s] -- Installing: /home/bb/ros2_ws/install/linear_acceleration_msg/lib/python3.9/site-packages/linear_acceleration_msg/linear_acceleration_msg_s__rosidl_typesupport_introspection_c.cpython-38-aarch64-linux-gnu.so
[39.059s] -- Set runtime path of "/home/bb/ros2_ws/install/linear_acceleration_msg/lib/python3.9/site-packages/linear_acceleration_msg/linear_acceleration_msg_s__rosidl_typesupport_introspection_c.cpython-38-aarch64-linux-gnu.so" to ""
[39.061s] -- Installing: /home/bb/ros2_ws/install/linear_acceleration_msg/lib/python3.9/site-packages/linear_acceleration_msg/linear_acceleration_msg_s__rosidl_typesupport_c.cpython-38-aarch64-linux-gnu.so
[39.065s] -- Set runtime path of "/home/bb/ros2_ws/install/linear_acceleration_msg/lib/python3.9/site-packages/linear_acceleration_msg/linear_acceleration_msg_s__rosidl_typesupport_c.cpython-38-aarch64-linux-gnu.so" to ""
[39.068s] -- Installing: /home/bb/ros2_ws/install/linear_acceleration_msg/lib/liblinear_acceleration_msg__rosidl_generator_py.so
[39.072s] -- Set runtime path of "/home/bb/ros2_ws/install/linear_acceleration_msg/lib/liblinear_acceleration_msg__rosidl_generator_py.so" to ""
[39.073s] -- Installing: /home/bb/ros2_ws/install/linear_acceleration_msg/share/linear_acceleration_msg/msg/AccelerationXY.idl
[39.076s] -- Installing: /home/bb/ros2_ws/install/linear_acceleration_msg/share/linear_acceleration_msg/msg/AccelerationZ.idl
[39.079s] -- Installing: /home/bb/ros2_ws/install/linear_acceleration_msg/share/linear_acceleration_msg/msg/AccelerationXY.msg
[39.080s] -- Installing: /home/bb/ros2_ws/install/linear_acceleration_msg/share/linear_acceleration_msg/msg/AccelerationZ.msg
[39.081s] -- Up-to-date: /home/bb/ros2_ws/install/linear_acceleration_msg/share/ament_index/resource_index/package_run_dependencies/linear_acceleration_msg
[39.082s] -- Installing: /home/bb/ros2_ws/install/linear_acceleration_msg/share/ament_index/resource_index/parent_prefix_path/linear_acceleration_msg
[39.084s] -- Up-to-date: /home/bb/ros2_ws/install/linear_acceleration_msg/share/linear_acceleration_msg/environment/ament_prefix_path.sh
[39.085s] -- Installing: /home/bb/ros2_ws/install/linear_acceleration_msg/share/linear_acceleration_msg/environment/ament_prefix_path.dsv
[39.086s] -- Up-to-date: /home/bb/ros2_ws/install/linear_acceleration_msg/share/linear_acceleration_msg/environment/path.sh
[39.087s] -- Installing: /home/bb/ros2_ws/install/linear_acceleration_msg/share/linear_acceleration_msg/environment/path.dsv
[39.089s] -- Up-to-date: /home/bb/ros2_ws/install/linear_acceleration_msg/share/linear_acceleration_msg/local_setup.bash
[39.090s] -- Up-to-date: /home/bb/ros2_ws/install/linear_acceleration_msg/share/linear_acceleration_msg/local_setup.sh
[39.091s] -- Up-to-date: /home/bb/ros2_ws/install/linear_acceleration_msg/share/linear_acceleration_msg/local_setup.zsh
[39.092s] -- Installing: /home/bb/ros2_ws/install/linear_acceleration_msg/share/linear_acceleration_msg/local_setup.dsv
[39.093s] -- Installing: /home/bb/ros2_ws/install/linear_acceleration_msg/share/linear_acceleration_msg/package.dsv
[39.095s] -- Up-to-date: /home/bb/ros2_ws/install/linear_acceleration_msg/share/ament_index/resource_index/packages/linear_acceleration_msg
[39.102s] -- Up-to-date: /home/bb/ros2_ws/install/linear_acceleration_msg/share/linear_acceleration_msg/cmake/export_linear_acceleration_msg__rosidl_generator_cExport.cmake
[39.103s] -- Installing: /home/bb/ros2_ws/install/linear_acceleration_msg/share/linear_acceleration_msg/cmake/export_linear_acceleration_msg__rosidl_generator_cExport-noconfig.cmake
[39.103s] -- Up-to-date: /home/bb/ros2_ws/install/linear_acceleration_msg/share/linear_acceleration_msg/cmake/export_linear_acceleration_msg__rosidl_typesupport_fastrtps_cExport.cmake
[39.104s] -- Installing: /home/bb/ros2_ws/install/linear_acceleration_msg/share/linear_acceleration_msg/cmake/export_linear_acceleration_msg__rosidl_typesupport_fastrtps_cExport-noconfig.cmake
[39.105s] -- Up-to-date: /home/bb/ros2_ws/install/linear_acceleration_msg/share/linear_acceleration_msg/cmake/export_linear_acceleration_msg__rosidl_generator_cppExport.cmake
[39.106s] -- Up-to-date: /home/bb/ros2_ws/install/linear_acceleration_msg/share/linear_acceleration_msg/cmake/export_linear_acceleration_msg__rosidl_typesupport_fastrtps_cppExport.cmake
[39.107s] -- Installing: /home/bb/ros2_ws/install/linear_acceleration_msg/share/linear_acceleration_msg/cmake/export_linear_acceleration_msg__rosidl_typesupport_fastrtps_cppExport-noconfig.cmake
[39.112s] -- Up-to-date: /home/bb/ros2_ws/install/linear_acceleration_msg/share/linear_acceleration_msg/cmake/linear_acceleration_msg__rosidl_typesupport_introspection_cExport.cmake
[39.113s] -- Installing: /home/bb/ros2_ws/install/linear_acceleration_msg/share/linear_acceleration_msg/cmake/linear_acceleration_msg__rosidl_typesupport_introspection_cExport-noconfig.cmake
[39.115s] -- Up-to-date: /home/bb/ros2_ws/install/linear_acceleration_msg/share/linear_acceleration_msg/cmake/linear_acceleration_msg__rosidl_typesupport_cExport.cmake
[39.118s] -- Installing: /home/bb/ros2_ws/install/linear_acceleration_msg/share/linear_acceleration_msg/cmake/linear_acceleration_msg__rosidl_typesupport_cExport-noconfig.cmake
[39.120s] -- Up-to-date: /home/bb/ros2_ws/install/linear_acceleration_msg/share/linear_acceleration_msg/cmake/linear_acceleration_msg__rosidl_typesupport_introspection_cppExport.cmake
[39.124s] -- Installing: /home/bb/ros2_ws/install/linear_acceleration_msg/share/linear_acceleration_msg/cmake/linear_acceleration_msg__rosidl_typesupport_introspection_cppExport-noconfig.cmake
[39.126s] -- Up-to-date: /home/bb/ros2_ws/install/linear_acceleration_msg/share/linear_acceleration_msg/cmake/linear_acceleration_msg__rosidl_typesupport_cppExport.cmake
[39.129s] -- Installing: /home/bb/ros2_ws/install/linear_acceleration_msg/share/linear_acceleration_msg/cmake/linear_acceleration_msg__rosidl_typesupport_cppExport-noconfig.cmake
[39.129s] -- Up-to-date: /home/bb/ros2_ws/install/linear_acceleration_msg/share/linear_acceleration_msg/cmake/export_linear_acceleration_msg__rosidl_generator_pyExport.cmake
[39.130s] -- Installing: /home/bb/ros2_ws/install/linear_acceleration_msg/share/linear_acceleration_msg/cmake/export_linear_acceleration_msg__rosidl_generator_pyExport-noconfig.cmake
[39.130s] -- Installing: /home/bb/ros2_ws/install/linear_acceleration_msg/share/linear_acceleration_msg/cmake/rosidl_cmake-extras.cmake
[39.131s] -- Up-to-date: /home/bb/ros2_ws/install/linear_acceleration_msg/share/linear_acceleration_msg/cmake/ament_cmake_export_include_directories-extras.cmake
[39.132s] -- Up-to-date: /home/bb/ros2_ws/install/linear_acceleration_msg/share/linear_acceleration_msg/cmake/ament_cmake_export_libraries-extras.cmake
[39.132s] -- Up-to-date: /home/bb/ros2_ws/install/linear_acceleration_msg/share/linear_acceleration_msg/cmake/ament_cmake_export_targets-extras.cmake
[39.133s] -- Up-to-date: /home/bb/ros2_ws/install/linear_acceleration_msg/share/linear_acceleration_msg/cmake/rosidl_cmake_export_typesupport_targets-extras.cmake
[39.134s] -- Up-to-date: /home/bb/ros2_ws/install/linear_acceleration_msg/share/linear_acceleration_msg/cmake/ament_cmake_export_dependencies-extras.cmake
[39.134s] -- Up-to-date: /home/bb/ros2_ws/install/linear_acceleration_msg/share/linear_acceleration_msg/cmake/rosidl_cmake_export_typesupport_libraries-extras.cmake
[39.135s] -- Up-to-date: /home/bb/ros2_ws/install/linear_acceleration_msg/share/linear_acceleration_msg/cmake/linear_acceleration_msgConfig.cmake
[39.136s] -- Up-to-date: /home/bb/ros2_ws/install/linear_acceleration_msg/share/linear_acceleration_msg/cmake/linear_acceleration_msgConfig-version.cmake
[39.136s] -- Up-to-date: /home/bb/ros2_ws/install/linear_acceleration_msg/share/linear_acceleration_msg/package.xml
[39.153s] Invoked command in '/home/bb/ros2_ws/build/linear_acceleration_msg' returned '0': CMAKE_PREFIX_PATH=${CMAKE_PREFIX_PATH}:/home/bb/ros2_ws/install/sub:/home/bb/ros2_ws/install/test141123:/home/bb/ros2_ws/install/imu_sensor:/home/bb/ros2_ws/install/depth_sensor:/home/bb/ros2_ws/install/acoustic_sensor:/home/bb/ros2_ws/install/IMU_sensor:/opt/ros/humble /usr/bin/cmake --install /home/bb/ros2_ws/build/linear_acceleration_msg
