[5.948s] Invoking command in '/home/bb/ros2_ws/src/imu_sensor': PYTHONPATH=/home/bb/ros2_ws/build/imu_sensor/prefix_override:/home/bb/ros2_ws/install/imu_sensor/lib/python3.8/site-packages:${PYTHONPATH} /usr/bin/python3 setup.py egg_info --egg-base ../../build/imu_sensor build --build-base /home/bb/ros2_ws/build/imu_sensor/build install --record /home/bb/ros2_ws/build/imu_sensor/install.log --single-version-externally-managed
[7.416s] running egg_info
[7.417s] writing ../../build/imu_sensor/imu_sensor.egg-info/PKG-INFO
[7.419s] writing dependency_links to ../../build/imu_sensor/imu_sensor.egg-info/dependency_links.txt
[7.420s] writing entry points to ../../build/imu_sensor/imu_sensor.egg-info/entry_points.txt
[7.422s] writing requirements to ../../build/imu_sensor/imu_sensor.egg-info/requires.txt
[7.423s] writing top-level names to ../../build/imu_sensor/imu_sensor.egg-info/top_level.txt
[7.628s] reading manifest file '../../build/imu_sensor/imu_sensor.egg-info/SOURCES.txt'
[7.633s] writing manifest file '../../build/imu_sensor/imu_sensor.egg-info/SOURCES.txt'
[7.634s] running build
[7.634s] running build_py
[7.635s] copying imu_sensor/publisher.py -> /home/bb/ros2_ws/build/imu_sensor/build/lib/imu_sensor
[7.638s] running install
[7.641s] running install_lib
[7.647s] copying /home/bb/ros2_ws/build/imu_sensor/build/lib/imu_sensor/publisher.py -> /home/bb/ros2_ws/install/imu_sensor/lib/python3.8/site-packages/imu_sensor
[7.652s] byte-compiling /home/bb/ros2_ws/install/imu_sensor/lib/python3.8/site-packages/imu_sensor/publisher.py to publisher.cpython-38.pyc
[7.662s] running install_data
[7.663s] running install_egg_info
[7.672s] removing '/home/bb/ros2_ws/install/imu_sensor/lib/python3.8/site-packages/imu_sensor-0.0.0-py3.8.egg-info' (and everything under it)
[7.675s] Copying ../../build/imu_sensor/imu_sensor.egg-info to /home/bb/ros2_ws/install/imu_sensor/lib/python3.8/site-packages/imu_sensor-0.0.0-py3.8.egg-info
[7.683s] running install_scripts
[7.780s] Installing publisher script to /home/bb/ros2_ws/install/imu_sensor/lib/imu_sensor
[7.781s] writing list of installed files to '/home/bb/ros2_ws/build/imu_sensor/install.log'
[7.905s] Invoked command in '/home/bb/ros2_ws/src/imu_sensor' returned '0': PYTHONPATH=/home/bb/ros2_ws/build/imu_sensor/prefix_override:/home/bb/ros2_ws/install/imu_sensor/lib/python3.8/site-packages:${PYTHONPATH} /usr/bin/python3 setup.py egg_info --egg-base ../../build/imu_sensor build --build-base /home/bb/ros2_ws/build/imu_sensor/build install --record /home/bb/ros2_ws/build/imu_sensor/install.log --single-version-externally-managed
