[14.719s] Invoking command in '/home/bb/ros2_ws/src/acoustic_sensor': PYTHONPATH=/home/bb/ros2_ws/build/acoustic_sensor/prefix_override:/home/bb/ros2_ws/install/acoustic_sensor/lib/python3.8/site-packages:${PYTHONPATH} /usr/bin/python3 setup.py egg_info --egg-base ../../build/acoustic_sensor build --build-base /home/bb/ros2_ws/build/acoustic_sensor/build install --record /home/bb/ros2_ws/build/acoustic_sensor/install.log --single-version-externally-managed
[16.454s] running egg_info
[16.455s] writing ../../build/acoustic_sensor/acoustic_sensor.egg-info/PKG-INFO
[16.457s] writing dependency_links to ../../build/acoustic_sensor/acoustic_sensor.egg-info/dependency_links.txt
[16.457s] writing entry points to ../../build/acoustic_sensor/acoustic_sensor.egg-info/entry_points.txt
[16.458s] writing requirements to ../../build/acoustic_sensor/acoustic_sensor.egg-info/requires.txt
[16.458s] writing top-level names to ../../build/acoustic_sensor/acoustic_sensor.egg-info/top_level.txt
[16.754s] reading manifest file '../../build/acoustic_sensor/acoustic_sensor.egg-info/SOURCES.txt'
[16.759s] writing manifest file '../../build/acoustic_sensor/acoustic_sensor.egg-info/SOURCES.txt'
[16.773s] running build
[16.776s] running build_py
[16.779s] running install
[16.784s] running install_lib
[16.830s] running install_data
[16.833s] running install_egg_info
[16.870s] removing '/home/bb/ros2_ws/install/acoustic_sensor/lib/python3.8/site-packages/acoustic_sensor-0.0.0-py3.8.egg-info' (and everything under it)
[16.901s] Copying ../../build/acoustic_sensor/acoustic_sensor.egg-info to /home/bb/ros2_ws/install/acoustic_sensor/lib/python3.8/site-packages/acoustic_sensor-0.0.0-py3.8.egg-info
[16.904s] running install_scripts
[16.967s] Installing publisher script to /home/bb/ros2_ws/install/acoustic_sensor/lib/acoustic_sensor
[16.968s] writing list of installed files to '/home/bb/ros2_ws/build/acoustic_sensor/install.log'
[19.748s] Invoked command in '/home/bb/ros2_ws/src/acoustic_sensor' returned '0': PYTHONPATH=/home/bb/ros2_ws/build/acoustic_sensor/prefix_override:/home/bb/ros2_ws/install/acoustic_sensor/lib/python3.8/site-packages:${PYTHONPATH} /usr/bin/python3 setup.py egg_info --egg-base ../../build/acoustic_sensor build --build-base /home/bb/ros2_ws/build/acoustic_sensor/build install --record /home/bb/ros2_ws/build/acoustic_sensor/install.log --single-version-externally-managed
