[10.841s] DEBUG:colcon:Command line arguments: ['/usr/bin/colcon', 'build', '--packages-select', 'test141123']
[10.841s] DEBUG:colcon:Parsed command line arguments: Namespace(allow_overriding=[], ament_cmake_args=None, base_paths=['.'], build_base='build', catkin_cmake_args=None, catkin_skip_building_tests=False, cmake_args=None, cmake_clean_cache=False, cmake_clean_first=False, cmake_force_configure=False, cmake_target=None, cmake_target_skip_unavailable=False, continue_on_error=False, event_handlers=None, executor='parallel', ignore_user_meta=False, install_base='install', log_base=None, log_level=None, main=<bound method BuildVerb.main of <colcon_core.verb.build.BuildVerb object at 0xffffb8bec9a0>>, merge_install=False, metas=['./colcon.meta'], packages_above=None, packages_above_and_dependencies=None, packages_above_depth=None, packages_end=None, packages_ignore=None, packages_ignore_regex=None, packages_select=['test141123'], packages_select_build_failed=False, packages_select_by_dep=None, packages_select_regex=None, packages_select_test_failures=False, packages_skip=None, packages_skip_build_finished=False, packages_skip_by_dep=None, packages_skip_regex=None, packages_skip_test_passed=False, packages_skip_up_to=None, packages_start=None, packages_up_to=None, packages_up_to_regex=None, parallel_workers=6, paths=None, symlink_install=False, test_result_base=None, verb_extension=<colcon_core.verb.build.BuildVerb object at 0xffffb8bec9a0>, verb_name='build', verb_parser=<colcon_defaults.argument_parser.defaults.DefaultArgumentsDecorator object at 0xffffb8b95040>)
[11.323s] Level 1:colcon.colcon_core.package_discovery:discover_packages(colcon_meta) check parameters
[11.323s] Level 1:colcon.colcon_core.package_discovery:discover_packages(recursive) check parameters
[11.323s] Level 1:colcon.colcon_core.package_discovery:discover_packages(ignore) check parameters
[11.324s] Level 1:colcon.colcon_core.package_discovery:discover_packages(path) check parameters
[11.324s] Level 1:colcon.colcon_core.package_discovery:discover_packages(colcon_meta) discover
[11.324s] Level 1:colcon.colcon_core.package_discovery:discover_packages(recursive) discover
[11.324s] INFO:colcon.colcon_core.package_discovery:Crawling recursively for packages in '/home/bb/ros2_ws'
[11.325s] Level 1:colcon.colcon_core.package_identification:_identify(.) by extensions ['ignore', 'ignore_ament_install']
[11.325s] Level 1:colcon.colcon_core.package_identification:_identify(.) by extension 'ignore'
[11.326s] Level 1:colcon.colcon_core.package_identification:_identify(.) by extension 'ignore_ament_install'
[11.326s] Level 1:colcon.colcon_core.package_identification:_identify(.) by extensions ['colcon_pkg']
[11.326s] Level 1:colcon.colcon_core.package_identification:_identify(.) by extension 'colcon_pkg'
[11.326s] Level 1:colcon.colcon_core.package_identification:_identify(.) by extensions ['colcon_meta']
[11.327s] Level 1:colcon.colcon_core.package_identification:_identify(.) by extension 'colcon_meta'
[11.327s] Level 1:colcon.colcon_core.package_identification:_identify(.) by extensions ['ros']
[11.327s] Level 1:colcon.colcon_core.package_identification:_identify(.) by extension 'ros'
[11.385s] Level 1:colcon.colcon_core.package_identification:_identify(.) by extensions ['cmake', 'python']
[11.386s] Level 1:colcon.colcon_core.package_identification:_identify(.) by extension 'cmake'
[11.386s] Level 1:colcon.colcon_core.package_identification:_identify(.) by extension 'python'
[11.386s] Level 1:colcon.colcon_core.package_identification:_identify(.) by extensions ['python_setup_py']
[11.386s] Level 1:colcon.colcon_core.package_identification:_identify(.) by extension 'python_setup_py'
[11.387s] Level 1:colcon.colcon_core.package_identification:_identify(build) by extensions ['ignore', 'ignore_ament_install']
[11.387s] Level 1:colcon.colcon_core.package_identification:_identify(build) by extension 'ignore'
[11.388s] Level 1:colcon.colcon_core.package_identification:_identify(build) ignored
[11.388s] Level 1:colcon.colcon_core.package_identification:_identify(install) by extensions ['ignore', 'ignore_ament_install']
[11.389s] Level 1:colcon.colcon_core.package_identification:_identify(install) by extension 'ignore'
[11.389s] Level 1:colcon.colcon_core.package_identification:_identify(install) ignored
[11.390s] Level 1:colcon.colcon_core.package_identification:_identify(log) by extensions ['ignore', 'ignore_ament_install']
[11.390s] Level 1:colcon.colcon_core.package_identification:_identify(log) by extension 'ignore'
[11.390s] Level 1:colcon.colcon_core.package_identification:_identify(log) ignored
[11.391s] Level 1:colcon.colcon_core.package_identification:_identify(src) by extensions ['ignore', 'ignore_ament_install']
[11.391s] Level 1:colcon.colcon_core.package_identification:_identify(src) by extension 'ignore'
[11.391s] Level 1:colcon.colcon_core.package_identification:_identify(src) by extension 'ignore_ament_install'
[11.392s] Level 1:colcon.colcon_core.package_identification:_identify(src) by extensions ['colcon_pkg']
[11.392s] Level 1:colcon.colcon_core.package_identification:_identify(src) by extension 'colcon_pkg'
[11.392s] Level 1:colcon.colcon_core.package_identification:_identify(src) by extensions ['colcon_meta']
[11.392s] Level 1:colcon.colcon_core.package_identification:_identify(src) by extension 'colcon_meta'
[11.393s] Level 1:colcon.colcon_core.package_identification:_identify(src) by extensions ['ros']
[11.393s] Level 1:colcon.colcon_core.package_identification:_identify(src) by extension 'ros'
[11.393s] Level 1:colcon.colcon_core.package_identification:_identify(src) by extensions ['cmake', 'python']
[11.393s] Level 1:colcon.colcon_core.package_identification:_identify(src) by extension 'cmake'
[11.394s] Level 1:colcon.colcon_core.package_identification:_identify(src) by extension 'python'
[11.394s] Level 1:colcon.colcon_core.package_identification:_identify(src) by extensions ['python_setup_py']
[11.394s] Level 1:colcon.colcon_core.package_identification:_identify(src) by extension 'python_setup_py'
[11.395s] Level 1:colcon.colcon_core.package_identification:_identify(src/IMU_sensor) by extensions ['ignore', 'ignore_ament_install']
[11.395s] Level 1:colcon.colcon_core.package_identification:_identify(src/IMU_sensor) by extension 'ignore'
[11.395s] Level 1:colcon.colcon_core.package_identification:_identify(src/IMU_sensor) by extension 'ignore_ament_install'
[11.396s] Level 1:colcon.colcon_core.package_identification:_identify(src/IMU_sensor) by extensions ['colcon_pkg']
[11.396s] Level 1:colcon.colcon_core.package_identification:_identify(src/IMU_sensor) by extension 'colcon_pkg'
[11.396s] Level 1:colcon.colcon_core.package_identification:_identify(src/IMU_sensor) by extensions ['colcon_meta']
[11.396s] Level 1:colcon.colcon_core.package_identification:_identify(src/IMU_sensor) by extension 'colcon_meta'
[11.396s] Level 1:colcon.colcon_core.package_identification:_identify(src/IMU_sensor) by extensions ['ros']
[11.397s] Level 1:colcon.colcon_core.package_identification:_identify(src/IMU_sensor) by extension 'ros'
[11.408s] DEBUG:colcon.colcon_core.package_identification:Package 'src/IMU_sensor' with type 'ros.ament_python' and name 'IMU_sensor'
[11.409s] Level 1:colcon.colcon_core.package_identification:_identify(src/build) by extensions ['ignore', 'ignore_ament_install']
[11.409s] Level 1:colcon.colcon_core.package_identification:_identify(src/build) by extension 'ignore'
[11.409s] Level 1:colcon.colcon_core.package_identification:_identify(src/build) ignored
[11.410s] Level 1:colcon.colcon_core.package_identification:_identify(src/install) by extensions ['ignore', 'ignore_ament_install']
[11.410s] Level 1:colcon.colcon_core.package_identification:_identify(src/install) by extension 'ignore'
[11.410s] Level 1:colcon.colcon_core.package_identification:_identify(src/install) ignored
[11.411s] Level 1:colcon.colcon_core.package_identification:_identify(src/log) by extensions ['ignore', 'ignore_ament_install']
[11.411s] Level 1:colcon.colcon_core.package_identification:_identify(src/log) by extension 'ignore'
[11.412s] Level 1:colcon.colcon_core.package_identification:_identify(src/log) ignored
[11.412s] Level 1:colcon.colcon_core.package_identification:_identify(src/test141123) by extensions ['ignore', 'ignore_ament_install']
[11.412s] Level 1:colcon.colcon_core.package_identification:_identify(src/test141123) by extension 'ignore'
[11.413s] Level 1:colcon.colcon_core.package_identification:_identify(src/test141123) by extension 'ignore_ament_install'
[11.413s] Level 1:colcon.colcon_core.package_identification:_identify(src/test141123) by extensions ['colcon_pkg']
[11.413s] Level 1:colcon.colcon_core.package_identification:_identify(src/test141123) by extension 'colcon_pkg'
[11.413s] Level 1:colcon.colcon_core.package_identification:_identify(src/test141123) by extensions ['colcon_meta']
[11.414s] Level 1:colcon.colcon_core.package_identification:_identify(src/test141123) by extension 'colcon_meta'
[11.414s] Level 1:colcon.colcon_core.package_identification:_identify(src/test141123) by extensions ['ros']
[11.414s] Level 1:colcon.colcon_core.package_identification:_identify(src/test141123) by extension 'ros'
[11.417s] DEBUG:colcon.colcon_core.package_identification:Package 'src/test141123' with type 'ros.ament_python' and name 'test141123'
[11.418s] Level 1:colcon.colcon_core.package_discovery:discover_packages(recursive) using defaults
[11.418s] Level 1:colcon.colcon_core.package_discovery:discover_packages(ignore) discover
[11.418s] Level 1:colcon.colcon_core.package_discovery:discover_packages(ignore) using defaults
[11.418s] Level 1:colcon.colcon_core.package_discovery:discover_packages(path) discover
[11.418s] Level 1:colcon.colcon_core.package_discovery:discover_packages(path) using defaults
[12.027s] INFO:colcon.colcon_core.package_selection:Skipping not selected package 'IMU_sensor' in 'src/IMU_sensor'
[12.375s] Level 1:colcon.colcon_core.package_discovery:discover_packages(prefix_path) check parameters
[12.376s] Level 1:colcon.colcon_core.package_discovery:discover_packages(prefix_path) discover
[12.737s] DEBUG:colcon.colcon_installed_package_information.package_discovery:Found 2 installed packages in /home/bb/ros2_ws/install
[12.922s] DEBUG:colcon.colcon_installed_package_information.package_discovery:Found 308 installed packages in /opt/ros/humble
[12.931s] Level 1:colcon.colcon_core.package_discovery:discover_packages(prefix_path) using defaults
[13.797s] Level 5:colcon.colcon_core.verb:set package 'test141123' build argument 'cmake_args' from command line to 'None'
[13.798s] Level 5:colcon.colcon_core.verb:set package 'test141123' build argument 'cmake_target' from command line to 'None'
[13.798s] Level 5:colcon.colcon_core.verb:set package 'test141123' build argument 'cmake_target_skip_unavailable' from command line to 'False'
[13.798s] Level 5:colcon.colcon_core.verb:set package 'test141123' build argument 'cmake_clean_cache' from command line to 'False'
[13.798s] Level 5:colcon.colcon_core.verb:set package 'test141123' build argument 'cmake_clean_first' from command line to 'False'
[13.798s] Level 5:colcon.colcon_core.verb:set package 'test141123' build argument 'cmake_force_configure' from command line to 'False'
[13.799s] Level 5:colcon.colcon_core.verb:set package 'test141123' build argument 'ament_cmake_args' from command line to 'None'
[13.799s] Level 5:colcon.colcon_core.verb:set package 'test141123' build argument 'catkin_cmake_args' from command line to 'None'
[13.799s] Level 5:colcon.colcon_core.verb:set package 'test141123' build argument 'catkin_skip_building_tests' from command line to 'False'
[13.799s] DEBUG:colcon.colcon_core.verb:Building package 'test141123' with the following arguments: {'ament_cmake_args': None, 'build_base': '/home/bb/ros2_ws/build/test141123', 'catkin_cmake_args': None, 'catkin_skip_building_tests': False, 'cmake_args': None, 'cmake_clean_cache': False, 'cmake_clean_first': False, 'cmake_force_configure': False, 'cmake_target': None, 'cmake_target_skip_unavailable': False, 'install_base': '/home/bb/ros2_ws/install/test141123', 'merge_install': False, 'path': '/home/bb/ros2_ws/src/test141123', 'symlink_install': False, 'test_result_base': None}
[13.973s] INFO:colcon.colcon_core.executor:Executing jobs using 'parallel' executor
[14.156s] DEBUG:colcon.colcon_parallel_executor.executor.parallel:run_until_complete
[14.157s] INFO:colcon.colcon_ros.task.ament_python.build:Building ROS package in '/home/bb/ros2_ws/src/test141123' with build type 'ament_python'
[14.158s] Level 1:colcon.colcon_core.shell:create_environment_hook('test141123', 'ament_prefix_path')
[14.360s] INFO:colcon.colcon_core.plugin_system:Skipping extension 'colcon_core.shell.bat': Not used on non-Windows systems
[14.362s] INFO:colcon.colcon_core.shell:Creating environment hook '/home/bb/ros2_ws/install/test141123/share/test141123/hook/ament_prefix_path.ps1'
[14.365s] INFO:colcon.colcon_core.shell:Creating environment descriptor '/home/bb/ros2_ws/install/test141123/share/test141123/hook/ament_prefix_path.dsv'
[14.368s] INFO:colcon.colcon_core.shell:Creating environment hook '/home/bb/ros2_ws/install/test141123/share/test141123/hook/ament_prefix_path.sh'
[14.552s] INFO:colcon.colcon_core.shell:Skip shell extension 'powershell' for command environment: Not usable outside of PowerShell
[14.553s] DEBUG:colcon.colcon_core.shell:Skip shell extension 'dsv' for command environment
[16.413s] INFO:colcon.colcon_core.task.python.build:Building Python package in '/home/bb/ros2_ws/src/test141123'
[16.622s] INFO:colcon.colcon_core.shell:Skip shell extension 'powershell' for command environment: Not usable outside of PowerShell
[16.622s] DEBUG:colcon.colcon_core.shell:Skip shell extension 'dsv' for command environment
[19.368s] DEBUG:colcon.colcon_core.event_handler.log_command:Invoking command in '/home/bb/ros2_ws/src/test141123': PYTHONPATH=/home/bb/ros2_ws/build/test141123/prefix_override:/home/bb/ros2_ws/install/test141123/lib/python3.8/site-packages:${PYTHONPATH} /usr/bin/python3 setup.py egg_info --egg-base ../../build/test141123 build --build-base /home/bb/ros2_ws/build/test141123/build install --record /home/bb/ros2_ws/build/test141123/install.log --single-version-externally-managed
[20.979s] DEBUG:colcon.colcon_core.event_handler.log_command:Invoked command in '/home/bb/ros2_ws/src/test141123' returned '0': PYTHONPATH=/home/bb/ros2_ws/build/test141123/prefix_override:/home/bb/ros2_ws/install/test141123/lib/python3.8/site-packages:${PYTHONPATH} /usr/bin/python3 setup.py egg_info --egg-base ../../build/test141123 build --build-base /home/bb/ros2_ws/build/test141123/build install --record /home/bb/ros2_ws/build/test141123/install.log --single-version-externally-managed
[21.195s] Level 1:colcon.colcon_core.environment:checking '/home/bb/ros2_ws/install/test141123' for CMake module files
[21.198s] Level 1:colcon.colcon_core.environment:checking '/home/bb/ros2_ws/install/test141123' for CMake config files
[21.203s] Level 1:colcon.colcon_core.environment:checking '/home/bb/ros2_ws/install/test141123/lib'
[21.204s] Level 1:colcon.colcon_core.environment:checking '/home/bb/ros2_ws/install/test141123/bin'
[21.204s] Level 1:colcon.colcon_core.environment:checking '/home/bb/ros2_ws/install/test141123/lib/pkgconfig/test141123.pc'
[21.206s] Level 1:colcon.colcon_core.environment:checking '/home/bb/ros2_ws/install/test141123/lib/python3.8/site-packages'
[21.206s] Level 1:colcon.colcon_core.shell:create_environment_hook('test141123', 'pythonpath')
[21.396s] INFO:colcon.colcon_core.shell:Creating environment hook '/home/bb/ros2_ws/install/test141123/share/test141123/hook/pythonpath.ps1'
[21.399s] INFO:colcon.colcon_core.shell:Creating environment descriptor '/home/bb/ros2_ws/install/test141123/share/test141123/hook/pythonpath.dsv'
[21.401s] INFO:colcon.colcon_core.shell:Creating environment hook '/home/bb/ros2_ws/install/test141123/share/test141123/hook/pythonpath.sh'
[21.404s] Level 1:colcon.colcon_core.environment:checking '/home/bb/ros2_ws/install/test141123/bin'
[21.404s] Level 1:colcon.colcon_core.environment:create_environment_scripts_only(test141123)
[21.586s] INFO:colcon.colcon_core.shell:Creating package script '/home/bb/ros2_ws/install/test141123/share/test141123/package.ps1'
[21.591s] INFO:colcon.colcon_core.shell:Creating package descriptor '/home/bb/ros2_ws/install/test141123/share/test141123/package.dsv'
[21.594s] INFO:colcon.colcon_core.shell:Creating package script '/home/bb/ros2_ws/install/test141123/share/test141123/package.sh'
[21.598s] INFO:colcon.colcon_core.shell:Creating package script '/home/bb/ros2_ws/install/test141123/share/test141123/package.bash'
[21.602s] INFO:colcon.colcon_core.shell:Creating package script '/home/bb/ros2_ws/install/test141123/share/test141123/package.zsh'
[21.605s] Level 1:colcon.colcon_core.environment:create_file_with_runtime_dependencies(/home/bb/ros2_ws/install/test141123/share/colcon-core/packages/test141123)
[21.608s] DEBUG:colcon.colcon_parallel_executor.executor.parallel:closing loop
[21.610s] DEBUG:colcon.colcon_parallel_executor.executor.parallel:loop closed
[21.611s] DEBUG:colcon.colcon_parallel_executor.executor.parallel:run_until_complete finished with '0'
[21.611s] DEBUG:colcon.colcon_core.event_reactor:joining thread
[21.823s] INFO:colcon.colcon_core.plugin_system:Skipping extension 'colcon_notification.desktop_notification.terminal_notifier': Not used on non-Darwin systems
[21.823s] INFO:colcon.colcon_core.plugin_system:Skipping extension 'colcon_notification.desktop_notification.win32': Not used on non-Windows systems
[21.824s] INFO:colcon.colcon_notification.desktop_notification:Sending desktop notification using 'notify2'
[21.931s] DEBUG:colcon.colcon_core.event_reactor:joined thread
[22.122s] INFO:colcon.colcon_core.shell:Creating prefix script '/home/bb/ros2_ws/install/local_setup.ps1'
[22.126s] INFO:colcon.colcon_core.shell:Creating prefix util module '/home/bb/ros2_ws/install/_local_setup_util_ps1.py'
[22.134s] INFO:colcon.colcon_core.shell:Creating prefix chain script '/home/bb/ros2_ws/install/setup.ps1'
[22.322s] INFO:colcon.colcon_core.shell:Creating prefix script '/home/bb/ros2_ws/install/local_setup.sh'
[22.325s] INFO:colcon.colcon_core.shell:Creating prefix util module '/home/bb/ros2_ws/install/_local_setup_util_sh.py'
[22.328s] INFO:colcon.colcon_core.shell:Creating prefix chain script '/home/bb/ros2_ws/install/setup.sh'
[22.506s] INFO:colcon.colcon_core.shell:Creating prefix script '/home/bb/ros2_ws/install/local_setup.bash'
[22.509s] INFO:colcon.colcon_core.shell:Creating prefix chain script '/home/bb/ros2_ws/install/setup.bash'
[22.689s] INFO:colcon.colcon_core.shell:Creating prefix script '/home/bb/ros2_ws/install/local_setup.zsh'
[22.692s] INFO:colcon.colcon_core.shell:Creating prefix chain script '/home/bb/ros2_ws/install/setup.zsh'
