/home/bb/ros2_ws/install/imu_sensor/lib/python3.8/site-packages/imu_sensor/publisher_xy.py
/home/bb/ros2_ws/install/imu_sensor/lib/python3.8/site-packages/imu_sensor/publisher_accel.py
/home/bb/ros2_ws/install/imu_sensor/lib/python3.8/site-packages/imu_sensor/publisher_z.py
/home/bb/ros2_ws/install/imu_sensor/lib/python3.8/site-packages/imu_sensor/publisher_quat.py
/home/bb/ros2_ws/install/imu_sensor/lib/python3.8/site-packages/imu_sensor/__init__.py
/home/bb/ros2_ws/install/imu_sensor/lib/python3.8/site-packages/imu_sensor/__pycache__/publisher_xy.cpython-38.pyc
/home/bb/ros2_ws/install/imu_sensor/lib/python3.8/site-packages/imu_sensor/__pycache__/publisher_accel.cpython-38.pyc
/home/bb/ros2_ws/install/imu_sensor/lib/python3.8/site-packages/imu_sensor/__pycache__/publisher_z.cpython-38.pyc
/home/bb/ros2_ws/install/imu_sensor/lib/python3.8/site-packages/imu_sensor/__pycache__/publisher_quat.cpython-38.pyc
/home/bb/ros2_ws/install/imu_sensor/lib/python3.8/site-packages/imu_sensor/__pycache__/__init__.cpython-38.pyc
/home/bb/ros2_ws/install/imu_sensor/share/ament_index/resource_index/packages/imu_sensor
/home/bb/ros2_ws/install/imu_sensor/share/imu_sensor/package.xml
/home/bb/ros2_ws/install/imu_sensor/lib/python3.8/site-packages/imu_sensor-0.0.0-py3.8.egg-info/top_level.txt
/home/bb/ros2_ws/install/imu_sensor/lib/python3.8/site-packages/imu_sensor-0.0.0-py3.8.egg-info/dependency_links.txt
/home/bb/ros2_ws/install/imu_sensor/lib/python3.8/site-packages/imu_sensor-0.0.0-py3.8.egg-info/SOURCES.txt
/home/bb/ros2_ws/install/imu_sensor/lib/python3.8/site-packages/imu_sensor-0.0.0-py3.8.egg-info/PKG-INFO
/home/bb/ros2_ws/install/imu_sensor/lib/python3.8/site-packages/imu_sensor-0.0.0-py3.8.egg-info/entry_points.txt
/home/bb/ros2_ws/install/imu_sensor/lib/python3.8/site-packages/imu_sensor-0.0.0-py3.8.egg-info/requires.txt
/home/bb/ros2_ws/install/imu_sensor/lib/python3.8/site-packages/imu_sensor-0.0.0-py3.8.egg-info/zip-safe
/home/bb/ros2_ws/install/imu_sensor/lib/imu_sensor/publisher_accel
/home/bb/ros2_ws/install/imu_sensor/lib/imu_sensor/publisher_quat
/home/bb/ros2_ws/install/imu_sensor/lib/imu_sensor/publisher_xy
/home/bb/ros2_ws/install/imu_sensor/lib/imu_sensor/publisher_z
