[5.098s] Invoking command in '/home/bb/ros2_ws/src/acoustic_sensor': PYTHONPATH=/home/bb/ros2_ws/build/acoustic_sensor/prefix_override:/home/bb/ros2_ws/install/acoustic_sensor/lib/python3.8/site-packages:${PYTHONPATH} /usr/bin/python3 setup.py egg_info --egg-base ../../build/acoustic_sensor build --build-base /home/bb/ros2_ws/build/acoustic_sensor/build install --record /home/bb/ros2_ws/build/acoustic_sensor/install.log --single-version-externally-managed
[6.342s] running egg_info
[6.343s] writing ../../build/acoustic_sensor/acoustic_sensor.egg-info/PKG-INFO
[6.344s] writing dependency_links to ../../build/acoustic_sensor/acoustic_sensor.egg-info/dependency_links.txt
[6.345s] writing entry points to ../../build/acoustic_sensor/acoustic_sensor.egg-info/entry_points.txt
[6.346s] writing requirements to ../../build/acoustic_sensor/acoustic_sensor.egg-info/requires.txt
[6.347s] writing top-level names to ../../build/acoustic_sensor/acoustic_sensor.egg-info/top_level.txt
[6.525s] reading manifest file '../../build/acoustic_sensor/acoustic_sensor.egg-info/SOURCES.txt'
[6.529s] writing manifest file '../../build/acoustic_sensor/acoustic_sensor.egg-info/SOURCES.txt'
[6.530s] running build
[6.531s] running build_py
[6.531s] copying acoustic_sensor/publisher.py -> /home/bb/ros2_ws/build/acoustic_sensor/build/lib/acoustic_sensor
[6.533s] running install
[6.537s] running install_lib
[6.543s] copying /home/bb/ros2_ws/build/acoustic_sensor/build/lib/acoustic_sensor/publisher.py -> /home/bb/ros2_ws/install/acoustic_sensor/lib/python3.8/site-packages/acoustic_sensor
[6.547s] byte-compiling /home/bb/ros2_ws/install/acoustic_sensor/lib/python3.8/site-packages/acoustic_sensor/publisher.py to publisher.cpython-38.pyc
[6.555s] running install_data
[6.558s] running install_egg_info
[6.566s] removing '/home/bb/ros2_ws/install/acoustic_sensor/lib/python3.8/site-packages/acoustic_sensor-0.0.0-py3.8.egg-info' (and everything under it)
[6.568s] Copying ../../build/acoustic_sensor/acoustic_sensor.egg-info to /home/bb/ros2_ws/install/acoustic_sensor/lib/python3.8/site-packages/acoustic_sensor-0.0.0-py3.8.egg-info
[6.574s] running install_scripts
[6.657s] Installing publisher script to /home/bb/ros2_ws/install/acoustic_sensor/lib/acoustic_sensor
[6.658s] writing list of installed files to '/home/bb/ros2_ws/build/acoustic_sensor/install.log'
[6.755s] Invoked command in '/home/bb/ros2_ws/src/acoustic_sensor' returned '0': PYTHONPATH=/home/bb/ros2_ws/build/acoustic_sensor/prefix_override:/home/bb/ros2_ws/install/acoustic_sensor/lib/python3.8/site-packages:${PYTHONPATH} /usr/bin/python3 setup.py egg_info --egg-base ../../build/acoustic_sensor build --build-base /home/bb/ros2_ws/build/acoustic_sensor/build install --record /home/bb/ros2_ws/build/acoustic_sensor/install.log --single-version-externally-managed
