[12.044s] Invoking command in '/home/bb/ros2_ws/src/imu_sensor': PYTHONPATH=/home/bb/ros2_ws/build/imu_sensor/prefix_override:/home/bb/ros2_ws/install/imu_sensor/lib/python3.8/site-packages:${PYTHONPATH} /usr/bin/python3 setup.py egg_info --egg-base ../../build/imu_sensor build --build-base /home/bb/ros2_ws/build/imu_sensor/build install --record /home/bb/ros2_ws/build/imu_sensor/install.log --single-version-externally-managed
[13.605s] running egg_info
[13.611s] writing ../../build/imu_sensor/imu_sensor.egg-info/PKG-INFO
[13.612s] writing dependency_links to ../../build/imu_sensor/imu_sensor.egg-info/dependency_links.txt
[13.614s] writing entry points to ../../build/imu_sensor/imu_sensor.egg-info/entry_points.txt
[13.616s] writing requirements to ../../build/imu_sensor/imu_sensor.egg-info/requires.txt
[13.617s] writing top-level names to ../../build/imu_sensor/imu_sensor.egg-info/top_level.txt
[13.813s] reading manifest file '../../build/imu_sensor/imu_sensor.egg-info/SOURCES.txt'
[13.840s] writing manifest file '../../build/imu_sensor/imu_sensor.egg-info/SOURCES.txt'
[13.841s] running build
[13.842s] running build_py
[13.843s] copying imu_sensor/publisher_xy.py -> /home/bb/ros2_ws/build/imu_sensor/build/lib/imu_sensor
[13.843s] copying imu_sensor/publisher_accel.py -> /home/bb/ros2_ws/build/imu_sensor/build/lib/imu_sensor
[13.844s] copying imu_sensor/publisher_z.py -> /home/bb/ros2_ws/build/imu_sensor/build/lib/imu_sensor
[13.845s] running install
[13.845s] running install_lib
[13.846s] copying /home/bb/ros2_ws/build/imu_sensor/build/lib/imu_sensor/publisher_xy.py -> /home/bb/ros2_ws/install/imu_sensor/lib/python3.8/site-packages/imu_sensor
[13.846s] copying /home/bb/ros2_ws/build/imu_sensor/build/lib/imu_sensor/publisher_accel.py -> /home/bb/ros2_ws/install/imu_sensor/lib/python3.8/site-packages/imu_sensor
[13.847s] copying /home/bb/ros2_ws/build/imu_sensor/build/lib/imu_sensor/publisher_z.py -> /home/bb/ros2_ws/install/imu_sensor/lib/python3.8/site-packages/imu_sensor
[13.850s] byte-compiling /home/bb/ros2_ws/install/imu_sensor/lib/python3.8/site-packages/imu_sensor/publisher_xy.py to publisher_xy.cpython-38.pyc
[13.857s] byte-compiling /home/bb/ros2_ws/install/imu_sensor/lib/python3.8/site-packages/imu_sensor/publisher_accel.py to publisher_accel.cpython-38.pyc
[13.861s] byte-compiling /home/bb/ros2_ws/install/imu_sensor/lib/python3.8/site-packages/imu_sensor/publisher_z.py to publisher_z.cpython-38.pyc
[13.864s] running install_data
[13.868s] running install_egg_info
[13.881s] removing '/home/bb/ros2_ws/install/imu_sensor/lib/python3.8/site-packages/imu_sensor-0.0.0-py3.8.egg-info' (and everything under it)
[13.884s] Copying ../../build/imu_sensor/imu_sensor.egg-info to /home/bb/ros2_ws/install/imu_sensor/lib/python3.8/site-packages/imu_sensor-0.0.0-py3.8.egg-info
[13.920s] running install_scripts
[13.984s] Installing publisher_accel script to /home/bb/ros2_ws/install/imu_sensor/lib/imu_sensor
[13.988s] Installing publisher_quat script to /home/bb/ros2_ws/install/imu_sensor/lib/imu_sensor
[13.990s] Installing publisher_xy script to /home/bb/ros2_ws/install/imu_sensor/lib/imu_sensor
[13.992s] Installing publisher_z script to /home/bb/ros2_ws/install/imu_sensor/lib/imu_sensor
[13.994s] writing list of installed files to '/home/bb/ros2_ws/build/imu_sensor/install.log'
[16.345s] Invoked command in '/home/bb/ros2_ws/src/imu_sensor' returned '0': PYTHONPATH=/home/bb/ros2_ws/build/imu_sensor/prefix_override:/home/bb/ros2_ws/install/imu_sensor/lib/python3.8/site-packages:${PYTHONPATH} /usr/bin/python3 setup.py egg_info --egg-base ../../build/imu_sensor build --build-base /home/bb/ros2_ws/build/imu_sensor/build install --record /home/bb/ros2_ws/build/imu_sensor/install.log --single-version-externally-managed
