[10.314s] DEBUG:colcon:Command line arguments: ['/usr/bin/colcon', 'build', '--packages-select', 'IMU_sensor']
[10.315s] DEBUG:colcon:Parsed command line arguments: Namespace(allow_overriding=[], ament_cmake_args=None, base_paths=['.'], build_base='build', catkin_cmake_args=None, catkin_skip_building_tests=False, cmake_args=None, cmake_clean_cache=False, cmake_clean_first=False, cmake_force_configure=False, cmake_target=None, cmake_target_skip_unavailable=False, continue_on_error=False, event_handlers=None, executor='parallel', ignore_user_meta=False, install_base='install', log_base=None, log_level=None, main=<bound method BuildVerb.main of <colcon_core.verb.build.BuildVerb object at 0xffff9e5e6eb0>>, merge_install=False, metas=['./colcon.meta'], packages_above=None, packages_above_and_dependencies=None, packages_above_depth=None, packages_end=None, packages_ignore=None, packages_ignore_regex=None, packages_select=['IMU_sensor'], packages_select_build_failed=False, packages_select_by_dep=None, packages_select_regex=None, packages_select_test_failures=False, packages_skip=None, packages_skip_build_finished=False, packages_skip_by_dep=None, packages_skip_regex=None, packages_skip_test_passed=False, packages_skip_up_to=None, packages_start=None, packages_up_to=None, packages_up_to_regex=None, parallel_workers=6, paths=None, symlink_install=False, test_result_base=None, verb_extension=<colcon_core.verb.build.BuildVerb object at 0xffff9e5e6eb0>, verb_name='build', verb_parser=<colcon_defaults.argument_parser.defaults.DefaultArgumentsDecorator object at 0xffff9e422160>)
[10.797s] Level 1:colcon.colcon_core.package_discovery:discover_packages(colcon_meta) check parameters
[10.798s] Level 1:colcon.colcon_core.package_discovery:discover_packages(recursive) check parameters
[10.798s] Level 1:colcon.colcon_core.package_discovery:discover_packages(ignore) check parameters
[10.798s] Level 1:colcon.colcon_core.package_discovery:discover_packages(path) check parameters
[10.799s] Level 1:colcon.colcon_core.package_discovery:discover_packages(colcon_meta) discover
[10.799s] Level 1:colcon.colcon_core.package_discovery:discover_packages(recursive) discover
[10.799s] INFO:colcon.colcon_core.package_discovery:Crawling recursively for packages in '/home/bb/ros2_ws'
[10.800s] Level 1:colcon.colcon_core.package_identification:_identify(.) by extensions ['ignore', 'ignore_ament_install']
[10.800s] Level 1:colcon.colcon_core.package_identification:_identify(.) by extension 'ignore'
[10.800s] Level 1:colcon.colcon_core.package_identification:_identify(.) by extension 'ignore_ament_install'
[10.801s] Level 1:colcon.colcon_core.package_identification:_identify(.) by extensions ['colcon_pkg']
[10.801s] Level 1:colcon.colcon_core.package_identification:_identify(.) by extension 'colcon_pkg'
[10.801s] Level 1:colcon.colcon_core.package_identification:_identify(.) by extensions ['colcon_meta']
[10.801s] Level 1:colcon.colcon_core.package_identification:_identify(.) by extension 'colcon_meta'
[10.802s] Level 1:colcon.colcon_core.package_identification:_identify(.) by extensions ['ros']
[10.802s] Level 1:colcon.colcon_core.package_identification:_identify(.) by extension 'ros'
[10.860s] Level 1:colcon.colcon_core.package_identification:_identify(.) by extensions ['cmake', 'python']
[10.860s] Level 1:colcon.colcon_core.package_identification:_identify(.) by extension 'cmake'
[10.860s] Level 1:colcon.colcon_core.package_identification:_identify(.) by extension 'python'
[10.860s] Level 1:colcon.colcon_core.package_identification:_identify(.) by extensions ['python_setup_py']
[10.861s] Level 1:colcon.colcon_core.package_identification:_identify(.) by extension 'python_setup_py'
[10.862s] Level 1:colcon.colcon_core.package_identification:_identify(build) by extensions ['ignore', 'ignore_ament_install']
[10.862s] Level 1:colcon.colcon_core.package_identification:_identify(build) by extension 'ignore'
[10.862s] Level 1:colcon.colcon_core.package_identification:_identify(build) ignored
[10.863s] Level 1:colcon.colcon_core.package_identification:_identify(install) by extensions ['ignore', 'ignore_ament_install']
[10.863s] Level 1:colcon.colcon_core.package_identification:_identify(install) by extension 'ignore'
[10.864s] Level 1:colcon.colcon_core.package_identification:_identify(install) ignored
[10.864s] Level 1:colcon.colcon_core.package_identification:_identify(log) by extensions ['ignore', 'ignore_ament_install']
[10.864s] Level 1:colcon.colcon_core.package_identification:_identify(log) by extension 'ignore'
[10.865s] Level 1:colcon.colcon_core.package_identification:_identify(log) ignored
[10.865s] Level 1:colcon.colcon_core.package_identification:_identify(src) by extensions ['ignore', 'ignore_ament_install']
[10.866s] Level 1:colcon.colcon_core.package_identification:_identify(src) by extension 'ignore'
[10.866s] Level 1:colcon.colcon_core.package_identification:_identify(src) by extension 'ignore_ament_install'
[10.866s] Level 1:colcon.colcon_core.package_identification:_identify(src) by extensions ['colcon_pkg']
[10.866s] Level 1:colcon.colcon_core.package_identification:_identify(src) by extension 'colcon_pkg'
[10.867s] Level 1:colcon.colcon_core.package_identification:_identify(src) by extensions ['colcon_meta']
[10.867s] Level 1:colcon.colcon_core.package_identification:_identify(src) by extension 'colcon_meta'
[10.867s] Level 1:colcon.colcon_core.package_identification:_identify(src) by extensions ['ros']
[10.867s] Level 1:colcon.colcon_core.package_identification:_identify(src) by extension 'ros'
[10.868s] Level 1:colcon.colcon_core.package_identification:_identify(src) by extensions ['cmake', 'python']
[10.868s] Level 1:colcon.colcon_core.package_identification:_identify(src) by extension 'cmake'
[10.868s] Level 1:colcon.colcon_core.package_identification:_identify(src) by extension 'python'
[10.868s] Level 1:colcon.colcon_core.package_identification:_identify(src) by extensions ['python_setup_py']
[10.868s] Level 1:colcon.colcon_core.package_identification:_identify(src) by extension 'python_setup_py'
[10.869s] Level 1:colcon.colcon_core.package_identification:_identify(src/IMU101223) by extensions ['ignore', 'ignore_ament_install']
[10.869s] Level 1:colcon.colcon_core.package_identification:_identify(src/IMU101223) by extension 'ignore'
[10.870s] Level 1:colcon.colcon_core.package_identification:_identify(src/IMU101223) by extension 'ignore_ament_install'
[10.870s] Level 1:colcon.colcon_core.package_identification:_identify(src/IMU101223) by extensions ['colcon_pkg']
[10.870s] Level 1:colcon.colcon_core.package_identification:_identify(src/IMU101223) by extension 'colcon_pkg'
[10.870s] Level 1:colcon.colcon_core.package_identification:_identify(src/IMU101223) by extensions ['colcon_meta']
[10.870s] Level 1:colcon.colcon_core.package_identification:_identify(src/IMU101223) by extension 'colcon_meta'
[10.871s] Level 1:colcon.colcon_core.package_identification:_identify(src/IMU101223) by extensions ['ros']
[10.871s] Level 1:colcon.colcon_core.package_identification:_identify(src/IMU101223) by extension 'ros'
[10.882s] DEBUG:colcon.colcon_core.package_identification:Package 'src/IMU101223' with type 'ros.ament_python' and name 'test141123'
[10.883s] Level 1:colcon.colcon_core.package_identification:_identify(src/IMU_sensor) by extensions ['ignore', 'ignore_ament_install']
[10.883s] Level 1:colcon.colcon_core.package_identification:_identify(src/IMU_sensor) by extension 'ignore'
[10.883s] Level 1:colcon.colcon_core.package_identification:_identify(src/IMU_sensor) by extension 'ignore_ament_install'
[10.884s] Level 1:colcon.colcon_core.package_identification:_identify(src/IMU_sensor) by extensions ['colcon_pkg']
[10.884s] Level 1:colcon.colcon_core.package_identification:_identify(src/IMU_sensor) by extension 'colcon_pkg'
[10.884s] Level 1:colcon.colcon_core.package_identification:_identify(src/IMU_sensor) by extensions ['colcon_meta']
[10.884s] Level 1:colcon.colcon_core.package_identification:_identify(src/IMU_sensor) by extension 'colcon_meta'
[10.885s] Level 1:colcon.colcon_core.package_identification:_identify(src/IMU_sensor) by extensions ['ros']
[10.885s] Level 1:colcon.colcon_core.package_identification:_identify(src/IMU_sensor) by extension 'ros'
[10.887s] DEBUG:colcon.colcon_core.package_identification:Package 'src/IMU_sensor' with type 'ros.ament_python' and name 'IMU_sensor'
[10.888s] Level 1:colcon.colcon_core.package_identification:_identify(src/build) by extensions ['ignore', 'ignore_ament_install']
[10.888s] Level 1:colcon.colcon_core.package_identification:_identify(src/build) by extension 'ignore'
[10.889s] Level 1:colcon.colcon_core.package_identification:_identify(src/build) ignored
[10.889s] Level 1:colcon.colcon_core.package_identification:_identify(src/depth101223) by extensions ['ignore', 'ignore_ament_install']
[10.889s] Level 1:colcon.colcon_core.package_identification:_identify(src/depth101223) by extension 'ignore'
[10.890s] Level 1:colcon.colcon_core.package_identification:_identify(src/depth101223) by extension 'ignore_ament_install'
[10.890s] Level 1:colcon.colcon_core.package_identification:_identify(src/depth101223) by extensions ['colcon_pkg']
[10.890s] Level 1:colcon.colcon_core.package_identification:_identify(src/depth101223) by extension 'colcon_pkg'
[10.890s] Level 1:colcon.colcon_core.package_identification:_identify(src/depth101223) by extensions ['colcon_meta']
[10.891s] Level 1:colcon.colcon_core.package_identification:_identify(src/depth101223) by extension 'colcon_meta'
[10.891s] Level 1:colcon.colcon_core.package_identification:_identify(src/depth101223) by extensions ['ros']
[10.891s] Level 1:colcon.colcon_core.package_identification:_identify(src/depth101223) by extension 'ros'
[10.894s] DEBUG:colcon.colcon_core.package_identification:Package 'src/depth101223' with type 'ros.ament_python' and name 'test141123'
[10.895s] Level 1:colcon.colcon_core.package_identification:_identify(src/install) by extensions ['ignore', 'ignore_ament_install']
[10.895s] Level 1:colcon.colcon_core.package_identification:_identify(src/install) by extension 'ignore'
[10.895s] Level 1:colcon.colcon_core.package_identification:_identify(src/install) ignored
[10.896s] Level 1:colcon.colcon_core.package_identification:_identify(src/log) by extensions ['ignore', 'ignore_ament_install']
[10.896s] Level 1:colcon.colcon_core.package_identification:_identify(src/log) by extension 'ignore'
[10.896s] Level 1:colcon.colcon_core.package_identification:_identify(src/log) ignored
[10.896s] Level 1:colcon.colcon_core.package_discovery:discover_packages(recursive) using defaults
[10.897s] Level 1:colcon.colcon_core.package_discovery:discover_packages(ignore) discover
[10.897s] Level 1:colcon.colcon_core.package_discovery:discover_packages(ignore) using defaults
[10.897s] Level 1:colcon.colcon_core.package_discovery:discover_packages(path) discover
[10.897s] Level 1:colcon.colcon_core.package_discovery:discover_packages(path) using defaults
[11.474s] INFO:colcon.colcon_core.package_selection:Skipping not selected package 'test141123' in 'src/IMU101223'
[11.475s] INFO:colcon.colcon_core.package_selection:Skipping not selected package 'test141123' in 'src/depth101223'
[11.808s] Level 1:colcon.colcon_core.package_discovery:discover_packages(prefix_path) check parameters
[11.808s] Level 1:colcon.colcon_core.package_discovery:discover_packages(prefix_path) discover
[12.150s] DEBUG:colcon.colcon_installed_package_information.package_discovery:Found 2 installed packages in /home/bb/ros2_ws/install
[12.327s] DEBUG:colcon.colcon_installed_package_information.package_discovery:Found 308 installed packages in /opt/ros/humble
[12.336s] Level 1:colcon.colcon_core.package_discovery:discover_packages(prefix_path) using defaults
[13.163s] Level 5:colcon.colcon_core.verb:set package 'IMU_sensor' build argument 'cmake_args' from command line to 'None'
[13.163s] Level 5:colcon.colcon_core.verb:set package 'IMU_sensor' build argument 'cmake_target' from command line to 'None'
[13.164s] Level 5:colcon.colcon_core.verb:set package 'IMU_sensor' build argument 'cmake_target_skip_unavailable' from command line to 'False'
[13.164s] Level 5:colcon.colcon_core.verb:set package 'IMU_sensor' build argument 'cmake_clean_cache' from command line to 'False'
[13.164s] Level 5:colcon.colcon_core.verb:set package 'IMU_sensor' build argument 'cmake_clean_first' from command line to 'False'
[13.164s] Level 5:colcon.colcon_core.verb:set package 'IMU_sensor' build argument 'cmake_force_configure' from command line to 'False'
[13.164s] Level 5:colcon.colcon_core.verb:set package 'IMU_sensor' build argument 'ament_cmake_args' from command line to 'None'
[13.165s] Level 5:colcon.colcon_core.verb:set package 'IMU_sensor' build argument 'catkin_cmake_args' from command line to 'None'
[13.165s] Level 5:colcon.colcon_core.verb:set package 'IMU_sensor' build argument 'catkin_skip_building_tests' from command line to 'False'
[13.165s] DEBUG:colcon.colcon_core.verb:Building package 'IMU_sensor' with the following arguments: {'ament_cmake_args': None, 'build_base': '/home/bb/ros2_ws/build/IMU_sensor', 'catkin_cmake_args': None, 'catkin_skip_building_tests': False, 'cmake_args': None, 'cmake_clean_cache': False, 'cmake_clean_first': False, 'cmake_force_configure': False, 'cmake_target': None, 'cmake_target_skip_unavailable': False, 'install_base': '/home/bb/ros2_ws/install/IMU_sensor', 'merge_install': False, 'path': '/home/bb/ros2_ws/src/IMU_sensor', 'symlink_install': False, 'test_result_base': None}
[13.330s] INFO:colcon.colcon_core.executor:Executing jobs using 'parallel' executor
[13.500s] DEBUG:colcon.colcon_parallel_executor.executor.parallel:run_until_complete
[13.501s] INFO:colcon.colcon_ros.task.ament_python.build:Building ROS package in '/home/bb/ros2_ws/src/IMU_sensor' with build type 'ament_python'
[13.502s] Level 1:colcon.colcon_core.shell:create_environment_hook('IMU_sensor', 'ament_prefix_path')
[13.685s] INFO:colcon.colcon_core.plugin_system:Skipping extension 'colcon_core.shell.bat': Not used on non-Windows systems
[13.687s] INFO:colcon.colcon_core.shell:Creating environment hook '/home/bb/ros2_ws/install/IMU_sensor/share/IMU_sensor/hook/ament_prefix_path.ps1'
[13.689s] INFO:colcon.colcon_core.shell:Creating environment descriptor '/home/bb/ros2_ws/install/IMU_sensor/share/IMU_sensor/hook/ament_prefix_path.dsv'
[13.691s] INFO:colcon.colcon_core.shell:Creating environment hook '/home/bb/ros2_ws/install/IMU_sensor/share/IMU_sensor/hook/ament_prefix_path.sh'
[13.868s] INFO:colcon.colcon_core.shell:Skip shell extension 'powershell' for command environment: Not usable outside of PowerShell
[13.868s] DEBUG:colcon.colcon_core.shell:Skip shell extension 'dsv' for command environment
[15.657s] INFO:colcon.colcon_core.task.python.build:Building Python package in '/home/bb/ros2_ws/src/IMU_sensor'
[15.845s] INFO:colcon.colcon_core.shell:Skip shell extension 'powershell' for command environment: Not usable outside of PowerShell
[15.845s] DEBUG:colcon.colcon_core.shell:Skip shell extension 'dsv' for command environment
[18.407s] DEBUG:colcon.colcon_core.event_handler.log_command:Invoking command in '/home/bb/ros2_ws/src/IMU_sensor': PYTHONPATH=/home/bb/ros2_ws/build/IMU_sensor/prefix_override:/home/bb/ros2_ws/install/IMU_sensor/lib/python3.8/site-packages:${PYTHONPATH} /usr/bin/python3 setup.py egg_info --egg-base ../../build/IMU_sensor build --build-base /home/bb/ros2_ws/build/IMU_sensor/build install --record /home/bb/ros2_ws/build/IMU_sensor/install.log --single-version-externally-managed
[19.971s] DEBUG:colcon.colcon_core.event_handler.log_command:Invoked command in '/home/bb/ros2_ws/src/IMU_sensor' returned '0': PYTHONPATH=/home/bb/ros2_ws/build/IMU_sensor/prefix_override:/home/bb/ros2_ws/install/IMU_sensor/lib/python3.8/site-packages:${PYTHONPATH} /usr/bin/python3 setup.py egg_info --egg-base ../../build/IMU_sensor build --build-base /home/bb/ros2_ws/build/IMU_sensor/build install --record /home/bb/ros2_ws/build/IMU_sensor/install.log --single-version-externally-managed
[20.166s] Level 1:colcon.colcon_core.environment:checking '/home/bb/ros2_ws/install/IMU_sensor' for CMake module files
[20.168s] Level 1:colcon.colcon_core.environment:checking '/home/bb/ros2_ws/install/IMU_sensor' for CMake config files
[20.173s] Level 1:colcon.colcon_core.environment:checking '/home/bb/ros2_ws/install/IMU_sensor/lib'
[20.174s] Level 1:colcon.colcon_core.environment:checking '/home/bb/ros2_ws/install/IMU_sensor/bin'
[20.174s] Level 1:colcon.colcon_core.environment:checking '/home/bb/ros2_ws/install/IMU_sensor/lib/pkgconfig/IMU_sensor.pc'
[20.176s] Level 1:colcon.colcon_core.environment:checking '/home/bb/ros2_ws/install/IMU_sensor/lib/python3.8/site-packages'
[20.176s] Level 1:colcon.colcon_core.shell:create_environment_hook('IMU_sensor', 'pythonpath')
[20.354s] INFO:colcon.colcon_core.shell:Creating environment hook '/home/bb/ros2_ws/install/IMU_sensor/share/IMU_sensor/hook/pythonpath.ps1'
[20.357s] INFO:colcon.colcon_core.shell:Creating environment descriptor '/home/bb/ros2_ws/install/IMU_sensor/share/IMU_sensor/hook/pythonpath.dsv'
[20.359s] INFO:colcon.colcon_core.shell:Creating environment hook '/home/bb/ros2_ws/install/IMU_sensor/share/IMU_sensor/hook/pythonpath.sh'
[20.361s] Level 1:colcon.colcon_core.environment:checking '/home/bb/ros2_ws/install/IMU_sensor/bin'
[20.361s] Level 1:colcon.colcon_core.environment:create_environment_scripts_only(IMU_sensor)
[20.542s] INFO:colcon.colcon_core.shell:Creating package script '/home/bb/ros2_ws/install/IMU_sensor/share/IMU_sensor/package.ps1'
[20.546s] INFO:colcon.colcon_core.shell:Creating package descriptor '/home/bb/ros2_ws/install/IMU_sensor/share/IMU_sensor/package.dsv'
[20.549s] INFO:colcon.colcon_core.shell:Creating package script '/home/bb/ros2_ws/install/IMU_sensor/share/IMU_sensor/package.sh'
[20.553s] INFO:colcon.colcon_core.shell:Creating package script '/home/bb/ros2_ws/install/IMU_sensor/share/IMU_sensor/package.bash'
[20.556s] INFO:colcon.colcon_core.shell:Creating package script '/home/bb/ros2_ws/install/IMU_sensor/share/IMU_sensor/package.zsh'
[20.559s] Level 1:colcon.colcon_core.environment:create_file_with_runtime_dependencies(/home/bb/ros2_ws/install/IMU_sensor/share/colcon-core/packages/IMU_sensor)
[20.561s] DEBUG:colcon.colcon_parallel_executor.executor.parallel:closing loop
[20.563s] DEBUG:colcon.colcon_parallel_executor.executor.parallel:loop closed
[20.563s] DEBUG:colcon.colcon_parallel_executor.executor.parallel:run_until_complete finished with '0'
[20.564s] DEBUG:colcon.colcon_core.event_reactor:joining thread
[20.765s] INFO:colcon.colcon_core.plugin_system:Skipping extension 'colcon_notification.desktop_notification.terminal_notifier': Not used on non-Darwin systems
[20.765s] INFO:colcon.colcon_core.plugin_system:Skipping extension 'colcon_notification.desktop_notification.win32': Not used on non-Windows systems
[20.766s] INFO:colcon.colcon_notification.desktop_notification:Sending desktop notification using 'notify2'
[20.851s] DEBUG:colcon.colcon_core.event_reactor:joined thread
[21.034s] INFO:colcon.colcon_core.shell:Creating prefix script '/home/bb/ros2_ws/install/local_setup.ps1'
[21.039s] INFO:colcon.colcon_core.shell:Creating prefix util module '/home/bb/ros2_ws/install/_local_setup_util_ps1.py'
[21.045s] INFO:colcon.colcon_core.shell:Creating prefix chain script '/home/bb/ros2_ws/install/setup.ps1'
[21.226s] INFO:colcon.colcon_core.shell:Creating prefix script '/home/bb/ros2_ws/install/local_setup.sh'
[21.228s] INFO:colcon.colcon_core.shell:Creating prefix util module '/home/bb/ros2_ws/install/_local_setup_util_sh.py'
[21.231s] INFO:colcon.colcon_core.shell:Creating prefix chain script '/home/bb/ros2_ws/install/setup.sh'
[21.401s] INFO:colcon.colcon_core.shell:Creating prefix script '/home/bb/ros2_ws/install/local_setup.bash'
[21.404s] INFO:colcon.colcon_core.shell:Creating prefix chain script '/home/bb/ros2_ws/install/setup.bash'
[21.580s] INFO:colcon.colcon_core.shell:Creating prefix script '/home/bb/ros2_ws/install/local_setup.zsh'
[21.582s] INFO:colcon.colcon_core.shell:Creating prefix chain script '/home/bb/ros2_ws/install/setup.zsh'
