[12.748s] Invoking command in '/home/bb/ros2_ws/src/imu_sensor': PYTHONPATH=/home/bb/ros2_ws/build/imu_sensor/prefix_override:/home/bb/ros2_ws/install/imu_sensor/lib/python3.8/site-packages:${PYTHONPATH} /usr/bin/python3 setup.py egg_info --egg-base ../../build/imu_sensor build --build-base /home/bb/ros2_ws/build/imu_sensor/build install --record /home/bb/ros2_ws/build/imu_sensor/install.log --single-version-externally-managed
[14.363s] running egg_info
[14.365s] writing ../../build/imu_sensor/imu_sensor.egg-info/PKG-INFO
[14.367s] writing dependency_links to ../../build/imu_sensor/imu_sensor.egg-info/dependency_links.txt
[14.368s] writing entry points to ../../build/imu_sensor/imu_sensor.egg-info/entry_points.txt
[14.369s] writing requirements to ../../build/imu_sensor/imu_sensor.egg-info/requires.txt
[14.371s] writing top-level names to ../../build/imu_sensor/imu_sensor.egg-info/top_level.txt
[14.582s] reading manifest file '../../build/imu_sensor/imu_sensor.egg-info/SOURCES.txt'
[14.590s] writing manifest file '../../build/imu_sensor/imu_sensor.egg-info/SOURCES.txt'
[14.591s] running build
[14.591s] running build_py
[14.593s] running install
[14.599s] running install_lib
[14.613s] running install_data
[14.614s] running install_egg_info
[14.623s] removing '/home/bb/ros2_ws/install/imu_sensor/lib/python3.8/site-packages/imu_sensor-0.0.0-py3.8.egg-info' (and everything under it)
[14.626s] Copying ../../build/imu_sensor/imu_sensor.egg-info to /home/bb/ros2_ws/install/imu_sensor/lib/python3.8/site-packages/imu_sensor-0.0.0-py3.8.egg-info
[14.639s] running install_scripts
[14.739s] Installing publisher_accel script to /home/bb/ros2_ws/install/imu_sensor/lib/imu_sensor
[14.742s] Installing publisher_quat script to /home/bb/ros2_ws/install/imu_sensor/lib/imu_sensor
[14.745s] Installing publisher_xyz script to /home/bb/ros2_ws/install/imu_sensor/lib/imu_sensor
[14.749s] writing list of installed files to '/home/bb/ros2_ws/build/imu_sensor/install.log'
[16.058s] Invoked command in '/home/bb/ros2_ws/src/imu_sensor' returned '0': PYTHONPATH=/home/bb/ros2_ws/build/imu_sensor/prefix_override:/home/bb/ros2_ws/install/imu_sensor/lib/python3.8/site-packages:${PYTHONPATH} /usr/bin/python3 setup.py egg_info --egg-base ../../build/imu_sensor build --build-base /home/bb/ros2_ws/build/imu_sensor/build install --record /home/bb/ros2_ws/build/imu_sensor/install.log --single-version-externally-managed
