[10.897s] DEBUG:colcon:Command line arguments: ['/usr/bin/colcon', 'build', '--packages-select', 'depth_sensor']
[10.898s] DEBUG:colcon:Parsed command line arguments: Namespace(allow_overriding=[], ament_cmake_args=None, base_paths=['.'], build_base='build', catkin_cmake_args=None, catkin_skip_building_tests=False, cmake_args=None, cmake_clean_cache=False, cmake_clean_first=False, cmake_force_configure=False, cmake_target=None, cmake_target_skip_unavailable=False, continue_on_error=False, event_handlers=None, executor='parallel', ignore_user_meta=False, install_base='install', log_base=None, log_level=None, main=<bound method BuildVerb.main of <colcon_core.verb.build.BuildVerb object at 0xffffa34dea30>>, merge_install=False, metas=['./colcon.meta'], packages_above=None, packages_above_and_dependencies=None, packages_above_depth=None, packages_end=None, packages_ignore=None, packages_ignore_regex=None, packages_select=['depth_sensor'], packages_select_build_failed=False, packages_select_by_dep=None, packages_select_regex=None, packages_select_test_failures=False, packages_skip=None, packages_skip_build_finished=False, packages_skip_by_dep=None, packages_skip_regex=None, packages_skip_test_passed=False, packages_skip_up_to=None, packages_start=None, packages_up_to=None, packages_up_to_regex=None, parallel_workers=6, paths=None, symlink_install=False, test_result_base=None, verb_extension=<colcon_core.verb.build.BuildVerb object at 0xffffa34dea30>, verb_name='build', verb_parser=<colcon_defaults.argument_parser.defaults.DefaultArgumentsDecorator object at 0xffffa30dca30>)
[11.388s] Level 1:colcon.colcon_core.package_discovery:discover_packages(colcon_meta) check parameters
[11.389s] Level 1:colcon.colcon_core.package_discovery:discover_packages(recursive) check parameters
[11.389s] Level 1:colcon.colcon_core.package_discovery:discover_packages(ignore) check parameters
[11.389s] Level 1:colcon.colcon_core.package_discovery:discover_packages(path) check parameters
[11.390s] Level 1:colcon.colcon_core.package_discovery:discover_packages(colcon_meta) discover
[11.390s] Level 1:colcon.colcon_core.package_discovery:discover_packages(recursive) discover
[11.390s] INFO:colcon.colcon_core.package_discovery:Crawling recursively for packages in '/home/bb/ros2_ws'
[11.391s] Level 1:colcon.colcon_core.package_identification:_identify(.) by extensions ['ignore', 'ignore_ament_install']
[11.391s] Level 1:colcon.colcon_core.package_identification:_identify(.) by extension 'ignore'
[11.392s] Level 1:colcon.colcon_core.package_identification:_identify(.) by extension 'ignore_ament_install'
[11.392s] Level 1:colcon.colcon_core.package_identification:_identify(.) by extensions ['colcon_pkg']
[11.392s] Level 1:colcon.colcon_core.package_identification:_identify(.) by extension 'colcon_pkg'
[11.393s] Level 1:colcon.colcon_core.package_identification:_identify(.) by extensions ['colcon_meta']
[11.393s] Level 1:colcon.colcon_core.package_identification:_identify(.) by extension 'colcon_meta'
[11.393s] Level 1:colcon.colcon_core.package_identification:_identify(.) by extensions ['ros']
[11.393s] Level 1:colcon.colcon_core.package_identification:_identify(.) by extension 'ros'
[11.450s] Level 1:colcon.colcon_core.package_identification:_identify(.) by extensions ['cmake', 'python']
[11.450s] Level 1:colcon.colcon_core.package_identification:_identify(.) by extension 'cmake'
[11.451s] Level 1:colcon.colcon_core.package_identification:_identify(.) by extension 'python'
[11.451s] Level 1:colcon.colcon_core.package_identification:_identify(.) by extensions ['python_setup_py']
[11.451s] Level 1:colcon.colcon_core.package_identification:_identify(.) by extension 'python_setup_py'
[11.452s] Level 1:colcon.colcon_core.package_identification:_identify(build) by extensions ['ignore', 'ignore_ament_install']
[11.452s] Level 1:colcon.colcon_core.package_identification:_identify(build) by extension 'ignore'
[11.453s] Level 1:colcon.colcon_core.package_identification:_identify(build) ignored
[11.453s] Level 1:colcon.colcon_core.package_identification:_identify(install) by extensions ['ignore', 'ignore_ament_install']
[11.454s] Level 1:colcon.colcon_core.package_identification:_identify(install) by extension 'ignore'
[11.454s] Level 1:colcon.colcon_core.package_identification:_identify(install) ignored
[11.455s] Level 1:colcon.colcon_core.package_identification:_identify(log) by extensions ['ignore', 'ignore_ament_install']
[11.455s] Level 1:colcon.colcon_core.package_identification:_identify(log) by extension 'ignore'
[11.455s] Level 1:colcon.colcon_core.package_identification:_identify(log) ignored
[11.456s] Level 1:colcon.colcon_core.package_identification:_identify(src) by extensions ['ignore', 'ignore_ament_install']
[11.456s] Level 1:colcon.colcon_core.package_identification:_identify(src) by extension 'ignore'
[11.457s] Level 1:colcon.colcon_core.package_identification:_identify(src) by extension 'ignore_ament_install'
[11.457s] Level 1:colcon.colcon_core.package_identification:_identify(src) by extensions ['colcon_pkg']
[11.457s] Level 1:colcon.colcon_core.package_identification:_identify(src) by extension 'colcon_pkg'
[11.457s] Level 1:colcon.colcon_core.package_identification:_identify(src) by extensions ['colcon_meta']
[11.458s] Level 1:colcon.colcon_core.package_identification:_identify(src) by extension 'colcon_meta'
[11.458s] Level 1:colcon.colcon_core.package_identification:_identify(src) by extensions ['ros']
[11.458s] Level 1:colcon.colcon_core.package_identification:_identify(src) by extension 'ros'
[11.458s] Level 1:colcon.colcon_core.package_identification:_identify(src) by extensions ['cmake', 'python']
[11.459s] Level 1:colcon.colcon_core.package_identification:_identify(src) by extension 'cmake'
[11.459s] Level 1:colcon.colcon_core.package_identification:_identify(src) by extension 'python'
[11.459s] Level 1:colcon.colcon_core.package_identification:_identify(src) by extensions ['python_setup_py']
[11.459s] Level 1:colcon.colcon_core.package_identification:_identify(src) by extension 'python_setup_py'
[11.460s] Level 1:colcon.colcon_core.package_identification:_identify(src/acoustic_msg) by extensions ['ignore', 'ignore_ament_install']
[11.460s] Level 1:colcon.colcon_core.package_identification:_identify(src/acoustic_msg) by extension 'ignore'
[11.461s] Level 1:colcon.colcon_core.package_identification:_identify(src/acoustic_msg) by extension 'ignore_ament_install'
[11.461s] Level 1:colcon.colcon_core.package_identification:_identify(src/acoustic_msg) by extensions ['colcon_pkg']
[11.461s] Level 1:colcon.colcon_core.package_identification:_identify(src/acoustic_msg) by extension 'colcon_pkg'
[11.461s] Level 1:colcon.colcon_core.package_identification:_identify(src/acoustic_msg) by extensions ['colcon_meta']
[11.461s] Level 1:colcon.colcon_core.package_identification:_identify(src/acoustic_msg) by extension 'colcon_meta'
[11.462s] Level 1:colcon.colcon_core.package_identification:_identify(src/acoustic_msg) by extensions ['ros']
[11.462s] Level 1:colcon.colcon_core.package_identification:_identify(src/acoustic_msg) by extension 'ros'
[11.473s] DEBUG:colcon.colcon_core.package_identification:Package 'src/acoustic_msg' with type 'ros.ament_cmake' and name 'acoustic_msg'
[11.473s] Level 1:colcon.colcon_core.package_identification:_identify(src/acoustic_sensor) by extensions ['ignore', 'ignore_ament_install']
[11.474s] Level 1:colcon.colcon_core.package_identification:_identify(src/acoustic_sensor) by extension 'ignore'
[11.474s] Level 1:colcon.colcon_core.package_identification:_identify(src/acoustic_sensor) by extension 'ignore_ament_install'
[11.474s] Level 1:colcon.colcon_core.package_identification:_identify(src/acoustic_sensor) by extensions ['colcon_pkg']
[11.475s] Level 1:colcon.colcon_core.package_identification:_identify(src/acoustic_sensor) by extension 'colcon_pkg'
[11.475s] Level 1:colcon.colcon_core.package_identification:_identify(src/acoustic_sensor) by extensions ['colcon_meta']
[11.475s] Level 1:colcon.colcon_core.package_identification:_identify(src/acoustic_sensor) by extension 'colcon_meta'
[11.475s] Level 1:colcon.colcon_core.package_identification:_identify(src/acoustic_sensor) by extensions ['ros']
[11.475s] Level 1:colcon.colcon_core.package_identification:_identify(src/acoustic_sensor) by extension 'ros'
[11.478s] DEBUG:colcon.colcon_core.package_identification:Package 'src/acoustic_sensor' with type 'ros.ament_python' and name 'acoustic_sensor'
[11.478s] Level 1:colcon.colcon_core.package_identification:_identify(src/build) by extensions ['ignore', 'ignore_ament_install']
[11.479s] Level 1:colcon.colcon_core.package_identification:_identify(src/build) by extension 'ignore'
[11.479s] Level 1:colcon.colcon_core.package_identification:_identify(src/build) ignored
[11.479s] Level 1:colcon.colcon_core.package_identification:_identify(src/depth_sensor) by extensions ['ignore', 'ignore_ament_install']
[11.480s] Level 1:colcon.colcon_core.package_identification:_identify(src/depth_sensor) by extension 'ignore'
[11.480s] Level 1:colcon.colcon_core.package_identification:_identify(src/depth_sensor) by extension 'ignore_ament_install'
[11.480s] Level 1:colcon.colcon_core.package_identification:_identify(src/depth_sensor) by extensions ['colcon_pkg']
[11.481s] Level 1:colcon.colcon_core.package_identification:_identify(src/depth_sensor) by extension 'colcon_pkg'
[11.481s] Level 1:colcon.colcon_core.package_identification:_identify(src/depth_sensor) by extensions ['colcon_meta']
[11.481s] Level 1:colcon.colcon_core.package_identification:_identify(src/depth_sensor) by extension 'colcon_meta'
[11.481s] Level 1:colcon.colcon_core.package_identification:_identify(src/depth_sensor) by extensions ['ros']
[11.482s] Level 1:colcon.colcon_core.package_identification:_identify(src/depth_sensor) by extension 'ros'
[11.483s] DEBUG:colcon.colcon_core.package_identification:Package 'src/depth_sensor' with type 'ros.ament_python' and name 'depth_sensor'
[11.484s] Level 1:colcon.colcon_core.package_identification:_identify(src/imu_sensor) by extensions ['ignore', 'ignore_ament_install']
[11.484s] Level 1:colcon.colcon_core.package_identification:_identify(src/imu_sensor) by extension 'ignore'
[11.485s] Level 1:colcon.colcon_core.package_identification:_identify(src/imu_sensor) by extension 'ignore_ament_install'
[11.485s] Level 1:colcon.colcon_core.package_identification:_identify(src/imu_sensor) by extensions ['colcon_pkg']
[11.485s] Level 1:colcon.colcon_core.package_identification:_identify(src/imu_sensor) by extension 'colcon_pkg'
[11.485s] Level 1:colcon.colcon_core.package_identification:_identify(src/imu_sensor) by extensions ['colcon_meta']
[11.486s] Level 1:colcon.colcon_core.package_identification:_identify(src/imu_sensor) by extension 'colcon_meta'
[11.486s] Level 1:colcon.colcon_core.package_identification:_identify(src/imu_sensor) by extensions ['ros']
[11.486s] Level 1:colcon.colcon_core.package_identification:_identify(src/imu_sensor) by extension 'ros'
[11.488s] DEBUG:colcon.colcon_core.package_identification:Package 'src/imu_sensor' with type 'ros.ament_python' and name 'imu_sensor'
[11.489s] Level 1:colcon.colcon_core.package_identification:_identify(src/install) by extensions ['ignore', 'ignore_ament_install']
[11.489s] Level 1:colcon.colcon_core.package_identification:_identify(src/install) by extension 'ignore'
[11.489s] Level 1:colcon.colcon_core.package_identification:_identify(src/install) ignored
[11.490s] Level 1:colcon.colcon_core.package_identification:_identify(src/log) by extensions ['ignore', 'ignore_ament_install']
[11.490s] Level 1:colcon.colcon_core.package_identification:_identify(src/log) by extension 'ignore'
[11.491s] Level 1:colcon.colcon_core.package_identification:_identify(src/log) ignored
[11.491s] Level 1:colcon.colcon_core.package_identification:_identify(src/test141123) by extensions ['ignore', 'ignore_ament_install']
[11.491s] Level 1:colcon.colcon_core.package_identification:_identify(src/test141123) by extension 'ignore'
[11.492s] Level 1:colcon.colcon_core.package_identification:_identify(src/test141123) by extension 'ignore_ament_install'
[11.492s] Level 1:colcon.colcon_core.package_identification:_identify(src/test141123) by extensions ['colcon_pkg']
[11.492s] Level 1:colcon.colcon_core.package_identification:_identify(src/test141123) by extension 'colcon_pkg'
[11.492s] Level 1:colcon.colcon_core.package_identification:_identify(src/test141123) by extensions ['colcon_meta']
[11.493s] Level 1:colcon.colcon_core.package_identification:_identify(src/test141123) by extension 'colcon_meta'
[11.493s] Level 1:colcon.colcon_core.package_identification:_identify(src/test141123) by extensions ['ros']
[11.493s] Level 1:colcon.colcon_core.package_identification:_identify(src/test141123) by extension 'ros'
[11.496s] DEBUG:colcon.colcon_core.package_identification:Package 'src/test141123' with type 'ros.ament_python' and name 'test141123'
[11.496s] Level 1:colcon.colcon_core.package_discovery:discover_packages(recursive) using defaults
[11.496s] Level 1:colcon.colcon_core.package_discovery:discover_packages(ignore) discover
[11.497s] Level 1:colcon.colcon_core.package_discovery:discover_packages(ignore) using defaults
[11.497s] Level 1:colcon.colcon_core.package_discovery:discover_packages(path) discover
[11.497s] Level 1:colcon.colcon_core.package_discovery:discover_packages(path) using defaults
[12.116s] INFO:colcon.colcon_core.package_selection:Skipping not selected package 'acoustic_msg' in 'src/acoustic_msg'
[12.117s] INFO:colcon.colcon_core.package_selection:Skipping not selected package 'acoustic_sensor' in 'src/acoustic_sensor'
[12.117s] INFO:colcon.colcon_core.package_selection:Skipping not selected package 'imu_sensor' in 'src/imu_sensor'
[12.117s] INFO:colcon.colcon_core.package_selection:Skipping not selected package 'test141123' in 'src/test141123'
[12.471s] Level 1:colcon.colcon_core.package_discovery:discover_packages(prefix_path) check parameters
[12.472s] Level 1:colcon.colcon_core.package_discovery:discover_packages(prefix_path) discover
[12.841s] DEBUG:colcon.colcon_installed_package_information.package_discovery:Found 6 installed packages in /home/bb/ros2_ws/install
[13.028s] DEBUG:colcon.colcon_installed_package_information.package_discovery:Found 308 installed packages in /opt/ros/humble
[13.038s] Level 1:colcon.colcon_core.package_discovery:discover_packages(prefix_path) using defaults
[13.916s] Level 5:colcon.colcon_core.verb:set package 'depth_sensor' build argument 'cmake_args' from command line to 'None'
[13.917s] Level 5:colcon.colcon_core.verb:set package 'depth_sensor' build argument 'cmake_target' from command line to 'None'
[13.917s] Level 5:colcon.colcon_core.verb:set package 'depth_sensor' build argument 'cmake_target_skip_unavailable' from command line to 'False'
[13.917s] Level 5:colcon.colcon_core.verb:set package 'depth_sensor' build argument 'cmake_clean_cache' from command line to 'False'
[13.917s] Level 5:colcon.colcon_core.verb:set package 'depth_sensor' build argument 'cmake_clean_first' from command line to 'False'
[13.917s] Level 5:colcon.colcon_core.verb:set package 'depth_sensor' build argument 'cmake_force_configure' from command line to 'False'
[13.917s] Level 5:colcon.colcon_core.verb:set package 'depth_sensor' build argument 'ament_cmake_args' from command line to 'None'
[13.918s] Level 5:colcon.colcon_core.verb:set package 'depth_sensor' build argument 'catkin_cmake_args' from command line to 'None'
[13.918s] Level 5:colcon.colcon_core.verb:set package 'depth_sensor' build argument 'catkin_skip_building_tests' from command line to 'False'
[13.918s] DEBUG:colcon.colcon_core.verb:Building package 'depth_sensor' with the following arguments: {'ament_cmake_args': None, 'build_base': '/home/bb/ros2_ws/build/depth_sensor', 'catkin_cmake_args': None, 'catkin_skip_building_tests': False, 'cmake_args': None, 'cmake_clean_cache': False, 'cmake_clean_first': False, 'cmake_force_configure': False, 'cmake_target': None, 'cmake_target_skip_unavailable': False, 'install_base': '/home/bb/ros2_ws/install/depth_sensor', 'merge_install': False, 'path': '/home/bb/ros2_ws/src/depth_sensor', 'symlink_install': False, 'test_result_base': None}
[14.096s] INFO:colcon.colcon_core.executor:Executing jobs using 'parallel' executor
[14.278s] DEBUG:colcon.colcon_parallel_executor.executor.parallel:run_until_complete
[14.280s] INFO:colcon.colcon_ros.task.ament_python.build:Building ROS package in '/home/bb/ros2_ws/src/depth_sensor' with build type 'ament_python'
[14.280s] Level 1:colcon.colcon_core.shell:create_environment_hook('depth_sensor', 'ament_prefix_path')
[14.480s] INFO:colcon.colcon_core.plugin_system:Skipping extension 'colcon_core.shell.bat': Not used on non-Windows systems
[14.482s] INFO:colcon.colcon_core.shell:Creating environment hook '/home/bb/ros2_ws/install/depth_sensor/share/depth_sensor/hook/ament_prefix_path.ps1'
[14.484s] INFO:colcon.colcon_core.shell:Creating environment descriptor '/home/bb/ros2_ws/install/depth_sensor/share/depth_sensor/hook/ament_prefix_path.dsv'
[14.486s] INFO:colcon.colcon_core.shell:Creating environment hook '/home/bb/ros2_ws/install/depth_sensor/share/depth_sensor/hook/ament_prefix_path.sh'
[14.674s] INFO:colcon.colcon_core.shell:Skip shell extension 'powershell' for command environment: Not usable outside of PowerShell
[14.674s] DEBUG:colcon.colcon_core.shell:Skip shell extension 'dsv' for command environment
[16.580s] INFO:colcon.colcon_core.task.python.build:Building Python package in '/home/bb/ros2_ws/src/depth_sensor'
[16.793s] INFO:colcon.colcon_core.shell:Skip shell extension 'powershell' for command environment: Not usable outside of PowerShell
[16.793s] DEBUG:colcon.colcon_core.shell:Skip shell extension 'dsv' for command environment
[19.499s] DEBUG:colcon.colcon_core.event_handler.log_command:Invoking command in '/home/bb/ros2_ws/src/depth_sensor': PYTHONPATH=/home/bb/ros2_ws/build/depth_sensor/prefix_override:/home/bb/ros2_ws/install/depth_sensor/lib/python3.8/site-packages:${PYTHONPATH} /usr/bin/python3 setup.py egg_info --egg-base ../../build/depth_sensor build --build-base /home/bb/ros2_ws/build/depth_sensor/build install --record /home/bb/ros2_ws/build/depth_sensor/install.log --single-version-externally-managed
[21.197s] DEBUG:colcon.colcon_core.event_handler.log_command:Invoked command in '/home/bb/ros2_ws/src/depth_sensor' returned '0': PYTHONPATH=/home/bb/ros2_ws/build/depth_sensor/prefix_override:/home/bb/ros2_ws/install/depth_sensor/lib/python3.8/site-packages:${PYTHONPATH} /usr/bin/python3 setup.py egg_info --egg-base ../../build/depth_sensor build --build-base /home/bb/ros2_ws/build/depth_sensor/build install --record /home/bb/ros2_ws/build/depth_sensor/install.log --single-version-externally-managed
[21.410s] Level 1:colcon.colcon_core.environment:checking '/home/bb/ros2_ws/install/depth_sensor' for CMake module files
[21.413s] Level 1:colcon.colcon_core.environment:checking '/home/bb/ros2_ws/install/depth_sensor' for CMake config files
[21.418s] Level 1:colcon.colcon_core.environment:checking '/home/bb/ros2_ws/install/depth_sensor/lib'
[21.419s] Level 1:colcon.colcon_core.environment:checking '/home/bb/ros2_ws/install/depth_sensor/bin'
[21.419s] Level 1:colcon.colcon_core.environment:checking '/home/bb/ros2_ws/install/depth_sensor/lib/pkgconfig/depth_sensor.pc'
[21.421s] Level 1:colcon.colcon_core.environment:checking '/home/bb/ros2_ws/install/depth_sensor/lib/python3.8/site-packages'
[21.422s] Level 1:colcon.colcon_core.shell:create_environment_hook('depth_sensor', 'pythonpath')
[21.608s] INFO:colcon.colcon_core.shell:Creating environment hook '/home/bb/ros2_ws/install/depth_sensor/share/depth_sensor/hook/pythonpath.ps1'
[21.612s] INFO:colcon.colcon_core.shell:Creating environment descriptor '/home/bb/ros2_ws/install/depth_sensor/share/depth_sensor/hook/pythonpath.dsv'
[21.613s] INFO:colcon.colcon_core.shell:Creating environment hook '/home/bb/ros2_ws/install/depth_sensor/share/depth_sensor/hook/pythonpath.sh'
[21.616s] Level 1:colcon.colcon_core.environment:checking '/home/bb/ros2_ws/install/depth_sensor/bin'
[21.616s] Level 1:colcon.colcon_core.environment:create_environment_scripts_only(depth_sensor)
[21.803s] INFO:colcon.colcon_core.shell:Creating package script '/home/bb/ros2_ws/install/depth_sensor/share/depth_sensor/package.ps1'
[21.807s] INFO:colcon.colcon_core.shell:Creating package descriptor '/home/bb/ros2_ws/install/depth_sensor/share/depth_sensor/package.dsv'
[21.810s] INFO:colcon.colcon_core.shell:Creating package script '/home/bb/ros2_ws/install/depth_sensor/share/depth_sensor/package.sh'
[21.814s] INFO:colcon.colcon_core.shell:Creating package script '/home/bb/ros2_ws/install/depth_sensor/share/depth_sensor/package.bash'
[21.817s] INFO:colcon.colcon_core.shell:Creating package script '/home/bb/ros2_ws/install/depth_sensor/share/depth_sensor/package.zsh'
[21.820s] Level 1:colcon.colcon_core.environment:create_file_with_runtime_dependencies(/home/bb/ros2_ws/install/depth_sensor/share/colcon-core/packages/depth_sensor)
[21.822s] DEBUG:colcon.colcon_parallel_executor.executor.parallel:closing loop
[21.825s] DEBUG:colcon.colcon_parallel_executor.executor.parallel:loop closed
[21.825s] DEBUG:colcon.colcon_parallel_executor.executor.parallel:run_until_complete finished with '0'
[21.826s] DEBUG:colcon.colcon_core.event_reactor:joining thread
[22.038s] INFO:colcon.colcon_core.plugin_system:Skipping extension 'colcon_notification.desktop_notification.terminal_notifier': Not used on non-Darwin systems
[22.039s] INFO:colcon.colcon_core.plugin_system:Skipping extension 'colcon_notification.desktop_notification.win32': Not used on non-Windows systems
[22.039s] INFO:colcon.colcon_notification.desktop_notification:Sending desktop notification using 'notify2'
[22.132s] DEBUG:colcon.colcon_core.event_reactor:joined thread
[22.321s] INFO:colcon.colcon_core.shell:Creating prefix script '/home/bb/ros2_ws/install/local_setup.ps1'
[22.325s] INFO:colcon.colcon_core.shell:Creating prefix util module '/home/bb/ros2_ws/install/_local_setup_util_ps1.py'
[22.331s] INFO:colcon.colcon_core.shell:Creating prefix chain script '/home/bb/ros2_ws/install/setup.ps1'
[22.517s] INFO:colcon.colcon_core.shell:Creating prefix script '/home/bb/ros2_ws/install/local_setup.sh'
[22.520s] INFO:colcon.colcon_core.shell:Creating prefix util module '/home/bb/ros2_ws/install/_local_setup_util_sh.py'
[22.522s] INFO:colcon.colcon_core.shell:Creating prefix chain script '/home/bb/ros2_ws/install/setup.sh'
[22.709s] INFO:colcon.colcon_core.shell:Creating prefix script '/home/bb/ros2_ws/install/local_setup.bash'
[22.711s] INFO:colcon.colcon_core.shell:Creating prefix chain script '/home/bb/ros2_ws/install/setup.bash'
[22.896s] INFO:colcon.colcon_core.shell:Creating prefix script '/home/bb/ros2_ws/install/local_setup.zsh'
[22.898s] INFO:colcon.colcon_core.shell:Creating prefix chain script '/home/bb/ros2_ws/install/setup.zsh'
