running egg_info
writing ../../build/imu_sensor/imu_sensor.egg-info/PKG-INFO
writing dependency_links to ../../build/imu_sensor/imu_sensor.egg-info/dependency_links.txt
writing entry points to ../../build/imu_sensor/imu_sensor.egg-info/entry_points.txt
writing requirements to ../../build/imu_sensor/imu_sensor.egg-info/requires.txt
writing top-level names to ../../build/imu_sensor/imu_sensor.egg-info/top_level.txt
reading manifest file '../../build/imu_sensor/imu_sensor.egg-info/SOURCES.txt'
writing manifest file '../../build/imu_sensor/imu_sensor.egg-info/SOURCES.txt'
running build
running build_py
copying imu_sensor/publisher.py -> /home/bb/ros2_ws/build/imu_sensor/build/lib/imu_sensor
copying imu_sensor/__init__.py -> /home/bb/ros2_ws/build/imu_sensor/build/lib/imu_sensor
running install
running install_lib
creating /home/bb/ros2_ws/install/imu_sensor/lib/python3.8/site-packages/imu_sensor
copying /home/bb/ros2_ws/build/imu_sensor/build/lib/imu_sensor/publisher.py -> /home/bb/ros2_ws/install/imu_sensor/lib/python3.8/site-packages/imu_sensor
copying /home/bb/ros2_ws/build/imu_sensor/build/lib/imu_sensor/__init__.py -> /home/bb/ros2_ws/install/imu_sensor/lib/python3.8/site-packages/imu_sensor
byte-compiling /home/bb/ros2_ws/install/imu_sensor/lib/python3.8/site-packages/imu_sensor/publisher.py to publisher.cpython-38.pyc
byte-compiling /home/bb/ros2_ws/install/imu_sensor/lib/python3.8/site-packages/imu_sensor/__init__.py to __init__.cpython-38.pyc
running install_data
running install_egg_info
Copying ../../build/imu_sensor/imu_sensor.egg-info to /home/bb/ros2_ws/install/imu_sensor/lib/python3.8/site-packages/imu_sensor-0.0.0-py3.8.egg-info
running install_scripts
Installing publisher script to /home/bb/ros2_ws/install/imu_sensor/lib/imu_sensor
writing list of installed files to '/home/bb/ros2_ws/build/imu_sensor/install.log'
