-- The C compiler identification is GNU 9.4.0
-- The CXX compiler identification is GNU 9.4.0
-- Check for working C compiler: /usr/bin/cc
-- Check for working C compiler: /usr/bin/cc -- works
-- Detecting C compiler ABI info
-- Detecting C compiler ABI info - done
-- Detecting C compile features
-- Detecting C compile features - done
-- Check for working CXX compiler: /usr/bin/c++
-- Check for working CXX compiler: /usr/bin/c++ -- works
-- Detecting CXX compiler ABI info
-- Detecting CXX compiler ABI info - done
-- Detecting CXX compile features
-- Detecting CXX compile features - done
-- Found ament_cmake: 1.3.6 (/opt/ros/humble/share/ament_cmake/cmake)
-- Found Python3: /usr/bin/python3.9 (found version "3.9.5") found components: Interpreter 
-- Found geometry_msgs: 4.2.3 (/opt/ros/humble/share/geometry_msgs/cmake)
-- Found rosidl_generator_c: 3.1.5 (/opt/ros/humble/share/rosidl_generator_c/cmake)
-- Found rosidl_adapter: 3.1.5 (/opt/ros/humble/share/rosidl_adapter/cmake)
-- Found rosidl_generator_cpp: 3.1.5 (/opt/ros/humble/share/rosidl_generator_cpp/cmake)
-- Using all available rosidl_typesupport_c: rosidl_typesupport_fastrtps_c;rosidl_typesupport_introspection_c
-- Using all available rosidl_typesupport_cpp: rosidl_typesupport_fastrtps_cpp;rosidl_typesupport_introspection_cpp
-- Found rosidl_default_generators: 1.2.0 (/opt/ros/humble/share/rosidl_default_generators/cmake)
-- Found ament_cmake_ros: 0.10.0 (/opt/ros/humble/share/ament_cmake_ros/cmake)
-- Using all available rosidl_typesupport_c: rosidl_typesupport_fastrtps_c;rosidl_typesupport_introspection_c
-- Using all available rosidl_typesupport_cpp: rosidl_typesupport_fastrtps_cpp;rosidl_typesupport_introspection_cpp
-- Found PythonInterp: /usr/bin/python3 (found suitable version "3.8.10", minimum required is "3.6") 
-- Found python_cmake_module: 0.10.0 (/opt/ros/humble/share/python_cmake_module/cmake)
-- Found PythonLibs: /usr/lib/aarch64-linux-gnu/libpython3.8.so (found suitable version "3.8.10", minimum required is "3.5") 
-- Using PYTHON_EXECUTABLE: /usr/bin/python3
-- Using PYTHON_INCLUDE_DIRS: /usr/include/python3.8
-- Using PYTHON_LIBRARIES: /usr/lib/aarch64-linux-gnu/libpython3.8.so
-- Found PythonExtra: .so  
-- Found ament_lint_auto: 0.12.9 (/opt/ros/humble/share/ament_lint_auto/cmake)
-- Added test 'lint_cmake' to check CMake code style
-- Added test 'xmllint' to check XML markup files
-- Configuring done
-- Generating done
-- Build files have been written to: /home/bb/ros2_ws/build/linear_acceleration_msg
[  3%] [34m[1mGenerating C code for ROS interfaces[0m
[35m[1mScanning dependencies of target linear_acceleration_msg__cpp[0m
[35m[1mScanning dependencies of target ament_cmake_python_copy_linear_acceleration_msg[0m
[  6%] [34m[1mGenerating C++ code for ROS interfaces[0m
[  6%] Built target ament_cmake_python_copy_linear_acceleration_msg
[35m[1mScanning dependencies of target ament_cmake_python_build_linear_acceleration_msg_egg[0m
[  6%] Built target linear_acceleration_msg__cpp
[  9%] [34m[1mGenerating C++ type support for eProsima Fast-RTPS[0m
[ 12%] [34m[1mGenerating C++ type support dispatch for ROS interfaces[0m
[ 16%] [34m[1mGenerating C++ introspection for ROS interfaces[0m
[35m[1mScanning dependencies of target linear_acceleration_msg__rosidl_generator_c[0m
[ 19%] [32mBuilding C object CMakeFiles/linear_acceleration_msg__rosidl_generator_c.dir/rosidl_generator_c/linear_acceleration_msg/msg/detail/acceleration__functions.c.o[0m
[ 22%] [32m[1mLinking C shared library liblinear_acceleration_msg__rosidl_generator_c.so[0m
[ 22%] Built target linear_acceleration_msg__rosidl_generator_c
[ 25%] [34m[1mGenerating C type support dispatch for ROS interfaces[0m
[ 29%] [34m[1mGenerating C type support for eProsima Fast-RTPS[0m
running egg_info
creating linear_acceleration_msg.egg-info
writing linear_acceleration_msg.egg-info/PKG-INFO
writing dependency_links to linear_acceleration_msg.egg-info/dependency_links.txt
writing top-level names to linear_acceleration_msg.egg-info/top_level.txt
writing manifest file 'linear_acceleration_msg.egg-info/SOURCES.txt'
[35m[1mScanning dependencies of target linear_acceleration_msg__rosidl_typesupport_introspection_cpp[0m
[ 32%] [32mBuilding CXX object CMakeFiles/linear_acceleration_msg__rosidl_typesupport_introspection_cpp.dir/rosidl_typesupport_introspection_cpp/linear_acceleration_msg/msg/detail/acceleration__type_support.cpp.o[0m
[35m[1mScanning dependencies of target linear_acceleration_msg__rosidl_typesupport_cpp[0m
[35m[1mScanning dependencies of target linear_acceleration_msg__rosidl_typesupport_fastrtps_cpp[0m
reading manifest file 'linear_acceleration_msg.egg-info/SOURCES.txt'
writing manifest file 'linear_acceleration_msg.egg-info/SOURCES.txt'
[ 35%] [32mBuilding CXX object CMakeFiles/linear_acceleration_msg__rosidl_typesupport_cpp.dir/rosidl_typesupport_cpp/linear_acceleration_msg/msg/acceleration__type_support.cpp.o[0m
[ 38%] [32mBuilding CXX object CMakeFiles/linear_acceleration_msg__rosidl_typesupport_fastrtps_cpp.dir/rosidl_typesupport_fastrtps_cpp/linear_acceleration_msg/msg/detail/dds_fastrtps/acceleration__type_support.cpp.o[0m
[ 38%] Built target ament_cmake_python_build_linear_acceleration_msg_egg
[ 41%] [34m[1mGenerating C introspection for ROS interfaces[0m
[35m[1mScanning dependencies of target linear_acceleration_msg__rosidl_typesupport_c[0m
[ 45%] [32mBuilding CXX object CMakeFiles/linear_acceleration_msg__rosidl_typesupport_c.dir/rosidl_typesupport_c/linear_acceleration_msg/msg/acceleration__type_support.cpp.o[0m
[35m[1mScanning dependencies of target linear_acceleration_msg__rosidl_typesupport_fastrtps_c[0m
[ 48%] [32mBuilding CXX object CMakeFiles/linear_acceleration_msg__rosidl_typesupport_fastrtps_c.dir/rosidl_typesupport_fastrtps_c/linear_acceleration_msg/msg/detail/acceleration__type_support_c.cpp.o[0m
[ 51%] [32m[1mLinking CXX shared library liblinear_acceleration_msg__rosidl_typesupport_c.so[0m
[ 51%] Built target linear_acceleration_msg__rosidl_typesupport_c
[35m[1mScanning dependencies of target linear_acceleration_msg__rosidl_typesupport_introspection_c[0m
[ 54%] [32mBuilding C object CMakeFiles/linear_acceleration_msg__rosidl_typesupport_introspection_c.dir/rosidl_typesupport_introspection_c/linear_acceleration_msg/msg/detail/acceleration__type_support.c.o[0m
[ 58%] [32m[1mLinking CXX shared library liblinear_acceleration_msg__rosidl_typesupport_cpp.so[0m
[ 61%] [32m[1mLinking C shared library liblinear_acceleration_msg__rosidl_typesupport_introspection_c.so[0m
[ 61%] Built target linear_acceleration_msg__rosidl_typesupport_cpp
[ 61%] Built target linear_acceleration_msg__rosidl_typesupport_introspection_c
[ 64%] [32m[1mLinking CXX shared library liblinear_acceleration_msg__rosidl_typesupport_introspection_cpp.so[0m
[ 64%] Built target linear_acceleration_msg__rosidl_typesupport_introspection_cpp
[ 67%] [32m[1mLinking CXX shared library liblinear_acceleration_msg__rosidl_typesupport_fastrtps_c.so[0m
[ 70%] [32m[1mLinking CXX shared library liblinear_acceleration_msg__rosidl_typesupport_fastrtps_cpp.so[0m
[ 70%] Built target linear_acceleration_msg__rosidl_typesupport_fastrtps_c
[ 70%] Built target linear_acceleration_msg__rosidl_typesupport_fastrtps_cpp
[35m[1mScanning dependencies of target linear_acceleration_msg[0m
[ 70%] Built target linear_acceleration_msg
[35m[1mScanning dependencies of target linear_acceleration_msg__py[0m
[ 74%] [34m[1mGenerating Python code for ROS interfaces[0m
[ 74%] Built target linear_acceleration_msg__py
[35m[1mScanning dependencies of target linear_acceleration_msg__rosidl_generator_py[0m
[ 77%] [32mBuilding C object CMakeFiles/linear_acceleration_msg__rosidl_generator_py.dir/rosidl_generator_py/linear_acceleration_msg/msg/_acceleration_s.c.o[0m
[ 80%] [32m[1mLinking C shared library rosidl_generator_py/linear_acceleration_msg/liblinear_acceleration_msg__rosidl_generator_py.so[0m
[ 80%] Built target linear_acceleration_msg__rosidl_generator_py
[35m[1mScanning dependencies of target linear_acceleration_msg__rosidl_typesupport_introspection_c__pyext[0m
[35m[1mScanning dependencies of target linear_acceleration_msg__rosidl_typesupport_c__pyext[0m
[35m[1mScanning dependencies of target linear_acceleration_msg__rosidl_typesupport_fastrtps_c__pyext[0m
[ 83%] [32mBuilding C object CMakeFiles/linear_acceleration_msg__rosidl_typesupport_introspection_c__pyext.dir/rosidl_generator_py/linear_acceleration_msg/_linear_acceleration_msg_s.ep.rosidl_typesupport_introspection_c.c.o[0m
[ 87%] [32mBuilding C object CMakeFiles/linear_acceleration_msg__rosidl_typesupport_c__pyext.dir/rosidl_generator_py/linear_acceleration_msg/_linear_acceleration_msg_s.ep.rosidl_typesupport_c.c.o[0m
[ 90%] [32mBuilding C object CMakeFiles/linear_acceleration_msg__rosidl_typesupport_fastrtps_c__pyext.dir/rosidl_generator_py/linear_acceleration_msg/_linear_acceleration_msg_s.ep.rosidl_typesupport_fastrtps_c.c.o[0m
[ 93%] [32m[1mLinking C shared library rosidl_generator_py/linear_acceleration_msg/linear_acceleration_msg_s__rosidl_typesupport_introspection_c.cpython-38-aarch64-linux-gnu.so[0m
[ 96%] [32m[1mLinking C shared library rosidl_generator_py/linear_acceleration_msg/linear_acceleration_msg_s__rosidl_typesupport_c.cpython-38-aarch64-linux-gnu.so[0m
[100%] [32m[1mLinking C shared library rosidl_generator_py/linear_acceleration_msg/linear_acceleration_msg_s__rosidl_typesupport_fastrtps_c.cpython-38-aarch64-linux-gnu.so[0m
[100%] Built target linear_acceleration_msg__rosidl_typesupport_introspection_c__pyext
[100%] Built target linear_acceleration_msg__rosidl_typesupport_c__pyext
[100%] Built target linear_acceleration_msg__rosidl_typesupport_fastrtps_c__pyext
-- Install configuration: ""
-- Installing: /home/bb/ros2_ws/install/linear_acceleration_msg/share/ament_index/resource_index/rosidl_interfaces/linear_acceleration_msg
-- Installing: /home/bb/ros2_ws/install/linear_acceleration_msg/include/linear_acceleration_msg/linear_acceleration_msg
-- Installing: /home/bb/ros2_ws/install/linear_acceleration_msg/include/linear_acceleration_msg/linear_acceleration_msg/msg
-- Installing: /home/bb/ros2_ws/install/linear_acceleration_msg/include/linear_acceleration_msg/linear_acceleration_msg/msg/rosidl_generator_c__visibility_control.h
-- Installing: /home/bb/ros2_ws/install/linear_acceleration_msg/include/linear_acceleration_msg/linear_acceleration_msg/msg/acceleration.h
-- Installing: /home/bb/ros2_ws/install/linear_acceleration_msg/include/linear_acceleration_msg/linear_acceleration_msg/msg/detail
-- Installing: /home/bb/ros2_ws/install/linear_acceleration_msg/include/linear_acceleration_msg/linear_acceleration_msg/msg/detail/acceleration__functions.c
-- Installing: /home/bb/ros2_ws/install/linear_acceleration_msg/include/linear_acceleration_msg/linear_acceleration_msg/msg/detail/acceleration__type_support.h
-- Installing: /home/bb/ros2_ws/install/linear_acceleration_msg/include/linear_acceleration_msg/linear_acceleration_msg/msg/detail/acceleration__struct.h
-- Installing: /home/bb/ros2_ws/install/linear_acceleration_msg/include/linear_acceleration_msg/linear_acceleration_msg/msg/detail/acceleration__functions.h
-- Installing: /home/bb/ros2_ws/install/linear_acceleration_msg/share/linear_acceleration_msg/environment/library_path.sh
-- Installing: /home/bb/ros2_ws/install/linear_acceleration_msg/share/linear_acceleration_msg/environment/library_path.dsv
-- Installing: /home/bb/ros2_ws/install/linear_acceleration_msg/lib/liblinear_acceleration_msg__rosidl_generator_c.so
-- Set runtime path of "/home/bb/ros2_ws/install/linear_acceleration_msg/lib/liblinear_acceleration_msg__rosidl_generator_c.so" to ""
-- Up-to-date: /home/bb/ros2_ws/install/linear_acceleration_msg/include/linear_acceleration_msg/linear_acceleration_msg
-- Up-to-date: /home/bb/ros2_ws/install/linear_acceleration_msg/include/linear_acceleration_msg/linear_acceleration_msg/msg
-- Installing: /home/bb/ros2_ws/install/linear_acceleration_msg/include/linear_acceleration_msg/linear_acceleration_msg/msg/rosidl_typesupport_fastrtps_c__visibility_control.h
-- Up-to-date: /home/bb/ros2_ws/install/linear_acceleration_msg/include/linear_acceleration_msg/linear_acceleration_msg/msg/detail
-- Installing: /home/bb/ros2_ws/install/linear_acceleration_msg/include/linear_acceleration_msg/linear_acceleration_msg/msg/detail/acceleration__rosidl_typesupport_fastrtps_c.h
-- Installing: /home/bb/ros2_ws/install/linear_acceleration_msg/lib/liblinear_acceleration_msg__rosidl_typesupport_fastrtps_c.so
-- Set runtime path of "/home/bb/ros2_ws/install/linear_acceleration_msg/lib/liblinear_acceleration_msg__rosidl_typesupport_fastrtps_c.so" to ""
-- Up-to-date: /home/bb/ros2_ws/install/linear_acceleration_msg/include/linear_acceleration_msg/linear_acceleration_msg
-- Up-to-date: /home/bb/ros2_ws/install/linear_acceleration_msg/include/linear_acceleration_msg/linear_acceleration_msg/msg
-- Installing: /home/bb/ros2_ws/install/linear_acceleration_msg/include/linear_acceleration_msg/linear_acceleration_msg/msg/acceleration.hpp
-- Up-to-date: /home/bb/ros2_ws/install/linear_acceleration_msg/include/linear_acceleration_msg/linear_acceleration_msg/msg/detail
-- Installing: /home/bb/ros2_ws/install/linear_acceleration_msg/include/linear_acceleration_msg/linear_acceleration_msg/msg/detail/acceleration__struct.hpp
-- Installing: /home/bb/ros2_ws/install/linear_acceleration_msg/include/linear_acceleration_msg/linear_acceleration_msg/msg/detail/acceleration__builder.hpp
-- Installing: /home/bb/ros2_ws/install/linear_acceleration_msg/include/linear_acceleration_msg/linear_acceleration_msg/msg/detail/acceleration__traits.hpp
-- Up-to-date: /home/bb/ros2_ws/install/linear_acceleration_msg/include/linear_acceleration_msg/linear_acceleration_msg
-- Up-to-date: /home/bb/ros2_ws/install/linear_acceleration_msg/include/linear_acceleration_msg/linear_acceleration_msg/msg
-- Installing: /home/bb/ros2_ws/install/linear_acceleration_msg/include/linear_acceleration_msg/linear_acceleration_msg/msg/rosidl_typesupport_fastrtps_cpp__visibility_control.h
-- Up-to-date: /home/bb/ros2_ws/install/linear_acceleration_msg/include/linear_acceleration_msg/linear_acceleration_msg/msg/detail
-- Installing: /home/bb/ros2_ws/install/linear_acceleration_msg/include/linear_acceleration_msg/linear_acceleration_msg/msg/detail/acceleration__rosidl_typesupport_fastrtps_cpp.hpp
-- Installing: /home/bb/ros2_ws/install/linear_acceleration_msg/include/linear_acceleration_msg/linear_acceleration_msg/msg/detail/dds_fastrtps
-- Installing: /home/bb/ros2_ws/install/linear_acceleration_msg/lib/liblinear_acceleration_msg__rosidl_typesupport_fastrtps_cpp.so
-- Set runtime path of "/home/bb/ros2_ws/install/linear_acceleration_msg/lib/liblinear_acceleration_msg__rosidl_typesupport_fastrtps_cpp.so" to ""
-- Up-to-date: /home/bb/ros2_ws/install/linear_acceleration_msg/include/linear_acceleration_msg/linear_acceleration_msg
-- Up-to-date: /home/bb/ros2_ws/install/linear_acceleration_msg/include/linear_acceleration_msg/linear_acceleration_msg/msg
-- Installing: /home/bb/ros2_ws/install/linear_acceleration_msg/include/linear_acceleration_msg/linear_acceleration_msg/msg/rosidl_typesupport_introspection_c__visibility_control.h
-- Up-to-date: /home/bb/ros2_ws/install/linear_acceleration_msg/include/linear_acceleration_msg/linear_acceleration_msg/msg/detail
-- Installing: /home/bb/ros2_ws/install/linear_acceleration_msg/include/linear_acceleration_msg/linear_acceleration_msg/msg/detail/acceleration__type_support.c
-- Installing: /home/bb/ros2_ws/install/linear_acceleration_msg/include/linear_acceleration_msg/linear_acceleration_msg/msg/detail/acceleration__rosidl_typesupport_introspection_c.h
-- Installing: /home/bb/ros2_ws/install/linear_acceleration_msg/lib/liblinear_acceleration_msg__rosidl_typesupport_introspection_c.so
-- Set runtime path of "/home/bb/ros2_ws/install/linear_acceleration_msg/lib/liblinear_acceleration_msg__rosidl_typesupport_introspection_c.so" to ""
-- Installing: /home/bb/ros2_ws/install/linear_acceleration_msg/lib/liblinear_acceleration_msg__rosidl_typesupport_c.so
-- Set runtime path of "/home/bb/ros2_ws/install/linear_acceleration_msg/lib/liblinear_acceleration_msg__rosidl_typesupport_c.so" to ""
-- Up-to-date: /home/bb/ros2_ws/install/linear_acceleration_msg/include/linear_acceleration_msg/linear_acceleration_msg
-- Up-to-date: /home/bb/ros2_ws/install/linear_acceleration_msg/include/linear_acceleration_msg/linear_acceleration_msg/msg
-- Up-to-date: /home/bb/ros2_ws/install/linear_acceleration_msg/include/linear_acceleration_msg/linear_acceleration_msg/msg/detail
-- Installing: /home/bb/ros2_ws/install/linear_acceleration_msg/include/linear_acceleration_msg/linear_acceleration_msg/msg/detail/acceleration__type_support.cpp
-- Installing: /home/bb/ros2_ws/install/linear_acceleration_msg/include/linear_acceleration_msg/linear_acceleration_msg/msg/detail/acceleration__rosidl_typesupport_introspection_cpp.hpp
-- Installing: /home/bb/ros2_ws/install/linear_acceleration_msg/lib/liblinear_acceleration_msg__rosidl_typesupport_introspection_cpp.so
-- Set runtime path of "/home/bb/ros2_ws/install/linear_acceleration_msg/lib/liblinear_acceleration_msg__rosidl_typesupport_introspection_cpp.so" to ""
-- Installing: /home/bb/ros2_ws/install/linear_acceleration_msg/lib/liblinear_acceleration_msg__rosidl_typesupport_cpp.so
-- Set runtime path of "/home/bb/ros2_ws/install/linear_acceleration_msg/lib/liblinear_acceleration_msg__rosidl_typesupport_cpp.so" to ""
-- Installing: /home/bb/ros2_ws/install/linear_acceleration_msg/share/linear_acceleration_msg/environment/pythonpath.sh
-- Installing: /home/bb/ros2_ws/install/linear_acceleration_msg/share/linear_acceleration_msg/environment/pythonpath.dsv
-- Installing: /home/bb/ros2_ws/install/linear_acceleration_msg/lib/python3.9/site-packages/linear_acceleration_msg-0.0.0-py3.9.egg-info
-- Installing: /home/bb/ros2_ws/install/linear_acceleration_msg/lib/python3.9/site-packages/linear_acceleration_msg-0.0.0-py3.9.egg-info/top_level.txt
-- Installing: /home/bb/ros2_ws/install/linear_acceleration_msg/lib/python3.9/site-packages/linear_acceleration_msg-0.0.0-py3.9.egg-info/dependency_links.txt
-- Installing: /home/bb/ros2_ws/install/linear_acceleration_msg/lib/python3.9/site-packages/linear_acceleration_msg-0.0.0-py3.9.egg-info/SOURCES.txt
-- Installing: /home/bb/ros2_ws/install/linear_acceleration_msg/lib/python3.9/site-packages/linear_acceleration_msg-0.0.0-py3.9.egg-info/PKG-INFO
-- Installing: /home/bb/ros2_ws/install/linear_acceleration_msg/lib/python3.9/site-packages/linear_acceleration_msg
-- Installing: /home/bb/ros2_ws/install/linear_acceleration_msg/lib/python3.9/site-packages/linear_acceleration_msg/msg
-- Installing: /home/bb/ros2_ws/install/linear_acceleration_msg/lib/python3.9/site-packages/linear_acceleration_msg/msg/_acceleration.py
-- Installing: /home/bb/ros2_ws/install/linear_acceleration_msg/lib/python3.9/site-packages/linear_acceleration_msg/msg/_acceleration_s.c
-- Installing: /home/bb/ros2_ws/install/linear_acceleration_msg/lib/python3.9/site-packages/linear_acceleration_msg/msg/__init__.py
-- Installing: /home/bb/ros2_ws/install/linear_acceleration_msg/lib/python3.9/site-packages/linear_acceleration_msg/_linear_acceleration_msg_s.ep.rosidl_typesupport_fastrtps_c.c
-- Installing: /home/bb/ros2_ws/install/linear_acceleration_msg/lib/python3.9/site-packages/linear_acceleration_msg/_linear_acceleration_msg_s.ep.rosidl_typesupport_introspection_c.c
-- Installing: /home/bb/ros2_ws/install/linear_acceleration_msg/lib/python3.9/site-packages/linear_acceleration_msg/liblinear_acceleration_msg__rosidl_generator_py.so
-- Installing: /home/bb/ros2_ws/install/linear_acceleration_msg/lib/python3.9/site-packages/linear_acceleration_msg/linear_acceleration_msg_s__rosidl_typesupport_fastrtps_c.cpython-38-aarch64-linux-gnu.so
-- Installing: /home/bb/ros2_ws/install/linear_acceleration_msg/lib/python3.9/site-packages/linear_acceleration_msg/_linear_acceleration_msg_s.ep.rosidl_typesupport_c.c
-- Installing: /home/bb/ros2_ws/install/linear_acceleration_msg/lib/python3.9/site-packages/linear_acceleration_msg/linear_acceleration_msg_s__rosidl_typesupport_introspection_c.cpython-38-aarch64-linux-gnu.so
-- Installing: /home/bb/ros2_ws/install/linear_acceleration_msg/lib/python3.9/site-packages/linear_acceleration_msg/linear_acceleration_msg_s__rosidl_typesupport_c.cpython-38-aarch64-linux-gnu.so
-- Installing: /home/bb/ros2_ws/install/linear_acceleration_msg/lib/python3.9/site-packages/linear_acceleration_msg/__init__.py
Listing '/home/bb/ros2_ws/install/linear_acceleration_msg/lib/python3.9/site-packages/linear_acceleration_msg'...
Compiling '/home/bb/ros2_ws/install/linear_acceleration_msg/lib/python3.9/site-packages/linear_acceleration_msg/__init__.py'...
Listing '/home/bb/ros2_ws/install/linear_acceleration_msg/lib/python3.9/site-packages/linear_acceleration_msg/msg'...
Compiling '/home/bb/ros2_ws/install/linear_acceleration_msg/lib/python3.9/site-packages/linear_acceleration_msg/msg/__init__.py'...
Compiling '/home/bb/ros2_ws/install/linear_acceleration_msg/lib/python3.9/site-packages/linear_acceleration_msg/msg/_acceleration.py'...
-- Installing: /home/bb/ros2_ws/install/linear_acceleration_msg/lib/python3.9/site-packages/linear_acceleration_msg/linear_acceleration_msg_s__rosidl_typesupport_fastrtps_c.cpython-38-aarch64-linux-gnu.so
-- Set runtime path of "/home/bb/ros2_ws/install/linear_acceleration_msg/lib/python3.9/site-packages/linear_acceleration_msg/linear_acceleration_msg_s__rosidl_typesupport_fastrtps_c.cpython-38-aarch64-linux-gnu.so" to ""
-- Installing: /home/bb/ros2_ws/install/linear_acceleration_msg/lib/python3.9/site-packages/linear_acceleration_msg/linear_acceleration_msg_s__rosidl_typesupport_introspection_c.cpython-38-aarch64-linux-gnu.so
-- Set runtime path of "/home/bb/ros2_ws/install/linear_acceleration_msg/lib/python3.9/site-packages/linear_acceleration_msg/linear_acceleration_msg_s__rosidl_typesupport_introspection_c.cpython-38-aarch64-linux-gnu.so" to ""
-- Installing: /home/bb/ros2_ws/install/linear_acceleration_msg/lib/python3.9/site-packages/linear_acceleration_msg/linear_acceleration_msg_s__rosidl_typesupport_c.cpython-38-aarch64-linux-gnu.so
-- Set runtime path of "/home/bb/ros2_ws/install/linear_acceleration_msg/lib/python3.9/site-packages/linear_acceleration_msg/linear_acceleration_msg_s__rosidl_typesupport_c.cpython-38-aarch64-linux-gnu.so" to ""
-- Installing: /home/bb/ros2_ws/install/linear_acceleration_msg/lib/liblinear_acceleration_msg__rosidl_generator_py.so
-- Set runtime path of "/home/bb/ros2_ws/install/linear_acceleration_msg/lib/liblinear_acceleration_msg__rosidl_generator_py.so" to ""
-- Installing: /home/bb/ros2_ws/install/linear_acceleration_msg/share/linear_acceleration_msg/msg/Acceleration.idl
-- Installing: /home/bb/ros2_ws/install/linear_acceleration_msg/share/linear_acceleration_msg/msg/Acceleration.msg
-- Installing: /home/bb/ros2_ws/install/linear_acceleration_msg/share/ament_index/resource_index/package_run_dependencies/linear_acceleration_msg
-- Installing: /home/bb/ros2_ws/install/linear_acceleration_msg/share/ament_index/resource_index/parent_prefix_path/linear_acceleration_msg
-- Installing: /home/bb/ros2_ws/install/linear_acceleration_msg/share/linear_acceleration_msg/environment/ament_prefix_path.sh
-- Installing: /home/bb/ros2_ws/install/linear_acceleration_msg/share/linear_acceleration_msg/environment/ament_prefix_path.dsv
-- Installing: /home/bb/ros2_ws/install/linear_acceleration_msg/share/linear_acceleration_msg/environment/path.sh
-- Installing: /home/bb/ros2_ws/install/linear_acceleration_msg/share/linear_acceleration_msg/environment/path.dsv
-- Installing: /home/bb/ros2_ws/install/linear_acceleration_msg/share/linear_acceleration_msg/local_setup.bash
-- Installing: /home/bb/ros2_ws/install/linear_acceleration_msg/share/linear_acceleration_msg/local_setup.sh
-- Installing: /home/bb/ros2_ws/install/linear_acceleration_msg/share/linear_acceleration_msg/local_setup.zsh
-- Installing: /home/bb/ros2_ws/install/linear_acceleration_msg/share/linear_acceleration_msg/local_setup.dsv
-- Installing: /home/bb/ros2_ws/install/linear_acceleration_msg/share/linear_acceleration_msg/package.dsv
-- Installing: /home/bb/ros2_ws/install/linear_acceleration_msg/share/ament_index/resource_index/packages/linear_acceleration_msg
-- Installing: /home/bb/ros2_ws/install/linear_acceleration_msg/share/linear_acceleration_msg/cmake/export_linear_acceleration_msg__rosidl_generator_cExport.cmake
-- Installing: /home/bb/ros2_ws/install/linear_acceleration_msg/share/linear_acceleration_msg/cmake/export_linear_acceleration_msg__rosidl_generator_cExport-noconfig.cmake
-- Installing: /home/bb/ros2_ws/install/linear_acceleration_msg/share/linear_acceleration_msg/cmake/export_linear_acceleration_msg__rosidl_typesupport_fastrtps_cExport.cmake
-- Installing: /home/bb/ros2_ws/install/linear_acceleration_msg/share/linear_acceleration_msg/cmake/export_linear_acceleration_msg__rosidl_typesupport_fastrtps_cExport-noconfig.cmake
-- Installing: /home/bb/ros2_ws/install/linear_acceleration_msg/share/linear_acceleration_msg/cmake/export_linear_acceleration_msg__rosidl_generator_cppExport.cmake
-- Installing: /home/bb/ros2_ws/install/linear_acceleration_msg/share/linear_acceleration_msg/cmake/export_linear_acceleration_msg__rosidl_typesupport_fastrtps_cppExport.cmake
-- Installing: /home/bb/ros2_ws/install/linear_acceleration_msg/share/linear_acceleration_msg/cmake/export_linear_acceleration_msg__rosidl_typesupport_fastrtps_cppExport-noconfig.cmake
-- Installing: /home/bb/ros2_ws/install/linear_acceleration_msg/share/linear_acceleration_msg/cmake/linear_acceleration_msg__rosidl_typesupport_introspection_cExport.cmake
-- Installing: /home/bb/ros2_ws/install/linear_acceleration_msg/share/linear_acceleration_msg/cmake/linear_acceleration_msg__rosidl_typesupport_introspection_cExport-noconfig.cmake
-- Installing: /home/bb/ros2_ws/install/linear_acceleration_msg/share/linear_acceleration_msg/cmake/linear_acceleration_msg__rosidl_typesupport_cExport.cmake
-- Installing: /home/bb/ros2_ws/install/linear_acceleration_msg/share/linear_acceleration_msg/cmake/linear_acceleration_msg__rosidl_typesupport_cExport-noconfig.cmake
-- Installing: /home/bb/ros2_ws/install/linear_acceleration_msg/share/linear_acceleration_msg/cmake/linear_acceleration_msg__rosidl_typesupport_introspection_cppExport.cmake
-- Installing: /home/bb/ros2_ws/install/linear_acceleration_msg/share/linear_acceleration_msg/cmake/linear_acceleration_msg__rosidl_typesupport_introspection_cppExport-noconfig.cmake
-- Installing: /home/bb/ros2_ws/install/linear_acceleration_msg/share/linear_acceleration_msg/cmake/linear_acceleration_msg__rosidl_typesupport_cppExport.cmake
-- Installing: /home/bb/ros2_ws/install/linear_acceleration_msg/share/linear_acceleration_msg/cmake/linear_acceleration_msg__rosidl_typesupport_cppExport-noconfig.cmake
-- Installing: /home/bb/ros2_ws/install/linear_acceleration_msg/share/linear_acceleration_msg/cmake/export_linear_acceleration_msg__rosidl_generator_pyExport.cmake
-- Installing: /home/bb/ros2_ws/install/linear_acceleration_msg/share/linear_acceleration_msg/cmake/export_linear_acceleration_msg__rosidl_generator_pyExport-noconfig.cmake
-- Installing: /home/bb/ros2_ws/install/linear_acceleration_msg/share/linear_acceleration_msg/cmake/rosidl_cmake-extras.cmake
-- Installing: /home/bb/ros2_ws/install/linear_acceleration_msg/share/linear_acceleration_msg/cmake/ament_cmake_export_include_directories-extras.cmake
-- Installing: /home/bb/ros2_ws/install/linear_acceleration_msg/share/linear_acceleration_msg/cmake/ament_cmake_export_libraries-extras.cmake
-- Installing: /home/bb/ros2_ws/install/linear_acceleration_msg/share/linear_acceleration_msg/cmake/ament_cmake_export_targets-extras.cmake
-- Installing: /home/bb/ros2_ws/install/linear_acceleration_msg/share/linear_acceleration_msg/cmake/rosidl_cmake_export_typesupport_targets-extras.cmake
-- Installing: /home/bb/ros2_ws/install/linear_acceleration_msg/share/linear_acceleration_msg/cmake/ament_cmake_export_dependencies-extras.cmake
-- Installing: /home/bb/ros2_ws/install/linear_acceleration_msg/share/linear_acceleration_msg/cmake/rosidl_cmake_export_typesupport_libraries-extras.cmake
-- Installing: /home/bb/ros2_ws/install/linear_acceleration_msg/share/linear_acceleration_msg/cmake/linear_acceleration_msgConfig.cmake
-- Installing: /home/bb/ros2_ws/install/linear_acceleration_msg/share/linear_acceleration_msg/cmake/linear_acceleration_msgConfig-version.cmake
-- Installing: /home/bb/ros2_ws/install/linear_acceleration_msg/share/linear_acceleration_msg/package.xml
