[7.735s] Invoking command in '/home/bb/ros2_ws/build/linear_acceleration_msg': CMAKE_PREFIX_PATH=${CMAKE_PREFIX_PATH}:/home/bb/ros2_ws/install/test141123:/home/bb/ros2_ws/install/imu_sensor:/home/bb/ros2_ws/install/depth_sensor:/home/bb/ros2_ws/install/acoustic_sensor:/home/bb/ros2_ws/install/IMU_sensor:/opt/ros/humble /usr/bin/cmake /home/bb/ros2_ws/src/linear_acceleration_msg -DCMAKE_INSTALL_PREFIX=/home/bb/ros2_ws/install/linear_acceleration_msg
[8.288s] -- The C compiler identification is GNU 9.4.0
[8.865s] -- The CXX compiler identification is GNU 9.4.0
[8.903s] -- Check for working C compiler: /usr/bin/cc
[9.532s] -- Check for working C compiler: /usr/bin/cc -- works
[9.540s] -- Detecting C compiler ABI info
[10.178s] -- Detecting C compiler ABI info - done
[10.265s] -- Detecting C compile features
[10.269s] -- Detecting C compile features - done
[10.287s] -- Check for working CXX compiler: /usr/bin/c++
[10.846s] -- Check for working CXX compiler: /usr/bin/c++ -- works
[10.854s] -- Detecting CXX compiler ABI info
[11.440s] -- Detecting CXX compiler ABI info - done
[11.527s] -- Detecting CXX compile features
[11.531s] -- Detecting CXX compile features - done
[11.551s] -- Found ament_cmake: 1.3.6 (/opt/ros/humble/share/ament_cmake/cmake)
[12.697s] -- Found Python3: /usr/bin/python3.9 (found version "3.9.5") found components: Interpreter 
[13.399s] -- Found geometry_msgs: 4.2.3 (/opt/ros/humble/share/geometry_msgs/cmake)
[13.624s] -- Found rosidl_generator_c: 3.1.5 (/opt/ros/humble/share/rosidl_generator_c/cmake)
[13.663s] -- Found rosidl_adapter: 3.1.5 (/opt/ros/humble/share/rosidl_adapter/cmake)
[13.746s] -- Found rosidl_generator_cpp: 3.1.5 (/opt/ros/humble/share/rosidl_generator_cpp/cmake)
[13.886s] -- Using all available rosidl_typesupport_c: rosidl_typesupport_fastrtps_c;rosidl_typesupport_introspection_c
[14.074s] -- Using all available rosidl_typesupport_cpp: rosidl_typesupport_fastrtps_cpp;rosidl_typesupport_introspection_cpp
[14.910s] -- Found rosidl_default_generators: 1.2.0 (/opt/ros/humble/share/rosidl_default_generators/cmake)
[17.618s] -- Found ament_cmake_ros: 0.10.0 (/opt/ros/humble/share/ament_cmake_ros/cmake)
[21.336s] -- Using all available rosidl_typesupport_c: rosidl_typesupport_fastrtps_c;rosidl_typesupport_introspection_c
[22.869s] -- Using all available rosidl_typesupport_cpp: rosidl_typesupport_fastrtps_cpp;rosidl_typesupport_introspection_cpp
[23.031s] -- Found PythonInterp: /usr/bin/python3 (found suitable version "3.8.10", minimum required is "3.6") 
[23.043s] -- Found python_cmake_module: 0.10.0 (/opt/ros/humble/share/python_cmake_module/cmake)
[23.238s] -- Found PythonLibs: /usr/lib/aarch64-linux-gnu/libpython3.8.so (found suitable version "3.8.10", minimum required is "3.5") 
[23.238s] -- Using PYTHON_EXECUTABLE: /usr/bin/python3
[23.239s] -- Using PYTHON_INCLUDE_DIRS: /usr/include/python3.8
[23.239s] -- Using PYTHON_LIBRARIES: /usr/lib/aarch64-linux-gnu/libpython3.8.so
[23.391s] -- Found PythonExtra: .so  
[23.701s] -- Found ament_lint_auto: 0.12.9 (/opt/ros/humble/share/ament_lint_auto/cmake)
[23.866s] -- Added test 'lint_cmake' to check CMake code style
[23.874s] -- Added test 'xmllint' to check XML markup files
[23.927s] -- Configuring done
[24.187s] -- Generating done
[24.215s] -- Build files have been written to: /home/bb/ros2_ws/build/linear_acceleration_msg
[24.281s] Invoked command in '/home/bb/ros2_ws/build/linear_acceleration_msg' returned '0': CMAKE_PREFIX_PATH=${CMAKE_PREFIX_PATH}:/home/bb/ros2_ws/install/test141123:/home/bb/ros2_ws/install/imu_sensor:/home/bb/ros2_ws/install/depth_sensor:/home/bb/ros2_ws/install/acoustic_sensor:/home/bb/ros2_ws/install/IMU_sensor:/opt/ros/humble /usr/bin/cmake /home/bb/ros2_ws/src/linear_acceleration_msg -DCMAKE_INSTALL_PREFIX=/home/bb/ros2_ws/install/linear_acceleration_msg
[24.292s] Invoking command in '/home/bb/ros2_ws/build/linear_acceleration_msg': CMAKE_PREFIX_PATH=${CMAKE_PREFIX_PATH}:/home/bb/ros2_ws/install/test141123:/home/bb/ros2_ws/install/imu_sensor:/home/bb/ros2_ws/install/depth_sensor:/home/bb/ros2_ws/install/acoustic_sensor:/home/bb/ros2_ws/install/IMU_sensor:/opt/ros/humble /usr/bin/cmake --build /home/bb/ros2_ws/build/linear_acceleration_msg -- -j6 -l6
[24.831s] [  3%] [34m[1mGenerating C code for ROS interfaces[0m
[24.843s] [35m[1mScanning dependencies of target linear_acceleration_msg__cpp[0m
[24.869s] [35m[1mScanning dependencies of target ament_cmake_python_copy_linear_acceleration_msg[0m
[25.004s] [  6%] [34m[1mGenerating C++ code for ROS interfaces[0m
[25.153s] [  6%] Built target ament_cmake_python_copy_linear_acceleration_msg
[25.328s] [35m[1mScanning dependencies of target ament_cmake_python_build_linear_acceleration_msg_egg[0m
[27.788s] [  6%] Built target linear_acceleration_msg__cpp
[27.928s] [  9%] [34m[1mGenerating C++ type support for eProsima Fast-RTPS[0m
[27.975s] [ 12%] [34m[1mGenerating C++ type support dispatch for ROS interfaces[0m
[28.012s] [ 16%] [34m[1mGenerating C++ introspection for ROS interfaces[0m
[28.024s] [35m[1mScanning dependencies of target linear_acceleration_msg__rosidl_generator_c[0m
[28.290s] [ 19%] [32mBuilding C object CMakeFiles/linear_acceleration_msg__rosidl_generator_c.dir/rosidl_generator_c/linear_acceleration_msg/msg/detail/acceleration__functions.c.o[0m
[28.898s] [ 22%] [32m[1mLinking C shared library liblinear_acceleration_msg__rosidl_generator_c.so[0m
[29.485s] [ 22%] Built target linear_acceleration_msg__rosidl_generator_c
[29.586s] [ 25%] [34m[1mGenerating C type support dispatch for ROS interfaces[0m
[29.714s] [ 29%] [34m[1mGenerating C type support for eProsima Fast-RTPS[0m
[31.167s] running egg_info
[31.194s] creating linear_acceleration_msg.egg-info
[31.195s] writing linear_acceleration_msg.egg-info/PKG-INFO
[31.195s] writing dependency_links to linear_acceleration_msg.egg-info/dependency_links.txt
[31.196s] writing top-level names to linear_acceleration_msg.egg-info/top_level.txt
[31.197s] writing manifest file 'linear_acceleration_msg.egg-info/SOURCES.txt'
[31.321s] [35m[1mScanning dependencies of target linear_acceleration_msg__rosidl_typesupport_introspection_cpp[0m
[31.504s] [ 32%] [32mBuilding CXX object CMakeFiles/linear_acceleration_msg__rosidl_typesupport_introspection_cpp.dir/rosidl_typesupport_introspection_cpp/linear_acceleration_msg/msg/detail/acceleration__type_support.cpp.o[0m
[31.927s] [35m[1mScanning dependencies of target linear_acceleration_msg__rosidl_typesupport_cpp[0m
[32.024s] [35m[1mScanning dependencies of target linear_acceleration_msg__rosidl_typesupport_fastrtps_cpp[0m
[32.126s] reading manifest file 'linear_acceleration_msg.egg-info/SOURCES.txt'
[32.156s] writing manifest file 'linear_acceleration_msg.egg-info/SOURCES.txt'
[32.200s] [ 35%] [32mBuilding CXX object CMakeFiles/linear_acceleration_msg__rosidl_typesupport_cpp.dir/rosidl_typesupport_cpp/linear_acceleration_msg/msg/acceleration__type_support.cpp.o[0m
[32.311s] [ 38%] [32mBuilding CXX object CMakeFiles/linear_acceleration_msg__rosidl_typesupport_fastrtps_cpp.dir/rosidl_typesupport_fastrtps_cpp/linear_acceleration_msg/msg/detail/dds_fastrtps/acceleration__type_support.cpp.o[0m
[32.521s] [ 38%] Built target ament_cmake_python_build_linear_acceleration_msg_egg
[32.703s] [ 41%] [34m[1mGenerating C introspection for ROS interfaces[0m
[32.840s] [35m[1mScanning dependencies of target linear_acceleration_msg__rosidl_typesupport_c[0m
[33.087s] [ 45%] [32mBuilding CXX object CMakeFiles/linear_acceleration_msg__rosidl_typesupport_c.dir/rosidl_typesupport_c/linear_acceleration_msg/msg/acceleration__type_support.cpp.o[0m
[33.167s] [35m[1mScanning dependencies of target linear_acceleration_msg__rosidl_typesupport_fastrtps_c[0m
[33.329s] [ 48%] [32mBuilding CXX object CMakeFiles/linear_acceleration_msg__rosidl_typesupport_fastrtps_c.dir/rosidl_typesupport_fastrtps_c/linear_acceleration_msg/msg/detail/acceleration__type_support_c.cpp.o[0m
[33.492s] [ 51%] [32m[1mLinking CXX shared library liblinear_acceleration_msg__rosidl_typesupport_c.so[0m
[34.075s] [ 51%] Built target linear_acceleration_msg__rosidl_typesupport_c
[35.410s] [35m[1mScanning dependencies of target linear_acceleration_msg__rosidl_typesupport_introspection_c[0m
[35.491s] [ 54%] [32mBuilding C object CMakeFiles/linear_acceleration_msg__rosidl_typesupport_introspection_c.dir/rosidl_typesupport_introspection_c/linear_acceleration_msg/msg/detail/acceleration__type_support.c.o[0m
[35.532s] [ 58%] [32m[1mLinking CXX shared library liblinear_acceleration_msg__rosidl_typesupport_cpp.so[0m
[35.831s] [ 61%] [32m[1mLinking C shared library liblinear_acceleration_msg__rosidl_typesupport_introspection_c.so[0m
[35.879s] [ 61%] Built target linear_acceleration_msg__rosidl_typesupport_cpp
[36.045s] [ 61%] Built target linear_acceleration_msg__rosidl_typesupport_introspection_c
[36.265s] [ 64%] [32m[1mLinking CXX shared library liblinear_acceleration_msg__rosidl_typesupport_introspection_cpp.so[0m
[36.551s] [ 64%] Built target linear_acceleration_msg__rosidl_typesupport_introspection_cpp
[36.755s] [ 67%] [32m[1mLinking CXX shared library liblinear_acceleration_msg__rosidl_typesupport_fastrtps_c.so[0m
[36.818s] [ 70%] [32m[1mLinking CXX shared library liblinear_acceleration_msg__rosidl_typesupport_fastrtps_cpp.so[0m
[37.153s] [ 70%] Built target linear_acceleration_msg__rosidl_typesupport_fastrtps_c
[37.216s] [ 70%] Built target linear_acceleration_msg__rosidl_typesupport_fastrtps_cpp
[37.274s] [35m[1mScanning dependencies of target linear_acceleration_msg[0m
[37.333s] [ 70%] Built target linear_acceleration_msg
[37.388s] [35m[1mScanning dependencies of target linear_acceleration_msg__py[0m
[37.449s] [ 74%] [34m[1mGenerating Python code for ROS interfaces[0m
[38.877s] [ 74%] Built target linear_acceleration_msg__py
[38.934s] [35m[1mScanning dependencies of target linear_acceleration_msg__rosidl_generator_py[0m
[39.056s] [ 77%] [32mBuilding C object CMakeFiles/linear_acceleration_msg__rosidl_generator_py.dir/rosidl_generator_py/linear_acceleration_msg/msg/_acceleration_s.c.o[0m
[39.702s] [ 80%] [32m[1mLinking C shared library rosidl_generator_py/linear_acceleration_msg/liblinear_acceleration_msg__rosidl_generator_py.so[0m
[39.977s] [ 80%] Built target linear_acceleration_msg__rosidl_generator_py
[40.043s] [35m[1mScanning dependencies of target linear_acceleration_msg__rosidl_typesupport_introspection_c__pyext[0m
[40.055s] [35m[1mScanning dependencies of target linear_acceleration_msg__rosidl_typesupport_c__pyext[0m
[40.064s] [35m[1mScanning dependencies of target linear_acceleration_msg__rosidl_typesupport_fastrtps_c__pyext[0m
[40.196s] [ 83%] [32mBuilding C object CMakeFiles/linear_acceleration_msg__rosidl_typesupport_introspection_c__pyext.dir/rosidl_generator_py/linear_acceleration_msg/_linear_acceleration_msg_s.ep.rosidl_typesupport_introspection_c.c.o[0m
[40.196s] [ 87%] [32mBuilding C object CMakeFiles/linear_acceleration_msg__rosidl_typesupport_c__pyext.dir/rosidl_generator_py/linear_acceleration_msg/_linear_acceleration_msg_s.ep.rosidl_typesupport_c.c.o[0m
[40.258s] [ 90%] [32mBuilding C object CMakeFiles/linear_acceleration_msg__rosidl_typesupport_fastrtps_c__pyext.dir/rosidl_generator_py/linear_acceleration_msg/_linear_acceleration_msg_s.ep.rosidl_typesupport_fastrtps_c.c.o[0m
[40.778s] [ 93%] [32m[1mLinking C shared library rosidl_generator_py/linear_acceleration_msg/linear_acceleration_msg_s__rosidl_typesupport_introspection_c.cpython-38-aarch64-linux-gnu.so[0m
[40.816s] [ 96%] [32m[1mLinking C shared library rosidl_generator_py/linear_acceleration_msg/linear_acceleration_msg_s__rosidl_typesupport_c.cpython-38-aarch64-linux-gnu.so[0m
[40.878s] [100%] [32m[1mLinking C shared library rosidl_generator_py/linear_acceleration_msg/linear_acceleration_msg_s__rosidl_typesupport_fastrtps_c.cpython-38-aarch64-linux-gnu.so[0m
[41.002s] [100%] Built target linear_acceleration_msg__rosidl_typesupport_introspection_c__pyext
[41.039s] [100%] Built target linear_acceleration_msg__rosidl_typesupport_c__pyext
[41.103s] [100%] Built target linear_acceleration_msg__rosidl_typesupport_fastrtps_c__pyext
[41.167s] Invoked command in '/home/bb/ros2_ws/build/linear_acceleration_msg' returned '0': CMAKE_PREFIX_PATH=${CMAKE_PREFIX_PATH}:/home/bb/ros2_ws/install/test141123:/home/bb/ros2_ws/install/imu_sensor:/home/bb/ros2_ws/install/depth_sensor:/home/bb/ros2_ws/install/acoustic_sensor:/home/bb/ros2_ws/install/IMU_sensor:/opt/ros/humble /usr/bin/cmake --build /home/bb/ros2_ws/build/linear_acceleration_msg -- -j6 -l6
[41.481s] Invoking command in '/home/bb/ros2_ws/build/linear_acceleration_msg': CMAKE_PREFIX_PATH=${CMAKE_PREFIX_PATH}:/home/bb/ros2_ws/install/test141123:/home/bb/ros2_ws/install/imu_sensor:/home/bb/ros2_ws/install/depth_sensor:/home/bb/ros2_ws/install/acoustic_sensor:/home/bb/ros2_ws/install/IMU_sensor:/opt/ros/humble /usr/bin/cmake --install /home/bb/ros2_ws/build/linear_acceleration_msg
[41.541s] -- Install configuration: ""
[41.543s] -- Installing: /home/bb/ros2_ws/install/linear_acceleration_msg/share/ament_index/resource_index/rosidl_interfaces/linear_acceleration_msg
[41.545s] -- Installing: /home/bb/ros2_ws/install/linear_acceleration_msg/include/linear_acceleration_msg/linear_acceleration_msg
[41.546s] -- Installing: /home/bb/ros2_ws/install/linear_acceleration_msg/include/linear_acceleration_msg/linear_acceleration_msg/msg
[41.548s] -- Installing: /home/bb/ros2_ws/install/linear_acceleration_msg/include/linear_acceleration_msg/linear_acceleration_msg/msg/rosidl_generator_c__visibility_control.h
[41.549s] -- Installing: /home/bb/ros2_ws/install/linear_acceleration_msg/include/linear_acceleration_msg/linear_acceleration_msg/msg/acceleration.h
[41.551s] -- Installing: /home/bb/ros2_ws/install/linear_acceleration_msg/include/linear_acceleration_msg/linear_acceleration_msg/msg/detail
[41.553s] -- Installing: /home/bb/ros2_ws/install/linear_acceleration_msg/include/linear_acceleration_msg/linear_acceleration_msg/msg/detail/acceleration__functions.c
[41.553s] -- Installing: /home/bb/ros2_ws/install/linear_acceleration_msg/include/linear_acceleration_msg/linear_acceleration_msg/msg/detail/acceleration__type_support.h
[41.555s] -- Installing: /home/bb/ros2_ws/install/linear_acceleration_msg/include/linear_acceleration_msg/linear_acceleration_msg/msg/detail/acceleration__struct.h
[41.555s] -- Installing: /home/bb/ros2_ws/install/linear_acceleration_msg/include/linear_acceleration_msg/linear_acceleration_msg/msg/detail/acceleration__functions.h
[41.556s] -- Installing: /home/bb/ros2_ws/install/linear_acceleration_msg/share/linear_acceleration_msg/environment/library_path.sh
[41.557s] -- Installing: /home/bb/ros2_ws/install/linear_acceleration_msg/share/linear_acceleration_msg/environment/library_path.dsv
[41.559s] -- Installing: /home/bb/ros2_ws/install/linear_acceleration_msg/lib/liblinear_acceleration_msg__rosidl_generator_c.so
[41.560s] -- Set runtime path of "/home/bb/ros2_ws/install/linear_acceleration_msg/lib/liblinear_acceleration_msg__rosidl_generator_c.so" to ""
[41.562s] -- Up-to-date: /home/bb/ros2_ws/install/linear_acceleration_msg/include/linear_acceleration_msg/linear_acceleration_msg
[41.566s] -- Up-to-date: /home/bb/ros2_ws/install/linear_acceleration_msg/include/linear_acceleration_msg/linear_acceleration_msg/msg
[41.569s] -- Installing: /home/bb/ros2_ws/install/linear_acceleration_msg/include/linear_acceleration_msg/linear_acceleration_msg/msg/rosidl_typesupport_fastrtps_c__visibility_control.h
[41.573s] -- Up-to-date: /home/bb/ros2_ws/install/linear_acceleration_msg/include/linear_acceleration_msg/linear_acceleration_msg/msg/detail
[41.575s] -- Installing: /home/bb/ros2_ws/install/linear_acceleration_msg/include/linear_acceleration_msg/linear_acceleration_msg/msg/detail/acceleration__rosidl_typesupport_fastrtps_c.h
[41.576s] -- Installing: /home/bb/ros2_ws/install/linear_acceleration_msg/lib/liblinear_acceleration_msg__rosidl_typesupport_fastrtps_c.so
[41.578s] -- Set runtime path of "/home/bb/ros2_ws/install/linear_acceleration_msg/lib/liblinear_acceleration_msg__rosidl_typesupport_fastrtps_c.so" to ""
[41.580s] -- Up-to-date: /home/bb/ros2_ws/install/linear_acceleration_msg/include/linear_acceleration_msg/linear_acceleration_msg
[41.583s] -- Up-to-date: /home/bb/ros2_ws/install/linear_acceleration_msg/include/linear_acceleration_msg/linear_acceleration_msg/msg
[41.584s] -- Installing: /home/bb/ros2_ws/install/linear_acceleration_msg/include/linear_acceleration_msg/linear_acceleration_msg/msg/acceleration.hpp
[41.587s] -- Up-to-date: /home/bb/ros2_ws/install/linear_acceleration_msg/include/linear_acceleration_msg/linear_acceleration_msg/msg/detail
[41.588s] -- Installing: /home/bb/ros2_ws/install/linear_acceleration_msg/include/linear_acceleration_msg/linear_acceleration_msg/msg/detail/acceleration__struct.hpp
[41.589s] -- Installing: /home/bb/ros2_ws/install/linear_acceleration_msg/include/linear_acceleration_msg/linear_acceleration_msg/msg/detail/acceleration__builder.hpp
[41.591s] -- Installing: /home/bb/ros2_ws/install/linear_acceleration_msg/include/linear_acceleration_msg/linear_acceleration_msg/msg/detail/acceleration__traits.hpp
[41.593s] -- Up-to-date: /home/bb/ros2_ws/install/linear_acceleration_msg/include/linear_acceleration_msg/linear_acceleration_msg
[41.595s] -- Up-to-date: /home/bb/ros2_ws/install/linear_acceleration_msg/include/linear_acceleration_msg/linear_acceleration_msg/msg
[41.597s] -- Installing: /home/bb/ros2_ws/install/linear_acceleration_msg/include/linear_acceleration_msg/linear_acceleration_msg/msg/rosidl_typesupport_fastrtps_cpp__visibility_control.h
[41.600s] -- Up-to-date: /home/bb/ros2_ws/install/linear_acceleration_msg/include/linear_acceleration_msg/linear_acceleration_msg/msg/detail
[41.602s] -- Installing: /home/bb/ros2_ws/install/linear_acceleration_msg/include/linear_acceleration_msg/linear_acceleration_msg/msg/detail/acceleration__rosidl_typesupport_fastrtps_cpp.hpp
[41.604s] -- Installing: /home/bb/ros2_ws/install/linear_acceleration_msg/include/linear_acceleration_msg/linear_acceleration_msg/msg/detail/dds_fastrtps
[41.606s] -- Installing: /home/bb/ros2_ws/install/linear_acceleration_msg/lib/liblinear_acceleration_msg__rosidl_typesupport_fastrtps_cpp.so
[41.609s] -- Set runtime path of "/home/bb/ros2_ws/install/linear_acceleration_msg/lib/liblinear_acceleration_msg__rosidl_typesupport_fastrtps_cpp.so" to ""
[41.612s] -- Up-to-date: /home/bb/ros2_ws/install/linear_acceleration_msg/include/linear_acceleration_msg/linear_acceleration_msg
[41.616s] -- Up-to-date: /home/bb/ros2_ws/install/linear_acceleration_msg/include/linear_acceleration_msg/linear_acceleration_msg/msg
[41.618s] -- Installing: /home/bb/ros2_ws/install/linear_acceleration_msg/include/linear_acceleration_msg/linear_acceleration_msg/msg/rosidl_typesupport_introspection_c__visibility_control.h
[41.620s] -- Up-to-date: /home/bb/ros2_ws/install/linear_acceleration_msg/include/linear_acceleration_msg/linear_acceleration_msg/msg/detail
[41.621s] -- Installing: /home/bb/ros2_ws/install/linear_acceleration_msg/include/linear_acceleration_msg/linear_acceleration_msg/msg/detail/acceleration__type_support.c
[41.622s] -- Installing: /home/bb/ros2_ws/install/linear_acceleration_msg/include/linear_acceleration_msg/linear_acceleration_msg/msg/detail/acceleration__rosidl_typesupport_introspection_c.h
[41.627s] -- Installing: /home/bb/ros2_ws/install/linear_acceleration_msg/lib/liblinear_acceleration_msg__rosidl_typesupport_introspection_c.so
[41.628s] -- Set runtime path of "/home/bb/ros2_ws/install/linear_acceleration_msg/lib/liblinear_acceleration_msg__rosidl_typesupport_introspection_c.so" to ""
[41.630s] -- Installing: /home/bb/ros2_ws/install/linear_acceleration_msg/lib/liblinear_acceleration_msg__rosidl_typesupport_c.so
[41.630s] -- Set runtime path of "/home/bb/ros2_ws/install/linear_acceleration_msg/lib/liblinear_acceleration_msg__rosidl_typesupport_c.so" to ""
[41.632s] -- Up-to-date: /home/bb/ros2_ws/install/linear_acceleration_msg/include/linear_acceleration_msg/linear_acceleration_msg
[41.632s] -- Up-to-date: /home/bb/ros2_ws/install/linear_acceleration_msg/include/linear_acceleration_msg/linear_acceleration_msg/msg
[41.634s] -- Up-to-date: /home/bb/ros2_ws/install/linear_acceleration_msg/include/linear_acceleration_msg/linear_acceleration_msg/msg/detail
[41.635s] -- Installing: /home/bb/ros2_ws/install/linear_acceleration_msg/include/linear_acceleration_msg/linear_acceleration_msg/msg/detail/acceleration__type_support.cpp
[41.637s] -- Installing: /home/bb/ros2_ws/install/linear_acceleration_msg/include/linear_acceleration_msg/linear_acceleration_msg/msg/detail/acceleration__rosidl_typesupport_introspection_cpp.hpp
[41.639s] -- Installing: /home/bb/ros2_ws/install/linear_acceleration_msg/lib/liblinear_acceleration_msg__rosidl_typesupport_introspection_cpp.so
[41.639s] -- Set runtime path of "/home/bb/ros2_ws/install/linear_acceleration_msg/lib/liblinear_acceleration_msg__rosidl_typesupport_introspection_cpp.so" to ""
[41.642s] -- Installing: /home/bb/ros2_ws/install/linear_acceleration_msg/lib/liblinear_acceleration_msg__rosidl_typesupport_cpp.so
[41.644s] -- Set runtime path of "/home/bb/ros2_ws/install/linear_acceleration_msg/lib/liblinear_acceleration_msg__rosidl_typesupport_cpp.so" to ""
[41.646s] -- Installing: /home/bb/ros2_ws/install/linear_acceleration_msg/share/linear_acceleration_msg/environment/pythonpath.sh
[41.648s] -- Installing: /home/bb/ros2_ws/install/linear_acceleration_msg/share/linear_acceleration_msg/environment/pythonpath.dsv
[41.649s] -- Installing: /home/bb/ros2_ws/install/linear_acceleration_msg/lib/python3.9/site-packages/linear_acceleration_msg-0.0.0-py3.9.egg-info
[41.651s] -- Installing: /home/bb/ros2_ws/install/linear_acceleration_msg/lib/python3.9/site-packages/linear_acceleration_msg-0.0.0-py3.9.egg-info/top_level.txt
[41.652s] -- Installing: /home/bb/ros2_ws/install/linear_acceleration_msg/lib/python3.9/site-packages/linear_acceleration_msg-0.0.0-py3.9.egg-info/dependency_links.txt
[41.653s] -- Installing: /home/bb/ros2_ws/install/linear_acceleration_msg/lib/python3.9/site-packages/linear_acceleration_msg-0.0.0-py3.9.egg-info/SOURCES.txt
[41.655s] -- Installing: /home/bb/ros2_ws/install/linear_acceleration_msg/lib/python3.9/site-packages/linear_acceleration_msg-0.0.0-py3.9.egg-info/PKG-INFO
[41.656s] -- Installing: /home/bb/ros2_ws/install/linear_acceleration_msg/lib/python3.9/site-packages/linear_acceleration_msg
[41.657s] -- Installing: /home/bb/ros2_ws/install/linear_acceleration_msg/lib/python3.9/site-packages/linear_acceleration_msg/msg
[41.659s] -- Installing: /home/bb/ros2_ws/install/linear_acceleration_msg/lib/python3.9/site-packages/linear_acceleration_msg/msg/_acceleration.py
[41.659s] -- Installing: /home/bb/ros2_ws/install/linear_acceleration_msg/lib/python3.9/site-packages/linear_acceleration_msg/msg/_acceleration_s.c
[41.661s] -- Installing: /home/bb/ros2_ws/install/linear_acceleration_msg/lib/python3.9/site-packages/linear_acceleration_msg/msg/__init__.py
[41.662s] -- Installing: /home/bb/ros2_ws/install/linear_acceleration_msg/lib/python3.9/site-packages/linear_acceleration_msg/_linear_acceleration_msg_s.ep.rosidl_typesupport_fastrtps_c.c
[41.664s] -- Installing: /home/bb/ros2_ws/install/linear_acceleration_msg/lib/python3.9/site-packages/linear_acceleration_msg/_linear_acceleration_msg_s.ep.rosidl_typesupport_introspection_c.c
[41.666s] -- Installing: /home/bb/ros2_ws/install/linear_acceleration_msg/lib/python3.9/site-packages/linear_acceleration_msg/liblinear_acceleration_msg__rosidl_generator_py.so
[41.666s] -- Installing: /home/bb/ros2_ws/install/linear_acceleration_msg/lib/python3.9/site-packages/linear_acceleration_msg/linear_acceleration_msg_s__rosidl_typesupport_fastrtps_c.cpython-38-aarch64-linux-gnu.so
[41.668s] -- Installing: /home/bb/ros2_ws/install/linear_acceleration_msg/lib/python3.9/site-packages/linear_acceleration_msg/_linear_acceleration_msg_s.ep.rosidl_typesupport_c.c
[41.670s] -- Installing: /home/bb/ros2_ws/install/linear_acceleration_msg/lib/python3.9/site-packages/linear_acceleration_msg/linear_acceleration_msg_s__rosidl_typesupport_introspection_c.cpython-38-aarch64-linux-gnu.so
[41.671s] -- Installing: /home/bb/ros2_ws/install/linear_acceleration_msg/lib/python3.9/site-packages/linear_acceleration_msg/linear_acceleration_msg_s__rosidl_typesupport_c.cpython-38-aarch64-linux-gnu.so
[41.673s] -- Installing: /home/bb/ros2_ws/install/linear_acceleration_msg/lib/python3.9/site-packages/linear_acceleration_msg/__init__.py
[41.837s] Listing '/home/bb/ros2_ws/install/linear_acceleration_msg/lib/python3.9/site-packages/linear_acceleration_msg'...
[41.839s] Compiling '/home/bb/ros2_ws/install/linear_acceleration_msg/lib/python3.9/site-packages/linear_acceleration_msg/__init__.py'...
[41.840s] Listing '/home/bb/ros2_ws/install/linear_acceleration_msg/lib/python3.9/site-packages/linear_acceleration_msg/msg'...
[41.842s] Compiling '/home/bb/ros2_ws/install/linear_acceleration_msg/lib/python3.9/site-packages/linear_acceleration_msg/msg/__init__.py'...
[41.845s] Compiling '/home/bb/ros2_ws/install/linear_acceleration_msg/lib/python3.9/site-packages/linear_acceleration_msg/msg/_acceleration.py'...
[41.863s] -- Installing: /home/bb/ros2_ws/install/linear_acceleration_msg/lib/python3.9/site-packages/linear_acceleration_msg/linear_acceleration_msg_s__rosidl_typesupport_fastrtps_c.cpython-38-aarch64-linux-gnu.so
[41.865s] -- Set runtime path of "/home/bb/ros2_ws/install/linear_acceleration_msg/lib/python3.9/site-packages/linear_acceleration_msg/linear_acceleration_msg_s__rosidl_typesupport_fastrtps_c.cpython-38-aarch64-linux-gnu.so" to ""
[41.867s] -- Installing: /home/bb/ros2_ws/install/linear_acceleration_msg/lib/python3.9/site-packages/linear_acceleration_msg/linear_acceleration_msg_s__rosidl_typesupport_introspection_c.cpython-38-aarch64-linux-gnu.so
[41.870s] -- Set runtime path of "/home/bb/ros2_ws/install/linear_acceleration_msg/lib/python3.9/site-packages/linear_acceleration_msg/linear_acceleration_msg_s__rosidl_typesupport_introspection_c.cpython-38-aarch64-linux-gnu.so" to ""
[41.873s] -- Installing: /home/bb/ros2_ws/install/linear_acceleration_msg/lib/python3.9/site-packages/linear_acceleration_msg/linear_acceleration_msg_s__rosidl_typesupport_c.cpython-38-aarch64-linux-gnu.so
[41.878s] -- Set runtime path of "/home/bb/ros2_ws/install/linear_acceleration_msg/lib/python3.9/site-packages/linear_acceleration_msg/linear_acceleration_msg_s__rosidl_typesupport_c.cpython-38-aarch64-linux-gnu.so" to ""
[41.878s] -- Installing: /home/bb/ros2_ws/install/linear_acceleration_msg/lib/liblinear_acceleration_msg__rosidl_generator_py.so
[41.881s] -- Set runtime path of "/home/bb/ros2_ws/install/linear_acceleration_msg/lib/liblinear_acceleration_msg__rosidl_generator_py.so" to ""
[41.882s] -- Installing: /home/bb/ros2_ws/install/linear_acceleration_msg/share/linear_acceleration_msg/msg/Acceleration.idl
[41.883s] -- Installing: /home/bb/ros2_ws/install/linear_acceleration_msg/share/linear_acceleration_msg/msg/Acceleration.msg
[41.885s] -- Installing: /home/bb/ros2_ws/install/linear_acceleration_msg/share/ament_index/resource_index/package_run_dependencies/linear_acceleration_msg
[41.886s] -- Installing: /home/bb/ros2_ws/install/linear_acceleration_msg/share/ament_index/resource_index/parent_prefix_path/linear_acceleration_msg
[41.888s] -- Installing: /home/bb/ros2_ws/install/linear_acceleration_msg/share/linear_acceleration_msg/environment/ament_prefix_path.sh
[41.888s] -- Installing: /home/bb/ros2_ws/install/linear_acceleration_msg/share/linear_acceleration_msg/environment/ament_prefix_path.dsv
[41.890s] -- Installing: /home/bb/ros2_ws/install/linear_acceleration_msg/share/linear_acceleration_msg/environment/path.sh
[41.893s] -- Installing: /home/bb/ros2_ws/install/linear_acceleration_msg/share/linear_acceleration_msg/environment/path.dsv
[41.895s] -- Installing: /home/bb/ros2_ws/install/linear_acceleration_msg/share/linear_acceleration_msg/local_setup.bash
[41.897s] -- Installing: /home/bb/ros2_ws/install/linear_acceleration_msg/share/linear_acceleration_msg/local_setup.sh
[41.898s] -- Installing: /home/bb/ros2_ws/install/linear_acceleration_msg/share/linear_acceleration_msg/local_setup.zsh
[41.899s] -- Installing: /home/bb/ros2_ws/install/linear_acceleration_msg/share/linear_acceleration_msg/local_setup.dsv
[41.900s] -- Installing: /home/bb/ros2_ws/install/linear_acceleration_msg/share/linear_acceleration_msg/package.dsv
[41.903s] -- Installing: /home/bb/ros2_ws/install/linear_acceleration_msg/share/ament_index/resource_index/packages/linear_acceleration_msg
[41.905s] -- Installing: /home/bb/ros2_ws/install/linear_acceleration_msg/share/linear_acceleration_msg/cmake/export_linear_acceleration_msg__rosidl_generator_cExport.cmake
[41.906s] -- Installing: /home/bb/ros2_ws/install/linear_acceleration_msg/share/linear_acceleration_msg/cmake/export_linear_acceleration_msg__rosidl_generator_cExport-noconfig.cmake
[41.908s] -- Installing: /home/bb/ros2_ws/install/linear_acceleration_msg/share/linear_acceleration_msg/cmake/export_linear_acceleration_msg__rosidl_typesupport_fastrtps_cExport.cmake
[41.913s] -- Installing: /home/bb/ros2_ws/install/linear_acceleration_msg/share/linear_acceleration_msg/cmake/export_linear_acceleration_msg__rosidl_typesupport_fastrtps_cExport-noconfig.cmake
[41.915s] -- Installing: /home/bb/ros2_ws/install/linear_acceleration_msg/share/linear_acceleration_msg/cmake/export_linear_acceleration_msg__rosidl_generator_cppExport.cmake
[41.918s] -- Installing: /home/bb/ros2_ws/install/linear_acceleration_msg/share/linear_acceleration_msg/cmake/export_linear_acceleration_msg__rosidl_typesupport_fastrtps_cppExport.cmake
[41.919s] -- Installing: /home/bb/ros2_ws/install/linear_acceleration_msg/share/linear_acceleration_msg/cmake/export_linear_acceleration_msg__rosidl_typesupport_fastrtps_cppExport-noconfig.cmake
[41.921s] -- Installing: /home/bb/ros2_ws/install/linear_acceleration_msg/share/linear_acceleration_msg/cmake/linear_acceleration_msg__rosidl_typesupport_introspection_cExport.cmake
[41.922s] -- Installing: /home/bb/ros2_ws/install/linear_acceleration_msg/share/linear_acceleration_msg/cmake/linear_acceleration_msg__rosidl_typesupport_introspection_cExport-noconfig.cmake
[41.924s] -- Installing: /home/bb/ros2_ws/install/linear_acceleration_msg/share/linear_acceleration_msg/cmake/linear_acceleration_msg__rosidl_typesupport_cExport.cmake
[41.926s] -- Installing: /home/bb/ros2_ws/install/linear_acceleration_msg/share/linear_acceleration_msg/cmake/linear_acceleration_msg__rosidl_typesupport_cExport-noconfig.cmake
[41.929s] -- Installing: /home/bb/ros2_ws/install/linear_acceleration_msg/share/linear_acceleration_msg/cmake/linear_acceleration_msg__rosidl_typesupport_introspection_cppExport.cmake
[41.931s] -- Installing: /home/bb/ros2_ws/install/linear_acceleration_msg/share/linear_acceleration_msg/cmake/linear_acceleration_msg__rosidl_typesupport_introspection_cppExport-noconfig.cmake
[41.932s] -- Installing: /home/bb/ros2_ws/install/linear_acceleration_msg/share/linear_acceleration_msg/cmake/linear_acceleration_msg__rosidl_typesupport_cppExport.cmake
[41.934s] -- Installing: /home/bb/ros2_ws/install/linear_acceleration_msg/share/linear_acceleration_msg/cmake/linear_acceleration_msg__rosidl_typesupport_cppExport-noconfig.cmake
[41.935s] -- Installing: /home/bb/ros2_ws/install/linear_acceleration_msg/share/linear_acceleration_msg/cmake/export_linear_acceleration_msg__rosidl_generator_pyExport.cmake
[41.939s] -- Installing: /home/bb/ros2_ws/install/linear_acceleration_msg/share/linear_acceleration_msg/cmake/export_linear_acceleration_msg__rosidl_generator_pyExport-noconfig.cmake
[41.939s] -- Installing: /home/bb/ros2_ws/install/linear_acceleration_msg/share/linear_acceleration_msg/cmake/rosidl_cmake-extras.cmake
[41.941s] -- Installing: /home/bb/ros2_ws/install/linear_acceleration_msg/share/linear_acceleration_msg/cmake/ament_cmake_export_include_directories-extras.cmake
[41.942s] -- Installing: /home/bb/ros2_ws/install/linear_acceleration_msg/share/linear_acceleration_msg/cmake/ament_cmake_export_libraries-extras.cmake
[41.944s] -- Installing: /home/bb/ros2_ws/install/linear_acceleration_msg/share/linear_acceleration_msg/cmake/ament_cmake_export_targets-extras.cmake
[41.944s] -- Installing: /home/bb/ros2_ws/install/linear_acceleration_msg/share/linear_acceleration_msg/cmake/rosidl_cmake_export_typesupport_targets-extras.cmake
[41.944s] -- Installing: /home/bb/ros2_ws/install/linear_acceleration_msg/share/linear_acceleration_msg/cmake/ament_cmake_export_dependencies-extras.cmake
[41.945s] -- Installing: /home/bb/ros2_ws/install/linear_acceleration_msg/share/linear_acceleration_msg/cmake/rosidl_cmake_export_typesupport_libraries-extras.cmake
[41.947s] -- Installing: /home/bb/ros2_ws/install/linear_acceleration_msg/share/linear_acceleration_msg/cmake/linear_acceleration_msgConfig.cmake
[41.949s] -- Installing: /home/bb/ros2_ws/install/linear_acceleration_msg/share/linear_acceleration_msg/cmake/linear_acceleration_msgConfig-version.cmake
[41.949s] -- Installing: /home/bb/ros2_ws/install/linear_acceleration_msg/share/linear_acceleration_msg/package.xml
[42.493s] Invoked command in '/home/bb/ros2_ws/build/linear_acceleration_msg' returned '0': CMAKE_PREFIX_PATH=${CMAKE_PREFIX_PATH}:/home/bb/ros2_ws/install/test141123:/home/bb/ros2_ws/install/imu_sensor:/home/bb/ros2_ws/install/depth_sensor:/home/bb/ros2_ws/install/acoustic_sensor:/home/bb/ros2_ws/install/IMU_sensor:/opt/ros/humble /usr/bin/cmake --install /home/bb/ros2_ws/build/linear_acceleration_msg
