running egg_info
writing ../../build/depth_sensor/depth_sensor.egg-info/PKG-INFO
writing dependency_links to ../../build/depth_sensor/depth_sensor.egg-info/dependency_links.txt
writing entry points to ../../build/depth_sensor/depth_sensor.egg-info/entry_points.txt
writing requirements to ../../build/depth_sensor/depth_sensor.egg-info/requires.txt
writing top-level names to ../../build/depth_sensor/depth_sensor.egg-info/top_level.txt
reading manifest file '../../build/depth_sensor/depth_sensor.egg-info/SOURCES.txt'
writing manifest file '../../build/depth_sensor/depth_sensor.egg-info/SOURCES.txt'
running build
running build_py
copying depth_sensor/publisher.py -> /home/bb/ros2_ws/build/depth_sensor/build/lib/depth_sensor
copying depth_sensor/__init__.py -> /home/bb/ros2_ws/build/depth_sensor/build/lib/depth_sensor
running install
running install_lib
creating /home/bb/ros2_ws/install/depth_sensor/lib/python3.8/site-packages/depth_sensor
copying /home/bb/ros2_ws/build/depth_sensor/build/lib/depth_sensor/publisher.py -> /home/bb/ros2_ws/install/depth_sensor/lib/python3.8/site-packages/depth_sensor
copying /home/bb/ros2_ws/build/depth_sensor/build/lib/depth_sensor/__init__.py -> /home/bb/ros2_ws/install/depth_sensor/lib/python3.8/site-packages/depth_sensor
byte-compiling /home/bb/ros2_ws/install/depth_sensor/lib/python3.8/site-packages/depth_sensor/publisher.py to publisher.cpython-38.pyc
byte-compiling /home/bb/ros2_ws/install/depth_sensor/lib/python3.8/site-packages/depth_sensor/__init__.py to __init__.cpython-38.pyc
running install_data
copying resource/depth_sensor -> /home/bb/ros2_ws/install/depth_sensor/share/ament_index/resource_index/packages
copying package.xml -> /home/bb/ros2_ws/install/depth_sensor/share/depth_sensor
running install_egg_info
Copying ../../build/depth_sensor/depth_sensor.egg-info to /home/bb/ros2_ws/install/depth_sensor/lib/python3.8/site-packages/depth_sensor-0.0.0-py3.8.egg-info
running install_scripts
Installing publisher script to /home/bb/ros2_ws/install/depth_sensor/lib/depth_sensor
writing list of installed files to '/home/bb/ros2_ws/build/depth_sensor/install.log'
