[5.030s] Invoking command in '/home/bb/ros2_ws/src/depth_sensor': PYTHONPATH=/home/bb/ros2_ws/build/depth_sensor/prefix_override:/home/bb/ros2_ws/install/depth_sensor/lib/python3.8/site-packages:${PYTHONPATH} /usr/bin/python3 setup.py egg_info --egg-base ../../build/depth_sensor build --build-base /home/bb/ros2_ws/build/depth_sensor/build install --record /home/bb/ros2_ws/build/depth_sensor/install.log --single-version-externally-managed
[6.244s] running egg_info
[6.245s] writing ../../build/depth_sensor/depth_sensor.egg-info/PKG-INFO
[6.246s] writing dependency_links to ../../build/depth_sensor/depth_sensor.egg-info/dependency_links.txt
[6.247s] writing entry points to ../../build/depth_sensor/depth_sensor.egg-info/entry_points.txt
[6.248s] writing requirements to ../../build/depth_sensor/depth_sensor.egg-info/requires.txt
[6.249s] writing top-level names to ../../build/depth_sensor/depth_sensor.egg-info/top_level.txt
[6.418s] reading manifest file '../../build/depth_sensor/depth_sensor.egg-info/SOURCES.txt'
[6.423s] writing manifest file '../../build/depth_sensor/depth_sensor.egg-info/SOURCES.txt'
[6.424s] running build
[6.424s] running build_py
[6.425s] copying depth_sensor/publisher.py -> /home/bb/ros2_ws/build/depth_sensor/build/lib/depth_sensor
[6.426s] copying depth_sensor/__init__.py -> /home/bb/ros2_ws/build/depth_sensor/build/lib/depth_sensor
[6.426s] running install
[6.430s] running install_lib
[6.435s] creating /home/bb/ros2_ws/install/depth_sensor/lib/python3.8/site-packages/depth_sensor
[6.436s] copying /home/bb/ros2_ws/build/depth_sensor/build/lib/depth_sensor/publisher.py -> /home/bb/ros2_ws/install/depth_sensor/lib/python3.8/site-packages/depth_sensor
[6.436s] copying /home/bb/ros2_ws/build/depth_sensor/build/lib/depth_sensor/__init__.py -> /home/bb/ros2_ws/install/depth_sensor/lib/python3.8/site-packages/depth_sensor
[6.439s] byte-compiling /home/bb/ros2_ws/install/depth_sensor/lib/python3.8/site-packages/depth_sensor/publisher.py to publisher.cpython-38.pyc
[6.447s] byte-compiling /home/bb/ros2_ws/install/depth_sensor/lib/python3.8/site-packages/depth_sensor/__init__.py to __init__.cpython-38.pyc
[6.448s] running install_data
[6.450s] copying resource/depth_sensor -> /home/bb/ros2_ws/install/depth_sensor/share/ament_index/resource_index/packages
[6.451s] copying package.xml -> /home/bb/ros2_ws/install/depth_sensor/share/depth_sensor
[6.452s] running install_egg_info
[6.459s] Copying ../../build/depth_sensor/depth_sensor.egg-info to /home/bb/ros2_ws/install/depth_sensor/lib/python3.8/site-packages/depth_sensor-0.0.0-py3.8.egg-info
[6.465s] running install_scripts
[6.542s] Installing publisher script to /home/bb/ros2_ws/install/depth_sensor/lib/depth_sensor
[6.544s] writing list of installed files to '/home/bb/ros2_ws/build/depth_sensor/install.log'
[6.641s] Invoked command in '/home/bb/ros2_ws/src/depth_sensor' returned '0': PYTHONPATH=/home/bb/ros2_ws/build/depth_sensor/prefix_override:/home/bb/ros2_ws/install/depth_sensor/lib/python3.8/site-packages:${PYTHONPATH} /usr/bin/python3 setup.py egg_info --egg-base ../../build/depth_sensor build --build-base /home/bb/ros2_ws/build/depth_sensor/build install --record /home/bb/ros2_ws/build/depth_sensor/install.log --single-version-externally-managed
