[5.961s] Invoking command in '/home/bb/ros2_ws/src/imu_sensor': PYTHONPATH=/home/bb/ros2_ws/build/imu_sensor/prefix_override:/home/bb/ros2_ws/install/imu_sensor/lib/python3.8/site-packages:${PYTHONPATH} /usr/bin/python3 setup.py egg_info --egg-base ../../build/imu_sensor build --build-base /home/bb/ros2_ws/build/imu_sensor/build install --record /home/bb/ros2_ws/build/imu_sensor/install.log --single-version-externally-managed
[7.337s] running egg_info
[7.339s] writing ../../build/imu_sensor/imu_sensor.egg-info/PKG-INFO
[7.340s] writing dependency_links to ../../build/imu_sensor/imu_sensor.egg-info/dependency_links.txt
[7.341s] writing entry points to ../../build/imu_sensor/imu_sensor.egg-info/entry_points.txt
[7.342s] writing requirements to ../../build/imu_sensor/imu_sensor.egg-info/requires.txt
[7.343s] writing top-level names to ../../build/imu_sensor/imu_sensor.egg-info/top_level.txt
[7.519s] reading manifest file '../../build/imu_sensor/imu_sensor.egg-info/SOURCES.txt'
[7.524s] writing manifest file '../../build/imu_sensor/imu_sensor.egg-info/SOURCES.txt'
[7.526s] running build
[7.526s] running build_py
[7.529s] copying imu_sensor/publisher.py -> /home/bb/ros2_ws/build/imu_sensor/build/lib/imu_sensor
[7.531s] running install
[7.533s] running install_lib
[7.540s] copying /home/bb/ros2_ws/build/imu_sensor/build/lib/imu_sensor/publisher.py -> /home/bb/ros2_ws/install/imu_sensor/lib/python3.8/site-packages/imu_sensor
[7.543s] byte-compiling /home/bb/ros2_ws/install/imu_sensor/lib/python3.8/site-packages/imu_sensor/publisher.py to publisher.cpython-38.pyc
[7.552s] running install_data
[7.559s] running install_egg_info
[7.565s] removing '/home/bb/ros2_ws/install/imu_sensor/lib/python3.8/site-packages/imu_sensor-0.0.0-py3.8.egg-info' (and everything under it)
[7.567s] Copying ../../build/imu_sensor/imu_sensor.egg-info to /home/bb/ros2_ws/install/imu_sensor/lib/python3.8/site-packages/imu_sensor-0.0.0-py3.8.egg-info
[7.575s] running install_scripts
[7.668s] Installing publisher script to /home/bb/ros2_ws/install/imu_sensor/lib/imu_sensor
[7.669s] writing list of installed files to '/home/bb/ros2_ws/build/imu_sensor/install.log'
[7.787s] Invoked command in '/home/bb/ros2_ws/src/imu_sensor' returned '0': PYTHONPATH=/home/bb/ros2_ws/build/imu_sensor/prefix_override:/home/bb/ros2_ws/install/imu_sensor/lib/python3.8/site-packages:${PYTHONPATH} /usr/bin/python3 setup.py egg_info --egg-base ../../build/imu_sensor build --build-base /home/bb/ros2_ws/build/imu_sensor/build install --record /home/bb/ros2_ws/build/imu_sensor/install.log --single-version-externally-managed
