[7.936s] Invoking command in '/home/bb/ros2_ws/build/acoustic_msg': CMAKE_PREFIX_PATH=${CMAKE_PREFIX_PATH}:/home/bb/ros2_ws/install/sub:/home/bb/ros2_ws/install/test141123:/home/bb/ros2_ws/install/imu_sensor:/home/bb/ros2_ws/install/depth_sensor:/home/bb/ros2_ws/install/acoustic_sensor:/home/bb/ros2_ws/install/IMU_sensor:/opt/ros/humble /usr/bin/cmake --build /home/bb/ros2_ws/build/acoustic_msg -- -j6 -l6
[8.357s] [  9%] Built target acoustic_msg__rosidl_generator_c
[8.374s] [ 12%] Built target acoustic_msg__cpp
[8.422s] [ 12%] Built target ament_cmake_python_copy_acoustic_msg
[8.661s] [ 22%] Built target acoustic_msg__rosidl_typesupport_fastrtps_c
[8.744s] [ 32%] Built target acoustic_msg__rosidl_typesupport_c
[8.784s] [ 41%] Built target acoustic_msg__rosidl_typesupport_introspection_c
[8.802s] [ 51%] Built target acoustic_msg__rosidl_typesupport_introspection_cpp
[8.806s] [ 61%] Built target acoustic_msg__rosidl_typesupport_fastrtps_cpp
[8.820s] [ 70%] Built target acoustic_msg__rosidl_typesupport_cpp
[9.080s] [ 70%] Built target acoustic_msg
[9.351s] [ 74%] Built target acoustic_msg__py
[9.616s] [ 80%] Built target acoustic_msg__rosidl_generator_py
[9.972s] [ 87%] Built target acoustic_msg__rosidl_typesupport_fastrtps_c__pyext
[9.989s] [ 93%] Built target acoustic_msg__rosidl_typesupport_c__pyext
[10.039s] [100%] Built target acoustic_msg__rosidl_typesupport_introspection_c__pyext
[11.498s] running egg_info
[11.502s] writing acoustic_msg.egg-info/PKG-INFO
[11.503s] writing dependency_links to acoustic_msg.egg-info/dependency_links.txt
[11.504s] writing top-level names to acoustic_msg.egg-info/top_level.txt
[11.853s] reading manifest file 'acoustic_msg.egg-info/SOURCES.txt'
[11.856s] writing manifest file 'acoustic_msg.egg-info/SOURCES.txt'
[12.014s] [100%] Built target ament_cmake_python_build_acoustic_msg_egg
[12.094s] Invoked command in '/home/bb/ros2_ws/build/acoustic_msg' returned '0': CMAKE_PREFIX_PATH=${CMAKE_PREFIX_PATH}:/home/bb/ros2_ws/install/sub:/home/bb/ros2_ws/install/test141123:/home/bb/ros2_ws/install/imu_sensor:/home/bb/ros2_ws/install/depth_sensor:/home/bb/ros2_ws/install/acoustic_sensor:/home/bb/ros2_ws/install/IMU_sensor:/opt/ros/humble /usr/bin/cmake --build /home/bb/ros2_ws/build/acoustic_msg -- -j6 -l6
[12.591s] Invoking command in '/home/bb/ros2_ws/build/acoustic_msg': CMAKE_PREFIX_PATH=${CMAKE_PREFIX_PATH}:/home/bb/ros2_ws/install/sub:/home/bb/ros2_ws/install/test141123:/home/bb/ros2_ws/install/imu_sensor:/home/bb/ros2_ws/install/depth_sensor:/home/bb/ros2_ws/install/acoustic_sensor:/home/bb/ros2_ws/install/IMU_sensor:/opt/ros/humble /usr/bin/cmake --install /home/bb/ros2_ws/build/acoustic_msg
[12.678s] -- Install configuration: ""
[12.679s] -- Up-to-date: /home/bb/ros2_ws/install/acoustic_msg/share/ament_index/resource_index/rosidl_interfaces/acoustic_msg
[12.680s] -- Up-to-date: /home/bb/ros2_ws/install/acoustic_msg/include/acoustic_msg/acoustic_msg
[12.681s] -- Up-to-date: /home/bb/ros2_ws/install/acoustic_msg/include/acoustic_msg/acoustic_msg/msg
[12.683s] -- Up-to-date: /home/bb/ros2_ws/install/acoustic_msg/include/acoustic_msg/acoustic_msg/msg/rosidl_generator_c__visibility_control.h
[12.683s] -- Up-to-date: /home/bb/ros2_ws/install/acoustic_msg/include/acoustic_msg/acoustic_msg/msg/acoustic.h
[12.684s] -- Up-to-date: /home/bb/ros2_ws/install/acoustic_msg/include/acoustic_msg/acoustic_msg/msg/detail
[12.684s] -- Up-to-date: /home/bb/ros2_ws/install/acoustic_msg/include/acoustic_msg/acoustic_msg/msg/detail/acoustic__functions.h
[12.685s] -- Up-to-date: /home/bb/ros2_ws/install/acoustic_msg/include/acoustic_msg/acoustic_msg/msg/detail/acoustic__functions.c
[12.685s] -- Up-to-date: /home/bb/ros2_ws/install/acoustic_msg/include/acoustic_msg/acoustic_msg/msg/detail/acoustic__type_support.h
[12.686s] -- Up-to-date: /home/bb/ros2_ws/install/acoustic_msg/include/acoustic_msg/acoustic_msg/msg/detail/acoustic__struct.h
[12.687s] -- Up-to-date: /home/bb/ros2_ws/install/acoustic_msg/share/acoustic_msg/environment/library_path.sh
[12.687s] -- Up-to-date: /home/bb/ros2_ws/install/acoustic_msg/share/acoustic_msg/environment/library_path.dsv
[12.688s] -- Up-to-date: /home/bb/ros2_ws/install/acoustic_msg/lib/libacoustic_msg__rosidl_generator_c.so
[12.692s] -- Up-to-date: /home/bb/ros2_ws/install/acoustic_msg/include/acoustic_msg/acoustic_msg
[12.692s] -- Up-to-date: /home/bb/ros2_ws/install/acoustic_msg/include/acoustic_msg/acoustic_msg/msg
[12.695s] -- Up-to-date: /home/bb/ros2_ws/install/acoustic_msg/include/acoustic_msg/acoustic_msg/msg/rosidl_typesupport_fastrtps_c__visibility_control.h
[12.697s] -- Up-to-date: /home/bb/ros2_ws/install/acoustic_msg/include/acoustic_msg/acoustic_msg/msg/detail
[12.699s] -- Up-to-date: /home/bb/ros2_ws/install/acoustic_msg/include/acoustic_msg/acoustic_msg/msg/detail/acoustic__rosidl_typesupport_fastrtps_c.h
[12.702s] -- Up-to-date: /home/bb/ros2_ws/install/acoustic_msg/lib/libacoustic_msg__rosidl_typesupport_fastrtps_c.so
[12.704s] -- Up-to-date: /home/bb/ros2_ws/install/acoustic_msg/include/acoustic_msg/acoustic_msg
[12.704s] -- Up-to-date: /home/bb/ros2_ws/install/acoustic_msg/include/acoustic_msg/acoustic_msg/msg
[12.705s] -- Up-to-date: /home/bb/ros2_ws/install/acoustic_msg/include/acoustic_msg/acoustic_msg/msg/rosidl_typesupport_introspection_c__visibility_control.h
[12.705s] -- Up-to-date: /home/bb/ros2_ws/install/acoustic_msg/include/acoustic_msg/acoustic_msg/msg/detail
[12.706s] -- Up-to-date: /home/bb/ros2_ws/install/acoustic_msg/include/acoustic_msg/acoustic_msg/msg/detail/acoustic__type_support.c
[12.707s] -- Up-to-date: /home/bb/ros2_ws/install/acoustic_msg/include/acoustic_msg/acoustic_msg/msg/detail/acoustic__rosidl_typesupport_introspection_c.h
[12.708s] -- Up-to-date: /home/bb/ros2_ws/install/acoustic_msg/lib/libacoustic_msg__rosidl_typesupport_introspection_c.so
[12.710s] -- Up-to-date: /home/bb/ros2_ws/install/acoustic_msg/lib/libacoustic_msg__rosidl_typesupport_c.so
[12.710s] -- Up-to-date: /home/bb/ros2_ws/install/acoustic_msg/include/acoustic_msg/acoustic_msg
[12.711s] -- Up-to-date: /home/bb/ros2_ws/install/acoustic_msg/include/acoustic_msg/acoustic_msg/msg
[12.711s] -- Up-to-date: /home/bb/ros2_ws/install/acoustic_msg/include/acoustic_msg/acoustic_msg/msg/acoustic.hpp
[12.712s] -- Up-to-date: /home/bb/ros2_ws/install/acoustic_msg/include/acoustic_msg/acoustic_msg/msg/detail
[12.712s] -- Up-to-date: /home/bb/ros2_ws/install/acoustic_msg/include/acoustic_msg/acoustic_msg/msg/detail/acoustic__builder.hpp
[12.713s] -- Up-to-date: /home/bb/ros2_ws/install/acoustic_msg/include/acoustic_msg/acoustic_msg/msg/detail/acoustic__traits.hpp
[12.713s] -- Up-to-date: /home/bb/ros2_ws/install/acoustic_msg/include/acoustic_msg/acoustic_msg/msg/detail/acoustic__struct.hpp
[12.714s] -- Up-to-date: /home/bb/ros2_ws/install/acoustic_msg/include/acoustic_msg/acoustic_msg
[12.715s] -- Up-to-date: /home/bb/ros2_ws/install/acoustic_msg/include/acoustic_msg/acoustic_msg/msg
[12.716s] -- Up-to-date: /home/bb/ros2_ws/install/acoustic_msg/include/acoustic_msg/acoustic_msg/msg/rosidl_typesupport_fastrtps_cpp__visibility_control.h
[12.716s] -- Up-to-date: /home/bb/ros2_ws/install/acoustic_msg/include/acoustic_msg/acoustic_msg/msg/detail
[12.716s] -- Up-to-date: /home/bb/ros2_ws/install/acoustic_msg/include/acoustic_msg/acoustic_msg/msg/detail/acoustic__rosidl_typesupport_fastrtps_cpp.hpp
[12.717s] -- Up-to-date: /home/bb/ros2_ws/install/acoustic_msg/include/acoustic_msg/acoustic_msg/msg/detail/dds_fastrtps
[12.718s] -- Up-to-date: /home/bb/ros2_ws/install/acoustic_msg/lib/libacoustic_msg__rosidl_typesupport_fastrtps_cpp.so
[12.718s] -- Up-to-date: /home/bb/ros2_ws/install/acoustic_msg/include/acoustic_msg/acoustic_msg
[12.719s] -- Up-to-date: /home/bb/ros2_ws/install/acoustic_msg/include/acoustic_msg/acoustic_msg/msg
[12.719s] -- Up-to-date: /home/bb/ros2_ws/install/acoustic_msg/include/acoustic_msg/acoustic_msg/msg/detail
[12.719s] -- Up-to-date: /home/bb/ros2_ws/install/acoustic_msg/include/acoustic_msg/acoustic_msg/msg/detail/acoustic__rosidl_typesupport_introspection_cpp.hpp
[12.721s] -- Up-to-date: /home/bb/ros2_ws/install/acoustic_msg/include/acoustic_msg/acoustic_msg/msg/detail/acoustic__type_support.cpp
[12.722s] -- Up-to-date: /home/bb/ros2_ws/install/acoustic_msg/lib/libacoustic_msg__rosidl_typesupport_introspection_cpp.so
[12.722s] -- Up-to-date: /home/bb/ros2_ws/install/acoustic_msg/lib/libacoustic_msg__rosidl_typesupport_cpp.so
[12.723s] -- Up-to-date: /home/bb/ros2_ws/install/acoustic_msg/share/acoustic_msg/environment/pythonpath.sh
[12.724s] -- Up-to-date: /home/bb/ros2_ws/install/acoustic_msg/share/acoustic_msg/environment/pythonpath.dsv
[12.724s] -- Up-to-date: /home/bb/ros2_ws/install/acoustic_msg/lib/python3.9/site-packages/acoustic_msg-0.0.0-py3.9.egg-info
[12.725s] -- Installing: /home/bb/ros2_ws/install/acoustic_msg/lib/python3.9/site-packages/acoustic_msg-0.0.0-py3.9.egg-info/top_level.txt
[12.726s] -- Installing: /home/bb/ros2_ws/install/acoustic_msg/lib/python3.9/site-packages/acoustic_msg-0.0.0-py3.9.egg-info/dependency_links.txt
[12.727s] -- Installing: /home/bb/ros2_ws/install/acoustic_msg/lib/python3.9/site-packages/acoustic_msg-0.0.0-py3.9.egg-info/SOURCES.txt
[12.729s] -- Installing: /home/bb/ros2_ws/install/acoustic_msg/lib/python3.9/site-packages/acoustic_msg-0.0.0-py3.9.egg-info/PKG-INFO
[12.734s] -- Up-to-date: /home/bb/ros2_ws/install/acoustic_msg/lib/python3.9/site-packages/acoustic_msg
[12.734s] -- Up-to-date: /home/bb/ros2_ws/install/acoustic_msg/lib/python3.9/site-packages/acoustic_msg/msg
[12.735s] -- Up-to-date: /home/bb/ros2_ws/install/acoustic_msg/lib/python3.9/site-packages/acoustic_msg/msg/_acoustic_s.c
[12.735s] -- Up-to-date: /home/bb/ros2_ws/install/acoustic_msg/lib/python3.9/site-packages/acoustic_msg/msg/_acoustic.py
[12.736s] -- Up-to-date: /home/bb/ros2_ws/install/acoustic_msg/lib/python3.9/site-packages/acoustic_msg/msg/__init__.py
[12.736s] -- Up-to-date: /home/bb/ros2_ws/install/acoustic_msg/lib/python3.9/site-packages/acoustic_msg/_acoustic_msg_s.ep.rosidl_typesupport_c.c
[12.737s] -- Up-to-date: /home/bb/ros2_ws/install/acoustic_msg/lib/python3.9/site-packages/acoustic_msg/_acoustic_msg_s.ep.rosidl_typesupport_introspection_c.c
[12.737s] -- Up-to-date: /home/bb/ros2_ws/install/acoustic_msg/lib/python3.9/site-packages/acoustic_msg/acoustic_msg_s__rosidl_typesupport_introspection_c.cpython-38-aarch64-linux-gnu.so
[12.739s] -- Up-to-date: /home/bb/ros2_ws/install/acoustic_msg/lib/python3.9/site-packages/acoustic_msg/_acoustic_msg_s.ep.rosidl_typesupport_fastrtps_c.c
[12.739s] -- Up-to-date: /home/bb/ros2_ws/install/acoustic_msg/lib/python3.9/site-packages/acoustic_msg/libacoustic_msg__rosidl_generator_py.so
[12.740s] -- Up-to-date: /home/bb/ros2_ws/install/acoustic_msg/lib/python3.9/site-packages/acoustic_msg/acoustic_msg_s__rosidl_typesupport_fastrtps_c.cpython-38-aarch64-linux-gnu.so
[12.741s] -- Up-to-date: /home/bb/ros2_ws/install/acoustic_msg/lib/python3.9/site-packages/acoustic_msg/acoustic_msg_s__rosidl_typesupport_c.cpython-38-aarch64-linux-gnu.so
[12.741s] -- Up-to-date: /home/bb/ros2_ws/install/acoustic_msg/lib/python3.9/site-packages/acoustic_msg/__init__.py
[13.041s] Listing '/home/bb/ros2_ws/install/acoustic_msg/lib/python3.9/site-packages/acoustic_msg'...
[13.042s] Listing '/home/bb/ros2_ws/install/acoustic_msg/lib/python3.9/site-packages/acoustic_msg/msg'...
[13.093s] -- Up-to-date: /home/bb/ros2_ws/install/acoustic_msg/lib/python3.9/site-packages/acoustic_msg/acoustic_msg_s__rosidl_typesupport_fastrtps_c.cpython-38-aarch64-linux-gnu.so
[13.130s] -- Up-to-date: /home/bb/ros2_ws/install/acoustic_msg/lib/python3.9/site-packages/acoustic_msg/acoustic_msg_s__rosidl_typesupport_introspection_c.cpython-38-aarch64-linux-gnu.so
[13.140s] -- Up-to-date: /home/bb/ros2_ws/install/acoustic_msg/lib/python3.9/site-packages/acoustic_msg/acoustic_msg_s__rosidl_typesupport_c.cpython-38-aarch64-linux-gnu.so
[13.158s] -- Up-to-date: /home/bb/ros2_ws/install/acoustic_msg/lib/libacoustic_msg__rosidl_generator_py.so
[13.170s] -- Up-to-date: /home/bb/ros2_ws/install/acoustic_msg/share/acoustic_msg/msg/Acoustic.idl
[13.172s] -- Up-to-date: /home/bb/ros2_ws/install/acoustic_msg/share/acoustic_msg/msg/Acoustic.msg
[13.174s] -- Up-to-date: /home/bb/ros2_ws/install/acoustic_msg/share/ament_index/resource_index/package_run_dependencies/acoustic_msg
[13.179s] -- Up-to-date: /home/bb/ros2_ws/install/acoustic_msg/share/ament_index/resource_index/parent_prefix_path/acoustic_msg
[13.180s] -- Up-to-date: /home/bb/ros2_ws/install/acoustic_msg/share/acoustic_msg/environment/ament_prefix_path.sh
[13.182s] -- Up-to-date: /home/bb/ros2_ws/install/acoustic_msg/share/acoustic_msg/environment/ament_prefix_path.dsv
[13.184s] -- Up-to-date: /home/bb/ros2_ws/install/acoustic_msg/share/acoustic_msg/environment/path.sh
[13.185s] -- Up-to-date: /home/bb/ros2_ws/install/acoustic_msg/share/acoustic_msg/environment/path.dsv
[13.187s] -- Up-to-date: /home/bb/ros2_ws/install/acoustic_msg/share/acoustic_msg/local_setup.bash
[13.188s] -- Up-to-date: /home/bb/ros2_ws/install/acoustic_msg/share/acoustic_msg/local_setup.sh
[13.189s] -- Up-to-date: /home/bb/ros2_ws/install/acoustic_msg/share/acoustic_msg/local_setup.zsh
[13.190s] -- Up-to-date: /home/bb/ros2_ws/install/acoustic_msg/share/acoustic_msg/local_setup.dsv
[13.191s] -- Installing: /home/bb/ros2_ws/install/acoustic_msg/share/acoustic_msg/package.dsv
[13.192s] -- Up-to-date: /home/bb/ros2_ws/install/acoustic_msg/share/ament_index/resource_index/packages/acoustic_msg
[13.199s] -- Up-to-date: /home/bb/ros2_ws/install/acoustic_msg/share/acoustic_msg/cmake/export_acoustic_msg__rosidl_generator_cExport.cmake
[13.202s] -- Up-to-date: /home/bb/ros2_ws/install/acoustic_msg/share/acoustic_msg/cmake/export_acoustic_msg__rosidl_generator_cExport-noconfig.cmake
[13.202s] -- Up-to-date: /home/bb/ros2_ws/install/acoustic_msg/share/acoustic_msg/cmake/export_acoustic_msg__rosidl_typesupport_fastrtps_cExport.cmake
[13.204s] -- Up-to-date: /home/bb/ros2_ws/install/acoustic_msg/share/acoustic_msg/cmake/export_acoustic_msg__rosidl_typesupport_fastrtps_cExport-noconfig.cmake
[13.205s] -- Up-to-date: /home/bb/ros2_ws/install/acoustic_msg/share/acoustic_msg/cmake/acoustic_msg__rosidl_typesupport_introspection_cExport.cmake
[13.206s] -- Up-to-date: /home/bb/ros2_ws/install/acoustic_msg/share/acoustic_msg/cmake/acoustic_msg__rosidl_typesupport_introspection_cExport-noconfig.cmake
[13.209s] -- Up-to-date: /home/bb/ros2_ws/install/acoustic_msg/share/acoustic_msg/cmake/acoustic_msg__rosidl_typesupport_cExport.cmake
[13.212s] -- Up-to-date: /home/bb/ros2_ws/install/acoustic_msg/share/acoustic_msg/cmake/acoustic_msg__rosidl_typesupport_cExport-noconfig.cmake
[13.213s] -- Up-to-date: /home/bb/ros2_ws/install/acoustic_msg/share/acoustic_msg/cmake/export_acoustic_msg__rosidl_generator_cppExport.cmake
[13.214s] -- Up-to-date: /home/bb/ros2_ws/install/acoustic_msg/share/acoustic_msg/cmake/export_acoustic_msg__rosidl_typesupport_fastrtps_cppExport.cmake
[13.217s] -- Up-to-date: /home/bb/ros2_ws/install/acoustic_msg/share/acoustic_msg/cmake/export_acoustic_msg__rosidl_typesupport_fastrtps_cppExport-noconfig.cmake
[13.220s] -- Up-to-date: /home/bb/ros2_ws/install/acoustic_msg/share/acoustic_msg/cmake/acoustic_msg__rosidl_typesupport_introspection_cppExport.cmake
[13.221s] -- Up-to-date: /home/bb/ros2_ws/install/acoustic_msg/share/acoustic_msg/cmake/acoustic_msg__rosidl_typesupport_introspection_cppExport-noconfig.cmake
[13.222s] -- Up-to-date: /home/bb/ros2_ws/install/acoustic_msg/share/acoustic_msg/cmake/acoustic_msg__rosidl_typesupport_cppExport.cmake
[13.224s] -- Up-to-date: /home/bb/ros2_ws/install/acoustic_msg/share/acoustic_msg/cmake/acoustic_msg__rosidl_typesupport_cppExport-noconfig.cmake
[13.224s] -- Up-to-date: /home/bb/ros2_ws/install/acoustic_msg/share/acoustic_msg/cmake/export_acoustic_msg__rosidl_generator_pyExport.cmake
[13.225s] -- Up-to-date: /home/bb/ros2_ws/install/acoustic_msg/share/acoustic_msg/cmake/export_acoustic_msg__rosidl_generator_pyExport-noconfig.cmake
[13.226s] -- Up-to-date: /home/bb/ros2_ws/install/acoustic_msg/share/acoustic_msg/cmake/rosidl_cmake-extras.cmake
[13.227s] -- Up-to-date: /home/bb/ros2_ws/install/acoustic_msg/share/acoustic_msg/cmake/ament_cmake_export_include_directories-extras.cmake
[13.228s] -- Up-to-date: /home/bb/ros2_ws/install/acoustic_msg/share/acoustic_msg/cmake/ament_cmake_export_libraries-extras.cmake
[13.230s] -- Up-to-date: /home/bb/ros2_ws/install/acoustic_msg/share/acoustic_msg/cmake/ament_cmake_export_targets-extras.cmake
[13.233s] -- Up-to-date: /home/bb/ros2_ws/install/acoustic_msg/share/acoustic_msg/cmake/rosidl_cmake_export_typesupport_targets-extras.cmake
[13.234s] -- Up-to-date: /home/bb/ros2_ws/install/acoustic_msg/share/acoustic_msg/cmake/ament_cmake_export_dependencies-extras.cmake
[13.236s] -- Up-to-date: /home/bb/ros2_ws/install/acoustic_msg/share/acoustic_msg/cmake/rosidl_cmake_export_typesupport_libraries-extras.cmake
[13.237s] -- Up-to-date: /home/bb/ros2_ws/install/acoustic_msg/share/acoustic_msg/cmake/acoustic_msgConfig.cmake
[13.239s] -- Up-to-date: /home/bb/ros2_ws/install/acoustic_msg/share/acoustic_msg/cmake/acoustic_msgConfig-version.cmake
[13.240s] -- Up-to-date: /home/bb/ros2_ws/install/acoustic_msg/share/acoustic_msg/package.xml
[14.476s] Invoked command in '/home/bb/ros2_ws/build/acoustic_msg' returned '0': CMAKE_PREFIX_PATH=${CMAKE_PREFIX_PATH}:/home/bb/ros2_ws/install/sub:/home/bb/ros2_ws/install/test141123:/home/bb/ros2_ws/install/imu_sensor:/home/bb/ros2_ws/install/depth_sensor:/home/bb/ros2_ws/install/acoustic_sensor:/home/bb/ros2_ws/install/IMU_sensor:/opt/ros/humble /usr/bin/cmake --install /home/bb/ros2_ws/build/acoustic_msg
