[10.750s] DEBUG:colcon:Command line arguments: ['/usr/bin/colcon', 'build']
[10.751s] DEBUG:colcon:Parsed command line arguments: Namespace(allow_overriding=[], ament_cmake_args=None, base_paths=['.'], build_base='build', catkin_cmake_args=None, catkin_skip_building_tests=False, cmake_args=None, cmake_clean_cache=False, cmake_clean_first=False, cmake_force_configure=False, cmake_target=None, cmake_target_skip_unavailable=False, continue_on_error=False, event_handlers=None, executor='parallel', ignore_user_meta=False, install_base='install', log_base=None, log_level=None, main=<bound method BuildVerb.main of <colcon_core.verb.build.BuildVerb object at 0xffffb81f74f0>>, merge_install=False, metas=['./colcon.meta'], packages_above=None, packages_above_and_dependencies=None, packages_above_depth=None, packages_end=None, packages_ignore=None, packages_ignore_regex=None, packages_select=None, packages_select_build_failed=False, packages_select_by_dep=None, packages_select_regex=None, packages_select_test_failures=False, packages_skip=None, packages_skip_build_finished=False, packages_skip_by_dep=None, packages_skip_regex=None, packages_skip_test_passed=False, packages_skip_up_to=None, packages_start=None, packages_up_to=None, packages_up_to_regex=None, parallel_workers=6, paths=None, symlink_install=False, test_result_base=None, verb_extension=<colcon_core.verb.build.BuildVerb object at 0xffffb81f74f0>, verb_name='build', verb_parser=<colcon_defaults.argument_parser.defaults.DefaultArgumentsDecorator object at 0xffffb7d42a30>)
[11.237s] Level 1:colcon.colcon_core.package_discovery:discover_packages(colcon_meta) check parameters
[11.238s] Level 1:colcon.colcon_core.package_discovery:discover_packages(recursive) check parameters
[11.238s] Level 1:colcon.colcon_core.package_discovery:discover_packages(ignore) check parameters
[11.238s] Level 1:colcon.colcon_core.package_discovery:discover_packages(path) check parameters
[11.238s] Level 1:colcon.colcon_core.package_discovery:discover_packages(colcon_meta) discover
[11.239s] Level 1:colcon.colcon_core.package_discovery:discover_packages(recursive) discover
[11.239s] INFO:colcon.colcon_core.package_discovery:Crawling recursively for packages in '/home/bb/ros2_ws'
[11.240s] Level 1:colcon.colcon_core.package_identification:_identify(.) by extensions ['ignore', 'ignore_ament_install']
[11.240s] Level 1:colcon.colcon_core.package_identification:_identify(.) by extension 'ignore'
[11.240s] Level 1:colcon.colcon_core.package_identification:_identify(.) by extension 'ignore_ament_install'
[11.241s] Level 1:colcon.colcon_core.package_identification:_identify(.) by extensions ['colcon_pkg']
[11.241s] Level 1:colcon.colcon_core.package_identification:_identify(.) by extension 'colcon_pkg'
[11.241s] Level 1:colcon.colcon_core.package_identification:_identify(.) by extensions ['colcon_meta']
[11.241s] Level 1:colcon.colcon_core.package_identification:_identify(.) by extension 'colcon_meta'
[11.242s] Level 1:colcon.colcon_core.package_identification:_identify(.) by extensions ['ros']
[11.242s] Level 1:colcon.colcon_core.package_identification:_identify(.) by extension 'ros'
[11.299s] Level 1:colcon.colcon_core.package_identification:_identify(.) by extensions ['cmake', 'python']
[11.299s] Level 1:colcon.colcon_core.package_identification:_identify(.) by extension 'cmake'
[11.299s] Level 1:colcon.colcon_core.package_identification:_identify(.) by extension 'python'
[11.300s] Level 1:colcon.colcon_core.package_identification:_identify(.) by extensions ['python_setup_py']
[11.300s] Level 1:colcon.colcon_core.package_identification:_identify(.) by extension 'python_setup_py'
[11.301s] Level 1:colcon.colcon_core.package_identification:_identify(build) by extensions ['ignore', 'ignore_ament_install']
[11.301s] Level 1:colcon.colcon_core.package_identification:_identify(build) by extension 'ignore'
[11.301s] Level 1:colcon.colcon_core.package_identification:_identify(build) ignored
[11.302s] Level 1:colcon.colcon_core.package_identification:_identify(install) by extensions ['ignore', 'ignore_ament_install']
[11.302s] Level 1:colcon.colcon_core.package_identification:_identify(install) by extension 'ignore'
[11.303s] Level 1:colcon.colcon_core.package_identification:_identify(install) ignored
[11.304s] Level 1:colcon.colcon_core.package_identification:_identify(log) by extensions ['ignore', 'ignore_ament_install']
[11.304s] Level 1:colcon.colcon_core.package_identification:_identify(log) by extension 'ignore'
[11.304s] Level 1:colcon.colcon_core.package_identification:_identify(log) ignored
[11.305s] Level 1:colcon.colcon_core.package_identification:_identify(src) by extensions ['ignore', 'ignore_ament_install']
[11.305s] Level 1:colcon.colcon_core.package_identification:_identify(src) by extension 'ignore'
[11.305s] Level 1:colcon.colcon_core.package_identification:_identify(src) by extension 'ignore_ament_install'
[11.306s] Level 1:colcon.colcon_core.package_identification:_identify(src) by extensions ['colcon_pkg']
[11.306s] Level 1:colcon.colcon_core.package_identification:_identify(src) by extension 'colcon_pkg'
[11.306s] Level 1:colcon.colcon_core.package_identification:_identify(src) by extensions ['colcon_meta']
[11.306s] Level 1:colcon.colcon_core.package_identification:_identify(src) by extension 'colcon_meta'
[11.306s] Level 1:colcon.colcon_core.package_identification:_identify(src) by extensions ['ros']
[11.307s] Level 1:colcon.colcon_core.package_identification:_identify(src) by extension 'ros'
[11.307s] Level 1:colcon.colcon_core.package_identification:_identify(src) by extensions ['cmake', 'python']
[11.307s] Level 1:colcon.colcon_core.package_identification:_identify(src) by extension 'cmake'
[11.308s] Level 1:colcon.colcon_core.package_identification:_identify(src) by extension 'python'
[11.308s] Level 1:colcon.colcon_core.package_identification:_identify(src) by extensions ['python_setup_py']
[11.308s] Level 1:colcon.colcon_core.package_identification:_identify(src) by extension 'python_setup_py'
[11.309s] Level 1:colcon.colcon_core.package_identification:_identify(src/acoustic_msg) by extensions ['ignore', 'ignore_ament_install']
[11.309s] Level 1:colcon.colcon_core.package_identification:_identify(src/acoustic_msg) by extension 'ignore'
[11.309s] Level 1:colcon.colcon_core.package_identification:_identify(src/acoustic_msg) by extension 'ignore_ament_install'
[11.310s] Level 1:colcon.colcon_core.package_identification:_identify(src/acoustic_msg) by extensions ['colcon_pkg']
[11.310s] Level 1:colcon.colcon_core.package_identification:_identify(src/acoustic_msg) by extension 'colcon_pkg'
[11.310s] Level 1:colcon.colcon_core.package_identification:_identify(src/acoustic_msg) by extensions ['colcon_meta']
[11.310s] Level 1:colcon.colcon_core.package_identification:_identify(src/acoustic_msg) by extension 'colcon_meta'
[11.311s] Level 1:colcon.colcon_core.package_identification:_identify(src/acoustic_msg) by extensions ['ros']
[11.311s] Level 1:colcon.colcon_core.package_identification:_identify(src/acoustic_msg) by extension 'ros'
[11.324s] DEBUG:colcon.colcon_core.package_identification:Package 'src/acoustic_msg' with type 'ros.ament_cmake' and name 'acoustic_msg'
[11.325s] Level 1:colcon.colcon_core.package_identification:_identify(src/acoustic_sensor) by extensions ['ignore', 'ignore_ament_install']
[11.325s] Level 1:colcon.colcon_core.package_identification:_identify(src/acoustic_sensor) by extension 'ignore'
[11.326s] Level 1:colcon.colcon_core.package_identification:_identify(src/acoustic_sensor) by extension 'ignore_ament_install'
[11.326s] Level 1:colcon.colcon_core.package_identification:_identify(src/acoustic_sensor) by extensions ['colcon_pkg']
[11.326s] Level 1:colcon.colcon_core.package_identification:_identify(src/acoustic_sensor) by extension 'colcon_pkg'
[11.327s] Level 1:colcon.colcon_core.package_identification:_identify(src/acoustic_sensor) by extensions ['colcon_meta']
[11.327s] Level 1:colcon.colcon_core.package_identification:_identify(src/acoustic_sensor) by extension 'colcon_meta'
[11.327s] Level 1:colcon.colcon_core.package_identification:_identify(src/acoustic_sensor) by extensions ['ros']
[11.328s] Level 1:colcon.colcon_core.package_identification:_identify(src/acoustic_sensor) by extension 'ros'
[11.330s] DEBUG:colcon.colcon_core.package_identification:Package 'src/acoustic_sensor' with type 'ros.ament_python' and name 'acoustic_sensor'
[11.331s] Level 1:colcon.colcon_core.package_identification:_identify(src/bring_up) by extensions ['ignore', 'ignore_ament_install']
[11.331s] Level 1:colcon.colcon_core.package_identification:_identify(src/bring_up) by extension 'ignore'
[11.331s] Level 1:colcon.colcon_core.package_identification:_identify(src/bring_up) by extension 'ignore_ament_install'
[11.332s] Level 1:colcon.colcon_core.package_identification:_identify(src/bring_up) by extensions ['colcon_pkg']
[11.332s] Level 1:colcon.colcon_core.package_identification:_identify(src/bring_up) by extension 'colcon_pkg'
[11.332s] Level 1:colcon.colcon_core.package_identification:_identify(src/bring_up) by extensions ['colcon_meta']
[11.332s] Level 1:colcon.colcon_core.package_identification:_identify(src/bring_up) by extension 'colcon_meta'
[11.332s] Level 1:colcon.colcon_core.package_identification:_identify(src/bring_up) by extensions ['ros']
[11.333s] Level 1:colcon.colcon_core.package_identification:_identify(src/bring_up) by extension 'ros'
[11.335s] DEBUG:colcon.colcon_core.package_identification:Package 'src/bring_up' with type 'ros.ament_cmake' and name 'bring_up'
[11.335s] Level 1:colcon.colcon_core.package_identification:_identify(src/depth_sensor) by extensions ['ignore', 'ignore_ament_install']
[11.336s] Level 1:colcon.colcon_core.package_identification:_identify(src/depth_sensor) by extension 'ignore'
[11.336s] Level 1:colcon.colcon_core.package_identification:_identify(src/depth_sensor) by extension 'ignore_ament_install'
[11.336s] Level 1:colcon.colcon_core.package_identification:_identify(src/depth_sensor) by extensions ['colcon_pkg']
[11.337s] Level 1:colcon.colcon_core.package_identification:_identify(src/depth_sensor) by extension 'colcon_pkg'
[11.337s] Level 1:colcon.colcon_core.package_identification:_identify(src/depth_sensor) by extensions ['colcon_meta']
[11.337s] Level 1:colcon.colcon_core.package_identification:_identify(src/depth_sensor) by extension 'colcon_meta'
[11.337s] Level 1:colcon.colcon_core.package_identification:_identify(src/depth_sensor) by extensions ['ros']
[11.337s] Level 1:colcon.colcon_core.package_identification:_identify(src/depth_sensor) by extension 'ros'
[11.339s] DEBUG:colcon.colcon_core.package_identification:Package 'src/depth_sensor' with type 'ros.ament_python' and name 'depth_sensor'
[11.340s] Level 1:colcon.colcon_core.package_identification:_identify(src/imu_sensor) by extensions ['ignore', 'ignore_ament_install']
[11.340s] Level 1:colcon.colcon_core.package_identification:_identify(src/imu_sensor) by extension 'ignore'
[11.341s] Level 1:colcon.colcon_core.package_identification:_identify(src/imu_sensor) by extension 'ignore_ament_install'
[11.341s] Level 1:colcon.colcon_core.package_identification:_identify(src/imu_sensor) by extensions ['colcon_pkg']
[11.341s] Level 1:colcon.colcon_core.package_identification:_identify(src/imu_sensor) by extension 'colcon_pkg'
[11.341s] Level 1:colcon.colcon_core.package_identification:_identify(src/imu_sensor) by extensions ['colcon_meta']
[11.342s] Level 1:colcon.colcon_core.package_identification:_identify(src/imu_sensor) by extension 'colcon_meta'
[11.342s] Level 1:colcon.colcon_core.package_identification:_identify(src/imu_sensor) by extensions ['ros']
[11.342s] Level 1:colcon.colcon_core.package_identification:_identify(src/imu_sensor) by extension 'ros'
[11.344s] DEBUG:colcon.colcon_core.package_identification:Package 'src/imu_sensor' with type 'ros.ament_python' and name 'imu_sensor'
[11.345s] Level 1:colcon.colcon_core.package_identification:_identify(src/linear_acceleration_msg) by extensions ['ignore', 'ignore_ament_install']
[11.345s] Level 1:colcon.colcon_core.package_identification:_identify(src/linear_acceleration_msg) by extension 'ignore'
[11.345s] Level 1:colcon.colcon_core.package_identification:_identify(src/linear_acceleration_msg) by extension 'ignore_ament_install'
[11.346s] Level 1:colcon.colcon_core.package_identification:_identify(src/linear_acceleration_msg) by extensions ['colcon_pkg']
[11.346s] Level 1:colcon.colcon_core.package_identification:_identify(src/linear_acceleration_msg) by extension 'colcon_pkg'
[11.346s] Level 1:colcon.colcon_core.package_identification:_identify(src/linear_acceleration_msg) by extensions ['colcon_meta']
[11.346s] Level 1:colcon.colcon_core.package_identification:_identify(src/linear_acceleration_msg) by extension 'colcon_meta'
[11.347s] Level 1:colcon.colcon_core.package_identification:_identify(src/linear_acceleration_msg) by extensions ['ros']
[11.347s] Level 1:colcon.colcon_core.package_identification:_identify(src/linear_acceleration_msg) by extension 'ros'
[11.349s] DEBUG:colcon.colcon_core.package_identification:Package 'src/linear_acceleration_msg' with type 'ros.ament_cmake' and name 'linear_acceleration_msg'
[11.350s] Level 1:colcon.colcon_core.package_discovery:discover_packages(recursive) using defaults
[11.350s] Level 1:colcon.colcon_core.package_discovery:discover_packages(ignore) discover
[11.350s] Level 1:colcon.colcon_core.package_discovery:discover_packages(ignore) using defaults
[11.350s] Level 1:colcon.colcon_core.package_discovery:discover_packages(path) discover
[11.350s] Level 1:colcon.colcon_core.package_discovery:discover_packages(path) using defaults
[12.299s] Level 1:colcon.colcon_core.package_discovery:discover_packages(prefix_path) check parameters
[12.299s] Level 1:colcon.colcon_core.package_discovery:discover_packages(prefix_path) discover
[12.665s] DEBUG:colcon.colcon_installed_package_information.package_discovery:Found 11 installed packages in /home/bb/ros2_ws/install
[12.850s] DEBUG:colcon.colcon_installed_package_information.package_discovery:Found 309 installed packages in /opt/ros/humble
[12.858s] Level 1:colcon.colcon_core.package_discovery:discover_packages(prefix_path) using defaults
[13.708s] Level 5:colcon.colcon_core.verb:set package 'acoustic_msg' build argument 'cmake_args' from command line to 'None'
[13.709s] Level 5:colcon.colcon_core.verb:set package 'acoustic_msg' build argument 'cmake_target' from command line to 'None'
[13.709s] Level 5:colcon.colcon_core.verb:set package 'acoustic_msg' build argument 'cmake_target_skip_unavailable' from command line to 'False'
[13.709s] Level 5:colcon.colcon_core.verb:set package 'acoustic_msg' build argument 'cmake_clean_cache' from command line to 'False'
[13.709s] Level 5:colcon.colcon_core.verb:set package 'acoustic_msg' build argument 'cmake_clean_first' from command line to 'False'
[13.710s] Level 5:colcon.colcon_core.verb:set package 'acoustic_msg' build argument 'cmake_force_configure' from command line to 'False'
[13.710s] Level 5:colcon.colcon_core.verb:set package 'acoustic_msg' build argument 'ament_cmake_args' from command line to 'None'
[13.710s] Level 5:colcon.colcon_core.verb:set package 'acoustic_msg' build argument 'catkin_cmake_args' from command line to 'None'
[13.710s] Level 5:colcon.colcon_core.verb:set package 'acoustic_msg' build argument 'catkin_skip_building_tests' from command line to 'False'
[13.710s] DEBUG:colcon.colcon_core.verb:Building package 'acoustic_msg' with the following arguments: {'ament_cmake_args': None, 'build_base': '/home/bb/ros2_ws/build/acoustic_msg', 'catkin_cmake_args': None, 'catkin_skip_building_tests': False, 'cmake_args': None, 'cmake_clean_cache': False, 'cmake_clean_first': False, 'cmake_force_configure': False, 'cmake_target': None, 'cmake_target_skip_unavailable': False, 'install_base': '/home/bb/ros2_ws/install/acoustic_msg', 'merge_install': False, 'path': '/home/bb/ros2_ws/src/acoustic_msg', 'symlink_install': False, 'test_result_base': None}
[13.885s] Level 5:colcon.colcon_core.verb:set package 'acoustic_sensor' build argument 'cmake_args' from command line to 'None'
[13.886s] Level 5:colcon.colcon_core.verb:set package 'acoustic_sensor' build argument 'cmake_target' from command line to 'None'
[13.886s] Level 5:colcon.colcon_core.verb:set package 'acoustic_sensor' build argument 'cmake_target_skip_unavailable' from command line to 'False'
[13.886s] Level 5:colcon.colcon_core.verb:set package 'acoustic_sensor' build argument 'cmake_clean_cache' from command line to 'False'
[13.886s] Level 5:colcon.colcon_core.verb:set package 'acoustic_sensor' build argument 'cmake_clean_first' from command line to 'False'
[13.887s] Level 5:colcon.colcon_core.verb:set package 'acoustic_sensor' build argument 'cmake_force_configure' from command line to 'False'
[13.887s] Level 5:colcon.colcon_core.verb:set package 'acoustic_sensor' build argument 'ament_cmake_args' from command line to 'None'
[13.887s] Level 5:colcon.colcon_core.verb:set package 'acoustic_sensor' build argument 'catkin_cmake_args' from command line to 'None'
[13.887s] Level 5:colcon.colcon_core.verb:set package 'acoustic_sensor' build argument 'catkin_skip_building_tests' from command line to 'False'
[13.887s] DEBUG:colcon.colcon_core.verb:Building package 'acoustic_sensor' with the following arguments: {'ament_cmake_args': None, 'build_base': '/home/bb/ros2_ws/build/acoustic_sensor', 'catkin_cmake_args': None, 'catkin_skip_building_tests': False, 'cmake_args': None, 'cmake_clean_cache': False, 'cmake_clean_first': False, 'cmake_force_configure': False, 'cmake_target': None, 'cmake_target_skip_unavailable': False, 'install_base': '/home/bb/ros2_ws/install/acoustic_sensor', 'merge_install': False, 'path': '/home/bb/ros2_ws/src/acoustic_sensor', 'symlink_install': False, 'test_result_base': None}
[14.060s] Level 5:colcon.colcon_core.verb:set package 'depth_sensor' build argument 'cmake_args' from command line to 'None'
[14.060s] Level 5:colcon.colcon_core.verb:set package 'depth_sensor' build argument 'cmake_target' from command line to 'None'
[14.060s] Level 5:colcon.colcon_core.verb:set package 'depth_sensor' build argument 'cmake_target_skip_unavailable' from command line to 'False'
[14.060s] Level 5:colcon.colcon_core.verb:set package 'depth_sensor' build argument 'cmake_clean_cache' from command line to 'False'
[14.061s] Level 5:colcon.colcon_core.verb:set package 'depth_sensor' build argument 'cmake_clean_first' from command line to 'False'
[14.061s] Level 5:colcon.colcon_core.verb:set package 'depth_sensor' build argument 'cmake_force_configure' from command line to 'False'
[14.061s] Level 5:colcon.colcon_core.verb:set package 'depth_sensor' build argument 'ament_cmake_args' from command line to 'None'
[14.061s] Level 5:colcon.colcon_core.verb:set package 'depth_sensor' build argument 'catkin_cmake_args' from command line to 'None'
[14.061s] Level 5:colcon.colcon_core.verb:set package 'depth_sensor' build argument 'catkin_skip_building_tests' from command line to 'False'
[14.061s] DEBUG:colcon.colcon_core.verb:Building package 'depth_sensor' with the following arguments: {'ament_cmake_args': None, 'build_base': '/home/bb/ros2_ws/build/depth_sensor', 'catkin_cmake_args': None, 'catkin_skip_building_tests': False, 'cmake_args': None, 'cmake_clean_cache': False, 'cmake_clean_first': False, 'cmake_force_configure': False, 'cmake_target': None, 'cmake_target_skip_unavailable': False, 'install_base': '/home/bb/ros2_ws/install/depth_sensor', 'merge_install': False, 'path': '/home/bb/ros2_ws/src/depth_sensor', 'symlink_install': False, 'test_result_base': None}
[14.236s] Level 5:colcon.colcon_core.verb:set package 'imu_sensor' build argument 'cmake_args' from command line to 'None'
[14.237s] Level 5:colcon.colcon_core.verb:set package 'imu_sensor' build argument 'cmake_target' from command line to 'None'
[14.237s] Level 5:colcon.colcon_core.verb:set package 'imu_sensor' build argument 'cmake_target_skip_unavailable' from command line to 'False'
[14.237s] Level 5:colcon.colcon_core.verb:set package 'imu_sensor' build argument 'cmake_clean_cache' from command line to 'False'
[14.237s] Level 5:colcon.colcon_core.verb:set package 'imu_sensor' build argument 'cmake_clean_first' from command line to 'False'
[14.237s] Level 5:colcon.colcon_core.verb:set package 'imu_sensor' build argument 'cmake_force_configure' from command line to 'False'
[14.237s] Level 5:colcon.colcon_core.verb:set package 'imu_sensor' build argument 'ament_cmake_args' from command line to 'None'
[14.238s] Level 5:colcon.colcon_core.verb:set package 'imu_sensor' build argument 'catkin_cmake_args' from command line to 'None'
[14.238s] Level 5:colcon.colcon_core.verb:set package 'imu_sensor' build argument 'catkin_skip_building_tests' from command line to 'False'
[14.238s] DEBUG:colcon.colcon_core.verb:Building package 'imu_sensor' with the following arguments: {'ament_cmake_args': None, 'build_base': '/home/bb/ros2_ws/build/imu_sensor', 'catkin_cmake_args': None, 'catkin_skip_building_tests': False, 'cmake_args': None, 'cmake_clean_cache': False, 'cmake_clean_first': False, 'cmake_force_configure': False, 'cmake_target': None, 'cmake_target_skip_unavailable': False, 'install_base': '/home/bb/ros2_ws/install/imu_sensor', 'merge_install': False, 'path': '/home/bb/ros2_ws/src/imu_sensor', 'symlink_install': False, 'test_result_base': None}
[14.415s] Level 5:colcon.colcon_core.verb:set package 'linear_acceleration_msg' build argument 'cmake_args' from command line to 'None'
[14.415s] Level 5:colcon.colcon_core.verb:set package 'linear_acceleration_msg' build argument 'cmake_target' from command line to 'None'
[14.416s] Level 5:colcon.colcon_core.verb:set package 'linear_acceleration_msg' build argument 'cmake_target_skip_unavailable' from command line to 'False'
[14.416s] Level 5:colcon.colcon_core.verb:set package 'linear_acceleration_msg' build argument 'cmake_clean_cache' from command line to 'False'
[14.416s] Level 5:colcon.colcon_core.verb:set package 'linear_acceleration_msg' build argument 'cmake_clean_first' from command line to 'False'
[14.416s] Level 5:colcon.colcon_core.verb:set package 'linear_acceleration_msg' build argument 'cmake_force_configure' from command line to 'False'
[14.416s] Level 5:colcon.colcon_core.verb:set package 'linear_acceleration_msg' build argument 'ament_cmake_args' from command line to 'None'
[14.417s] Level 5:colcon.colcon_core.verb:set package 'linear_acceleration_msg' build argument 'catkin_cmake_args' from command line to 'None'
[14.417s] Level 5:colcon.colcon_core.verb:set package 'linear_acceleration_msg' build argument 'catkin_skip_building_tests' from command line to 'False'
[14.417s] DEBUG:colcon.colcon_core.verb:Building package 'linear_acceleration_msg' with the following arguments: {'ament_cmake_args': None, 'build_base': '/home/bb/ros2_ws/build/linear_acceleration_msg', 'catkin_cmake_args': None, 'catkin_skip_building_tests': False, 'cmake_args': None, 'cmake_clean_cache': False, 'cmake_clean_first': False, 'cmake_force_configure': False, 'cmake_target': None, 'cmake_target_skip_unavailable': False, 'install_base': '/home/bb/ros2_ws/install/linear_acceleration_msg', 'merge_install': False, 'path': '/home/bb/ros2_ws/src/linear_acceleration_msg', 'symlink_install': False, 'test_result_base': None}
[14.591s] Level 5:colcon.colcon_core.verb:set package 'bring_up' build argument 'cmake_args' from command line to 'None'
[14.591s] Level 5:colcon.colcon_core.verb:set package 'bring_up' build argument 'cmake_target' from command line to 'None'
[14.591s] Level 5:colcon.colcon_core.verb:set package 'bring_up' build argument 'cmake_target_skip_unavailable' from command line to 'False'
[14.592s] Level 5:colcon.colcon_core.verb:set package 'bring_up' build argument 'cmake_clean_cache' from command line to 'False'
[14.592s] Level 5:colcon.colcon_core.verb:set package 'bring_up' build argument 'cmake_clean_first' from command line to 'False'
[14.592s] Level 5:colcon.colcon_core.verb:set package 'bring_up' build argument 'cmake_force_configure' from command line to 'False'
[14.592s] Level 5:colcon.colcon_core.verb:set package 'bring_up' build argument 'ament_cmake_args' from command line to 'None'
[14.592s] Level 5:colcon.colcon_core.verb:set package 'bring_up' build argument 'catkin_cmake_args' from command line to 'None'
[14.592s] Level 5:colcon.colcon_core.verb:set package 'bring_up' build argument 'catkin_skip_building_tests' from command line to 'False'
[14.593s] DEBUG:colcon.colcon_core.verb:Building package 'bring_up' with the following arguments: {'ament_cmake_args': None, 'build_base': '/home/bb/ros2_ws/build/bring_up', 'catkin_cmake_args': None, 'catkin_skip_building_tests': False, 'cmake_args': None, 'cmake_clean_cache': False, 'cmake_clean_first': False, 'cmake_force_configure': False, 'cmake_target': None, 'cmake_target_skip_unavailable': False, 'install_base': '/home/bb/ros2_ws/install/bring_up', 'merge_install': False, 'path': '/home/bb/ros2_ws/src/bring_up', 'symlink_install': False, 'test_result_base': None}
[14.768s] INFO:colcon.colcon_core.executor:Executing jobs using 'parallel' executor
[14.946s] DEBUG:colcon.colcon_parallel_executor.executor.parallel:run_until_complete
[14.948s] INFO:colcon.colcon_ros.task.ament_python.build:Building ROS package in '/home/bb/ros2_ws/src/acoustic_sensor' with build type 'ament_python'
[14.949s] Level 1:colcon.colcon_core.shell:create_environment_hook('acoustic_sensor', 'ament_prefix_path')
[15.159s] INFO:colcon.colcon_core.plugin_system:Skipping extension 'colcon_core.shell.bat': Not used on non-Windows systems
[15.161s] INFO:colcon.colcon_core.shell:Creating environment hook '/home/bb/ros2_ws/install/acoustic_sensor/share/acoustic_sensor/hook/ament_prefix_path.ps1'
[15.163s] INFO:colcon.colcon_core.shell:Creating environment descriptor '/home/bb/ros2_ws/install/acoustic_sensor/share/acoustic_sensor/hook/ament_prefix_path.dsv'
[15.165s] INFO:colcon.colcon_core.shell:Creating environment hook '/home/bb/ros2_ws/install/acoustic_sensor/share/acoustic_sensor/hook/ament_prefix_path.sh'
[15.350s] INFO:colcon.colcon_core.shell:Skip shell extension 'powershell' for command environment: Not usable outside of PowerShell
[15.351s] DEBUG:colcon.colcon_core.shell:Skip shell extension 'dsv' for command environment
[15.906s] INFO:colcon.colcon_ros.task.ament_python.build:Building ROS package in '/home/bb/ros2_ws/src/depth_sensor' with build type 'ament_python'
[15.910s] Level 1:colcon.colcon_core.shell:create_environment_hook('depth_sensor', 'ament_prefix_path')
[16.105s] INFO:colcon.colcon_core.shell:Creating environment hook '/home/bb/ros2_ws/install/depth_sensor/share/depth_sensor/hook/ament_prefix_path.ps1'
[16.109s] INFO:colcon.colcon_core.shell:Creating environment descriptor '/home/bb/ros2_ws/install/depth_sensor/share/depth_sensor/hook/ament_prefix_path.dsv'
[16.110s] INFO:colcon.colcon_core.shell:Creating environment hook '/home/bb/ros2_ws/install/depth_sensor/share/depth_sensor/hook/ament_prefix_path.sh'
[16.291s] INFO:colcon.colcon_core.shell:Skip shell extension 'powershell' for command environment: Not usable outside of PowerShell
[16.292s] DEBUG:colcon.colcon_core.shell:Skip shell extension 'dsv' for command environment
[16.852s] INFO:colcon.colcon_ros.task.ament_python.build:Building ROS package in '/home/bb/ros2_ws/src/imu_sensor' with build type 'ament_python'
[16.856s] Level 1:colcon.colcon_core.shell:create_environment_hook('imu_sensor', 'ament_prefix_path')
[17.047s] INFO:colcon.colcon_core.shell:Creating environment hook '/home/bb/ros2_ws/install/imu_sensor/share/imu_sensor/hook/ament_prefix_path.ps1'
[17.051s] INFO:colcon.colcon_core.shell:Creating environment descriptor '/home/bb/ros2_ws/install/imu_sensor/share/imu_sensor/hook/ament_prefix_path.dsv'
[17.053s] INFO:colcon.colcon_core.shell:Creating environment hook '/home/bb/ros2_ws/install/imu_sensor/share/imu_sensor/hook/ament_prefix_path.sh'
[17.234s] INFO:colcon.colcon_core.shell:Skip shell extension 'powershell' for command environment: Not usable outside of PowerShell
[17.234s] DEBUG:colcon.colcon_core.shell:Skip shell extension 'dsv' for command environment
[17.803s] INFO:colcon.colcon_ros.task.ament_cmake.build:Building ROS package in '/home/bb/ros2_ws/src/acoustic_msg' with build type 'ament_cmake'
[17.807s] INFO:colcon.colcon_cmake.task.cmake.build:Building CMake package in '/home/bb/ros2_ws/src/acoustic_msg'
[17.997s] INFO:colcon.colcon_core.shell:Skip shell extension 'powershell' for command environment: Not usable outside of PowerShell
[17.998s] DEBUG:colcon.colcon_core.shell:Skip shell extension 'dsv' for command environment
[18.559s] INFO:colcon.colcon_ros.task.ament_cmake.build:Building ROS package in '/home/bb/ros2_ws/src/linear_acceleration_msg' with build type 'ament_cmake'
[18.563s] INFO:colcon.colcon_cmake.task.cmake.build:Building CMake package in '/home/bb/ros2_ws/src/linear_acceleration_msg'
[18.758s] INFO:colcon.colcon_core.shell:Skip shell extension 'powershell' for command environment: Not usable outside of PowerShell
[18.759s] DEBUG:colcon.colcon_core.shell:Skip shell extension 'dsv' for command environment
[20.614s] INFO:colcon.colcon_core.task.python.build:Building Python package in '/home/bb/ros2_ws/src/acoustic_sensor'
[20.876s] INFO:colcon.colcon_core.shell:Skip shell extension 'powershell' for command environment: Not usable outside of PowerShell
[20.876s] DEBUG:colcon.colcon_core.shell:Skip shell extension 'dsv' for command environment
[22.724s] INFO:colcon.colcon_core.task.python.build:Building Python package in '/home/bb/ros2_ws/src/depth_sensor'
[22.919s] INFO:colcon.colcon_core.shell:Skip shell extension 'powershell' for command environment: Not usable outside of PowerShell
[22.919s] DEBUG:colcon.colcon_core.shell:Skip shell extension 'dsv' for command environment
[24.817s] INFO:colcon.colcon_core.task.python.build:Building Python package in '/home/bb/ros2_ws/src/imu_sensor'
[25.021s] INFO:colcon.colcon_core.shell:Skip shell extension 'powershell' for command environment: Not usable outside of PowerShell
[25.021s] DEBUG:colcon.colcon_core.shell:Skip shell extension 'dsv' for command environment
[25.640s] DEBUG:colcon.colcon_core.event_handler.log_command:Invoking command in '/home/bb/ros2_ws/build/acoustic_msg': CMAKE_PREFIX_PATH=${CMAKE_PREFIX_PATH}:/home/bb/ros2_ws/install/sub:/home/bb/ros2_ws/install/test141123:/home/bb/ros2_ws/install/imu_sensor:/home/bb/ros2_ws/install/depth_sensor:/home/bb/ros2_ws/install/acoustic_sensor:/home/bb/ros2_ws/install/IMU_sensor:/opt/ros/humble /usr/bin/cmake --build /home/bb/ros2_ws/build/acoustic_msg -- -j6 -l6
[25.695s] DEBUG:colcon.colcon_core.event_handler.log_command:Invoking command in '/home/bb/ros2_ws/build/linear_acceleration_msg': CMAKE_PREFIX_PATH=${CMAKE_PREFIX_PATH}:/home/bb/ros2_ws/install/sub:/home/bb/ros2_ws/install/test141123:/home/bb/ros2_ws/install/imu_sensor:/home/bb/ros2_ws/install/depth_sensor:/home/bb/ros2_ws/install/acoustic_sensor:/home/bb/ros2_ws/install/IMU_sensor:/opt/ros/humble /usr/bin/cmake --build /home/bb/ros2_ws/build/linear_acceleration_msg -- -j6 -l6
[29.177s] DEBUG:colcon.colcon_core.event_handler.log_command:Invoking command in '/home/bb/ros2_ws/src/imu_sensor': PYTHONPATH=/home/bb/ros2_ws/build/imu_sensor/prefix_override:/home/bb/ros2_ws/install/imu_sensor/lib/python3.8/site-packages:${PYTHONPATH} /usr/bin/python3 setup.py egg_info --egg-base ../../build/imu_sensor build --build-base /home/bb/ros2_ws/build/imu_sensor/build install --record /home/bb/ros2_ws/build/imu_sensor/install.log --single-version-externally-managed
[29.253s] DEBUG:colcon.colcon_core.event_handler.log_command:Invoking command in '/home/bb/ros2_ws/src/acoustic_sensor': PYTHONPATH=/home/bb/ros2_ws/build/acoustic_sensor/prefix_override:/home/bb/ros2_ws/install/acoustic_sensor/lib/python3.8/site-packages:${PYTHONPATH} /usr/bin/python3 setup.py egg_info --egg-base ../../build/acoustic_sensor build --build-base /home/bb/ros2_ws/build/acoustic_sensor/build install --record /home/bb/ros2_ws/build/acoustic_sensor/install.log --single-version-externally-managed
[29.339s] DEBUG:colcon.colcon_core.event_handler.log_command:Invoking command in '/home/bb/ros2_ws/src/depth_sensor': PYTHONPATH=/home/bb/ros2_ws/build/depth_sensor/prefix_override:/home/bb/ros2_ws/install/depth_sensor/lib/python3.8/site-packages:${PYTHONPATH} /usr/bin/python3 setup.py egg_info --egg-base ../../build/depth_sensor build --build-base /home/bb/ros2_ws/build/depth_sensor/build install --record /home/bb/ros2_ws/build/depth_sensor/install.log --single-version-externally-managed
[30.144s] DEBUG:colcon.colcon_core.event_handler.log_command:Invoked command in '/home/bb/ros2_ws/build/acoustic_msg' returned '0': CMAKE_PREFIX_PATH=${CMAKE_PREFIX_PATH}:/home/bb/ros2_ws/install/sub:/home/bb/ros2_ws/install/test141123:/home/bb/ros2_ws/install/imu_sensor:/home/bb/ros2_ws/install/depth_sensor:/home/bb/ros2_ws/install/acoustic_sensor:/home/bb/ros2_ws/install/IMU_sensor:/opt/ros/humble /usr/bin/cmake --build /home/bb/ros2_ws/build/acoustic_msg -- -j6 -l6
[30.233s] DEBUG:colcon.colcon_core.event_handler.log_command:Invoked command in '/home/bb/ros2_ws/build/linear_acceleration_msg' returned '0': CMAKE_PREFIX_PATH=${CMAKE_PREFIX_PATH}:/home/bb/ros2_ws/install/sub:/home/bb/ros2_ws/install/test141123:/home/bb/ros2_ws/install/imu_sensor:/home/bb/ros2_ws/install/depth_sensor:/home/bb/ros2_ws/install/acoustic_sensor:/home/bb/ros2_ws/install/IMU_sensor:/opt/ros/humble /usr/bin/cmake --build /home/bb/ros2_ws/build/linear_acceleration_msg -- -j6 -l6
[30.638s] DEBUG:colcon.colcon_core.event_handler.log_command:Invoking command in '/home/bb/ros2_ws/build/acoustic_msg': CMAKE_PREFIX_PATH=${CMAKE_PREFIX_PATH}:/home/bb/ros2_ws/install/sub:/home/bb/ros2_ws/install/test141123:/home/bb/ros2_ws/install/imu_sensor:/home/bb/ros2_ws/install/depth_sensor:/home/bb/ros2_ws/install/acoustic_sensor:/home/bb/ros2_ws/install/IMU_sensor:/opt/ros/humble /usr/bin/cmake --install /home/bb/ros2_ws/build/acoustic_msg
[30.685s] DEBUG:colcon.colcon_core.event_handler.log_command:Invoking command in '/home/bb/ros2_ws/build/linear_acceleration_msg': CMAKE_PREFIX_PATH=${CMAKE_PREFIX_PATH}:/home/bb/ros2_ws/install/sub:/home/bb/ros2_ws/install/test141123:/home/bb/ros2_ws/install/imu_sensor:/home/bb/ros2_ws/install/depth_sensor:/home/bb/ros2_ws/install/acoustic_sensor:/home/bb/ros2_ws/install/IMU_sensor:/opt/ros/humble /usr/bin/cmake --install /home/bb/ros2_ws/build/linear_acceleration_msg
[31.172s] Level 1:colcon.colcon_core.environment:create_environment_scripts_only(acoustic_msg)
[31.250s] DEBUG:colcon.colcon_core.event_handler.log_command:Invoked command in '/home/bb/ros2_ws/build/acoustic_msg' returned '0': CMAKE_PREFIX_PATH=${CMAKE_PREFIX_PATH}:/home/bb/ros2_ws/install/sub:/home/bb/ros2_ws/install/test141123:/home/bb/ros2_ws/install/imu_sensor:/home/bb/ros2_ws/install/depth_sensor:/home/bb/ros2_ws/install/acoustic_sensor:/home/bb/ros2_ws/install/IMU_sensor:/opt/ros/humble /usr/bin/cmake --install /home/bb/ros2_ws/build/acoustic_msg
[31.457s] Level 1:colcon.colcon_core.environment:checking '/home/bb/ros2_ws/install/acoustic_msg' for CMake module files
[31.461s] Level 1:colcon.colcon_core.environment:checking '/home/bb/ros2_ws/install/acoustic_msg' for CMake config files
[31.466s] Level 1:colcon.colcon_core.shell:create_environment_hook('acoustic_msg', 'cmake_prefix_path')
[31.645s] INFO:colcon.colcon_core.shell:Creating environment hook '/home/bb/ros2_ws/install/acoustic_msg/share/acoustic_msg/hook/cmake_prefix_path.ps1'
[31.648s] INFO:colcon.colcon_core.shell:Creating environment descriptor '/home/bb/ros2_ws/install/acoustic_msg/share/acoustic_msg/hook/cmake_prefix_path.dsv'
[31.650s] INFO:colcon.colcon_core.shell:Creating environment hook '/home/bb/ros2_ws/install/acoustic_msg/share/acoustic_msg/hook/cmake_prefix_path.sh'
[31.655s] Level 1:colcon.colcon_core.environment:checking '/home/bb/ros2_ws/install/acoustic_msg/lib'
[31.656s] Level 1:colcon.colcon_core.shell:create_environment_hook('acoustic_msg', 'ld_library_path_lib')
[31.840s] INFO:colcon.colcon_core.shell:Creating environment hook '/home/bb/ros2_ws/install/acoustic_msg/share/acoustic_msg/hook/ld_library_path_lib.ps1'
[31.842s] INFO:colcon.colcon_core.shell:Creating environment descriptor '/home/bb/ros2_ws/install/acoustic_msg/share/acoustic_msg/hook/ld_library_path_lib.dsv'
[31.844s] INFO:colcon.colcon_core.shell:Creating environment hook '/home/bb/ros2_ws/install/acoustic_msg/share/acoustic_msg/hook/ld_library_path_lib.sh'
[31.846s] Level 1:colcon.colcon_core.environment:checking '/home/bb/ros2_ws/install/acoustic_msg/bin'
[31.846s] Level 1:colcon.colcon_core.environment:checking '/home/bb/ros2_ws/install/acoustic_msg/lib/pkgconfig/acoustic_msg.pc'
[31.848s] Level 1:colcon.colcon_core.environment:checking '/home/bb/ros2_ws/install/acoustic_msg/lib/python3.8/site-packages'
[31.848s] Level 1:colcon.colcon_core.environment:checking '/home/bb/ros2_ws/install/acoustic_msg/bin'
[32.025s] INFO:colcon.colcon_core.shell:Creating package script '/home/bb/ros2_ws/install/acoustic_msg/share/acoustic_msg/package.ps1'
[32.030s] INFO:colcon.colcon_core.shell:Creating package descriptor '/home/bb/ros2_ws/install/acoustic_msg/share/acoustic_msg/package.dsv'
[32.032s] INFO:colcon.colcon_core.shell:Creating package script '/home/bb/ros2_ws/install/acoustic_msg/share/acoustic_msg/package.sh'
[32.036s] INFO:colcon.colcon_core.shell:Creating package script '/home/bb/ros2_ws/install/acoustic_msg/share/acoustic_msg/package.bash'
[32.039s] INFO:colcon.colcon_core.shell:Creating package script '/home/bb/ros2_ws/install/acoustic_msg/share/acoustic_msg/package.zsh'
[32.042s] Level 1:colcon.colcon_core.environment:create_file_with_runtime_dependencies(/home/bb/ros2_ws/install/acoustic_msg/share/colcon-core/packages/acoustic_msg)
[32.078s] DEBUG:colcon.colcon_core.event_handler.log_command:Invoked command in '/home/bb/ros2_ws/src/acoustic_sensor' returned '0': PYTHONPATH=/home/bb/ros2_ws/build/acoustic_sensor/prefix_override:/home/bb/ros2_ws/install/acoustic_sensor/lib/python3.8/site-packages:${PYTHONPATH} /usr/bin/python3 setup.py egg_info --egg-base ../../build/acoustic_sensor build --build-base /home/bb/ros2_ws/build/acoustic_sensor/build install --record /home/bb/ros2_ws/build/acoustic_sensor/install.log --single-version-externally-managed
[32.268s] Level 1:colcon.colcon_core.environment:checking '/home/bb/ros2_ws/install/acoustic_sensor' for CMake module files
[32.272s] Level 1:colcon.colcon_core.environment:checking '/home/bb/ros2_ws/install/acoustic_sensor' for CMake config files
[32.276s] Level 1:colcon.colcon_core.environment:checking '/home/bb/ros2_ws/install/acoustic_sensor/lib'
[32.277s] Level 1:colcon.colcon_core.environment:checking '/home/bb/ros2_ws/install/acoustic_sensor/bin'
[32.277s] Level 1:colcon.colcon_core.environment:checking '/home/bb/ros2_ws/install/acoustic_sensor/lib/pkgconfig/acoustic_sensor.pc'
[32.279s] Level 1:colcon.colcon_core.environment:checking '/home/bb/ros2_ws/install/acoustic_sensor/lib/python3.8/site-packages'
[32.279s] Level 1:colcon.colcon_core.shell:create_environment_hook('acoustic_sensor', 'pythonpath')
[32.457s] INFO:colcon.colcon_core.shell:Creating environment hook '/home/bb/ros2_ws/install/acoustic_sensor/share/acoustic_sensor/hook/pythonpath.ps1'
[32.460s] INFO:colcon.colcon_core.shell:Creating environment descriptor '/home/bb/ros2_ws/install/acoustic_sensor/share/acoustic_sensor/hook/pythonpath.dsv'
[32.462s] INFO:colcon.colcon_core.shell:Creating environment hook '/home/bb/ros2_ws/install/acoustic_sensor/share/acoustic_sensor/hook/pythonpath.sh'
[32.464s] Level 1:colcon.colcon_core.environment:checking '/home/bb/ros2_ws/install/acoustic_sensor/bin'
[32.465s] Level 1:colcon.colcon_core.environment:create_environment_scripts_only(acoustic_sensor)
[32.644s] INFO:colcon.colcon_core.shell:Creating package script '/home/bb/ros2_ws/install/acoustic_sensor/share/acoustic_sensor/package.ps1'
[32.647s] INFO:colcon.colcon_core.shell:Creating package descriptor '/home/bb/ros2_ws/install/acoustic_sensor/share/acoustic_sensor/package.dsv'
[32.649s] INFO:colcon.colcon_core.shell:Creating package script '/home/bb/ros2_ws/install/acoustic_sensor/share/acoustic_sensor/package.sh'
[32.652s] INFO:colcon.colcon_core.shell:Creating package script '/home/bb/ros2_ws/install/acoustic_sensor/share/acoustic_sensor/package.bash'
[32.653s] INFO:colcon.colcon_core.shell:Creating package script '/home/bb/ros2_ws/install/acoustic_sensor/share/acoustic_sensor/package.zsh'
[32.655s] Level 1:colcon.colcon_core.environment:create_file_with_runtime_dependencies(/home/bb/ros2_ws/install/acoustic_sensor/share/colcon-core/packages/acoustic_sensor)
[32.661s] DEBUG:colcon.colcon_core.event_handler.log_command:Invoked command in '/home/bb/ros2_ws/src/imu_sensor' returned '0': PYTHONPATH=/home/bb/ros2_ws/build/imu_sensor/prefix_override:/home/bb/ros2_ws/install/imu_sensor/lib/python3.8/site-packages:${PYTHONPATH} /usr/bin/python3 setup.py egg_info --egg-base ../../build/imu_sensor build --build-base /home/bb/ros2_ws/build/imu_sensor/build install --record /home/bb/ros2_ws/build/imu_sensor/install.log --single-version-externally-managed
[32.842s] Level 1:colcon.colcon_core.environment:checking '/home/bb/ros2_ws/install/imu_sensor' for CMake module files
[32.844s] Level 1:colcon.colcon_core.environment:checking '/home/bb/ros2_ws/install/imu_sensor' for CMake config files
[32.848s] Level 1:colcon.colcon_core.environment:checking '/home/bb/ros2_ws/install/imu_sensor/lib'
[32.849s] Level 1:colcon.colcon_core.environment:checking '/home/bb/ros2_ws/install/imu_sensor/bin'
[32.849s] Level 1:colcon.colcon_core.environment:checking '/home/bb/ros2_ws/install/imu_sensor/lib/pkgconfig/imu_sensor.pc'
[32.850s] Level 1:colcon.colcon_core.environment:checking '/home/bb/ros2_ws/install/imu_sensor/lib/python3.8/site-packages'
[32.850s] Level 1:colcon.colcon_core.shell:create_environment_hook('imu_sensor', 'pythonpath')
[33.027s] INFO:colcon.colcon_core.shell:Creating environment hook '/home/bb/ros2_ws/install/imu_sensor/share/imu_sensor/hook/pythonpath.ps1'
[33.030s] INFO:colcon.colcon_core.shell:Creating environment descriptor '/home/bb/ros2_ws/install/imu_sensor/share/imu_sensor/hook/pythonpath.dsv'
[33.031s] INFO:colcon.colcon_core.shell:Creating environment hook '/home/bb/ros2_ws/install/imu_sensor/share/imu_sensor/hook/pythonpath.sh'
[33.034s] Level 1:colcon.colcon_core.environment:checking '/home/bb/ros2_ws/install/imu_sensor/bin'
[33.034s] Level 1:colcon.colcon_core.environment:create_environment_scripts_only(imu_sensor)
[33.213s] INFO:colcon.colcon_core.shell:Creating package script '/home/bb/ros2_ws/install/imu_sensor/share/imu_sensor/package.ps1'
[33.216s] INFO:colcon.colcon_core.shell:Creating package descriptor '/home/bb/ros2_ws/install/imu_sensor/share/imu_sensor/package.dsv'
[33.219s] INFO:colcon.colcon_core.shell:Creating package script '/home/bb/ros2_ws/install/imu_sensor/share/imu_sensor/package.sh'
[33.221s] INFO:colcon.colcon_core.shell:Creating package script '/home/bb/ros2_ws/install/imu_sensor/share/imu_sensor/package.bash'
[33.223s] INFO:colcon.colcon_core.shell:Creating package script '/home/bb/ros2_ws/install/imu_sensor/share/imu_sensor/package.zsh'
[33.224s] Level 1:colcon.colcon_core.environment:create_file_with_runtime_dependencies(/home/bb/ros2_ws/install/imu_sensor/share/colcon-core/packages/imu_sensor)
[33.225s] Level 1:colcon.colcon_core.environment:create_environment_scripts_only(linear_acceleration_msg)
[33.230s] DEBUG:colcon.colcon_core.event_handler.log_command:Invoked command in '/home/bb/ros2_ws/build/linear_acceleration_msg' returned '0': CMAKE_PREFIX_PATH=${CMAKE_PREFIX_PATH}:/home/bb/ros2_ws/install/sub:/home/bb/ros2_ws/install/test141123:/home/bb/ros2_ws/install/imu_sensor:/home/bb/ros2_ws/install/depth_sensor:/home/bb/ros2_ws/install/acoustic_sensor:/home/bb/ros2_ws/install/IMU_sensor:/opt/ros/humble /usr/bin/cmake --install /home/bb/ros2_ws/build/linear_acceleration_msg
[33.405s] Level 1:colcon.colcon_core.environment:checking '/home/bb/ros2_ws/install/linear_acceleration_msg' for CMake module files
[33.409s] Level 1:colcon.colcon_core.environment:checking '/home/bb/ros2_ws/install/linear_acceleration_msg' for CMake config files
[33.413s] Level 1:colcon.colcon_core.shell:create_environment_hook('linear_acceleration_msg', 'cmake_prefix_path')
[33.585s] INFO:colcon.colcon_core.shell:Creating environment hook '/home/bb/ros2_ws/install/linear_acceleration_msg/share/linear_acceleration_msg/hook/cmake_prefix_path.ps1'
[33.588s] INFO:colcon.colcon_core.shell:Creating environment descriptor '/home/bb/ros2_ws/install/linear_acceleration_msg/share/linear_acceleration_msg/hook/cmake_prefix_path.dsv'
[33.590s] INFO:colcon.colcon_core.shell:Creating environment hook '/home/bb/ros2_ws/install/linear_acceleration_msg/share/linear_acceleration_msg/hook/cmake_prefix_path.sh'
[33.593s] Level 1:colcon.colcon_core.environment:checking '/home/bb/ros2_ws/install/linear_acceleration_msg/lib'
[33.594s] Level 1:colcon.colcon_core.shell:create_environment_hook('linear_acceleration_msg', 'ld_library_path_lib')
[33.822s] INFO:colcon.colcon_core.shell:Creating environment hook '/home/bb/ros2_ws/install/linear_acceleration_msg/share/linear_acceleration_msg/hook/ld_library_path_lib.ps1'
[33.824s] INFO:colcon.colcon_core.shell:Creating environment descriptor '/home/bb/ros2_ws/install/linear_acceleration_msg/share/linear_acceleration_msg/hook/ld_library_path_lib.dsv'
[33.826s] INFO:colcon.colcon_core.shell:Creating environment hook '/home/bb/ros2_ws/install/linear_acceleration_msg/share/linear_acceleration_msg/hook/ld_library_path_lib.sh'
[33.828s] Level 1:colcon.colcon_core.environment:checking '/home/bb/ros2_ws/install/linear_acceleration_msg/bin'
[33.828s] Level 1:colcon.colcon_core.environment:checking '/home/bb/ros2_ws/install/linear_acceleration_msg/lib/pkgconfig/linear_acceleration_msg.pc'
[33.829s] Level 1:colcon.colcon_core.environment:checking '/home/bb/ros2_ws/install/linear_acceleration_msg/lib/python3.8/site-packages'
[33.830s] Level 1:colcon.colcon_core.environment:checking '/home/bb/ros2_ws/install/linear_acceleration_msg/bin'
[34.003s] INFO:colcon.colcon_core.shell:Creating package script '/home/bb/ros2_ws/install/linear_acceleration_msg/share/linear_acceleration_msg/package.ps1'
[34.007s] INFO:colcon.colcon_core.shell:Creating package descriptor '/home/bb/ros2_ws/install/linear_acceleration_msg/share/linear_acceleration_msg/package.dsv'
[34.009s] INFO:colcon.colcon_core.shell:Creating package script '/home/bb/ros2_ws/install/linear_acceleration_msg/share/linear_acceleration_msg/package.sh'
[34.012s] INFO:colcon.colcon_core.shell:Creating package script '/home/bb/ros2_ws/install/linear_acceleration_msg/share/linear_acceleration_msg/package.bash'
[34.013s] INFO:colcon.colcon_core.shell:Creating package script '/home/bb/ros2_ws/install/linear_acceleration_msg/share/linear_acceleration_msg/package.zsh'
[34.015s] Level 1:colcon.colcon_core.environment:create_file_with_runtime_dependencies(/home/bb/ros2_ws/install/linear_acceleration_msg/share/colcon-core/packages/linear_acceleration_msg)
[34.038s] DEBUG:colcon.colcon_core.event_handler.log_command:Invoked command in '/home/bb/ros2_ws/src/depth_sensor' returned '0': PYTHONPATH=/home/bb/ros2_ws/build/depth_sensor/prefix_override:/home/bb/ros2_ws/install/depth_sensor/lib/python3.8/site-packages:${PYTHONPATH} /usr/bin/python3 setup.py egg_info --egg-base ../../build/depth_sensor build --build-base /home/bb/ros2_ws/build/depth_sensor/build install --record /home/bb/ros2_ws/build/depth_sensor/install.log --single-version-externally-managed
[34.234s] Level 1:colcon.colcon_core.environment:checking '/home/bb/ros2_ws/install/depth_sensor' for CMake module files
[34.237s] Level 1:colcon.colcon_core.environment:checking '/home/bb/ros2_ws/install/depth_sensor' for CMake config files
[34.242s] Level 1:colcon.colcon_core.environment:checking '/home/bb/ros2_ws/install/depth_sensor/lib'
[34.242s] Level 1:colcon.colcon_core.environment:checking '/home/bb/ros2_ws/install/depth_sensor/bin'
[34.243s] Level 1:colcon.colcon_core.environment:checking '/home/bb/ros2_ws/install/depth_sensor/lib/pkgconfig/depth_sensor.pc'
[34.244s] Level 1:colcon.colcon_core.environment:checking '/home/bb/ros2_ws/install/depth_sensor/lib/python3.8/site-packages'
[34.245s] Level 1:colcon.colcon_core.shell:create_environment_hook('depth_sensor', 'pythonpath')
[34.432s] INFO:colcon.colcon_core.shell:Creating environment hook '/home/bb/ros2_ws/install/depth_sensor/share/depth_sensor/hook/pythonpath.ps1'
[34.435s] INFO:colcon.colcon_core.shell:Creating environment descriptor '/home/bb/ros2_ws/install/depth_sensor/share/depth_sensor/hook/pythonpath.dsv'
[34.437s] INFO:colcon.colcon_core.shell:Creating environment hook '/home/bb/ros2_ws/install/depth_sensor/share/depth_sensor/hook/pythonpath.sh'
[34.440s] Level 1:colcon.colcon_core.environment:checking '/home/bb/ros2_ws/install/depth_sensor/bin'
[34.440s] Level 1:colcon.colcon_core.environment:create_environment_scripts_only(depth_sensor)
[34.616s] INFO:colcon.colcon_core.shell:Creating package script '/home/bb/ros2_ws/install/depth_sensor/share/depth_sensor/package.ps1'
[34.620s] INFO:colcon.colcon_core.shell:Creating package descriptor '/home/bb/ros2_ws/install/depth_sensor/share/depth_sensor/package.dsv'
[34.622s] INFO:colcon.colcon_core.shell:Creating package script '/home/bb/ros2_ws/install/depth_sensor/share/depth_sensor/package.sh'
[34.625s] INFO:colcon.colcon_core.shell:Creating package script '/home/bb/ros2_ws/install/depth_sensor/share/depth_sensor/package.bash'
[34.627s] INFO:colcon.colcon_core.shell:Creating package script '/home/bb/ros2_ws/install/depth_sensor/share/depth_sensor/package.zsh'
[34.629s] Level 1:colcon.colcon_core.environment:create_file_with_runtime_dependencies(/home/bb/ros2_ws/install/depth_sensor/share/colcon-core/packages/depth_sensor)
[34.634s] INFO:colcon.colcon_ros.task.ament_cmake.build:Building ROS package in '/home/bb/ros2_ws/src/bring_up' with build type 'ament_cmake'
[34.635s] INFO:colcon.colcon_cmake.task.cmake.build:Building CMake package in '/home/bb/ros2_ws/src/bring_up'
[34.814s] INFO:colcon.colcon_core.shell:Skip shell extension 'powershell' for command environment: Not usable outside of PowerShell
[34.814s] DEBUG:colcon.colcon_core.shell:Skip shell extension 'dsv' for command environment
[35.580s] Level 1:colcon.colcon_core.environment:create_environment_scripts_only(acoustic_msg)
[35.757s] Level 1:colcon.colcon_core.environment:checking '/home/bb/ros2_ws/install/acoustic_msg' for CMake module files
[35.761s] Level 1:colcon.colcon_core.environment:checking '/home/bb/ros2_ws/install/acoustic_msg' for CMake config files
[35.767s] Level 1:colcon.colcon_core.shell:create_environment_hook('acoustic_msg', 'cmake_prefix_path')
[35.941s] INFO:colcon.colcon_core.shell:Creating environment hook '/home/bb/ros2_ws/install/acoustic_msg/share/acoustic_msg/hook/cmake_prefix_path.ps1'
[35.944s] INFO:colcon.colcon_core.shell:Creating environment descriptor '/home/bb/ros2_ws/install/acoustic_msg/share/acoustic_msg/hook/cmake_prefix_path.dsv'
[35.946s] INFO:colcon.colcon_core.shell:Creating environment hook '/home/bb/ros2_ws/install/acoustic_msg/share/acoustic_msg/hook/cmake_prefix_path.sh'
[35.949s] Level 1:colcon.colcon_core.environment:checking '/home/bb/ros2_ws/install/acoustic_msg/lib'
[35.950s] Level 1:colcon.colcon_core.shell:create_environment_hook('acoustic_msg', 'ld_library_path_lib')
[36.125s] INFO:colcon.colcon_core.shell:Creating environment hook '/home/bb/ros2_ws/install/acoustic_msg/share/acoustic_msg/hook/ld_library_path_lib.ps1'
[36.128s] INFO:colcon.colcon_core.shell:Creating environment descriptor '/home/bb/ros2_ws/install/acoustic_msg/share/acoustic_msg/hook/ld_library_path_lib.dsv'
[36.129s] INFO:colcon.colcon_core.shell:Creating environment hook '/home/bb/ros2_ws/install/acoustic_msg/share/acoustic_msg/hook/ld_library_path_lib.sh'
[36.131s] Level 1:colcon.colcon_core.environment:checking '/home/bb/ros2_ws/install/acoustic_msg/bin'
[36.132s] Level 1:colcon.colcon_core.environment:checking '/home/bb/ros2_ws/install/acoustic_msg/lib/pkgconfig/acoustic_msg.pc'
[36.133s] Level 1:colcon.colcon_core.environment:checking '/home/bb/ros2_ws/install/acoustic_msg/lib/python3.8/site-packages'
[36.134s] Level 1:colcon.colcon_core.environment:checking '/home/bb/ros2_ws/install/acoustic_msg/bin'
[36.316s] INFO:colcon.colcon_core.shell:Creating package script '/home/bb/ros2_ws/install/acoustic_msg/share/acoustic_msg/package.ps1'
[36.319s] INFO:colcon.colcon_core.shell:Creating package descriptor '/home/bb/ros2_ws/install/acoustic_msg/share/acoustic_msg/package.dsv'
[36.322s] INFO:colcon.colcon_core.shell:Creating package script '/home/bb/ros2_ws/install/acoustic_msg/share/acoustic_msg/package.sh'
[36.324s] INFO:colcon.colcon_core.shell:Creating package script '/home/bb/ros2_ws/install/acoustic_msg/share/acoustic_msg/package.bash'
[36.327s] INFO:colcon.colcon_core.shell:Creating package script '/home/bb/ros2_ws/install/acoustic_msg/share/acoustic_msg/package.zsh'
[36.329s] Level 1:colcon.colcon_core.environment:create_file_with_runtime_dependencies(/home/bb/ros2_ws/install/acoustic_msg/share/colcon-core/packages/acoustic_msg)
[36.512s] Level 1:colcon.colcon_core.environment:create_environment_scripts_only(linear_acceleration_msg)
[36.688s] Level 1:colcon.colcon_core.environment:checking '/home/bb/ros2_ws/install/linear_acceleration_msg' for CMake module files
[36.692s] Level 1:colcon.colcon_core.environment:checking '/home/bb/ros2_ws/install/linear_acceleration_msg' for CMake config files
[36.697s] Level 1:colcon.colcon_core.shell:create_environment_hook('linear_acceleration_msg', 'cmake_prefix_path')
[36.887s] INFO:colcon.colcon_core.shell:Creating environment hook '/home/bb/ros2_ws/install/linear_acceleration_msg/share/linear_acceleration_msg/hook/cmake_prefix_path.ps1'
[36.890s] INFO:colcon.colcon_core.shell:Creating environment descriptor '/home/bb/ros2_ws/install/linear_acceleration_msg/share/linear_acceleration_msg/hook/cmake_prefix_path.dsv'
[36.892s] INFO:colcon.colcon_core.shell:Creating environment hook '/home/bb/ros2_ws/install/linear_acceleration_msg/share/linear_acceleration_msg/hook/cmake_prefix_path.sh'
[36.895s] Level 1:colcon.colcon_core.environment:checking '/home/bb/ros2_ws/install/linear_acceleration_msg/lib'
[36.896s] Level 1:colcon.colcon_core.shell:create_environment_hook('linear_acceleration_msg', 'ld_library_path_lib')
[37.097s] INFO:colcon.colcon_core.shell:Creating environment hook '/home/bb/ros2_ws/install/linear_acceleration_msg/share/linear_acceleration_msg/hook/ld_library_path_lib.ps1'
[37.100s] INFO:colcon.colcon_core.shell:Creating environment descriptor '/home/bb/ros2_ws/install/linear_acceleration_msg/share/linear_acceleration_msg/hook/ld_library_path_lib.dsv'
[37.102s] INFO:colcon.colcon_core.shell:Creating environment hook '/home/bb/ros2_ws/install/linear_acceleration_msg/share/linear_acceleration_msg/hook/ld_library_path_lib.sh'
[37.104s] Level 1:colcon.colcon_core.environment:checking '/home/bb/ros2_ws/install/linear_acceleration_msg/bin'
[37.105s] Level 1:colcon.colcon_core.environment:checking '/home/bb/ros2_ws/install/linear_acceleration_msg/lib/pkgconfig/linear_acceleration_msg.pc'
[37.106s] Level 1:colcon.colcon_core.environment:checking '/home/bb/ros2_ws/install/linear_acceleration_msg/lib/python3.8/site-packages'
[37.107s] Level 1:colcon.colcon_core.environment:checking '/home/bb/ros2_ws/install/linear_acceleration_msg/bin'
[37.334s] INFO:colcon.colcon_core.shell:Creating package script '/home/bb/ros2_ws/install/linear_acceleration_msg/share/linear_acceleration_msg/package.ps1'
[37.338s] INFO:colcon.colcon_core.shell:Creating package descriptor '/home/bb/ros2_ws/install/linear_acceleration_msg/share/linear_acceleration_msg/package.dsv'
[37.341s] INFO:colcon.colcon_core.shell:Creating package script '/home/bb/ros2_ws/install/linear_acceleration_msg/share/linear_acceleration_msg/package.sh'
[37.344s] INFO:colcon.colcon_core.shell:Creating package script '/home/bb/ros2_ws/install/linear_acceleration_msg/share/linear_acceleration_msg/package.bash'
[37.347s] INFO:colcon.colcon_core.shell:Creating package script '/home/bb/ros2_ws/install/linear_acceleration_msg/share/linear_acceleration_msg/package.zsh'
[37.349s] Level 1:colcon.colcon_core.environment:create_file_with_runtime_dependencies(/home/bb/ros2_ws/install/linear_acceleration_msg/share/colcon-core/packages/linear_acceleration_msg)
[37.381s] DEBUG:colcon.colcon_core.event_handler.log_command:Invoking command in '/home/bb/ros2_ws/build/bring_up': AMENT_PREFIX_PATH=/home/bb/ros2_ws/install/imu_sensor:/home/bb/ros2_ws/install/depth_sensor:/home/bb/ros2_ws/install/acoustic_sensor:/home/bb/ros2_ws/install/test_bringup:/home/bb/ros2_ws/install/sub:/home/bb/ros2_ws/install/test_msg:/home/bb/ros2_ws/install/test141123:/home/bb/ros2_ws/install/linear_acceleration_msg:/home/bb/ros2_ws/install/bring_up:/home/bb/ros2_ws/install/acoustic_msg:/home/bb/ros2_ws/install/IMU_sensor:/opt/ros/humble CMAKE_PREFIX_PATH=${CMAKE_PREFIX_PATH}:/home/bb/ros2_ws/install/sub:/home/bb/ros2_ws/install/test141123:/home/bb/ros2_ws/install/imu_sensor:/home/bb/ros2_ws/install/depth_sensor:/home/bb/ros2_ws/install/acoustic_sensor:/home/bb/ros2_ws/install/IMU_sensor:/opt/ros/humble PYTHONPATH=/home/bb/ros2_ws/install/imu_sensor/lib/python3.8/site-packages:/home/bb/ros2_ws/install/depth_sensor/lib/python3.8/site-packages:/home/bb/ros2_ws/install/acoustic_sensor/lib/python3.8/site-packages:/home/bb/ros2_ws/install/sub/lib/python3.8/site-packages:/home/bb/ros2_ws/install/test_msg/lib/python3.9/site-packages:/home/bb/ros2_ws/install/test141123/lib/python3.8/site-packages:/home/bb/ros2_ws/install/linear_acceleration_msg/lib/python3.9/site-packages:/home/bb/ros2_ws/install/acoustic_msg/lib/python3.9/site-packages:/home/bb/ros2_ws/install/IMU_sensor/lib/python3.8/site-packages:/opt/ros/humble/lib/python3.8/site-packages /usr/bin/cmake --build /home/bb/ros2_ws/build/bring_up -- -j6 -l6
[37.686s] DEBUG:colcon.colcon_core.event_handler.log_command:Invoked command in '/home/bb/ros2_ws/build/bring_up' returned '0': AMENT_PREFIX_PATH=/home/bb/ros2_ws/install/imu_sensor:/home/bb/ros2_ws/install/depth_sensor:/home/bb/ros2_ws/install/acoustic_sensor:/home/bb/ros2_ws/install/test_bringup:/home/bb/ros2_ws/install/sub:/home/bb/ros2_ws/install/test_msg:/home/bb/ros2_ws/install/test141123:/home/bb/ros2_ws/install/linear_acceleration_msg:/home/bb/ros2_ws/install/bring_up:/home/bb/ros2_ws/install/acoustic_msg:/home/bb/ros2_ws/install/IMU_sensor:/opt/ros/humble CMAKE_PREFIX_PATH=${CMAKE_PREFIX_PATH}:/home/bb/ros2_ws/install/sub:/home/bb/ros2_ws/install/test141123:/home/bb/ros2_ws/install/imu_sensor:/home/bb/ros2_ws/install/depth_sensor:/home/bb/ros2_ws/install/acoustic_sensor:/home/bb/ros2_ws/install/IMU_sensor:/opt/ros/humble PYTHONPATH=/home/bb/ros2_ws/install/imu_sensor/lib/python3.8/site-packages:/home/bb/ros2_ws/install/depth_sensor/lib/python3.8/site-packages:/home/bb/ros2_ws/install/acoustic_sensor/lib/python3.8/site-packages:/home/bb/ros2_ws/install/sub/lib/python3.8/site-packages:/home/bb/ros2_ws/install/test_msg/lib/python3.9/site-packages:/home/bb/ros2_ws/install/test141123/lib/python3.8/site-packages:/home/bb/ros2_ws/install/linear_acceleration_msg/lib/python3.9/site-packages:/home/bb/ros2_ws/install/acoustic_msg/lib/python3.9/site-packages:/home/bb/ros2_ws/install/IMU_sensor/lib/python3.8/site-packages:/opt/ros/humble/lib/python3.8/site-packages /usr/bin/cmake --build /home/bb/ros2_ws/build/bring_up -- -j6 -l6
[37.892s] DEBUG:colcon.colcon_core.event_handler.log_command:Invoking command in '/home/bb/ros2_ws/build/bring_up': AMENT_PREFIX_PATH=/home/bb/ros2_ws/install/imu_sensor:/home/bb/ros2_ws/install/depth_sensor:/home/bb/ros2_ws/install/acoustic_sensor:/home/bb/ros2_ws/install/test_bringup:/home/bb/ros2_ws/install/sub:/home/bb/ros2_ws/install/test_msg:/home/bb/ros2_ws/install/test141123:/home/bb/ros2_ws/install/linear_acceleration_msg:/home/bb/ros2_ws/install/bring_up:/home/bb/ros2_ws/install/acoustic_msg:/home/bb/ros2_ws/install/IMU_sensor:/opt/ros/humble CMAKE_PREFIX_PATH=${CMAKE_PREFIX_PATH}:/home/bb/ros2_ws/install/sub:/home/bb/ros2_ws/install/test141123:/home/bb/ros2_ws/install/imu_sensor:/home/bb/ros2_ws/install/depth_sensor:/home/bb/ros2_ws/install/acoustic_sensor:/home/bb/ros2_ws/install/IMU_sensor:/opt/ros/humble PYTHONPATH=/home/bb/ros2_ws/install/imu_sensor/lib/python3.8/site-packages:/home/bb/ros2_ws/install/depth_sensor/lib/python3.8/site-packages:/home/bb/ros2_ws/install/acoustic_sensor/lib/python3.8/site-packages:/home/bb/ros2_ws/install/sub/lib/python3.8/site-packages:/home/bb/ros2_ws/install/test_msg/lib/python3.9/site-packages:/home/bb/ros2_ws/install/test141123/lib/python3.8/site-packages:/home/bb/ros2_ws/install/linear_acceleration_msg/lib/python3.9/site-packages:/home/bb/ros2_ws/install/acoustic_msg/lib/python3.9/site-packages:/home/bb/ros2_ws/install/IMU_sensor/lib/python3.8/site-packages:/opt/ros/humble/lib/python3.8/site-packages /usr/bin/cmake --install /home/bb/ros2_ws/build/bring_up
[37.979s] Level 1:colcon.colcon_core.environment:create_environment_scripts_only(bring_up)
[37.987s] DEBUG:colcon.colcon_core.event_handler.log_command:Invoked command in '/home/bb/ros2_ws/build/bring_up' returned '0': AMENT_PREFIX_PATH=/home/bb/ros2_ws/install/imu_sensor:/home/bb/ros2_ws/install/depth_sensor:/home/bb/ros2_ws/install/acoustic_sensor:/home/bb/ros2_ws/install/test_bringup:/home/bb/ros2_ws/install/sub:/home/bb/ros2_ws/install/test_msg:/home/bb/ros2_ws/install/test141123:/home/bb/ros2_ws/install/linear_acceleration_msg:/home/bb/ros2_ws/install/bring_up:/home/bb/ros2_ws/install/acoustic_msg:/home/bb/ros2_ws/install/IMU_sensor:/opt/ros/humble CMAKE_PREFIX_PATH=${CMAKE_PREFIX_PATH}:/home/bb/ros2_ws/install/sub:/home/bb/ros2_ws/install/test141123:/home/bb/ros2_ws/install/imu_sensor:/home/bb/ros2_ws/install/depth_sensor:/home/bb/ros2_ws/install/acoustic_sensor:/home/bb/ros2_ws/install/IMU_sensor:/opt/ros/humble PYTHONPATH=/home/bb/ros2_ws/install/imu_sensor/lib/python3.8/site-packages:/home/bb/ros2_ws/install/depth_sensor/lib/python3.8/site-packages:/home/bb/ros2_ws/install/acoustic_sensor/lib/python3.8/site-packages:/home/bb/ros2_ws/install/sub/lib/python3.8/site-packages:/home/bb/ros2_ws/install/test_msg/lib/python3.9/site-packages:/home/bb/ros2_ws/install/test141123/lib/python3.8/site-packages:/home/bb/ros2_ws/install/linear_acceleration_msg/lib/python3.9/site-packages:/home/bb/ros2_ws/install/acoustic_msg/lib/python3.9/site-packages:/home/bb/ros2_ws/install/IMU_sensor/lib/python3.8/site-packages:/opt/ros/humble/lib/python3.8/site-packages /usr/bin/cmake --install /home/bb/ros2_ws/build/bring_up
[38.249s] Level 1:colcon.colcon_core.environment:checking '/home/bb/ros2_ws/install/bring_up' for CMake module files
[38.253s] Level 1:colcon.colcon_core.environment:checking '/home/bb/ros2_ws/install/bring_up' for CMake config files
[38.255s] Level 1:colcon.colcon_core.shell:create_environment_hook('bring_up', 'cmake_prefix_path')
[38.478s] INFO:colcon.colcon_core.shell:Creating environment hook '/home/bb/ros2_ws/install/bring_up/share/bring_up/hook/cmake_prefix_path.ps1'
[38.484s] INFO:colcon.colcon_core.shell:Creating environment descriptor '/home/bb/ros2_ws/install/bring_up/share/bring_up/hook/cmake_prefix_path.dsv'
[38.488s] INFO:colcon.colcon_core.shell:Creating environment hook '/home/bb/ros2_ws/install/bring_up/share/bring_up/hook/cmake_prefix_path.sh'
[38.493s] Level 1:colcon.colcon_core.environment:checking '/home/bb/ros2_ws/install/bring_up/bin'
[38.493s] Level 1:colcon.colcon_core.environment:checking '/home/bb/ros2_ws/install/bring_up/lib/pkgconfig/bring_up.pc'
[38.495s] Level 1:colcon.colcon_core.environment:checking '/home/bb/ros2_ws/install/bring_up/lib/python3.8/site-packages'
[38.496s] Level 1:colcon.colcon_core.environment:checking '/home/bb/ros2_ws/install/bring_up/bin'
[38.776s] INFO:colcon.colcon_core.shell:Creating package script '/home/bb/ros2_ws/install/bring_up/share/bring_up/package.ps1'
[38.780s] INFO:colcon.colcon_core.shell:Creating package descriptor '/home/bb/ros2_ws/install/bring_up/share/bring_up/package.dsv'
[38.782s] INFO:colcon.colcon_core.shell:Creating package script '/home/bb/ros2_ws/install/bring_up/share/bring_up/package.sh'
[38.786s] INFO:colcon.colcon_core.shell:Creating package script '/home/bb/ros2_ws/install/bring_up/share/bring_up/package.bash'
[38.789s] INFO:colcon.colcon_core.shell:Creating package script '/home/bb/ros2_ws/install/bring_up/share/bring_up/package.zsh'
[38.791s] Level 1:colcon.colcon_core.environment:create_file_with_runtime_dependencies(/home/bb/ros2_ws/install/bring_up/share/colcon-core/packages/bring_up)
[39.174s] Level 1:colcon.colcon_core.environment:create_environment_scripts_only(bring_up)
[39.422s] Level 1:colcon.colcon_core.environment:checking '/home/bb/ros2_ws/install/bring_up' for CMake module files
[39.425s] Level 1:colcon.colcon_core.environment:checking '/home/bb/ros2_ws/install/bring_up' for CMake config files
[39.428s] Level 1:colcon.colcon_core.shell:create_environment_hook('bring_up', 'cmake_prefix_path')
[39.649s] INFO:colcon.colcon_core.shell:Creating environment hook '/home/bb/ros2_ws/install/bring_up/share/bring_up/hook/cmake_prefix_path.ps1'
[39.652s] INFO:colcon.colcon_core.shell:Creating environment descriptor '/home/bb/ros2_ws/install/bring_up/share/bring_up/hook/cmake_prefix_path.dsv'
[39.654s] INFO:colcon.colcon_core.shell:Creating environment hook '/home/bb/ros2_ws/install/bring_up/share/bring_up/hook/cmake_prefix_path.sh'
[39.658s] Level 1:colcon.colcon_core.environment:checking '/home/bb/ros2_ws/install/bring_up/bin'
[39.659s] Level 1:colcon.colcon_core.environment:checking '/home/bb/ros2_ws/install/bring_up/lib/pkgconfig/bring_up.pc'
[39.661s] Level 1:colcon.colcon_core.environment:checking '/home/bb/ros2_ws/install/bring_up/lib/python3.8/site-packages'
[39.661s] Level 1:colcon.colcon_core.environment:checking '/home/bb/ros2_ws/install/bring_up/bin'
[39.880s] INFO:colcon.colcon_core.shell:Creating package script '/home/bb/ros2_ws/install/bring_up/share/bring_up/package.ps1'
[39.884s] INFO:colcon.colcon_core.shell:Creating package descriptor '/home/bb/ros2_ws/install/bring_up/share/bring_up/package.dsv'
[39.887s] INFO:colcon.colcon_core.shell:Creating package script '/home/bb/ros2_ws/install/bring_up/share/bring_up/package.sh'
[39.890s] INFO:colcon.colcon_core.shell:Creating package script '/home/bb/ros2_ws/install/bring_up/share/bring_up/package.bash'
[39.893s] INFO:colcon.colcon_core.shell:Creating package script '/home/bb/ros2_ws/install/bring_up/share/bring_up/package.zsh'
[39.895s] Level 1:colcon.colcon_core.environment:create_file_with_runtime_dependencies(/home/bb/ros2_ws/install/bring_up/share/colcon-core/packages/bring_up)
[39.899s] DEBUG:colcon.colcon_parallel_executor.executor.parallel:closing loop
[39.902s] DEBUG:colcon.colcon_parallel_executor.executor.parallel:loop closed
[39.906s] DEBUG:colcon.colcon_parallel_executor.executor.parallel:run_until_complete finished with '0'
[39.907s] DEBUG:colcon.colcon_core.event_reactor:joining thread
[40.171s] INFO:colcon.colcon_core.plugin_system:Skipping extension 'colcon_notification.desktop_notification.terminal_notifier': Not used on non-Darwin systems
[40.172s] INFO:colcon.colcon_core.plugin_system:Skipping extension 'colcon_notification.desktop_notification.win32': Not used on non-Windows systems
[40.172s] INFO:colcon.colcon_notification.desktop_notification:Sending desktop notification using 'notify2'
[40.284s] DEBUG:colcon.colcon_core.event_reactor:joined thread
[40.539s] INFO:colcon.colcon_core.shell:Creating prefix script '/home/bb/ros2_ws/install/local_setup.ps1'
[40.544s] INFO:colcon.colcon_core.shell:Creating prefix util module '/home/bb/ros2_ws/install/_local_setup_util_ps1.py'
[40.552s] INFO:colcon.colcon_core.shell:Creating prefix chain script '/home/bb/ros2_ws/install/setup.ps1'
[40.848s] INFO:colcon.colcon_core.shell:Creating prefix script '/home/bb/ros2_ws/install/local_setup.sh'
[40.851s] INFO:colcon.colcon_core.shell:Creating prefix util module '/home/bb/ros2_ws/install/_local_setup_util_sh.py'
[40.855s] INFO:colcon.colcon_core.shell:Creating prefix chain script '/home/bb/ros2_ws/install/setup.sh'
[41.106s] INFO:colcon.colcon_core.shell:Creating prefix script '/home/bb/ros2_ws/install/local_setup.bash'
[41.110s] INFO:colcon.colcon_core.shell:Creating prefix chain script '/home/bb/ros2_ws/install/setup.bash'
[41.341s] INFO:colcon.colcon_core.shell:Creating prefix script '/home/bb/ros2_ws/install/local_setup.zsh'
[41.344s] INFO:colcon.colcon_core.shell:Creating prefix chain script '/home/bb/ros2_ws/install/setup.zsh'
