running egg_info
writing ../../build/IMU_sensor/IMU_sensor.egg-info/PKG-INFO
writing dependency_links to ../../build/IMU_sensor/IMU_sensor.egg-info/dependency_links.txt
writing entry points to ../../build/IMU_sensor/IMU_sensor.egg-info/entry_points.txt
writing requirements to ../../build/IMU_sensor/IMU_sensor.egg-info/requires.txt
writing top-level names to ../../build/IMU_sensor/IMU_sensor.egg-info/top_level.txt
reading manifest file '../../build/IMU_sensor/IMU_sensor.egg-info/SOURCES.txt'
writing manifest file '../../build/IMU_sensor/IMU_sensor.egg-info/SOURCES.txt'
running build
running build_py
copying IMU_sensor/publisher.py -> /home/bb/ros2_ws/build/IMU_sensor/build/lib/IMU_sensor
running install
running install_lib
copying /home/bb/ros2_ws/build/IMU_sensor/build/lib/IMU_sensor/publisher.py -> /home/bb/ros2_ws/install/IMU_sensor/lib/python3.8/site-packages/IMU_sensor
byte-compiling /home/bb/ros2_ws/install/IMU_sensor/lib/python3.8/site-packages/IMU_sensor/publisher.py to publisher.cpython-38.pyc
Sorry: TabError: inconsistent use of tabs and spaces in indentation (publisher.py, line 40)
running install_data
running install_egg_info
removing '/home/bb/ros2_ws/install/IMU_sensor/lib/python3.8/site-packages/IMU_sensor-0.0.0-py3.8.egg-info' (and everything under it)
Copying ../../build/IMU_sensor/IMU_sensor.egg-info to /home/bb/ros2_ws/install/IMU_sensor/lib/python3.8/site-packages/IMU_sensor-0.0.0-py3.8.egg-info
running install_scripts
Installing publisher script to /home/bb/ros2_ws/install/IMU_sensor/lib/IMU_sensor
writing list of installed files to '/home/bb/ros2_ws/build/IMU_sensor/install.log'
