[4.950s] Invoking command in '/home/bb/ros2_ws/src/IMU_sensor': PYTHONPATH=/home/bb/ros2_ws/build/IMU_sensor/prefix_override:/home/bb/ros2_ws/install/IMU_sensor/lib/python3.8/site-packages:${PYTHONPATH} /usr/bin/python3 setup.py egg_info --egg-base ../../build/IMU_sensor build --build-base /home/bb/ros2_ws/build/IMU_sensor/build install --record /home/bb/ros2_ws/build/IMU_sensor/install.log --single-version-externally-managed
[6.132s] running egg_info
[6.134s] writing ../../build/IMU_sensor/IMU_sensor.egg-info/PKG-INFO
[6.135s] writing dependency_links to ../../build/IMU_sensor/IMU_sensor.egg-info/dependency_links.txt
[6.136s] writing entry points to ../../build/IMU_sensor/IMU_sensor.egg-info/entry_points.txt
[6.137s] writing requirements to ../../build/IMU_sensor/IMU_sensor.egg-info/requires.txt
[6.137s] writing top-level names to ../../build/IMU_sensor/IMU_sensor.egg-info/top_level.txt
[6.300s] reading manifest file '../../build/IMU_sensor/IMU_sensor.egg-info/SOURCES.txt'
[6.303s] writing manifest file '../../build/IMU_sensor/IMU_sensor.egg-info/SOURCES.txt'
[6.304s] running build
[6.305s] running build_py
[6.305s] copying IMU_sensor/publisher.py -> /home/bb/ros2_ws/build/IMU_sensor/build/lib/IMU_sensor
[6.307s] running install
[6.310s] running install_lib
[6.315s] copying /home/bb/ros2_ws/build/IMU_sensor/build/lib/IMU_sensor/publisher.py -> /home/bb/ros2_ws/install/IMU_sensor/lib/python3.8/site-packages/IMU_sensor
[6.318s] byte-compiling /home/bb/ros2_ws/install/IMU_sensor/lib/python3.8/site-packages/IMU_sensor/publisher.py to publisher.cpython-38.pyc
[6.324s] Sorry: TabError: inconsistent use of tabs and spaces in indentation (publisher.py, line 40)
[6.325s] running install_data
[6.326s] running install_egg_info
[6.334s] removing '/home/bb/ros2_ws/install/IMU_sensor/lib/python3.8/site-packages/IMU_sensor-0.0.0-py3.8.egg-info' (and everything under it)
[6.336s] Copying ../../build/IMU_sensor/IMU_sensor.egg-info to /home/bb/ros2_ws/install/IMU_sensor/lib/python3.8/site-packages/IMU_sensor-0.0.0-py3.8.egg-info
[6.342s] running install_scripts
[6.417s] Installing publisher script to /home/bb/ros2_ws/install/IMU_sensor/lib/IMU_sensor
[6.418s] writing list of installed files to '/home/bb/ros2_ws/build/IMU_sensor/install.log'
[6.514s] Invoked command in '/home/bb/ros2_ws/src/IMU_sensor' returned '0': PYTHONPATH=/home/bb/ros2_ws/build/IMU_sensor/prefix_override:/home/bb/ros2_ws/install/IMU_sensor/lib/python3.8/site-packages:${PYTHONPATH} /usr/bin/python3 setup.py egg_info --egg-base ../../build/IMU_sensor build --build-base /home/bb/ros2_ws/build/IMU_sensor/build install --record /home/bb/ros2_ws/build/IMU_sensor/install.log --single-version-externally-managed
