[5.201s] Invoking command in '/home/bb/ros2_ws/src/depth_sensor': PYTHONPATH=/home/bb/ros2_ws/build/depth_sensor/prefix_override:/home/bb/ros2_ws/install/depth_sensor/lib/python3.8/site-packages:${PYTHONPATH} /usr/bin/python3 setup.py egg_info --egg-base ../../build/depth_sensor build --build-base /home/bb/ros2_ws/build/depth_sensor/build install --record /home/bb/ros2_ws/build/depth_sensor/install.log --single-version-externally-managed
[6.464s] running egg_info
[6.466s] writing ../../build/depth_sensor/depth_sensor.egg-info/PKG-INFO
[6.467s] writing dependency_links to ../../build/depth_sensor/depth_sensor.egg-info/dependency_links.txt
[6.468s] writing entry points to ../../build/depth_sensor/depth_sensor.egg-info/entry_points.txt
[6.468s] writing requirements to ../../build/depth_sensor/depth_sensor.egg-info/requires.txt
[6.469s] writing top-level names to ../../build/depth_sensor/depth_sensor.egg-info/top_level.txt
[6.644s] reading manifest file '../../build/depth_sensor/depth_sensor.egg-info/SOURCES.txt'
[6.647s] writing manifest file '../../build/depth_sensor/depth_sensor.egg-info/SOURCES.txt'
[6.648s] running build
[6.649s] running build_py
[6.649s] copying depth_sensor/publisher.py -> /home/bb/ros2_ws/build/depth_sensor/build/lib/depth_sensor
[6.650s] running install
[6.654s] running install_lib
[6.659s] copying /home/bb/ros2_ws/build/depth_sensor/build/lib/depth_sensor/publisher.py -> /home/bb/ros2_ws/install/depth_sensor/lib/python3.8/site-packages/depth_sensor
[6.662s] byte-compiling /home/bb/ros2_ws/install/depth_sensor/lib/python3.8/site-packages/depth_sensor/publisher.py to publisher.cpython-38.pyc
[6.670s] running install_data
[6.672s] running install_egg_info
[6.680s] removing '/home/bb/ros2_ws/install/depth_sensor/lib/python3.8/site-packages/depth_sensor-0.0.0-py3.8.egg-info' (and everything under it)
[6.681s] Copying ../../build/depth_sensor/depth_sensor.egg-info to /home/bb/ros2_ws/install/depth_sensor/lib/python3.8/site-packages/depth_sensor-0.0.0-py3.8.egg-info
[6.687s] running install_scripts
[6.767s] Installing publisher script to /home/bb/ros2_ws/install/depth_sensor/lib/depth_sensor
[6.768s] writing list of installed files to '/home/bb/ros2_ws/build/depth_sensor/install.log'
[6.866s] Invoked command in '/home/bb/ros2_ws/src/depth_sensor' returned '0': PYTHONPATH=/home/bb/ros2_ws/build/depth_sensor/prefix_override:/home/bb/ros2_ws/install/depth_sensor/lib/python3.8/site-packages:${PYTHONPATH} /usr/bin/python3 setup.py egg_info --egg-base ../../build/depth_sensor build --build-base /home/bb/ros2_ws/build/depth_sensor/build install --record /home/bb/ros2_ws/build/depth_sensor/install.log --single-version-externally-managed
