[10.247s] DEBUG:colcon:Command line arguments: ['/usr/bin/colcon', 'build', '--packages-select', 'IMU_sensor']
[10.247s] DEBUG:colcon:Parsed command line arguments: Namespace(allow_overriding=[], ament_cmake_args=None, base_paths=['.'], build_base='build', catkin_cmake_args=None, catkin_skip_building_tests=False, cmake_args=None, cmake_clean_cache=False, cmake_clean_first=False, cmake_force_configure=False, cmake_target=None, cmake_target_skip_unavailable=False, continue_on_error=False, event_handlers=None, executor='parallel', ignore_user_meta=False, install_base='install', log_base=None, log_level=None, main=<bound method BuildVerb.main of <colcon_core.verb.build.BuildVerb object at 0xffff93670eb0>>, merge_install=False, metas=['./colcon.meta'], packages_above=None, packages_above_and_dependencies=None, packages_above_depth=None, packages_end=None, packages_ignore=None, packages_ignore_regex=None, packages_select=['IMU_sensor'], packages_select_build_failed=False, packages_select_by_dep=None, packages_select_regex=None, packages_select_test_failures=False, packages_skip=None, packages_skip_build_finished=False, packages_skip_by_dep=None, packages_skip_regex=None, packages_skip_test_passed=False, packages_skip_up_to=None, packages_start=None, packages_up_to=None, packages_up_to_regex=None, parallel_workers=6, paths=None, symlink_install=False, test_result_base=None, verb_extension=<colcon_core.verb.build.BuildVerb object at 0xffff93670eb0>, verb_name='build', verb_parser=<colcon_defaults.argument_parser.defaults.DefaultArgumentsDecorator object at 0xffff93224910>)
[10.714s] Level 1:colcon.colcon_core.package_discovery:discover_packages(colcon_meta) check parameters
[10.714s] Level 1:colcon.colcon_core.package_discovery:discover_packages(recursive) check parameters
[10.715s] Level 1:colcon.colcon_core.package_discovery:discover_packages(ignore) check parameters
[10.715s] Level 1:colcon.colcon_core.package_discovery:discover_packages(path) check parameters
[10.715s] Level 1:colcon.colcon_core.package_discovery:discover_packages(colcon_meta) discover
[10.715s] Level 1:colcon.colcon_core.package_discovery:discover_packages(recursive) discover
[10.716s] INFO:colcon.colcon_core.package_discovery:Crawling recursively for packages in '/home/bb/ros2_ws'
[10.716s] Level 1:colcon.colcon_core.package_identification:_identify(.) by extensions ['ignore', 'ignore_ament_install']
[10.717s] Level 1:colcon.colcon_core.package_identification:_identify(.) by extension 'ignore'
[10.717s] Level 1:colcon.colcon_core.package_identification:_identify(.) by extension 'ignore_ament_install'
[10.717s] Level 1:colcon.colcon_core.package_identification:_identify(.) by extensions ['colcon_pkg']
[10.717s] Level 1:colcon.colcon_core.package_identification:_identify(.) by extension 'colcon_pkg'
[10.718s] Level 1:colcon.colcon_core.package_identification:_identify(.) by extensions ['colcon_meta']
[10.718s] Level 1:colcon.colcon_core.package_identification:_identify(.) by extension 'colcon_meta'
[10.718s] Level 1:colcon.colcon_core.package_identification:_identify(.) by extensions ['ros']
[10.718s] Level 1:colcon.colcon_core.package_identification:_identify(.) by extension 'ros'
[10.776s] Level 1:colcon.colcon_core.package_identification:_identify(.) by extensions ['cmake', 'python']
[10.777s] Level 1:colcon.colcon_core.package_identification:_identify(.) by extension 'cmake'
[10.777s] Level 1:colcon.colcon_core.package_identification:_identify(.) by extension 'python'
[10.777s] Level 1:colcon.colcon_core.package_identification:_identify(.) by extensions ['python_setup_py']
[10.777s] Level 1:colcon.colcon_core.package_identification:_identify(.) by extension 'python_setup_py'
[10.778s] Level 1:colcon.colcon_core.package_identification:_identify(build) by extensions ['ignore', 'ignore_ament_install']
[10.778s] Level 1:colcon.colcon_core.package_identification:_identify(build) by extension 'ignore'
[10.779s] Level 1:colcon.colcon_core.package_identification:_identify(build) ignored
[10.780s] Level 1:colcon.colcon_core.package_identification:_identify(install) by extensions ['ignore', 'ignore_ament_install']
[10.780s] Level 1:colcon.colcon_core.package_identification:_identify(install) by extension 'ignore'
[10.780s] Level 1:colcon.colcon_core.package_identification:_identify(install) ignored
[10.781s] Level 1:colcon.colcon_core.package_identification:_identify(log) by extensions ['ignore', 'ignore_ament_install']
[10.781s] Level 1:colcon.colcon_core.package_identification:_identify(log) by extension 'ignore'
[10.781s] Level 1:colcon.colcon_core.package_identification:_identify(log) ignored
[10.782s] Level 1:colcon.colcon_core.package_identification:_identify(src) by extensions ['ignore', 'ignore_ament_install']
[10.782s] Level 1:colcon.colcon_core.package_identification:_identify(src) by extension 'ignore'
[10.783s] Level 1:colcon.colcon_core.package_identification:_identify(src) by extension 'ignore_ament_install'
[10.783s] Level 1:colcon.colcon_core.package_identification:_identify(src) by extensions ['colcon_pkg']
[10.783s] Level 1:colcon.colcon_core.package_identification:_identify(src) by extension 'colcon_pkg'
[10.783s] Level 1:colcon.colcon_core.package_identification:_identify(src) by extensions ['colcon_meta']
[10.783s] Level 1:colcon.colcon_core.package_identification:_identify(src) by extension 'colcon_meta'
[10.784s] Level 1:colcon.colcon_core.package_identification:_identify(src) by extensions ['ros']
[10.784s] Level 1:colcon.colcon_core.package_identification:_identify(src) by extension 'ros'
[10.784s] Level 1:colcon.colcon_core.package_identification:_identify(src) by extensions ['cmake', 'python']
[10.784s] Level 1:colcon.colcon_core.package_identification:_identify(src) by extension 'cmake'
[10.785s] Level 1:colcon.colcon_core.package_identification:_identify(src) by extension 'python'
[10.785s] Level 1:colcon.colcon_core.package_identification:_identify(src) by extensions ['python_setup_py']
[10.785s] Level 1:colcon.colcon_core.package_identification:_identify(src) by extension 'python_setup_py'
[10.786s] Level 1:colcon.colcon_core.package_identification:_identify(src/IMU101223) by extensions ['ignore', 'ignore_ament_install']
[10.786s] Level 1:colcon.colcon_core.package_identification:_identify(src/IMU101223) by extension 'ignore'
[10.786s] Level 1:colcon.colcon_core.package_identification:_identify(src/IMU101223) by extension 'ignore_ament_install'
[10.787s] Level 1:colcon.colcon_core.package_identification:_identify(src/IMU101223) by extensions ['colcon_pkg']
[10.787s] Level 1:colcon.colcon_core.package_identification:_identify(src/IMU101223) by extension 'colcon_pkg'
[10.787s] Level 1:colcon.colcon_core.package_identification:_identify(src/IMU101223) by extensions ['colcon_meta']
[10.787s] Level 1:colcon.colcon_core.package_identification:_identify(src/IMU101223) by extension 'colcon_meta'
[10.787s] Level 1:colcon.colcon_core.package_identification:_identify(src/IMU101223) by extensions ['ros']
[10.788s] Level 1:colcon.colcon_core.package_identification:_identify(src/IMU101223) by extension 'ros'
[10.799s] DEBUG:colcon.colcon_core.package_identification:Package 'src/IMU101223' with type 'ros.ament_python' and name 'test141123'
[10.800s] Level 1:colcon.colcon_core.package_identification:_identify(src/IMU_sensor) by extensions ['ignore', 'ignore_ament_install']
[10.800s] Level 1:colcon.colcon_core.package_identification:_identify(src/IMU_sensor) by extension 'ignore'
[10.800s] Level 1:colcon.colcon_core.package_identification:_identify(src/IMU_sensor) by extension 'ignore_ament_install'
[10.801s] Level 1:colcon.colcon_core.package_identification:_identify(src/IMU_sensor) by extensions ['colcon_pkg']
[10.801s] Level 1:colcon.colcon_core.package_identification:_identify(src/IMU_sensor) by extension 'colcon_pkg'
[10.801s] Level 1:colcon.colcon_core.package_identification:_identify(src/IMU_sensor) by extensions ['colcon_meta']
[10.801s] Level 1:colcon.colcon_core.package_identification:_identify(src/IMU_sensor) by extension 'colcon_meta'
[10.802s] Level 1:colcon.colcon_core.package_identification:_identify(src/IMU_sensor) by extensions ['ros']
[10.802s] Level 1:colcon.colcon_core.package_identification:_identify(src/IMU_sensor) by extension 'ros'
[10.804s] DEBUG:colcon.colcon_core.package_identification:Package 'src/IMU_sensor' with type 'ros.ament_python' and name 'IMU_sensor'
[10.805s] Level 1:colcon.colcon_core.package_identification:_identify(src/build) by extensions ['ignore', 'ignore_ament_install']
[10.805s] Level 1:colcon.colcon_core.package_identification:_identify(src/build) by extension 'ignore'
[10.806s] Level 1:colcon.colcon_core.package_identification:_identify(src/build) ignored
[10.806s] Level 1:colcon.colcon_core.package_identification:_identify(src/depth101223) by extensions ['ignore', 'ignore_ament_install']
[10.806s] Level 1:colcon.colcon_core.package_identification:_identify(src/depth101223) by extension 'ignore'
[10.807s] Level 1:colcon.colcon_core.package_identification:_identify(src/depth101223) by extension 'ignore_ament_install'
[10.807s] Level 1:colcon.colcon_core.package_identification:_identify(src/depth101223) by extensions ['colcon_pkg']
[10.807s] Level 1:colcon.colcon_core.package_identification:_identify(src/depth101223) by extension 'colcon_pkg'
[10.807s] Level 1:colcon.colcon_core.package_identification:_identify(src/depth101223) by extensions ['colcon_meta']
[10.808s] Level 1:colcon.colcon_core.package_identification:_identify(src/depth101223) by extension 'colcon_meta'
[10.808s] Level 1:colcon.colcon_core.package_identification:_identify(src/depth101223) by extensions ['ros']
[10.808s] Level 1:colcon.colcon_core.package_identification:_identify(src/depth101223) by extension 'ros'
[10.811s] DEBUG:colcon.colcon_core.package_identification:Package 'src/depth101223' with type 'ros.ament_python' and name 'test141123'
[10.812s] Level 1:colcon.colcon_core.package_identification:_identify(src/install) by extensions ['ignore', 'ignore_ament_install']
[10.812s] Level 1:colcon.colcon_core.package_identification:_identify(src/install) by extension 'ignore'
[10.812s] Level 1:colcon.colcon_core.package_identification:_identify(src/install) ignored
[10.813s] Level 1:colcon.colcon_core.package_identification:_identify(src/log) by extensions ['ignore', 'ignore_ament_install']
[10.813s] Level 1:colcon.colcon_core.package_identification:_identify(src/log) by extension 'ignore'
[10.813s] Level 1:colcon.colcon_core.package_identification:_identify(src/log) ignored
[10.814s] Level 1:colcon.colcon_core.package_discovery:discover_packages(recursive) using defaults
[10.814s] Level 1:colcon.colcon_core.package_discovery:discover_packages(ignore) discover
[10.814s] Level 1:colcon.colcon_core.package_discovery:discover_packages(ignore) using defaults
[10.814s] Level 1:colcon.colcon_core.package_discovery:discover_packages(path) discover
[10.814s] Level 1:colcon.colcon_core.package_discovery:discover_packages(path) using defaults
[11.402s] INFO:colcon.colcon_core.package_selection:Skipping not selected package 'test141123' in 'src/IMU101223'
[11.402s] INFO:colcon.colcon_core.package_selection:Skipping not selected package 'test141123' in 'src/depth101223'
[11.738s] Level 1:colcon.colcon_core.package_discovery:discover_packages(prefix_path) check parameters
[11.738s] Level 1:colcon.colcon_core.package_discovery:discover_packages(prefix_path) discover
[12.086s] DEBUG:colcon.colcon_installed_package_information.package_discovery:Found 2 installed packages in /home/bb/ros2_ws/install
[12.265s] DEBUG:colcon.colcon_installed_package_information.package_discovery:Found 308 installed packages in /opt/ros/humble
[12.274s] Level 1:colcon.colcon_core.package_discovery:discover_packages(prefix_path) using defaults
[13.102s] Level 5:colcon.colcon_core.verb:set package 'IMU_sensor' build argument 'cmake_args' from command line to 'None'
[13.102s] Level 5:colcon.colcon_core.verb:set package 'IMU_sensor' build argument 'cmake_target' from command line to 'None'
[13.102s] Level 5:colcon.colcon_core.verb:set package 'IMU_sensor' build argument 'cmake_target_skip_unavailable' from command line to 'False'
[13.103s] Level 5:colcon.colcon_core.verb:set package 'IMU_sensor' build argument 'cmake_clean_cache' from command line to 'False'
[13.103s] Level 5:colcon.colcon_core.verb:set package 'IMU_sensor' build argument 'cmake_clean_first' from command line to 'False'
[13.103s] Level 5:colcon.colcon_core.verb:set package 'IMU_sensor' build argument 'cmake_force_configure' from command line to 'False'
[13.103s] Level 5:colcon.colcon_core.verb:set package 'IMU_sensor' build argument 'ament_cmake_args' from command line to 'None'
[13.103s] Level 5:colcon.colcon_core.verb:set package 'IMU_sensor' build argument 'catkin_cmake_args' from command line to 'None'
[13.104s] Level 5:colcon.colcon_core.verb:set package 'IMU_sensor' build argument 'catkin_skip_building_tests' from command line to 'False'
[13.104s] DEBUG:colcon.colcon_core.verb:Building package 'IMU_sensor' with the following arguments: {'ament_cmake_args': None, 'build_base': '/home/bb/ros2_ws/build/IMU_sensor', 'catkin_cmake_args': None, 'catkin_skip_building_tests': False, 'cmake_args': None, 'cmake_clean_cache': False, 'cmake_clean_first': False, 'cmake_force_configure': False, 'cmake_target': None, 'cmake_target_skip_unavailable': False, 'install_base': '/home/bb/ros2_ws/install/IMU_sensor', 'merge_install': False, 'path': '/home/bb/ros2_ws/src/IMU_sensor', 'symlink_install': False, 'test_result_base': None}
[13.272s] INFO:colcon.colcon_core.executor:Executing jobs using 'parallel' executor
[13.441s] DEBUG:colcon.colcon_parallel_executor.executor.parallel:run_until_complete
[13.442s] INFO:colcon.colcon_ros.task.ament_python.build:Building ROS package in '/home/bb/ros2_ws/src/IMU_sensor' with build type 'ament_python'
[13.443s] Level 1:colcon.colcon_core.shell:create_environment_hook('IMU_sensor', 'ament_prefix_path')
[13.626s] INFO:colcon.colcon_core.plugin_system:Skipping extension 'colcon_core.shell.bat': Not used on non-Windows systems
[13.627s] INFO:colcon.colcon_core.shell:Creating environment hook '/home/bb/ros2_ws/install/IMU_sensor/share/IMU_sensor/hook/ament_prefix_path.ps1'
[13.630s] INFO:colcon.colcon_core.shell:Creating environment descriptor '/home/bb/ros2_ws/install/IMU_sensor/share/IMU_sensor/hook/ament_prefix_path.dsv'
[13.632s] INFO:colcon.colcon_core.shell:Creating environment hook '/home/bb/ros2_ws/install/IMU_sensor/share/IMU_sensor/hook/ament_prefix_path.sh'
[13.808s] INFO:colcon.colcon_core.shell:Skip shell extension 'powershell' for command environment: Not usable outside of PowerShell
[13.808s] DEBUG:colcon.colcon_core.shell:Skip shell extension 'dsv' for command environment
[15.614s] INFO:colcon.colcon_core.task.python.build:Building Python package in '/home/bb/ros2_ws/src/IMU_sensor'
[15.802s] INFO:colcon.colcon_core.shell:Skip shell extension 'powershell' for command environment: Not usable outside of PowerShell
[15.803s] DEBUG:colcon.colcon_core.shell:Skip shell extension 'dsv' for command environment
[18.396s] DEBUG:colcon.colcon_core.event_handler.log_command:Invoking command in '/home/bb/ros2_ws/src/IMU_sensor': PYTHONPATH=/home/bb/ros2_ws/build/IMU_sensor/prefix_override:/home/bb/ros2_ws/install/IMU_sensor/lib/python3.8/site-packages:${PYTHONPATH} /usr/bin/python3 setup.py egg_info --egg-base ../../build/IMU_sensor build --build-base /home/bb/ros2_ws/build/IMU_sensor/build install --record /home/bb/ros2_ws/build/IMU_sensor/install.log --single-version-externally-managed
[19.958s] DEBUG:colcon.colcon_core.event_handler.log_command:Invoked command in '/home/bb/ros2_ws/src/IMU_sensor' returned '0': PYTHONPATH=/home/bb/ros2_ws/build/IMU_sensor/prefix_override:/home/bb/ros2_ws/install/IMU_sensor/lib/python3.8/site-packages:${PYTHONPATH} /usr/bin/python3 setup.py egg_info --egg-base ../../build/IMU_sensor build --build-base /home/bb/ros2_ws/build/IMU_sensor/build install --record /home/bb/ros2_ws/build/IMU_sensor/install.log --single-version-externally-managed
[20.153s] Level 1:colcon.colcon_core.environment:checking '/home/bb/ros2_ws/install/IMU_sensor' for CMake module files
[20.156s] Level 1:colcon.colcon_core.environment:checking '/home/bb/ros2_ws/install/IMU_sensor' for CMake config files
[20.161s] Level 1:colcon.colcon_core.environment:checking '/home/bb/ros2_ws/install/IMU_sensor/lib'
[20.161s] Level 1:colcon.colcon_core.environment:checking '/home/bb/ros2_ws/install/IMU_sensor/bin'
[20.162s] Level 1:colcon.colcon_core.environment:checking '/home/bb/ros2_ws/install/IMU_sensor/lib/pkgconfig/IMU_sensor.pc'
[20.163s] Level 1:colcon.colcon_core.environment:checking '/home/bb/ros2_ws/install/IMU_sensor/lib/python3.8/site-packages'
[20.164s] Level 1:colcon.colcon_core.shell:create_environment_hook('IMU_sensor', 'pythonpath')
[20.345s] INFO:colcon.colcon_core.shell:Creating environment hook '/home/bb/ros2_ws/install/IMU_sensor/share/IMU_sensor/hook/pythonpath.ps1'
[20.348s] INFO:colcon.colcon_core.shell:Creating environment descriptor '/home/bb/ros2_ws/install/IMU_sensor/share/IMU_sensor/hook/pythonpath.dsv'
[20.349s] INFO:colcon.colcon_core.shell:Creating environment hook '/home/bb/ros2_ws/install/IMU_sensor/share/IMU_sensor/hook/pythonpath.sh'
[20.352s] Level 1:colcon.colcon_core.environment:checking '/home/bb/ros2_ws/install/IMU_sensor/bin'
[20.352s] Level 1:colcon.colcon_core.environment:create_environment_scripts_only(IMU_sensor)
[20.525s] INFO:colcon.colcon_core.shell:Creating package script '/home/bb/ros2_ws/install/IMU_sensor/share/IMU_sensor/package.ps1'
[20.529s] INFO:colcon.colcon_core.shell:Creating package descriptor '/home/bb/ros2_ws/install/IMU_sensor/share/IMU_sensor/package.dsv'
[20.532s] INFO:colcon.colcon_core.shell:Creating package script '/home/bb/ros2_ws/install/IMU_sensor/share/IMU_sensor/package.sh'
[20.536s] INFO:colcon.colcon_core.shell:Creating package script '/home/bb/ros2_ws/install/IMU_sensor/share/IMU_sensor/package.bash'
[20.540s] INFO:colcon.colcon_core.shell:Creating package script '/home/bb/ros2_ws/install/IMU_sensor/share/IMU_sensor/package.zsh'
[20.543s] Level 1:colcon.colcon_core.environment:create_file_with_runtime_dependencies(/home/bb/ros2_ws/install/IMU_sensor/share/colcon-core/packages/IMU_sensor)
[20.546s] DEBUG:colcon.colcon_parallel_executor.executor.parallel:closing loop
[20.548s] DEBUG:colcon.colcon_parallel_executor.executor.parallel:loop closed
[20.549s] DEBUG:colcon.colcon_parallel_executor.executor.parallel:run_until_complete finished with '0'
[20.549s] DEBUG:colcon.colcon_core.event_reactor:joining thread
[20.748s] INFO:colcon.colcon_core.plugin_system:Skipping extension 'colcon_notification.desktop_notification.terminal_notifier': Not used on non-Darwin systems
[20.748s] INFO:colcon.colcon_core.plugin_system:Skipping extension 'colcon_notification.desktop_notification.win32': Not used on non-Windows systems
[20.749s] INFO:colcon.colcon_notification.desktop_notification:Sending desktop notification using 'notify2'
[20.842s] DEBUG:colcon.colcon_core.event_reactor:joined thread
[21.017s] INFO:colcon.colcon_core.shell:Creating prefix script '/home/bb/ros2_ws/install/local_setup.ps1'
[21.021s] INFO:colcon.colcon_core.shell:Creating prefix util module '/home/bb/ros2_ws/install/_local_setup_util_ps1.py'
[21.027s] INFO:colcon.colcon_core.shell:Creating prefix chain script '/home/bb/ros2_ws/install/setup.ps1'
[21.205s] INFO:colcon.colcon_core.shell:Creating prefix script '/home/bb/ros2_ws/install/local_setup.sh'
[21.208s] INFO:colcon.colcon_core.shell:Creating prefix util module '/home/bb/ros2_ws/install/_local_setup_util_sh.py'
[21.210s] INFO:colcon.colcon_core.shell:Creating prefix chain script '/home/bb/ros2_ws/install/setup.sh'
[21.381s] INFO:colcon.colcon_core.shell:Creating prefix script '/home/bb/ros2_ws/install/local_setup.bash'
[21.383s] INFO:colcon.colcon_core.shell:Creating prefix chain script '/home/bb/ros2_ws/install/setup.bash'
[21.550s] INFO:colcon.colcon_core.shell:Creating prefix script '/home/bb/ros2_ws/install/local_setup.zsh'
[21.553s] INFO:colcon.colcon_core.shell:Creating prefix chain script '/home/bb/ros2_ws/install/setup.zsh'
