[0.801s] Invoking command in '/home/bb/ros2_ws/build/acoustic_msg': CMAKE_PREFIX_PATH=${CMAKE_PREFIX_PATH}:/home/bb/ros2_ws/install/imu_sensor:/home/bb/ros2_ws/install/depth_sensor:/home/bb/ros2_ws/install/acoustic_sensor:/home/bb/ros2_ws/install/test141123:/home/bb/ros2_ws/install/IMU_sensor:/opt/ros/humble /usr/bin/cmake /home/bb/ros2_ws/src/acoustic_msg -DCMAKE_INSTALL_PREFIX=/home/bb/ros2_ws/install/acoustic_msg
[0.878s] -- Found ament_cmake: 1.3.6 (/opt/ros/humble/share/ament_cmake/cmake)
[2.080s] -- Found rosidl_default_generators: 1.2.0 (/opt/ros/humble/share/rosidl_default_generators/cmake)
[2.099s] -- Using all available rosidl_typesupport_c: rosidl_typesupport_fastrtps_c;rosidl_typesupport_introspection_c
[2.120s] -- Found rosidl_adapter: 3.1.5 (/opt/ros/humble/share/rosidl_adapter/cmake)
[2.327s] -- Using all available rosidl_typesupport_cpp: rosidl_typesupport_fastrtps_cpp;rosidl_typesupport_introspection_cpp
[4.932s] -- Found ament_cmake_ros: 0.10.0 (/opt/ros/humble/share/ament_cmake_ros/cmake)
[6.995s] -- Using all available rosidl_typesupport_c: rosidl_typesupport_fastrtps_c;rosidl_typesupport_introspection_c
[9.675s] -- Using all available rosidl_typesupport_cpp: rosidl_typesupport_fastrtps_cpp;rosidl_typesupport_introspection_cpp
[9.817s] -- Found PythonInterp: /usr/bin/python3 (found suitable version "3.8.10", minimum required is "3.6") 
[9.831s] -- Found python_cmake_module: 0.10.0 (/opt/ros/humble/share/python_cmake_module/cmake)
[9.988s] -- Found PythonLibs: /usr/lib/aarch64-linux-gnu/libpython3.8.so (found suitable version "3.8.10", minimum required is "3.5") 
[9.989s] -- Using PYTHON_EXECUTABLE: /usr/bin/python3
[9.989s] -- Using PYTHON_INCLUDE_DIRS: /usr/include/python3.8
[9.990s] -- Using PYTHON_LIBRARIES: /usr/lib/aarch64-linux-gnu/libpython3.8.so
[10.115s] -- Found PythonExtra: .so  
[10.374s] -- Found ament_lint_auto: 0.12.9 (/opt/ros/humble/share/ament_lint_auto/cmake)
[10.518s] -- Added test 'lint_cmake' to check CMake code style
[10.528s] -- Added test 'xmllint' to check XML markup files
[10.564s] -- Configuring done
[10.761s] -- Generating done
[10.778s] -- Build files have been written to: /home/bb/ros2_ws/build/acoustic_msg
[10.809s] Invoked command in '/home/bb/ros2_ws/build/acoustic_msg' returned '0': CMAKE_PREFIX_PATH=${CMAKE_PREFIX_PATH}:/home/bb/ros2_ws/install/imu_sensor:/home/bb/ros2_ws/install/depth_sensor:/home/bb/ros2_ws/install/acoustic_sensor:/home/bb/ros2_ws/install/test141123:/home/bb/ros2_ws/install/IMU_sensor:/opt/ros/humble /usr/bin/cmake /home/bb/ros2_ws/src/acoustic_msg -DCMAKE_INSTALL_PREFIX=/home/bb/ros2_ws/install/acoustic_msg
[10.829s] Invoking command in '/home/bb/ros2_ws/build/acoustic_msg': CMAKE_PREFIX_PATH=${CMAKE_PREFIX_PATH}:/home/bb/ros2_ws/install/imu_sensor:/home/bb/ros2_ws/install/depth_sensor:/home/bb/ros2_ws/install/acoustic_sensor:/home/bb/ros2_ws/install/test141123:/home/bb/ros2_ws/install/IMU_sensor:/opt/ros/humble /usr/bin/cmake --build /home/bb/ros2_ws/build/acoustic_msg -- -j6 -l6
[11.053s] [35m[1mScanning dependencies of target acoustic_msg__cpp[0m
[11.054s] [  3%] [34m[1mGenerating C code for ROS interfaces[0m
[11.056s] [35m[1mScanning dependencies of target ament_cmake_python_copy_acoustic_msg[0m
[11.114s] [  6%] [34m[1mGenerating C++ code for ROS interfaces[0m
[11.161s] [  6%] Built target ament_cmake_python_copy_acoustic_msg
[11.217s] [35m[1mScanning dependencies of target ament_cmake_python_build_acoustic_msg_egg[0m
[12.622s] [35m[1mScanning dependencies of target acoustic_msg__rosidl_generator_c[0m
[12.663s] [  6%] Built target acoustic_msg__cpp
[12.699s] [  9%] [32mBuilding C object CMakeFiles/acoustic_msg__rosidl_generator_c.dir/rosidl_generator_c/acoustic_msg/msg/detail/acoustic__functions.c.o[0m
[12.725s] [ 12%] [34m[1mGenerating C++ introspection for ROS interfaces[0m
[12.726s] [ 16%] [34m[1mGenerating C++ type support for eProsima Fast-RTPS[0m
[12.728s] [ 19%] [34m[1mGenerating C++ type support dispatch for ROS interfaces[0m
[13.113s] [ 22%] [32m[1mLinking C shared library libacoustic_msg__rosidl_generator_c.so[0m
[13.316s] running egg_info
[13.319s] creating acoustic_msg.egg-info
[13.321s] writing acoustic_msg.egg-info/PKG-INFO
[13.322s] writing dependency_links to acoustic_msg.egg-info/dependency_links.txt
[13.323s] writing top-level names to acoustic_msg.egg-info/top_level.txt
[13.324s] writing manifest file 'acoustic_msg.egg-info/SOURCES.txt'
[13.349s] [ 22%] Built target acoustic_msg__rosidl_generator_c
[13.419s] [ 25%] [34m[1mGenerating C type support for eProsima Fast-RTPS[0m
[13.425s] [ 29%] [34m[1mGenerating C type support dispatch for ROS interfaces[0m
[13.646s] reading manifest file 'acoustic_msg.egg-info/SOURCES.txt'
[13.647s] writing manifest file 'acoustic_msg.egg-info/SOURCES.txt'
[13.796s] [ 29%] Built target ament_cmake_python_build_acoustic_msg_egg
[13.870s] [ 32%] [34m[1mGenerating C introspection for ROS interfaces[0m
[14.050s] [35m[1mScanning dependencies of target acoustic_msg__rosidl_typesupport_cpp[0m
[14.144s] [ 35%] [32mBuilding CXX object CMakeFiles/acoustic_msg__rosidl_typesupport_cpp.dir/rosidl_typesupport_cpp/acoustic_msg/msg/acoustic__type_support.cpp.o[0m
[14.145s] [35m[1mScanning dependencies of target acoustic_msg__rosidl_typesupport_introspection_cpp[0m
[14.232s] [ 38%] [32mBuilding CXX object CMakeFiles/acoustic_msg__rosidl_typesupport_introspection_cpp.dir/rosidl_typesupport_introspection_cpp/acoustic_msg/msg/detail/acoustic__type_support.cpp.o[0m
[14.246s] [35m[1mScanning dependencies of target acoustic_msg__rosidl_typesupport_fastrtps_cpp[0m
[14.349s] [ 41%] [32mBuilding CXX object CMakeFiles/acoustic_msg__rosidl_typesupport_fastrtps_cpp.dir/rosidl_typesupport_fastrtps_cpp/acoustic_msg/msg/detail/dds_fastrtps/acoustic__type_support.cpp.o[0m
[14.938s] [35m[1mScanning dependencies of target acoustic_msg__rosidl_typesupport_c[0m
[14.945s] [35m[1mScanning dependencies of target acoustic_msg__rosidl_typesupport_fastrtps_c[0m
[15.039s] [ 45%] [32mBuilding CXX object CMakeFiles/acoustic_msg__rosidl_typesupport_c.dir/rosidl_typesupport_c/acoustic_msg/msg/acoustic__type_support.cpp.o[0m
[15.043s] [ 48%] [32mBuilding CXX object CMakeFiles/acoustic_msg__rosidl_typesupport_fastrtps_c.dir/rosidl_typesupport_fastrtps_c/acoustic_msg/msg/detail/acoustic__type_support_c.cpp.o[0m
[15.288s] [ 51%] [32m[1mLinking CXX shared library libacoustic_msg__rosidl_typesupport_c.so[0m
[15.322s] [35m[1mScanning dependencies of target acoustic_msg__rosidl_typesupport_introspection_c[0m
[15.402s] [ 54%] [32mBuilding C object CMakeFiles/acoustic_msg__rosidl_typesupport_introspection_c.dir/rosidl_typesupport_introspection_c/acoustic_msg/msg/detail/acoustic__type_support.c.o[0m
[15.534s] [ 54%] Built target acoustic_msg__rosidl_typesupport_c
[15.660s] [ 58%] [32m[1mLinking C shared library libacoustic_msg__rosidl_typesupport_introspection_c.so[0m
[15.854s] [ 58%] Built target acoustic_msg__rosidl_typesupport_introspection_c
[16.205s] [ 61%] [32m[1mLinking CXX shared library libacoustic_msg__rosidl_typesupport_cpp.so[0m
[16.438s] [ 61%] Built target acoustic_msg__rosidl_typesupport_cpp
[17.055s] [ 64%] [32m[1mLinking CXX shared library libacoustic_msg__rosidl_typesupport_introspection_cpp.so[0m
[17.176s] [ 67%] [32m[1mLinking CXX shared library libacoustic_msg__rosidl_typesupport_fastrtps_cpp.so[0m
[17.298s] [ 67%] Built target acoustic_msg__rosidl_typesupport_introspection_cpp
[17.518s] [ 70%] [32m[1mLinking CXX shared library libacoustic_msg__rosidl_typesupport_fastrtps_c.so[0m
[17.557s] [ 70%] Built target acoustic_msg__rosidl_typesupport_fastrtps_cpp
[17.870s] [ 70%] Built target acoustic_msg__rosidl_typesupport_fastrtps_c
[17.928s] [35m[1mScanning dependencies of target acoustic_msg[0m
[17.984s] [ 70%] Built target acoustic_msg
[18.042s] [35m[1mScanning dependencies of target acoustic_msg__py[0m
[18.103s] [ 74%] [34m[1mGenerating Python code for ROS interfaces[0m
[19.532s] [ 74%] Built target acoustic_msg__py
[19.586s] [35m[1mScanning dependencies of target acoustic_msg__rosidl_generator_py[0m
[19.734s] [ 77%] [32mBuilding C object CMakeFiles/acoustic_msg__rosidl_generator_py.dir/rosidl_generator_py/acoustic_msg/msg/_acoustic_s.c.o[0m
[20.413s] [ 80%] [32m[1mLinking C shared library rosidl_generator_py/acoustic_msg/libacoustic_msg__rosidl_generator_py.so[0m
[20.627s] [ 80%] Built target acoustic_msg__rosidl_generator_py
[20.684s] [35m[1mScanning dependencies of target acoustic_msg__rosidl_typesupport_fastrtps_c__pyext[0m
[20.685s] [35m[1mScanning dependencies of target acoustic_msg__rosidl_typesupport_c__pyext[0m
[20.687s] [35m[1mScanning dependencies of target acoustic_msg__rosidl_typesupport_introspection_c__pyext[0m
[20.809s] [ 83%] [32mBuilding C object CMakeFiles/acoustic_msg__rosidl_typesupport_c__pyext.dir/rosidl_generator_py/acoustic_msg/_acoustic_msg_s.ep.rosidl_typesupport_c.c.o[0m
[20.813s] [ 87%] [32mBuilding C object CMakeFiles/acoustic_msg__rosidl_typesupport_fastrtps_c__pyext.dir/rosidl_generator_py/acoustic_msg/_acoustic_msg_s.ep.rosidl_typesupport_fastrtps_c.c.o[0m
[20.814s] [ 90%] [32mBuilding C object CMakeFiles/acoustic_msg__rosidl_typesupport_introspection_c__pyext.dir/rosidl_generator_py/acoustic_msg/_acoustic_msg_s.ep.rosidl_typesupport_introspection_c.c.o[0m
[21.389s] [ 93%] [32m[1mLinking C shared library rosidl_generator_py/acoustic_msg/acoustic_msg_s__rosidl_typesupport_c.cpython-38-aarch64-linux-gnu.so[0m
[21.411s] [ 96%] [32m[1mLinking C shared library rosidl_generator_py/acoustic_msg/acoustic_msg_s__rosidl_typesupport_introspection_c.cpython-38-aarch64-linux-gnu.so[0m
[21.424s] [100%] [32m[1mLinking C shared library rosidl_generator_py/acoustic_msg/acoustic_msg_s__rosidl_typesupport_fastrtps_c.cpython-38-aarch64-linux-gnu.so[0m
[21.589s] [100%] Built target acoustic_msg__rosidl_typesupport_c__pyext
[21.623s] [100%] Built target acoustic_msg__rosidl_typesupport_introspection_c__pyext
[21.629s] [100%] Built target acoustic_msg__rosidl_typesupport_fastrtps_c__pyext
[21.697s] Invoked command in '/home/bb/ros2_ws/build/acoustic_msg' returned '0': CMAKE_PREFIX_PATH=${CMAKE_PREFIX_PATH}:/home/bb/ros2_ws/install/imu_sensor:/home/bb/ros2_ws/install/depth_sensor:/home/bb/ros2_ws/install/acoustic_sensor:/home/bb/ros2_ws/install/test141123:/home/bb/ros2_ws/install/IMU_sensor:/opt/ros/humble /usr/bin/cmake --build /home/bb/ros2_ws/build/acoustic_msg -- -j6 -l6
[22.078s] Invoking command in '/home/bb/ros2_ws/build/acoustic_msg': CMAKE_PREFIX_PATH=${CMAKE_PREFIX_PATH}:/home/bb/ros2_ws/install/imu_sensor:/home/bb/ros2_ws/install/depth_sensor:/home/bb/ros2_ws/install/acoustic_sensor:/home/bb/ros2_ws/install/test141123:/home/bb/ros2_ws/install/IMU_sensor:/opt/ros/humble /usr/bin/cmake --install /home/bb/ros2_ws/build/acoustic_msg
[22.121s] -- Install configuration: ""
[22.122s] -- Installing: /home/bb/ros2_ws/install/acoustic_msg/share/ament_index/resource_index/rosidl_interfaces/acoustic_msg
[22.124s] -- Up-to-date: /home/bb/ros2_ws/install/acoustic_msg/include/acoustic_msg/acoustic_msg
[22.124s] -- Up-to-date: /home/bb/ros2_ws/install/acoustic_msg/include/acoustic_msg/acoustic_msg/msg
[22.125s] -- Installing: /home/bb/ros2_ws/install/acoustic_msg/include/acoustic_msg/acoustic_msg/msg/rosidl_generator_c__visibility_control.h
[22.125s] -- Installing: /home/bb/ros2_ws/install/acoustic_msg/include/acoustic_msg/acoustic_msg/msg/acoustic.h
[22.126s] -- Up-to-date: /home/bb/ros2_ws/install/acoustic_msg/include/acoustic_msg/acoustic_msg/msg/detail
[22.126s] -- Installing: /home/bb/ros2_ws/install/acoustic_msg/include/acoustic_msg/acoustic_msg/msg/detail/acoustic__functions.h
[22.127s] -- Installing: /home/bb/ros2_ws/install/acoustic_msg/include/acoustic_msg/acoustic_msg/msg/detail/acoustic__functions.c
[22.128s] -- Installing: /home/bb/ros2_ws/install/acoustic_msg/include/acoustic_msg/acoustic_msg/msg/detail/acoustic__type_support.h
[22.129s] -- Installing: /home/bb/ros2_ws/install/acoustic_msg/include/acoustic_msg/acoustic_msg/msg/detail/acoustic__struct.h
[22.130s] -- Installing: /home/bb/ros2_ws/install/acoustic_msg/share/acoustic_msg/environment/library_path.sh
[22.131s] -- Installing: /home/bb/ros2_ws/install/acoustic_msg/share/acoustic_msg/environment/library_path.dsv
[22.135s] -- Installing: /home/bb/ros2_ws/install/acoustic_msg/lib/libacoustic_msg__rosidl_generator_c.so
[22.138s] -- Set runtime path of "/home/bb/ros2_ws/install/acoustic_msg/lib/libacoustic_msg__rosidl_generator_c.so" to ""
[22.138s] -- Up-to-date: /home/bb/ros2_ws/install/acoustic_msg/include/acoustic_msg/acoustic_msg
[22.139s] -- Up-to-date: /home/bb/ros2_ws/install/acoustic_msg/include/acoustic_msg/acoustic_msg/msg
[22.139s] -- Installing: /home/bb/ros2_ws/install/acoustic_msg/include/acoustic_msg/acoustic_msg/msg/rosidl_typesupport_fastrtps_c__visibility_control.h
[22.140s] -- Up-to-date: /home/bb/ros2_ws/install/acoustic_msg/include/acoustic_msg/acoustic_msg/msg/detail
[22.141s] -- Installing: /home/bb/ros2_ws/install/acoustic_msg/include/acoustic_msg/acoustic_msg/msg/detail/acoustic__rosidl_typesupport_fastrtps_c.h
[22.143s] -- Installing: /home/bb/ros2_ws/install/acoustic_msg/lib/libacoustic_msg__rosidl_typesupport_fastrtps_c.so
[22.146s] -- Set runtime path of "/home/bb/ros2_ws/install/acoustic_msg/lib/libacoustic_msg__rosidl_typesupport_fastrtps_c.so" to ""
[22.147s] -- Up-to-date: /home/bb/ros2_ws/install/acoustic_msg/include/acoustic_msg/acoustic_msg
[22.148s] -- Up-to-date: /home/bb/ros2_ws/install/acoustic_msg/include/acoustic_msg/acoustic_msg/msg
[22.149s] -- Installing: /home/bb/ros2_ws/install/acoustic_msg/include/acoustic_msg/acoustic_msg/msg/rosidl_typesupport_introspection_c__visibility_control.h
[22.149s] -- Up-to-date: /home/bb/ros2_ws/install/acoustic_msg/include/acoustic_msg/acoustic_msg/msg/detail
[22.150s] -- Installing: /home/bb/ros2_ws/install/acoustic_msg/include/acoustic_msg/acoustic_msg/msg/detail/acoustic__type_support.c
[22.150s] -- Installing: /home/bb/ros2_ws/install/acoustic_msg/include/acoustic_msg/acoustic_msg/msg/detail/acoustic__rosidl_typesupport_introspection_c.h
[22.152s] -- Installing: /home/bb/ros2_ws/install/acoustic_msg/lib/libacoustic_msg__rosidl_typesupport_introspection_c.so
[22.156s] -- Set runtime path of "/home/bb/ros2_ws/install/acoustic_msg/lib/libacoustic_msg__rosidl_typesupport_introspection_c.so" to ""
[22.157s] -- Installing: /home/bb/ros2_ws/install/acoustic_msg/lib/libacoustic_msg__rosidl_typesupport_c.so
[22.161s] -- Set runtime path of "/home/bb/ros2_ws/install/acoustic_msg/lib/libacoustic_msg__rosidl_typesupport_c.so" to ""
[22.161s] -- Up-to-date: /home/bb/ros2_ws/install/acoustic_msg/include/acoustic_msg/acoustic_msg
[22.162s] -- Up-to-date: /home/bb/ros2_ws/install/acoustic_msg/include/acoustic_msg/acoustic_msg/msg
[22.162s] -- Installing: /home/bb/ros2_ws/install/acoustic_msg/include/acoustic_msg/acoustic_msg/msg/acoustic.hpp
[22.163s] -- Up-to-date: /home/bb/ros2_ws/install/acoustic_msg/include/acoustic_msg/acoustic_msg/msg/detail
[22.164s] -- Installing: /home/bb/ros2_ws/install/acoustic_msg/include/acoustic_msg/acoustic_msg/msg/detail/acoustic__builder.hpp
[22.164s] -- Installing: /home/bb/ros2_ws/install/acoustic_msg/include/acoustic_msg/acoustic_msg/msg/detail/acoustic__traits.hpp
[22.165s] -- Installing: /home/bb/ros2_ws/install/acoustic_msg/include/acoustic_msg/acoustic_msg/msg/detail/acoustic__struct.hpp
[22.166s] -- Up-to-date: /home/bb/ros2_ws/install/acoustic_msg/include/acoustic_msg/acoustic_msg
[22.167s] -- Up-to-date: /home/bb/ros2_ws/install/acoustic_msg/include/acoustic_msg/acoustic_msg/msg
[22.167s] -- Installing: /home/bb/ros2_ws/install/acoustic_msg/include/acoustic_msg/acoustic_msg/msg/rosidl_typesupport_fastrtps_cpp__visibility_control.h
[22.168s] -- Up-to-date: /home/bb/ros2_ws/install/acoustic_msg/include/acoustic_msg/acoustic_msg/msg/detail
[22.168s] -- Installing: /home/bb/ros2_ws/install/acoustic_msg/include/acoustic_msg/acoustic_msg/msg/detail/acoustic__rosidl_typesupport_fastrtps_cpp.hpp
[22.169s] -- Installing: /home/bb/ros2_ws/install/acoustic_msg/include/acoustic_msg/acoustic_msg/msg/detail/dds_fastrtps
[22.171s] -- Installing: /home/bb/ros2_ws/install/acoustic_msg/lib/libacoustic_msg__rosidl_typesupport_fastrtps_cpp.so
[22.174s] -- Set runtime path of "/home/bb/ros2_ws/install/acoustic_msg/lib/libacoustic_msg__rosidl_typesupport_fastrtps_cpp.so" to ""
[22.175s] -- Up-to-date: /home/bb/ros2_ws/install/acoustic_msg/include/acoustic_msg/acoustic_msg
[22.175s] -- Up-to-date: /home/bb/ros2_ws/install/acoustic_msg/include/acoustic_msg/acoustic_msg/msg
[22.176s] -- Up-to-date: /home/bb/ros2_ws/install/acoustic_msg/include/acoustic_msg/acoustic_msg/msg/detail
[22.176s] -- Installing: /home/bb/ros2_ws/install/acoustic_msg/include/acoustic_msg/acoustic_msg/msg/detail/acoustic__rosidl_typesupport_introspection_cpp.hpp
[22.177s] -- Installing: /home/bb/ros2_ws/install/acoustic_msg/include/acoustic_msg/acoustic_msg/msg/detail/acoustic__type_support.cpp
[22.179s] -- Installing: /home/bb/ros2_ws/install/acoustic_msg/lib/libacoustic_msg__rosidl_typesupport_introspection_cpp.so
[22.182s] -- Set runtime path of "/home/bb/ros2_ws/install/acoustic_msg/lib/libacoustic_msg__rosidl_typesupport_introspection_cpp.so" to ""
[22.184s] -- Installing: /home/bb/ros2_ws/install/acoustic_msg/lib/libacoustic_msg__rosidl_typesupport_cpp.so
[22.187s] -- Set runtime path of "/home/bb/ros2_ws/install/acoustic_msg/lib/libacoustic_msg__rosidl_typesupport_cpp.so" to ""
[22.188s] -- Installing: /home/bb/ros2_ws/install/acoustic_msg/share/acoustic_msg/environment/pythonpath.sh
[22.189s] -- Installing: /home/bb/ros2_ws/install/acoustic_msg/share/acoustic_msg/environment/pythonpath.dsv
[22.190s] -- Installing: /home/bb/ros2_ws/install/acoustic_msg/lib/python3.9/site-packages/acoustic_msg-0.0.0-py3.9.egg-info
[22.191s] -- Installing: /home/bb/ros2_ws/install/acoustic_msg/lib/python3.9/site-packages/acoustic_msg-0.0.0-py3.9.egg-info/top_level.txt
[22.192s] -- Installing: /home/bb/ros2_ws/install/acoustic_msg/lib/python3.9/site-packages/acoustic_msg-0.0.0-py3.9.egg-info/dependency_links.txt
[22.192s] -- Installing: /home/bb/ros2_ws/install/acoustic_msg/lib/python3.9/site-packages/acoustic_msg-0.0.0-py3.9.egg-info/SOURCES.txt
[22.193s] -- Installing: /home/bb/ros2_ws/install/acoustic_msg/lib/python3.9/site-packages/acoustic_msg-0.0.0-py3.9.egg-info/PKG-INFO
[22.194s] -- Installing: /home/bb/ros2_ws/install/acoustic_msg/lib/python3.9/site-packages/acoustic_msg
[22.195s] -- Installing: /home/bb/ros2_ws/install/acoustic_msg/lib/python3.9/site-packages/acoustic_msg/msg
[22.195s] -- Installing: /home/bb/ros2_ws/install/acoustic_msg/lib/python3.9/site-packages/acoustic_msg/msg/_acoustic_s.c
[22.196s] -- Installing: /home/bb/ros2_ws/install/acoustic_msg/lib/python3.9/site-packages/acoustic_msg/msg/_acoustic.py
[22.197s] -- Installing: /home/bb/ros2_ws/install/acoustic_msg/lib/python3.9/site-packages/acoustic_msg/msg/__init__.py
[22.198s] -- Installing: /home/bb/ros2_ws/install/acoustic_msg/lib/python3.9/site-packages/acoustic_msg/_acoustic_msg_s.ep.rosidl_typesupport_c.c
[22.199s] -- Installing: /home/bb/ros2_ws/install/acoustic_msg/lib/python3.9/site-packages/acoustic_msg/_acoustic_msg_s.ep.rosidl_typesupport_introspection_c.c
[22.199s] -- Installing: /home/bb/ros2_ws/install/acoustic_msg/lib/python3.9/site-packages/acoustic_msg/acoustic_msg_s__rosidl_typesupport_introspection_c.cpython-38-aarch64-linux-gnu.so
[22.201s] -- Installing: /home/bb/ros2_ws/install/acoustic_msg/lib/python3.9/site-packages/acoustic_msg/_acoustic_msg_s.ep.rosidl_typesupport_fastrtps_c.c
[22.201s] -- Installing: /home/bb/ros2_ws/install/acoustic_msg/lib/python3.9/site-packages/acoustic_msg/libacoustic_msg__rosidl_generator_py.so
[22.202s] -- Installing: /home/bb/ros2_ws/install/acoustic_msg/lib/python3.9/site-packages/acoustic_msg/acoustic_msg_s__rosidl_typesupport_fastrtps_c.cpython-38-aarch64-linux-gnu.so
[22.203s] -- Installing: /home/bb/ros2_ws/install/acoustic_msg/lib/python3.9/site-packages/acoustic_msg/acoustic_msg_s__rosidl_typesupport_c.cpython-38-aarch64-linux-gnu.so
[22.204s] -- Installing: /home/bb/ros2_ws/install/acoustic_msg/lib/python3.9/site-packages/acoustic_msg/__init__.py
[22.427s] Listing '/home/bb/ros2_ws/install/acoustic_msg/lib/python3.9/site-packages/acoustic_msg'...
[22.428s] Compiling '/home/bb/ros2_ws/install/acoustic_msg/lib/python3.9/site-packages/acoustic_msg/__init__.py'...
[22.428s] Listing '/home/bb/ros2_ws/install/acoustic_msg/lib/python3.9/site-packages/acoustic_msg/msg'...
[22.429s] Compiling '/home/bb/ros2_ws/install/acoustic_msg/lib/python3.9/site-packages/acoustic_msg/msg/__init__.py'...
[22.429s] Compiling '/home/bb/ros2_ws/install/acoustic_msg/lib/python3.9/site-packages/acoustic_msg/msg/_acoustic.py'...
[22.452s] -- Installing: /home/bb/ros2_ws/install/acoustic_msg/lib/python3.9/site-packages/acoustic_msg/acoustic_msg_s__rosidl_typesupport_fastrtps_c.cpython-38-aarch64-linux-gnu.so
[22.456s] -- Set runtime path of "/home/bb/ros2_ws/install/acoustic_msg/lib/python3.9/site-packages/acoustic_msg/acoustic_msg_s__rosidl_typesupport_fastrtps_c.cpython-38-aarch64-linux-gnu.so" to ""
[22.458s] -- Installing: /home/bb/ros2_ws/install/acoustic_msg/lib/python3.9/site-packages/acoustic_msg/acoustic_msg_s__rosidl_typesupport_introspection_c.cpython-38-aarch64-linux-gnu.so
[22.462s] -- Set runtime path of "/home/bb/ros2_ws/install/acoustic_msg/lib/python3.9/site-packages/acoustic_msg/acoustic_msg_s__rosidl_typesupport_introspection_c.cpython-38-aarch64-linux-gnu.so" to ""
[22.465s] -- Installing: /home/bb/ros2_ws/install/acoustic_msg/lib/python3.9/site-packages/acoustic_msg/acoustic_msg_s__rosidl_typesupport_c.cpython-38-aarch64-linux-gnu.so
[22.469s] -- Set runtime path of "/home/bb/ros2_ws/install/acoustic_msg/lib/python3.9/site-packages/acoustic_msg/acoustic_msg_s__rosidl_typesupport_c.cpython-38-aarch64-linux-gnu.so" to ""
[22.470s] -- Installing: /home/bb/ros2_ws/install/acoustic_msg/lib/libacoustic_msg__rosidl_generator_py.so
[22.474s] -- Set runtime path of "/home/bb/ros2_ws/install/acoustic_msg/lib/libacoustic_msg__rosidl_generator_py.so" to ""
[22.474s] -- Installing: /home/bb/ros2_ws/install/acoustic_msg/share/acoustic_msg/msg/Acoustic.idl
[22.475s] -- Installing: /home/bb/ros2_ws/install/acoustic_msg/share/acoustic_msg/msg/Acoustic.msg
[22.477s] -- Installing: /home/bb/ros2_ws/install/acoustic_msg/share/ament_index/resource_index/package_run_dependencies/acoustic_msg
[22.478s] -- Installing: /home/bb/ros2_ws/install/acoustic_msg/share/ament_index/resource_index/parent_prefix_path/acoustic_msg
[22.479s] -- Installing: /home/bb/ros2_ws/install/acoustic_msg/share/acoustic_msg/environment/ament_prefix_path.sh
[22.480s] -- Installing: /home/bb/ros2_ws/install/acoustic_msg/share/acoustic_msg/environment/ament_prefix_path.dsv
[22.481s] -- Installing: /home/bb/ros2_ws/install/acoustic_msg/share/acoustic_msg/environment/path.sh
[22.483s] -- Installing: /home/bb/ros2_ws/install/acoustic_msg/share/acoustic_msg/environment/path.dsv
[22.484s] -- Installing: /home/bb/ros2_ws/install/acoustic_msg/share/acoustic_msg/local_setup.bash
[22.485s] -- Installing: /home/bb/ros2_ws/install/acoustic_msg/share/acoustic_msg/local_setup.sh
[22.486s] -- Installing: /home/bb/ros2_ws/install/acoustic_msg/share/acoustic_msg/local_setup.zsh
[22.487s] -- Installing: /home/bb/ros2_ws/install/acoustic_msg/share/acoustic_msg/local_setup.dsv
[22.489s] -- Installing: /home/bb/ros2_ws/install/acoustic_msg/share/acoustic_msg/package.dsv
[22.490s] -- Installing: /home/bb/ros2_ws/install/acoustic_msg/share/ament_index/resource_index/packages/acoustic_msg
[22.492s] -- Old export file "/home/bb/ros2_ws/install/acoustic_msg/share/acoustic_msg/cmake/export_acoustic_msg__rosidl_generator_cExport.cmake" will be replaced.  Removing files [/home/bb/ros2_ws/install/acoustic_msg/share/acoustic_msg/cmake/export_acoustic_msg__rosidl_generator_cExport-noconfig.cmake].
[22.492s] -- Installing: /home/bb/ros2_ws/install/acoustic_msg/share/acoustic_msg/cmake/export_acoustic_msg__rosidl_generator_cExport.cmake
[22.494s] -- Installing: /home/bb/ros2_ws/install/acoustic_msg/share/acoustic_msg/cmake/export_acoustic_msg__rosidl_generator_cExport-noconfig.cmake
[22.496s] -- Old export file "/home/bb/ros2_ws/install/acoustic_msg/share/acoustic_msg/cmake/export_acoustic_msg__rosidl_typesupport_fastrtps_cExport.cmake" will be replaced.  Removing files [/home/bb/ros2_ws/install/acoustic_msg/share/acoustic_msg/cmake/export_acoustic_msg__rosidl_typesupport_fastrtps_cExport-noconfig.cmake].
[22.496s] -- Installing: /home/bb/ros2_ws/install/acoustic_msg/share/acoustic_msg/cmake/export_acoustic_msg__rosidl_typesupport_fastrtps_cExport.cmake
[22.498s] -- Installing: /home/bb/ros2_ws/install/acoustic_msg/share/acoustic_msg/cmake/export_acoustic_msg__rosidl_typesupport_fastrtps_cExport-noconfig.cmake
[22.500s] -- Old export file "/home/bb/ros2_ws/install/acoustic_msg/share/acoustic_msg/cmake/acoustic_msg__rosidl_typesupport_introspection_cExport.cmake" will be replaced.  Removing files [/home/bb/ros2_ws/install/acoustic_msg/share/acoustic_msg/cmake/acoustic_msg__rosidl_typesupport_introspection_cExport-noconfig.cmake].
[22.500s] -- Installing: /home/bb/ros2_ws/install/acoustic_msg/share/acoustic_msg/cmake/acoustic_msg__rosidl_typesupport_introspection_cExport.cmake
[22.502s] -- Installing: /home/bb/ros2_ws/install/acoustic_msg/share/acoustic_msg/cmake/acoustic_msg__rosidl_typesupport_introspection_cExport-noconfig.cmake
[22.504s] -- Old export file "/home/bb/ros2_ws/install/acoustic_msg/share/acoustic_msg/cmake/acoustic_msg__rosidl_typesupport_cExport.cmake" will be replaced.  Removing files [/home/bb/ros2_ws/install/acoustic_msg/share/acoustic_msg/cmake/acoustic_msg__rosidl_typesupport_cExport-noconfig.cmake].
[22.504s] -- Installing: /home/bb/ros2_ws/install/acoustic_msg/share/acoustic_msg/cmake/acoustic_msg__rosidl_typesupport_cExport.cmake
[22.505s] -- Installing: /home/bb/ros2_ws/install/acoustic_msg/share/acoustic_msg/cmake/acoustic_msg__rosidl_typesupport_cExport-noconfig.cmake
[22.508s] -- Installing: /home/bb/ros2_ws/install/acoustic_msg/share/acoustic_msg/cmake/export_acoustic_msg__rosidl_generator_cppExport.cmake
[22.510s] -- Old export file "/home/bb/ros2_ws/install/acoustic_msg/share/acoustic_msg/cmake/export_acoustic_msg__rosidl_typesupport_fastrtps_cppExport.cmake" will be replaced.  Removing files [/home/bb/ros2_ws/install/acoustic_msg/share/acoustic_msg/cmake/export_acoustic_msg__rosidl_typesupport_fastrtps_cppExport-noconfig.cmake].
[22.510s] -- Installing: /home/bb/ros2_ws/install/acoustic_msg/share/acoustic_msg/cmake/export_acoustic_msg__rosidl_typesupport_fastrtps_cppExport.cmake
[22.511s] -- Installing: /home/bb/ros2_ws/install/acoustic_msg/share/acoustic_msg/cmake/export_acoustic_msg__rosidl_typesupport_fastrtps_cppExport-noconfig.cmake
[22.513s] -- Old export file "/home/bb/ros2_ws/install/acoustic_msg/share/acoustic_msg/cmake/acoustic_msg__rosidl_typesupport_introspection_cppExport.cmake" will be replaced.  Removing files [/home/bb/ros2_ws/install/acoustic_msg/share/acoustic_msg/cmake/acoustic_msg__rosidl_typesupport_introspection_cppExport-noconfig.cmake].
[22.514s] -- Installing: /home/bb/ros2_ws/install/acoustic_msg/share/acoustic_msg/cmake/acoustic_msg__rosidl_typesupport_introspection_cppExport.cmake
[22.515s] -- Installing: /home/bb/ros2_ws/install/acoustic_msg/share/acoustic_msg/cmake/acoustic_msg__rosidl_typesupport_introspection_cppExport-noconfig.cmake
[22.517s] -- Old export file "/home/bb/ros2_ws/install/acoustic_msg/share/acoustic_msg/cmake/acoustic_msg__rosidl_typesupport_cppExport.cmake" will be replaced.  Removing files [/home/bb/ros2_ws/install/acoustic_msg/share/acoustic_msg/cmake/acoustic_msg__rosidl_typesupport_cppExport-noconfig.cmake].
[22.518s] -- Installing: /home/bb/ros2_ws/install/acoustic_msg/share/acoustic_msg/cmake/acoustic_msg__rosidl_typesupport_cppExport.cmake
[22.519s] -- Installing: /home/bb/ros2_ws/install/acoustic_msg/share/acoustic_msg/cmake/acoustic_msg__rosidl_typesupport_cppExport-noconfig.cmake
[22.521s] -- Old export file "/home/bb/ros2_ws/install/acoustic_msg/share/acoustic_msg/cmake/export_acoustic_msg__rosidl_generator_pyExport.cmake" will be replaced.  Removing files [/home/bb/ros2_ws/install/acoustic_msg/share/acoustic_msg/cmake/export_acoustic_msg__rosidl_generator_pyExport-noconfig.cmake].
[22.522s] -- Installing: /home/bb/ros2_ws/install/acoustic_msg/share/acoustic_msg/cmake/export_acoustic_msg__rosidl_generator_pyExport.cmake
[22.523s] -- Installing: /home/bb/ros2_ws/install/acoustic_msg/share/acoustic_msg/cmake/export_acoustic_msg__rosidl_generator_pyExport-noconfig.cmake
[22.524s] -- Installing: /home/bb/ros2_ws/install/acoustic_msg/share/acoustic_msg/cmake/rosidl_cmake-extras.cmake
[22.525s] -- Installing: /home/bb/ros2_ws/install/acoustic_msg/share/acoustic_msg/cmake/ament_cmake_export_include_directories-extras.cmake
[22.526s] -- Installing: /home/bb/ros2_ws/install/acoustic_msg/share/acoustic_msg/cmake/ament_cmake_export_libraries-extras.cmake
[22.528s] -- Installing: /home/bb/ros2_ws/install/acoustic_msg/share/acoustic_msg/cmake/ament_cmake_export_targets-extras.cmake
[22.529s] -- Installing: /home/bb/ros2_ws/install/acoustic_msg/share/acoustic_msg/cmake/rosidl_cmake_export_typesupport_targets-extras.cmake
[22.530s] -- Installing: /home/bb/ros2_ws/install/acoustic_msg/share/acoustic_msg/cmake/ament_cmake_export_dependencies-extras.cmake
[22.531s] -- Installing: /home/bb/ros2_ws/install/acoustic_msg/share/acoustic_msg/cmake/rosidl_cmake_export_typesupport_libraries-extras.cmake
[22.533s] -- Installing: /home/bb/ros2_ws/install/acoustic_msg/share/acoustic_msg/cmake/acoustic_msgConfig.cmake
[22.534s] -- Installing: /home/bb/ros2_ws/install/acoustic_msg/share/acoustic_msg/cmake/acoustic_msgConfig-version.cmake
[22.535s] -- Installing: /home/bb/ros2_ws/install/acoustic_msg/share/acoustic_msg/package.xml
[22.551s] Invoked command in '/home/bb/ros2_ws/build/acoustic_msg' returned '0': CMAKE_PREFIX_PATH=${CMAKE_PREFIX_PATH}:/home/bb/ros2_ws/install/imu_sensor:/home/bb/ros2_ws/install/depth_sensor:/home/bb/ros2_ws/install/acoustic_sensor:/home/bb/ros2_ws/install/test141123:/home/bb/ros2_ws/install/IMU_sensor:/opt/ros/humble /usr/bin/cmake --install /home/bb/ros2_ws/build/acoustic_msg
