[13.384s] Invoking command in '/home/bb/ros2_ws/src/depth_sensor': PYTHONPATH=/home/bb/ros2_ws/build/depth_sensor/prefix_override:/home/bb/ros2_ws/install/depth_sensor/lib/python3.8/site-packages:${PYTHONPATH} /usr/bin/python3 setup.py egg_info --egg-base ../../build/depth_sensor build --build-base /home/bb/ros2_ws/build/depth_sensor/build install --record /home/bb/ros2_ws/build/depth_sensor/install.log --single-version-externally-managed
[15.579s] running egg_info
[15.582s] writing ../../build/depth_sensor/depth_sensor.egg-info/PKG-INFO
[15.584s] writing dependency_links to ../../build/depth_sensor/depth_sensor.egg-info/dependency_links.txt
[15.586s] writing entry points to ../../build/depth_sensor/depth_sensor.egg-info/entry_points.txt
[15.587s] writing requirements to ../../build/depth_sensor/depth_sensor.egg-info/requires.txt
[15.589s] writing top-level names to ../../build/depth_sensor/depth_sensor.egg-info/top_level.txt
[15.757s] reading manifest file '../../build/depth_sensor/depth_sensor.egg-info/SOURCES.txt'
[15.762s] writing manifest file '../../build/depth_sensor/depth_sensor.egg-info/SOURCES.txt'
[15.764s] running build
[15.767s] running build_py
[15.770s] running install
[15.771s] running install_lib
[15.780s] running install_data
[15.781s] running install_egg_info
[15.795s] removing '/home/bb/ros2_ws/install/depth_sensor/lib/python3.8/site-packages/depth_sensor-0.0.0-py3.8.egg-info' (and everything under it)
[15.798s] Copying ../../build/depth_sensor/depth_sensor.egg-info to /home/bb/ros2_ws/install/depth_sensor/lib/python3.8/site-packages/depth_sensor-0.0.0-py3.8.egg-info
[15.800s] running install_scripts
[15.883s] Installing publisher script to /home/bb/ros2_ws/install/depth_sensor/lib/depth_sensor
[15.885s] writing list of installed files to '/home/bb/ros2_ws/build/depth_sensor/install.log'
[18.498s] Invoked command in '/home/bb/ros2_ws/src/depth_sensor' returned '0': PYTHONPATH=/home/bb/ros2_ws/build/depth_sensor/prefix_override:/home/bb/ros2_ws/install/depth_sensor/lib/python3.8/site-packages:${PYTHONPATH} /usr/bin/python3 setup.py egg_info --egg-base ../../build/depth_sensor build --build-base /home/bb/ros2_ws/build/depth_sensor/build install --record /home/bb/ros2_ws/build/depth_sensor/install.log --single-version-externally-managed
