[10.908s] DEBUG:colcon:Command line arguments: ['/usr/bin/colcon', 'build']
[10.908s] DEBUG:colcon:Parsed command line arguments: Namespace(allow_overriding=[], ament_cmake_args=None, base_paths=['.'], build_base='build', catkin_cmake_args=None, catkin_skip_building_tests=False, cmake_args=None, cmake_clean_cache=False, cmake_clean_first=False, cmake_force_configure=False, cmake_target=None, cmake_target_skip_unavailable=False, continue_on_error=False, event_handlers=None, executor='parallel', ignore_user_meta=False, install_base='install', log_base=None, log_level=None, main=<bound method BuildVerb.main of <colcon_core.verb.build.BuildVerb object at 0xffffbb58e4f0>>, merge_install=False, metas=['./colcon.meta'], packages_above=None, packages_above_and_dependencies=None, packages_above_depth=None, packages_end=None, packages_ignore=None, packages_ignore_regex=None, packages_select=None, packages_select_build_failed=False, packages_select_by_dep=None, packages_select_regex=None, packages_select_test_failures=False, packages_skip=None, packages_skip_build_finished=False, packages_skip_by_dep=None, packages_skip_regex=None, packages_skip_test_passed=False, packages_skip_up_to=None, packages_start=None, packages_up_to=None, packages_up_to_regex=None, parallel_workers=6, paths=None, symlink_install=False, test_result_base=None, verb_extension=<colcon_core.verb.build.BuildVerb object at 0xffffbb58e4f0>, verb_name='build', verb_parser=<colcon_defaults.argument_parser.defaults.DefaultArgumentsDecorator object at 0xffffbb0d9100>)
[11.404s] Level 1:colcon.colcon_core.package_discovery:discover_packages(colcon_meta) check parameters
[11.404s] Level 1:colcon.colcon_core.package_discovery:discover_packages(recursive) check parameters
[11.404s] Level 1:colcon.colcon_core.package_discovery:discover_packages(ignore) check parameters
[11.405s] Level 1:colcon.colcon_core.package_discovery:discover_packages(path) check parameters
[11.405s] Level 1:colcon.colcon_core.package_discovery:discover_packages(colcon_meta) discover
[11.405s] Level 1:colcon.colcon_core.package_discovery:discover_packages(recursive) discover
[11.406s] INFO:colcon.colcon_core.package_discovery:Crawling recursively for packages in '/home/bb/ros2_ws'
[11.406s] Level 1:colcon.colcon_core.package_identification:_identify(.) by extensions ['ignore', 'ignore_ament_install']
[11.406s] Level 1:colcon.colcon_core.package_identification:_identify(.) by extension 'ignore'
[11.407s] Level 1:colcon.colcon_core.package_identification:_identify(.) by extension 'ignore_ament_install'
[11.407s] Level 1:colcon.colcon_core.package_identification:_identify(.) by extensions ['colcon_pkg']
[11.407s] Level 1:colcon.colcon_core.package_identification:_identify(.) by extension 'colcon_pkg'
[11.407s] Level 1:colcon.colcon_core.package_identification:_identify(.) by extensions ['colcon_meta']
[11.408s] Level 1:colcon.colcon_core.package_identification:_identify(.) by extension 'colcon_meta'
[11.408s] Level 1:colcon.colcon_core.package_identification:_identify(.) by extensions ['ros']
[11.408s] Level 1:colcon.colcon_core.package_identification:_identify(.) by extension 'ros'
[11.468s] Level 1:colcon.colcon_core.package_identification:_identify(.) by extensions ['cmake', 'python']
[11.468s] Level 1:colcon.colcon_core.package_identification:_identify(.) by extension 'cmake'
[11.468s] Level 1:colcon.colcon_core.package_identification:_identify(.) by extension 'python'
[11.469s] Level 1:colcon.colcon_core.package_identification:_identify(.) by extensions ['python_setup_py']
[11.469s] Level 1:colcon.colcon_core.package_identification:_identify(.) by extension 'python_setup_py'
[11.470s] Level 1:colcon.colcon_core.package_identification:_identify(build) by extensions ['ignore', 'ignore_ament_install']
[11.470s] Level 1:colcon.colcon_core.package_identification:_identify(build) by extension 'ignore'
[11.470s] Level 1:colcon.colcon_core.package_identification:_identify(build) ignored
[11.471s] Level 1:colcon.colcon_core.package_identification:_identify(install) by extensions ['ignore', 'ignore_ament_install']
[11.471s] Level 1:colcon.colcon_core.package_identification:_identify(install) by extension 'ignore'
[11.472s] Level 1:colcon.colcon_core.package_identification:_identify(install) ignored
[11.473s] Level 1:colcon.colcon_core.package_identification:_identify(log) by extensions ['ignore', 'ignore_ament_install']
[11.473s] Level 1:colcon.colcon_core.package_identification:_identify(log) by extension 'ignore'
[11.473s] Level 1:colcon.colcon_core.package_identification:_identify(log) ignored
[11.474s] Level 1:colcon.colcon_core.package_identification:_identify(src) by extensions ['ignore', 'ignore_ament_install']
[11.474s] Level 1:colcon.colcon_core.package_identification:_identify(src) by extension 'ignore'
[11.474s] Level 1:colcon.colcon_core.package_identification:_identify(src) by extension 'ignore_ament_install'
[11.475s] Level 1:colcon.colcon_core.package_identification:_identify(src) by extensions ['colcon_pkg']
[11.475s] Level 1:colcon.colcon_core.package_identification:_identify(src) by extension 'colcon_pkg'
[11.475s] Level 1:colcon.colcon_core.package_identification:_identify(src) by extensions ['colcon_meta']
[11.475s] Level 1:colcon.colcon_core.package_identification:_identify(src) by extension 'colcon_meta'
[11.475s] Level 1:colcon.colcon_core.package_identification:_identify(src) by extensions ['ros']
[11.476s] Level 1:colcon.colcon_core.package_identification:_identify(src) by extension 'ros'
[11.476s] Level 1:colcon.colcon_core.package_identification:_identify(src) by extensions ['cmake', 'python']
[11.476s] Level 1:colcon.colcon_core.package_identification:_identify(src) by extension 'cmake'
[11.476s] Level 1:colcon.colcon_core.package_identification:_identify(src) by extension 'python'
[11.477s] Level 1:colcon.colcon_core.package_identification:_identify(src) by extensions ['python_setup_py']
[11.477s] Level 1:colcon.colcon_core.package_identification:_identify(src) by extension 'python_setup_py'
[11.478s] Level 1:colcon.colcon_core.package_identification:_identify(src/acoustic_msg) by extensions ['ignore', 'ignore_ament_install']
[11.478s] Level 1:colcon.colcon_core.package_identification:_identify(src/acoustic_msg) by extension 'ignore'
[11.478s] Level 1:colcon.colcon_core.package_identification:_identify(src/acoustic_msg) by extension 'ignore_ament_install'
[11.478s] Level 1:colcon.colcon_core.package_identification:_identify(src/acoustic_msg) by extensions ['colcon_pkg']
[11.479s] Level 1:colcon.colcon_core.package_identification:_identify(src/acoustic_msg) by extension 'colcon_pkg'
[11.479s] Level 1:colcon.colcon_core.package_identification:_identify(src/acoustic_msg) by extensions ['colcon_meta']
[11.479s] Level 1:colcon.colcon_core.package_identification:_identify(src/acoustic_msg) by extension 'colcon_meta'
[11.479s] Level 1:colcon.colcon_core.package_identification:_identify(src/acoustic_msg) by extensions ['ros']
[11.479s] Level 1:colcon.colcon_core.package_identification:_identify(src/acoustic_msg) by extension 'ros'
[11.493s] DEBUG:colcon.colcon_core.package_identification:Package 'src/acoustic_msg' with type 'ros.ament_cmake' and name 'acoustic_msg'
[11.494s] Level 1:colcon.colcon_core.package_identification:_identify(src/acoustic_sensor) by extensions ['ignore', 'ignore_ament_install']
[11.494s] Level 1:colcon.colcon_core.package_identification:_identify(src/acoustic_sensor) by extension 'ignore'
[11.495s] Level 1:colcon.colcon_core.package_identification:_identify(src/acoustic_sensor) by extension 'ignore_ament_install'
[11.495s] Level 1:colcon.colcon_core.package_identification:_identify(src/acoustic_sensor) by extensions ['colcon_pkg']
[11.495s] Level 1:colcon.colcon_core.package_identification:_identify(src/acoustic_sensor) by extension 'colcon_pkg'
[11.495s] Level 1:colcon.colcon_core.package_identification:_identify(src/acoustic_sensor) by extensions ['colcon_meta']
[11.496s] Level 1:colcon.colcon_core.package_identification:_identify(src/acoustic_sensor) by extension 'colcon_meta'
[11.496s] Level 1:colcon.colcon_core.package_identification:_identify(src/acoustic_sensor) by extensions ['ros']
[11.496s] Level 1:colcon.colcon_core.package_identification:_identify(src/acoustic_sensor) by extension 'ros'
[11.499s] DEBUG:colcon.colcon_core.package_identification:Package 'src/acoustic_sensor' with type 'ros.ament_python' and name 'acoustic_sensor'
[11.500s] Level 1:colcon.colcon_core.package_identification:_identify(src/bring_up) by extensions ['ignore', 'ignore_ament_install']
[11.500s] Level 1:colcon.colcon_core.package_identification:_identify(src/bring_up) by extension 'ignore'
[11.500s] Level 1:colcon.colcon_core.package_identification:_identify(src/bring_up) by extension 'ignore_ament_install'
[11.501s] Level 1:colcon.colcon_core.package_identification:_identify(src/bring_up) by extensions ['colcon_pkg']
[11.501s] Level 1:colcon.colcon_core.package_identification:_identify(src/bring_up) by extension 'colcon_pkg'
[11.501s] Level 1:colcon.colcon_core.package_identification:_identify(src/bring_up) by extensions ['colcon_meta']
[11.501s] Level 1:colcon.colcon_core.package_identification:_identify(src/bring_up) by extension 'colcon_meta'
[11.502s] Level 1:colcon.colcon_core.package_identification:_identify(src/bring_up) by extensions ['ros']
[11.502s] Level 1:colcon.colcon_core.package_identification:_identify(src/bring_up) by extension 'ros'
[11.504s] DEBUG:colcon.colcon_core.package_identification:Package 'src/bring_up' with type 'ros.ament_cmake' and name 'bring_up'
[11.505s] Level 1:colcon.colcon_core.package_identification:_identify(src/depth_sensor) by extensions ['ignore', 'ignore_ament_install']
[11.505s] Level 1:colcon.colcon_core.package_identification:_identify(src/depth_sensor) by extension 'ignore'
[11.505s] Level 1:colcon.colcon_core.package_identification:_identify(src/depth_sensor) by extension 'ignore_ament_install'
[11.506s] Level 1:colcon.colcon_core.package_identification:_identify(src/depth_sensor) by extensions ['colcon_pkg']
[11.506s] Level 1:colcon.colcon_core.package_identification:_identify(src/depth_sensor) by extension 'colcon_pkg'
[11.506s] Level 1:colcon.colcon_core.package_identification:_identify(src/depth_sensor) by extensions ['colcon_meta']
[11.506s] Level 1:colcon.colcon_core.package_identification:_identify(src/depth_sensor) by extension 'colcon_meta'
[11.507s] Level 1:colcon.colcon_core.package_identification:_identify(src/depth_sensor) by extensions ['ros']
[11.507s] Level 1:colcon.colcon_core.package_identification:_identify(src/depth_sensor) by extension 'ros'
[11.509s] DEBUG:colcon.colcon_core.package_identification:Package 'src/depth_sensor' with type 'ros.ament_python' and name 'depth_sensor'
[11.509s] Level 1:colcon.colcon_core.package_identification:_identify(src/imu_sensor) by extensions ['ignore', 'ignore_ament_install']
[11.510s] Level 1:colcon.colcon_core.package_identification:_identify(src/imu_sensor) by extension 'ignore'
[11.510s] Level 1:colcon.colcon_core.package_identification:_identify(src/imu_sensor) by extension 'ignore_ament_install'
[11.510s] Level 1:colcon.colcon_core.package_identification:_identify(src/imu_sensor) by extensions ['colcon_pkg']
[11.510s] Level 1:colcon.colcon_core.package_identification:_identify(src/imu_sensor) by extension 'colcon_pkg'
[11.511s] Level 1:colcon.colcon_core.package_identification:_identify(src/imu_sensor) by extensions ['colcon_meta']
[11.511s] Level 1:colcon.colcon_core.package_identification:_identify(src/imu_sensor) by extension 'colcon_meta'
[11.511s] Level 1:colcon.colcon_core.package_identification:_identify(src/imu_sensor) by extensions ['ros']
[11.511s] Level 1:colcon.colcon_core.package_identification:_identify(src/imu_sensor) by extension 'ros'
[11.514s] DEBUG:colcon.colcon_core.package_identification:Package 'src/imu_sensor' with type 'ros.ament_python' and name 'imu_sensor'
[11.514s] Level 1:colcon.colcon_core.package_identification:_identify(src/linear_acceleration_msg) by extensions ['ignore', 'ignore_ament_install']
[11.515s] Level 1:colcon.colcon_core.package_identification:_identify(src/linear_acceleration_msg) by extension 'ignore'
[11.515s] Level 1:colcon.colcon_core.package_identification:_identify(src/linear_acceleration_msg) by extension 'ignore_ament_install'
[11.515s] Level 1:colcon.colcon_core.package_identification:_identify(src/linear_acceleration_msg) by extensions ['colcon_pkg']
[11.515s] Level 1:colcon.colcon_core.package_identification:_identify(src/linear_acceleration_msg) by extension 'colcon_pkg'
[11.516s] Level 1:colcon.colcon_core.package_identification:_identify(src/linear_acceleration_msg) by extensions ['colcon_meta']
[11.516s] Level 1:colcon.colcon_core.package_identification:_identify(src/linear_acceleration_msg) by extension 'colcon_meta'
[11.516s] Level 1:colcon.colcon_core.package_identification:_identify(src/linear_acceleration_msg) by extensions ['ros']
[11.516s] Level 1:colcon.colcon_core.package_identification:_identify(src/linear_acceleration_msg) by extension 'ros'
[11.519s] DEBUG:colcon.colcon_core.package_identification:Package 'src/linear_acceleration_msg' with type 'ros.ament_cmake' and name 'linear_acceleration_msg'
[11.519s] Level 1:colcon.colcon_core.package_discovery:discover_packages(recursive) using defaults
[11.520s] Level 1:colcon.colcon_core.package_discovery:discover_packages(ignore) discover
[11.520s] Level 1:colcon.colcon_core.package_discovery:discover_packages(ignore) using defaults
[11.520s] Level 1:colcon.colcon_core.package_discovery:discover_packages(path) discover
[11.520s] Level 1:colcon.colcon_core.package_discovery:discover_packages(path) using defaults
[12.492s] Level 1:colcon.colcon_core.package_discovery:discover_packages(prefix_path) check parameters
[12.493s] Level 1:colcon.colcon_core.package_discovery:discover_packages(prefix_path) discover
[12.867s] DEBUG:colcon.colcon_installed_package_information.package_discovery:Found 11 installed packages in /home/bb/ros2_ws/install
[13.063s] DEBUG:colcon.colcon_installed_package_information.package_discovery:Found 309 installed packages in /opt/ros/humble
[13.072s] Level 1:colcon.colcon_core.package_discovery:discover_packages(prefix_path) using defaults
[13.948s] Level 5:colcon.colcon_core.verb:set package 'acoustic_msg' build argument 'cmake_args' from command line to 'None'
[13.948s] Level 5:colcon.colcon_core.verb:set package 'acoustic_msg' build argument 'cmake_target' from command line to 'None'
[13.949s] Level 5:colcon.colcon_core.verb:set package 'acoustic_msg' build argument 'cmake_target_skip_unavailable' from command line to 'False'
[13.949s] Level 5:colcon.colcon_core.verb:set package 'acoustic_msg' build argument 'cmake_clean_cache' from command line to 'False'
[13.949s] Level 5:colcon.colcon_core.verb:set package 'acoustic_msg' build argument 'cmake_clean_first' from command line to 'False'
[13.949s] Level 5:colcon.colcon_core.verb:set package 'acoustic_msg' build argument 'cmake_force_configure' from command line to 'False'
[13.949s] Level 5:colcon.colcon_core.verb:set package 'acoustic_msg' build argument 'ament_cmake_args' from command line to 'None'
[13.950s] Level 5:colcon.colcon_core.verb:set package 'acoustic_msg' build argument 'catkin_cmake_args' from command line to 'None'
[13.950s] Level 5:colcon.colcon_core.verb:set package 'acoustic_msg' build argument 'catkin_skip_building_tests' from command line to 'False'
[13.950s] DEBUG:colcon.colcon_core.verb:Building package 'acoustic_msg' with the following arguments: {'ament_cmake_args': None, 'build_base': '/home/bb/ros2_ws/build/acoustic_msg', 'catkin_cmake_args': None, 'catkin_skip_building_tests': False, 'cmake_args': None, 'cmake_clean_cache': False, 'cmake_clean_first': False, 'cmake_force_configure': False, 'cmake_target': None, 'cmake_target_skip_unavailable': False, 'install_base': '/home/bb/ros2_ws/install/acoustic_msg', 'merge_install': False, 'path': '/home/bb/ros2_ws/src/acoustic_msg', 'symlink_install': False, 'test_result_base': None}
[14.130s] Level 5:colcon.colcon_core.verb:set package 'acoustic_sensor' build argument 'cmake_args' from command line to 'None'
[14.131s] Level 5:colcon.colcon_core.verb:set package 'acoustic_sensor' build argument 'cmake_target' from command line to 'None'
[14.131s] Level 5:colcon.colcon_core.verb:set package 'acoustic_sensor' build argument 'cmake_target_skip_unavailable' from command line to 'False'
[14.131s] Level 5:colcon.colcon_core.verb:set package 'acoustic_sensor' build argument 'cmake_clean_cache' from command line to 'False'
[14.131s] Level 5:colcon.colcon_core.verb:set package 'acoustic_sensor' build argument 'cmake_clean_first' from command line to 'False'
[14.131s] Level 5:colcon.colcon_core.verb:set package 'acoustic_sensor' build argument 'cmake_force_configure' from command line to 'False'
[14.132s] Level 5:colcon.colcon_core.verb:set package 'acoustic_sensor' build argument 'ament_cmake_args' from command line to 'None'
[14.132s] Level 5:colcon.colcon_core.verb:set package 'acoustic_sensor' build argument 'catkin_cmake_args' from command line to 'None'
[14.132s] Level 5:colcon.colcon_core.verb:set package 'acoustic_sensor' build argument 'catkin_skip_building_tests' from command line to 'False'
[14.132s] DEBUG:colcon.colcon_core.verb:Building package 'acoustic_sensor' with the following arguments: {'ament_cmake_args': None, 'build_base': '/home/bb/ros2_ws/build/acoustic_sensor', 'catkin_cmake_args': None, 'catkin_skip_building_tests': False, 'cmake_args': None, 'cmake_clean_cache': False, 'cmake_clean_first': False, 'cmake_force_configure': False, 'cmake_target': None, 'cmake_target_skip_unavailable': False, 'install_base': '/home/bb/ros2_ws/install/acoustic_sensor', 'merge_install': False, 'path': '/home/bb/ros2_ws/src/acoustic_sensor', 'symlink_install': False, 'test_result_base': None}
[14.314s] Level 5:colcon.colcon_core.verb:set package 'depth_sensor' build argument 'cmake_args' from command line to 'None'
[14.314s] Level 5:colcon.colcon_core.verb:set package 'depth_sensor' build argument 'cmake_target' from command line to 'None'
[14.314s] Level 5:colcon.colcon_core.verb:set package 'depth_sensor' build argument 'cmake_target_skip_unavailable' from command line to 'False'
[14.315s] Level 5:colcon.colcon_core.verb:set package 'depth_sensor' build argument 'cmake_clean_cache' from command line to 'False'
[14.315s] Level 5:colcon.colcon_core.verb:set package 'depth_sensor' build argument 'cmake_clean_first' from command line to 'False'
[14.315s] Level 5:colcon.colcon_core.verb:set package 'depth_sensor' build argument 'cmake_force_configure' from command line to 'False'
[14.315s] Level 5:colcon.colcon_core.verb:set package 'depth_sensor' build argument 'ament_cmake_args' from command line to 'None'
[14.315s] Level 5:colcon.colcon_core.verb:set package 'depth_sensor' build argument 'catkin_cmake_args' from command line to 'None'
[14.315s] Level 5:colcon.colcon_core.verb:set package 'depth_sensor' build argument 'catkin_skip_building_tests' from command line to 'False'
[14.316s] DEBUG:colcon.colcon_core.verb:Building package 'depth_sensor' with the following arguments: {'ament_cmake_args': None, 'build_base': '/home/bb/ros2_ws/build/depth_sensor', 'catkin_cmake_args': None, 'catkin_skip_building_tests': False, 'cmake_args': None, 'cmake_clean_cache': False, 'cmake_clean_first': False, 'cmake_force_configure': False, 'cmake_target': None, 'cmake_target_skip_unavailable': False, 'install_base': '/home/bb/ros2_ws/install/depth_sensor', 'merge_install': False, 'path': '/home/bb/ros2_ws/src/depth_sensor', 'symlink_install': False, 'test_result_base': None}
[14.496s] Level 5:colcon.colcon_core.verb:set package 'imu_sensor' build argument 'cmake_args' from command line to 'None'
[14.496s] Level 5:colcon.colcon_core.verb:set package 'imu_sensor' build argument 'cmake_target' from command line to 'None'
[14.497s] Level 5:colcon.colcon_core.verb:set package 'imu_sensor' build argument 'cmake_target_skip_unavailable' from command line to 'False'
[14.497s] Level 5:colcon.colcon_core.verb:set package 'imu_sensor' build argument 'cmake_clean_cache' from command line to 'False'
[14.497s] Level 5:colcon.colcon_core.verb:set package 'imu_sensor' build argument 'cmake_clean_first' from command line to 'False'
[14.497s] Level 5:colcon.colcon_core.verb:set package 'imu_sensor' build argument 'cmake_force_configure' from command line to 'False'
[14.497s] Level 5:colcon.colcon_core.verb:set package 'imu_sensor' build argument 'ament_cmake_args' from command line to 'None'
[14.498s] Level 5:colcon.colcon_core.verb:set package 'imu_sensor' build argument 'catkin_cmake_args' from command line to 'None'
[14.498s] Level 5:colcon.colcon_core.verb:set package 'imu_sensor' build argument 'catkin_skip_building_tests' from command line to 'False'
[14.498s] DEBUG:colcon.colcon_core.verb:Building package 'imu_sensor' with the following arguments: {'ament_cmake_args': None, 'build_base': '/home/bb/ros2_ws/build/imu_sensor', 'catkin_cmake_args': None, 'catkin_skip_building_tests': False, 'cmake_args': None, 'cmake_clean_cache': False, 'cmake_clean_first': False, 'cmake_force_configure': False, 'cmake_target': None, 'cmake_target_skip_unavailable': False, 'install_base': '/home/bb/ros2_ws/install/imu_sensor', 'merge_install': False, 'path': '/home/bb/ros2_ws/src/imu_sensor', 'symlink_install': False, 'test_result_base': None}
[14.676s] Level 5:colcon.colcon_core.verb:set package 'linear_acceleration_msg' build argument 'cmake_args' from command line to 'None'
[14.677s] Level 5:colcon.colcon_core.verb:set package 'linear_acceleration_msg' build argument 'cmake_target' from command line to 'None'
[14.677s] Level 5:colcon.colcon_core.verb:set package 'linear_acceleration_msg' build argument 'cmake_target_skip_unavailable' from command line to 'False'
[14.677s] Level 5:colcon.colcon_core.verb:set package 'linear_acceleration_msg' build argument 'cmake_clean_cache' from command line to 'False'
[14.677s] Level 5:colcon.colcon_core.verb:set package 'linear_acceleration_msg' build argument 'cmake_clean_first' from command line to 'False'
[14.678s] Level 5:colcon.colcon_core.verb:set package 'linear_acceleration_msg' build argument 'cmake_force_configure' from command line to 'False'
[14.678s] Level 5:colcon.colcon_core.verb:set package 'linear_acceleration_msg' build argument 'ament_cmake_args' from command line to 'None'
[14.678s] Level 5:colcon.colcon_core.verb:set package 'linear_acceleration_msg' build argument 'catkin_cmake_args' from command line to 'None'
[14.678s] Level 5:colcon.colcon_core.verb:set package 'linear_acceleration_msg' build argument 'catkin_skip_building_tests' from command line to 'False'
[14.678s] DEBUG:colcon.colcon_core.verb:Building package 'linear_acceleration_msg' with the following arguments: {'ament_cmake_args': None, 'build_base': '/home/bb/ros2_ws/build/linear_acceleration_msg', 'catkin_cmake_args': None, 'catkin_skip_building_tests': False, 'cmake_args': None, 'cmake_clean_cache': False, 'cmake_clean_first': False, 'cmake_force_configure': False, 'cmake_target': None, 'cmake_target_skip_unavailable': False, 'install_base': '/home/bb/ros2_ws/install/linear_acceleration_msg', 'merge_install': False, 'path': '/home/bb/ros2_ws/src/linear_acceleration_msg', 'symlink_install': False, 'test_result_base': None}
[14.860s] Level 5:colcon.colcon_core.verb:set package 'bring_up' build argument 'cmake_args' from command line to 'None'
[14.860s] Level 5:colcon.colcon_core.verb:set package 'bring_up' build argument 'cmake_target' from command line to 'None'
[14.860s] Level 5:colcon.colcon_core.verb:set package 'bring_up' build argument 'cmake_target_skip_unavailable' from command line to 'False'
[14.860s] Level 5:colcon.colcon_core.verb:set package 'bring_up' build argument 'cmake_clean_cache' from command line to 'False'
[14.861s] Level 5:colcon.colcon_core.verb:set package 'bring_up' build argument 'cmake_clean_first' from command line to 'False'
[14.861s] Level 5:colcon.colcon_core.verb:set package 'bring_up' build argument 'cmake_force_configure' from command line to 'False'
[14.861s] Level 5:colcon.colcon_core.verb:set package 'bring_up' build argument 'ament_cmake_args' from command line to 'None'
[14.861s] Level 5:colcon.colcon_core.verb:set package 'bring_up' build argument 'catkin_cmake_args' from command line to 'None'
[14.861s] Level 5:colcon.colcon_core.verb:set package 'bring_up' build argument 'catkin_skip_building_tests' from command line to 'False'
[14.862s] DEBUG:colcon.colcon_core.verb:Building package 'bring_up' with the following arguments: {'ament_cmake_args': None, 'build_base': '/home/bb/ros2_ws/build/bring_up', 'catkin_cmake_args': None, 'catkin_skip_building_tests': False, 'cmake_args': None, 'cmake_clean_cache': False, 'cmake_clean_first': False, 'cmake_force_configure': False, 'cmake_target': None, 'cmake_target_skip_unavailable': False, 'install_base': '/home/bb/ros2_ws/install/bring_up', 'merge_install': False, 'path': '/home/bb/ros2_ws/src/bring_up', 'symlink_install': False, 'test_result_base': None}
[15.043s] INFO:colcon.colcon_core.executor:Executing jobs using 'parallel' executor
[15.229s] DEBUG:colcon.colcon_parallel_executor.executor.parallel:run_until_complete
[15.230s] INFO:colcon.colcon_ros.task.ament_python.build:Building ROS package in '/home/bb/ros2_ws/src/acoustic_sensor' with build type 'ament_python'
[15.231s] Level 1:colcon.colcon_core.shell:create_environment_hook('acoustic_sensor', 'ament_prefix_path')
[15.431s] INFO:colcon.colcon_core.plugin_system:Skipping extension 'colcon_core.shell.bat': Not used on non-Windows systems
[15.432s] INFO:colcon.colcon_core.shell:Creating environment hook '/home/bb/ros2_ws/install/acoustic_sensor/share/acoustic_sensor/hook/ament_prefix_path.ps1'
[15.436s] INFO:colcon.colcon_core.shell:Creating environment descriptor '/home/bb/ros2_ws/install/acoustic_sensor/share/acoustic_sensor/hook/ament_prefix_path.dsv'
[15.438s] INFO:colcon.colcon_core.shell:Creating environment hook '/home/bb/ros2_ws/install/acoustic_sensor/share/acoustic_sensor/hook/ament_prefix_path.sh'
[15.624s] INFO:colcon.colcon_core.shell:Skip shell extension 'powershell' for command environment: Not usable outside of PowerShell
[15.625s] DEBUG:colcon.colcon_core.shell:Skip shell extension 'dsv' for command environment
[16.222s] INFO:colcon.colcon_ros.task.ament_python.build:Building ROS package in '/home/bb/ros2_ws/src/depth_sensor' with build type 'ament_python'
[16.226s] Level 1:colcon.colcon_core.shell:create_environment_hook('depth_sensor', 'ament_prefix_path')
[16.431s] INFO:colcon.colcon_core.shell:Creating environment hook '/home/bb/ros2_ws/install/depth_sensor/share/depth_sensor/hook/ament_prefix_path.ps1'
[16.434s] INFO:colcon.colcon_core.shell:Creating environment descriptor '/home/bb/ros2_ws/install/depth_sensor/share/depth_sensor/hook/ament_prefix_path.dsv'
[16.436s] INFO:colcon.colcon_core.shell:Creating environment hook '/home/bb/ros2_ws/install/depth_sensor/share/depth_sensor/hook/ament_prefix_path.sh'
[16.628s] INFO:colcon.colcon_core.shell:Skip shell extension 'powershell' for command environment: Not usable outside of PowerShell
[16.629s] DEBUG:colcon.colcon_core.shell:Skip shell extension 'dsv' for command environment
[17.220s] INFO:colcon.colcon_ros.task.ament_python.build:Building ROS package in '/home/bb/ros2_ws/src/imu_sensor' with build type 'ament_python'
[17.224s] Level 1:colcon.colcon_core.shell:create_environment_hook('imu_sensor', 'ament_prefix_path')
[17.427s] INFO:colcon.colcon_core.shell:Creating environment hook '/home/bb/ros2_ws/install/imu_sensor/share/imu_sensor/hook/ament_prefix_path.ps1'
[17.431s] INFO:colcon.colcon_core.shell:Creating environment descriptor '/home/bb/ros2_ws/install/imu_sensor/share/imu_sensor/hook/ament_prefix_path.dsv'
[17.433s] INFO:colcon.colcon_core.shell:Creating environment hook '/home/bb/ros2_ws/install/imu_sensor/share/imu_sensor/hook/ament_prefix_path.sh'
[17.621s] INFO:colcon.colcon_core.shell:Skip shell extension 'powershell' for command environment: Not usable outside of PowerShell
[17.622s] DEBUG:colcon.colcon_core.shell:Skip shell extension 'dsv' for command environment
[18.225s] INFO:colcon.colcon_ros.task.ament_cmake.build:Building ROS package in '/home/bb/ros2_ws/src/acoustic_msg' with build type 'ament_cmake'
[18.229s] INFO:colcon.colcon_cmake.task.cmake.build:Building CMake package in '/home/bb/ros2_ws/src/acoustic_msg'
[18.433s] INFO:colcon.colcon_core.shell:Skip shell extension 'powershell' for command environment: Not usable outside of PowerShell
[18.433s] DEBUG:colcon.colcon_core.shell:Skip shell extension 'dsv' for command environment
[19.029s] INFO:colcon.colcon_ros.task.ament_cmake.build:Building ROS package in '/home/bb/ros2_ws/src/linear_acceleration_msg' with build type 'ament_cmake'
[19.033s] INFO:colcon.colcon_cmake.task.cmake.build:Building CMake package in '/home/bb/ros2_ws/src/linear_acceleration_msg'
[19.241s] INFO:colcon.colcon_core.shell:Skip shell extension 'powershell' for command environment: Not usable outside of PowerShell
[19.242s] DEBUG:colcon.colcon_core.shell:Skip shell extension 'dsv' for command environment
[21.170s] INFO:colcon.colcon_core.task.python.build:Building Python package in '/home/bb/ros2_ws/src/acoustic_sensor'
[21.433s] INFO:colcon.colcon_core.shell:Skip shell extension 'powershell' for command environment: Not usable outside of PowerShell
[21.433s] DEBUG:colcon.colcon_core.shell:Skip shell extension 'dsv' for command environment
[23.364s] INFO:colcon.colcon_core.task.python.build:Building Python package in '/home/bb/ros2_ws/src/depth_sensor'
[23.565s] INFO:colcon.colcon_core.shell:Skip shell extension 'powershell' for command environment: Not usable outside of PowerShell
[23.565s] DEBUG:colcon.colcon_core.shell:Skip shell extension 'dsv' for command environment
[25.462s] INFO:colcon.colcon_core.task.python.build:Building Python package in '/home/bb/ros2_ws/src/imu_sensor'
[25.662s] INFO:colcon.colcon_core.shell:Skip shell extension 'powershell' for command environment: Not usable outside of PowerShell
[25.663s] DEBUG:colcon.colcon_core.shell:Skip shell extension 'dsv' for command environment
[26.303s] DEBUG:colcon.colcon_core.event_handler.log_command:Invoking command in '/home/bb/ros2_ws/build/acoustic_msg': CMAKE_PREFIX_PATH=${CMAKE_PREFIX_PATH}:/home/bb/ros2_ws/install/sub:/home/bb/ros2_ws/install/test141123:/home/bb/ros2_ws/install/imu_sensor:/home/bb/ros2_ws/install/depth_sensor:/home/bb/ros2_ws/install/acoustic_sensor:/home/bb/ros2_ws/install/IMU_sensor:/opt/ros/humble /usr/bin/cmake --build /home/bb/ros2_ws/build/acoustic_msg -- -j6 -l6
[26.353s] DEBUG:colcon.colcon_core.event_handler.log_command:Invoking command in '/home/bb/ros2_ws/build/linear_acceleration_msg': CMAKE_PREFIX_PATH=${CMAKE_PREFIX_PATH}:/home/bb/ros2_ws/install/sub:/home/bb/ros2_ws/install/test141123:/home/bb/ros2_ws/install/imu_sensor:/home/bb/ros2_ws/install/depth_sensor:/home/bb/ros2_ws/install/acoustic_sensor:/home/bb/ros2_ws/install/IMU_sensor:/opt/ros/humble /usr/bin/cmake --build /home/bb/ros2_ws/build/linear_acceleration_msg -- -j6 -l6
[29.470s] DEBUG:colcon.colcon_core.event_handler.log_command:Invoking command in '/home/bb/ros2_ws/src/acoustic_sensor': PYTHONPATH=/home/bb/ros2_ws/build/acoustic_sensor/prefix_override:/home/bb/ros2_ws/install/acoustic_sensor/lib/python3.8/site-packages:${PYTHONPATH} /usr/bin/python3 setup.py egg_info --egg-base ../../build/acoustic_sensor build --build-base /home/bb/ros2_ws/build/acoustic_sensor/build install --record /home/bb/ros2_ws/build/acoustic_sensor/install.log --single-version-externally-managed
[29.559s] DEBUG:colcon.colcon_core.event_handler.log_command:Invoking command in '/home/bb/ros2_ws/src/imu_sensor': PYTHONPATH=/home/bb/ros2_ws/build/imu_sensor/prefix_override:/home/bb/ros2_ws/install/imu_sensor/lib/python3.8/site-packages:${PYTHONPATH} /usr/bin/python3 setup.py egg_info --egg-base ../../build/imu_sensor build --build-base /home/bb/ros2_ws/build/imu_sensor/build install --record /home/bb/ros2_ws/build/imu_sensor/install.log --single-version-externally-managed
[29.702s] DEBUG:colcon.colcon_core.event_handler.log_command:Invoking command in '/home/bb/ros2_ws/src/depth_sensor': PYTHONPATH=/home/bb/ros2_ws/build/depth_sensor/prefix_override:/home/bb/ros2_ws/install/depth_sensor/lib/python3.8/site-packages:${PYTHONPATH} /usr/bin/python3 setup.py egg_info --egg-base ../../build/depth_sensor build --build-base /home/bb/ros2_ws/build/depth_sensor/build install --record /home/bb/ros2_ws/build/depth_sensor/install.log --single-version-externally-managed
[30.407s] DEBUG:colcon.colcon_core.event_handler.log_command:Invoked command in '/home/bb/ros2_ws/build/linear_acceleration_msg' returned '0': CMAKE_PREFIX_PATH=${CMAKE_PREFIX_PATH}:/home/bb/ros2_ws/install/sub:/home/bb/ros2_ws/install/test141123:/home/bb/ros2_ws/install/imu_sensor:/home/bb/ros2_ws/install/depth_sensor:/home/bb/ros2_ws/install/acoustic_sensor:/home/bb/ros2_ws/install/IMU_sensor:/opt/ros/humble /usr/bin/cmake --build /home/bb/ros2_ws/build/linear_acceleration_msg -- -j6 -l6
[30.752s] DEBUG:colcon.colcon_core.event_handler.log_command:Invoked command in '/home/bb/ros2_ws/build/acoustic_msg' returned '0': CMAKE_PREFIX_PATH=${CMAKE_PREFIX_PATH}:/home/bb/ros2_ws/install/sub:/home/bb/ros2_ws/install/test141123:/home/bb/ros2_ws/install/imu_sensor:/home/bb/ros2_ws/install/depth_sensor:/home/bb/ros2_ws/install/acoustic_sensor:/home/bb/ros2_ws/install/IMU_sensor:/opt/ros/humble /usr/bin/cmake --build /home/bb/ros2_ws/build/acoustic_msg -- -j6 -l6
[31.039s] DEBUG:colcon.colcon_core.event_handler.log_command:Invoking command in '/home/bb/ros2_ws/build/linear_acceleration_msg': CMAKE_PREFIX_PATH=${CMAKE_PREFIX_PATH}:/home/bb/ros2_ws/install/sub:/home/bb/ros2_ws/install/test141123:/home/bb/ros2_ws/install/imu_sensor:/home/bb/ros2_ws/install/depth_sensor:/home/bb/ros2_ws/install/acoustic_sensor:/home/bb/ros2_ws/install/IMU_sensor:/opt/ros/humble /usr/bin/cmake --install /home/bb/ros2_ws/build/linear_acceleration_msg
[31.295s] DEBUG:colcon.colcon_core.event_handler.log_command:Invoking command in '/home/bb/ros2_ws/build/acoustic_msg': CMAKE_PREFIX_PATH=${CMAKE_PREFIX_PATH}:/home/bb/ros2_ws/install/sub:/home/bb/ros2_ws/install/test141123:/home/bb/ros2_ws/install/imu_sensor:/home/bb/ros2_ws/install/depth_sensor:/home/bb/ros2_ws/install/acoustic_sensor:/home/bb/ros2_ws/install/IMU_sensor:/opt/ros/humble /usr/bin/cmake --install /home/bb/ros2_ws/build/acoustic_msg
[31.512s] DEBUG:colcon.colcon_core.event_handler.log_command:Invoked command in '/home/bb/ros2_ws/src/acoustic_sensor' returned '0': PYTHONPATH=/home/bb/ros2_ws/build/acoustic_sensor/prefix_override:/home/bb/ros2_ws/install/acoustic_sensor/lib/python3.8/site-packages:${PYTHONPATH} /usr/bin/python3 setup.py egg_info --egg-base ../../build/acoustic_sensor build --build-base /home/bb/ros2_ws/build/acoustic_sensor/build install --record /home/bb/ros2_ws/build/acoustic_sensor/install.log --single-version-externally-managed
[31.939s] Level 1:colcon.colcon_core.environment:checking '/home/bb/ros2_ws/install/acoustic_sensor' for CMake module files
[31.942s] Level 1:colcon.colcon_core.environment:checking '/home/bb/ros2_ws/install/acoustic_sensor' for CMake config files
[31.947s] Level 1:colcon.colcon_core.environment:checking '/home/bb/ros2_ws/install/acoustic_sensor/lib'
[31.948s] Level 1:colcon.colcon_core.environment:checking '/home/bb/ros2_ws/install/acoustic_sensor/bin'
[31.948s] Level 1:colcon.colcon_core.environment:checking '/home/bb/ros2_ws/install/acoustic_sensor/lib/pkgconfig/acoustic_sensor.pc'
[31.950s] Level 1:colcon.colcon_core.environment:checking '/home/bb/ros2_ws/install/acoustic_sensor/lib/python3.8/site-packages'
[31.950s] Level 1:colcon.colcon_core.shell:create_environment_hook('acoustic_sensor', 'pythonpath')
[32.147s] INFO:colcon.colcon_core.shell:Creating environment hook '/home/bb/ros2_ws/install/acoustic_sensor/share/acoustic_sensor/hook/pythonpath.ps1'
[32.150s] INFO:colcon.colcon_core.shell:Creating environment descriptor '/home/bb/ros2_ws/install/acoustic_sensor/share/acoustic_sensor/hook/pythonpath.dsv'
[32.152s] INFO:colcon.colcon_core.shell:Creating environment hook '/home/bb/ros2_ws/install/acoustic_sensor/share/acoustic_sensor/hook/pythonpath.sh'
[32.155s] Level 1:colcon.colcon_core.environment:checking '/home/bb/ros2_ws/install/acoustic_sensor/bin'
[32.155s] Level 1:colcon.colcon_core.environment:create_environment_scripts_only(acoustic_sensor)
[32.343s] INFO:colcon.colcon_core.shell:Creating package script '/home/bb/ros2_ws/install/acoustic_sensor/share/acoustic_sensor/package.ps1'
[32.348s] INFO:colcon.colcon_core.shell:Creating package descriptor '/home/bb/ros2_ws/install/acoustic_sensor/share/acoustic_sensor/package.dsv'
[32.351s] INFO:colcon.colcon_core.shell:Creating package script '/home/bb/ros2_ws/install/acoustic_sensor/share/acoustic_sensor/package.sh'
[32.354s] INFO:colcon.colcon_core.shell:Creating package script '/home/bb/ros2_ws/install/acoustic_sensor/share/acoustic_sensor/package.bash'
[32.358s] INFO:colcon.colcon_core.shell:Creating package script '/home/bb/ros2_ws/install/acoustic_sensor/share/acoustic_sensor/package.zsh'
[32.361s] Level 1:colcon.colcon_core.environment:create_file_with_runtime_dependencies(/home/bb/ros2_ws/install/acoustic_sensor/share/colcon-core/packages/acoustic_sensor)
[32.376s] DEBUG:colcon.colcon_core.event_handler.log_command:Invoked command in '/home/bb/ros2_ws/src/imu_sensor' returned '0': PYTHONPATH=/home/bb/ros2_ws/build/imu_sensor/prefix_override:/home/bb/ros2_ws/install/imu_sensor/lib/python3.8/site-packages:${PYTHONPATH} /usr/bin/python3 setup.py egg_info --egg-base ../../build/imu_sensor build --build-base /home/bb/ros2_ws/build/imu_sensor/build install --record /home/bb/ros2_ws/build/imu_sensor/install.log --single-version-externally-managed
[32.559s] Level 1:colcon.colcon_core.environment:checking '/home/bb/ros2_ws/install/imu_sensor' for CMake module files
[32.562s] Level 1:colcon.colcon_core.environment:checking '/home/bb/ros2_ws/install/imu_sensor' for CMake config files
[32.566s] Level 1:colcon.colcon_core.environment:checking '/home/bb/ros2_ws/install/imu_sensor/lib'
[32.566s] Level 1:colcon.colcon_core.environment:checking '/home/bb/ros2_ws/install/imu_sensor/bin'
[32.567s] Level 1:colcon.colcon_core.environment:checking '/home/bb/ros2_ws/install/imu_sensor/lib/pkgconfig/imu_sensor.pc'
[32.568s] Level 1:colcon.colcon_core.environment:checking '/home/bb/ros2_ws/install/imu_sensor/lib/python3.8/site-packages'
[32.568s] Level 1:colcon.colcon_core.shell:create_environment_hook('imu_sensor', 'pythonpath')
[32.751s] INFO:colcon.colcon_core.shell:Creating environment hook '/home/bb/ros2_ws/install/imu_sensor/share/imu_sensor/hook/pythonpath.ps1'
[32.753s] INFO:colcon.colcon_core.shell:Creating environment descriptor '/home/bb/ros2_ws/install/imu_sensor/share/imu_sensor/hook/pythonpath.dsv'
[32.755s] INFO:colcon.colcon_core.shell:Creating environment hook '/home/bb/ros2_ws/install/imu_sensor/share/imu_sensor/hook/pythonpath.sh'
[32.758s] Level 1:colcon.colcon_core.environment:checking '/home/bb/ros2_ws/install/imu_sensor/bin'
[32.758s] Level 1:colcon.colcon_core.environment:create_environment_scripts_only(imu_sensor)
[32.948s] INFO:colcon.colcon_core.shell:Creating package script '/home/bb/ros2_ws/install/imu_sensor/share/imu_sensor/package.ps1'
[32.952s] INFO:colcon.colcon_core.shell:Creating package descriptor '/home/bb/ros2_ws/install/imu_sensor/share/imu_sensor/package.dsv'
[32.954s] INFO:colcon.colcon_core.shell:Creating package script '/home/bb/ros2_ws/install/imu_sensor/share/imu_sensor/package.sh'
[32.956s] INFO:colcon.colcon_core.shell:Creating package script '/home/bb/ros2_ws/install/imu_sensor/share/imu_sensor/package.bash'
[32.958s] INFO:colcon.colcon_core.shell:Creating package script '/home/bb/ros2_ws/install/imu_sensor/share/imu_sensor/package.zsh'
[32.960s] Level 1:colcon.colcon_core.environment:create_file_with_runtime_dependencies(/home/bb/ros2_ws/install/imu_sensor/share/colcon-core/packages/imu_sensor)
[32.961s] Level 1:colcon.colcon_core.environment:create_environment_scripts_only(acoustic_msg)
[32.965s] DEBUG:colcon.colcon_core.event_handler.log_command:Invoked command in '/home/bb/ros2_ws/build/acoustic_msg' returned '0': CMAKE_PREFIX_PATH=${CMAKE_PREFIX_PATH}:/home/bb/ros2_ws/install/sub:/home/bb/ros2_ws/install/test141123:/home/bb/ros2_ws/install/imu_sensor:/home/bb/ros2_ws/install/depth_sensor:/home/bb/ros2_ws/install/acoustic_sensor:/home/bb/ros2_ws/install/IMU_sensor:/opt/ros/humble /usr/bin/cmake --install /home/bb/ros2_ws/build/acoustic_msg
[33.150s] Level 1:colcon.colcon_core.environment:checking '/home/bb/ros2_ws/install/acoustic_msg' for CMake module files
[33.155s] Level 1:colcon.colcon_core.environment:checking '/home/bb/ros2_ws/install/acoustic_msg' for CMake config files
[33.160s] Level 1:colcon.colcon_core.shell:create_environment_hook('acoustic_msg', 'cmake_prefix_path')
[33.341s] INFO:colcon.colcon_core.shell:Creating environment hook '/home/bb/ros2_ws/install/acoustic_msg/share/acoustic_msg/hook/cmake_prefix_path.ps1'
[33.344s] INFO:colcon.colcon_core.shell:Creating environment descriptor '/home/bb/ros2_ws/install/acoustic_msg/share/acoustic_msg/hook/cmake_prefix_path.dsv'
[33.345s] INFO:colcon.colcon_core.shell:Creating environment hook '/home/bb/ros2_ws/install/acoustic_msg/share/acoustic_msg/hook/cmake_prefix_path.sh'
[33.348s] Level 1:colcon.colcon_core.environment:checking '/home/bb/ros2_ws/install/acoustic_msg/lib'
[33.349s] Level 1:colcon.colcon_core.shell:create_environment_hook('acoustic_msg', 'ld_library_path_lib')
[33.530s] INFO:colcon.colcon_core.shell:Creating environment hook '/home/bb/ros2_ws/install/acoustic_msg/share/acoustic_msg/hook/ld_library_path_lib.ps1'
[33.532s] INFO:colcon.colcon_core.shell:Creating environment descriptor '/home/bb/ros2_ws/install/acoustic_msg/share/acoustic_msg/hook/ld_library_path_lib.dsv'
[33.534s] INFO:colcon.colcon_core.shell:Creating environment hook '/home/bb/ros2_ws/install/acoustic_msg/share/acoustic_msg/hook/ld_library_path_lib.sh'
[33.536s] Level 1:colcon.colcon_core.environment:checking '/home/bb/ros2_ws/install/acoustic_msg/bin'
[33.536s] Level 1:colcon.colcon_core.environment:checking '/home/bb/ros2_ws/install/acoustic_msg/lib/pkgconfig/acoustic_msg.pc'
[33.537s] Level 1:colcon.colcon_core.environment:checking '/home/bb/ros2_ws/install/acoustic_msg/lib/python3.8/site-packages'
[33.538s] Level 1:colcon.colcon_core.environment:checking '/home/bb/ros2_ws/install/acoustic_msg/bin'
[33.719s] INFO:colcon.colcon_core.shell:Creating package script '/home/bb/ros2_ws/install/acoustic_msg/share/acoustic_msg/package.ps1'
[33.723s] INFO:colcon.colcon_core.shell:Creating package descriptor '/home/bb/ros2_ws/install/acoustic_msg/share/acoustic_msg/package.dsv'
[33.725s] INFO:colcon.colcon_core.shell:Creating package script '/home/bb/ros2_ws/install/acoustic_msg/share/acoustic_msg/package.sh'
[33.727s] INFO:colcon.colcon_core.shell:Creating package script '/home/bb/ros2_ws/install/acoustic_msg/share/acoustic_msg/package.bash'
[33.729s] INFO:colcon.colcon_core.shell:Creating package script '/home/bb/ros2_ws/install/acoustic_msg/share/acoustic_msg/package.zsh'
[33.731s] Level 1:colcon.colcon_core.environment:create_file_with_runtime_dependencies(/home/bb/ros2_ws/install/acoustic_msg/share/colcon-core/packages/acoustic_msg)
[33.753s] DEBUG:colcon.colcon_core.event_handler.log_command:Invoked command in '/home/bb/ros2_ws/src/depth_sensor' returned '0': PYTHONPATH=/home/bb/ros2_ws/build/depth_sensor/prefix_override:/home/bb/ros2_ws/install/depth_sensor/lib/python3.8/site-packages:${PYTHONPATH} /usr/bin/python3 setup.py egg_info --egg-base ../../build/depth_sensor build --build-base /home/bb/ros2_ws/build/depth_sensor/build install --record /home/bb/ros2_ws/build/depth_sensor/install.log --single-version-externally-managed
[33.963s] Level 1:colcon.colcon_core.environment:checking '/home/bb/ros2_ws/install/depth_sensor' for CMake module files
[33.966s] Level 1:colcon.colcon_core.environment:checking '/home/bb/ros2_ws/install/depth_sensor' for CMake config files
[33.973s] Level 1:colcon.colcon_core.environment:checking '/home/bb/ros2_ws/install/depth_sensor/lib'
[33.973s] Level 1:colcon.colcon_core.environment:checking '/home/bb/ros2_ws/install/depth_sensor/bin'
[33.974s] Level 1:colcon.colcon_core.environment:checking '/home/bb/ros2_ws/install/depth_sensor/lib/pkgconfig/depth_sensor.pc'
[33.975s] Level 1:colcon.colcon_core.environment:checking '/home/bb/ros2_ws/install/depth_sensor/lib/python3.8/site-packages'
[33.976s] Level 1:colcon.colcon_core.shell:create_environment_hook('depth_sensor', 'pythonpath')
[34.226s] INFO:colcon.colcon_core.shell:Creating environment hook '/home/bb/ros2_ws/install/depth_sensor/share/depth_sensor/hook/pythonpath.ps1'
[34.229s] INFO:colcon.colcon_core.shell:Creating environment descriptor '/home/bb/ros2_ws/install/depth_sensor/share/depth_sensor/hook/pythonpath.dsv'
[34.231s] INFO:colcon.colcon_core.shell:Creating environment hook '/home/bb/ros2_ws/install/depth_sensor/share/depth_sensor/hook/pythonpath.sh'
[34.233s] Level 1:colcon.colcon_core.environment:checking '/home/bb/ros2_ws/install/depth_sensor/bin'
[34.234s] Level 1:colcon.colcon_core.environment:create_environment_scripts_only(depth_sensor)
[34.419s] INFO:colcon.colcon_core.shell:Creating package script '/home/bb/ros2_ws/install/depth_sensor/share/depth_sensor/package.ps1'
[34.422s] INFO:colcon.colcon_core.shell:Creating package descriptor '/home/bb/ros2_ws/install/depth_sensor/share/depth_sensor/package.dsv'
[34.424s] INFO:colcon.colcon_core.shell:Creating package script '/home/bb/ros2_ws/install/depth_sensor/share/depth_sensor/package.sh'
[34.426s] INFO:colcon.colcon_core.shell:Creating package script '/home/bb/ros2_ws/install/depth_sensor/share/depth_sensor/package.bash'
[34.428s] INFO:colcon.colcon_core.shell:Creating package script '/home/bb/ros2_ws/install/depth_sensor/share/depth_sensor/package.zsh'
[34.430s] Level 1:colcon.colcon_core.environment:create_file_with_runtime_dependencies(/home/bb/ros2_ws/install/depth_sensor/share/colcon-core/packages/depth_sensor)
[34.431s] Level 1:colcon.colcon_core.environment:create_environment_scripts_only(linear_acceleration_msg)
[34.436s] DEBUG:colcon.colcon_core.event_handler.log_command:Invoked command in '/home/bb/ros2_ws/build/linear_acceleration_msg' returned '0': CMAKE_PREFIX_PATH=${CMAKE_PREFIX_PATH}:/home/bb/ros2_ws/install/sub:/home/bb/ros2_ws/install/test141123:/home/bb/ros2_ws/install/imu_sensor:/home/bb/ros2_ws/install/depth_sensor:/home/bb/ros2_ws/install/acoustic_sensor:/home/bb/ros2_ws/install/IMU_sensor:/opt/ros/humble /usr/bin/cmake --install /home/bb/ros2_ws/build/linear_acceleration_msg
[34.620s] Level 1:colcon.colcon_core.environment:checking '/home/bb/ros2_ws/install/linear_acceleration_msg' for CMake module files
[34.624s] Level 1:colcon.colcon_core.environment:checking '/home/bb/ros2_ws/install/linear_acceleration_msg' for CMake config files
[34.628s] Level 1:colcon.colcon_core.shell:create_environment_hook('linear_acceleration_msg', 'cmake_prefix_path')
[34.814s] INFO:colcon.colcon_core.shell:Creating environment hook '/home/bb/ros2_ws/install/linear_acceleration_msg/share/linear_acceleration_msg/hook/cmake_prefix_path.ps1'
[34.817s] INFO:colcon.colcon_core.shell:Creating environment descriptor '/home/bb/ros2_ws/install/linear_acceleration_msg/share/linear_acceleration_msg/hook/cmake_prefix_path.dsv'
[34.819s] INFO:colcon.colcon_core.shell:Creating environment hook '/home/bb/ros2_ws/install/linear_acceleration_msg/share/linear_acceleration_msg/hook/cmake_prefix_path.sh'
[34.822s] Level 1:colcon.colcon_core.environment:checking '/home/bb/ros2_ws/install/linear_acceleration_msg/lib'
[34.822s] Level 1:colcon.colcon_core.shell:create_environment_hook('linear_acceleration_msg', 'ld_library_path_lib')
[35.002s] INFO:colcon.colcon_core.shell:Creating environment hook '/home/bb/ros2_ws/install/linear_acceleration_msg/share/linear_acceleration_msg/hook/ld_library_path_lib.ps1'
[35.005s] INFO:colcon.colcon_core.shell:Creating environment descriptor '/home/bb/ros2_ws/install/linear_acceleration_msg/share/linear_acceleration_msg/hook/ld_library_path_lib.dsv'
[35.007s] INFO:colcon.colcon_core.shell:Creating environment hook '/home/bb/ros2_ws/install/linear_acceleration_msg/share/linear_acceleration_msg/hook/ld_library_path_lib.sh'
[35.008s] Level 1:colcon.colcon_core.environment:checking '/home/bb/ros2_ws/install/linear_acceleration_msg/bin'
[35.009s] Level 1:colcon.colcon_core.environment:checking '/home/bb/ros2_ws/install/linear_acceleration_msg/lib/pkgconfig/linear_acceleration_msg.pc'
[35.010s] Level 1:colcon.colcon_core.environment:checking '/home/bb/ros2_ws/install/linear_acceleration_msg/lib/python3.8/site-packages'
[35.011s] Level 1:colcon.colcon_core.environment:checking '/home/bb/ros2_ws/install/linear_acceleration_msg/bin'
[35.192s] INFO:colcon.colcon_core.shell:Creating package script '/home/bb/ros2_ws/install/linear_acceleration_msg/share/linear_acceleration_msg/package.ps1'
[35.195s] INFO:colcon.colcon_core.shell:Creating package descriptor '/home/bb/ros2_ws/install/linear_acceleration_msg/share/linear_acceleration_msg/package.dsv'
[35.198s] INFO:colcon.colcon_core.shell:Creating package script '/home/bb/ros2_ws/install/linear_acceleration_msg/share/linear_acceleration_msg/package.sh'
[35.200s] INFO:colcon.colcon_core.shell:Creating package script '/home/bb/ros2_ws/install/linear_acceleration_msg/share/linear_acceleration_msg/package.bash'
[35.201s] INFO:colcon.colcon_core.shell:Creating package script '/home/bb/ros2_ws/install/linear_acceleration_msg/share/linear_acceleration_msg/package.zsh'
[35.203s] Level 1:colcon.colcon_core.environment:create_file_with_runtime_dependencies(/home/bb/ros2_ws/install/linear_acceleration_msg/share/colcon-core/packages/linear_acceleration_msg)
[35.223s] INFO:colcon.colcon_ros.task.ament_cmake.build:Building ROS package in '/home/bb/ros2_ws/src/bring_up' with build type 'ament_cmake'
[35.226s] INFO:colcon.colcon_cmake.task.cmake.build:Building CMake package in '/home/bb/ros2_ws/src/bring_up'
[35.433s] INFO:colcon.colcon_core.shell:Skip shell extension 'powershell' for command environment: Not usable outside of PowerShell
[35.434s] DEBUG:colcon.colcon_core.shell:Skip shell extension 'dsv' for command environment
[36.238s] Level 1:colcon.colcon_core.environment:create_environment_scripts_only(acoustic_msg)
[36.421s] Level 1:colcon.colcon_core.environment:checking '/home/bb/ros2_ws/install/acoustic_msg' for CMake module files
[36.425s] Level 1:colcon.colcon_core.environment:checking '/home/bb/ros2_ws/install/acoustic_msg' for CMake config files
[36.431s] Level 1:colcon.colcon_core.shell:create_environment_hook('acoustic_msg', 'cmake_prefix_path')
[36.613s] INFO:colcon.colcon_core.shell:Creating environment hook '/home/bb/ros2_ws/install/acoustic_msg/share/acoustic_msg/hook/cmake_prefix_path.ps1'
[36.616s] INFO:colcon.colcon_core.shell:Creating environment descriptor '/home/bb/ros2_ws/install/acoustic_msg/share/acoustic_msg/hook/cmake_prefix_path.dsv'
[36.618s] INFO:colcon.colcon_core.shell:Creating environment hook '/home/bb/ros2_ws/install/acoustic_msg/share/acoustic_msg/hook/cmake_prefix_path.sh'
[36.621s] Level 1:colcon.colcon_core.environment:checking '/home/bb/ros2_ws/install/acoustic_msg/lib'
[36.621s] Level 1:colcon.colcon_core.shell:create_environment_hook('acoustic_msg', 'ld_library_path_lib')
[36.807s] INFO:colcon.colcon_core.shell:Creating environment hook '/home/bb/ros2_ws/install/acoustic_msg/share/acoustic_msg/hook/ld_library_path_lib.ps1'
[36.810s] INFO:colcon.colcon_core.shell:Creating environment descriptor '/home/bb/ros2_ws/install/acoustic_msg/share/acoustic_msg/hook/ld_library_path_lib.dsv'
[36.811s] INFO:colcon.colcon_core.shell:Creating environment hook '/home/bb/ros2_ws/install/acoustic_msg/share/acoustic_msg/hook/ld_library_path_lib.sh'
[36.813s] Level 1:colcon.colcon_core.environment:checking '/home/bb/ros2_ws/install/acoustic_msg/bin'
[36.814s] Level 1:colcon.colcon_core.environment:checking '/home/bb/ros2_ws/install/acoustic_msg/lib/pkgconfig/acoustic_msg.pc'
[36.815s] Level 1:colcon.colcon_core.environment:checking '/home/bb/ros2_ws/install/acoustic_msg/lib/python3.8/site-packages'
[36.816s] Level 1:colcon.colcon_core.environment:checking '/home/bb/ros2_ws/install/acoustic_msg/bin'
[37.000s] INFO:colcon.colcon_core.shell:Creating package script '/home/bb/ros2_ws/install/acoustic_msg/share/acoustic_msg/package.ps1'
[37.003s] INFO:colcon.colcon_core.shell:Creating package descriptor '/home/bb/ros2_ws/install/acoustic_msg/share/acoustic_msg/package.dsv'
[37.006s] INFO:colcon.colcon_core.shell:Creating package script '/home/bb/ros2_ws/install/acoustic_msg/share/acoustic_msg/package.sh'
[37.009s] INFO:colcon.colcon_core.shell:Creating package script '/home/bb/ros2_ws/install/acoustic_msg/share/acoustic_msg/package.bash'
[37.011s] INFO:colcon.colcon_core.shell:Creating package script '/home/bb/ros2_ws/install/acoustic_msg/share/acoustic_msg/package.zsh'
[37.013s] Level 1:colcon.colcon_core.environment:create_file_with_runtime_dependencies(/home/bb/ros2_ws/install/acoustic_msg/share/colcon-core/packages/acoustic_msg)
[37.204s] Level 1:colcon.colcon_core.environment:create_environment_scripts_only(linear_acceleration_msg)
[37.425s] Level 1:colcon.colcon_core.environment:checking '/home/bb/ros2_ws/install/linear_acceleration_msg' for CMake module files
[37.430s] Level 1:colcon.colcon_core.environment:checking '/home/bb/ros2_ws/install/linear_acceleration_msg' for CMake config files
[37.434s] Level 1:colcon.colcon_core.shell:create_environment_hook('linear_acceleration_msg', 'cmake_prefix_path')
[37.757s] INFO:colcon.colcon_core.shell:Creating environment hook '/home/bb/ros2_ws/install/linear_acceleration_msg/share/linear_acceleration_msg/hook/cmake_prefix_path.ps1'
[37.766s] INFO:colcon.colcon_core.shell:Creating environment descriptor '/home/bb/ros2_ws/install/linear_acceleration_msg/share/linear_acceleration_msg/hook/cmake_prefix_path.dsv'
[37.768s] INFO:colcon.colcon_core.shell:Creating environment hook '/home/bb/ros2_ws/install/linear_acceleration_msg/share/linear_acceleration_msg/hook/cmake_prefix_path.sh'
[37.772s] Level 1:colcon.colcon_core.environment:checking '/home/bb/ros2_ws/install/linear_acceleration_msg/lib'
[37.772s] Level 1:colcon.colcon_core.shell:create_environment_hook('linear_acceleration_msg', 'ld_library_path_lib')
[38.110s] INFO:colcon.colcon_core.shell:Creating environment hook '/home/bb/ros2_ws/install/linear_acceleration_msg/share/linear_acceleration_msg/hook/ld_library_path_lib.ps1'
[38.114s] INFO:colcon.colcon_core.shell:Creating environment descriptor '/home/bb/ros2_ws/install/linear_acceleration_msg/share/linear_acceleration_msg/hook/ld_library_path_lib.dsv'
[38.116s] INFO:colcon.colcon_core.shell:Creating environment hook '/home/bb/ros2_ws/install/linear_acceleration_msg/share/linear_acceleration_msg/hook/ld_library_path_lib.sh'
[38.119s] Level 1:colcon.colcon_core.environment:checking '/home/bb/ros2_ws/install/linear_acceleration_msg/bin'
[38.119s] Level 1:colcon.colcon_core.environment:checking '/home/bb/ros2_ws/install/linear_acceleration_msg/lib/pkgconfig/linear_acceleration_msg.pc'
[38.120s] Level 1:colcon.colcon_core.environment:checking '/home/bb/ros2_ws/install/linear_acceleration_msg/lib/python3.8/site-packages'
[38.121s] Level 1:colcon.colcon_core.environment:checking '/home/bb/ros2_ws/install/linear_acceleration_msg/bin'
[38.347s] INFO:colcon.colcon_core.shell:Creating package script '/home/bb/ros2_ws/install/linear_acceleration_msg/share/linear_acceleration_msg/package.ps1'
[38.351s] INFO:colcon.colcon_core.shell:Creating package descriptor '/home/bb/ros2_ws/install/linear_acceleration_msg/share/linear_acceleration_msg/package.dsv'
[38.354s] INFO:colcon.colcon_core.shell:Creating package script '/home/bb/ros2_ws/install/linear_acceleration_msg/share/linear_acceleration_msg/package.sh'
[38.358s] INFO:colcon.colcon_core.shell:Creating package script '/home/bb/ros2_ws/install/linear_acceleration_msg/share/linear_acceleration_msg/package.bash'
[38.361s] INFO:colcon.colcon_core.shell:Creating package script '/home/bb/ros2_ws/install/linear_acceleration_msg/share/linear_acceleration_msg/package.zsh'
[38.363s] Level 1:colcon.colcon_core.environment:create_file_with_runtime_dependencies(/home/bb/ros2_ws/install/linear_acceleration_msg/share/colcon-core/packages/linear_acceleration_msg)
[38.385s] DEBUG:colcon.colcon_core.event_handler.log_command:Invoking command in '/home/bb/ros2_ws/build/bring_up': AMENT_PREFIX_PATH=/home/bb/ros2_ws/install/imu_sensor:/home/bb/ros2_ws/install/depth_sensor:/home/bb/ros2_ws/install/acoustic_sensor:/home/bb/ros2_ws/install/test_bringup:/home/bb/ros2_ws/install/sub:/home/bb/ros2_ws/install/test_msg:/home/bb/ros2_ws/install/test141123:/home/bb/ros2_ws/install/linear_acceleration_msg:/home/bb/ros2_ws/install/bring_up:/home/bb/ros2_ws/install/acoustic_msg:/home/bb/ros2_ws/install/IMU_sensor:/opt/ros/humble CMAKE_PREFIX_PATH=${CMAKE_PREFIX_PATH}:/home/bb/ros2_ws/install/sub:/home/bb/ros2_ws/install/test141123:/home/bb/ros2_ws/install/imu_sensor:/home/bb/ros2_ws/install/depth_sensor:/home/bb/ros2_ws/install/acoustic_sensor:/home/bb/ros2_ws/install/IMU_sensor:/opt/ros/humble PYTHONPATH=/home/bb/ros2_ws/install/imu_sensor/lib/python3.8/site-packages:/home/bb/ros2_ws/install/depth_sensor/lib/python3.8/site-packages:/home/bb/ros2_ws/install/acoustic_sensor/lib/python3.8/site-packages:/home/bb/ros2_ws/install/sub/lib/python3.8/site-packages:/home/bb/ros2_ws/install/test_msg/lib/python3.9/site-packages:/home/bb/ros2_ws/install/test141123/lib/python3.8/site-packages:/home/bb/ros2_ws/install/linear_acceleration_msg/lib/python3.9/site-packages:/home/bb/ros2_ws/install/acoustic_msg/lib/python3.9/site-packages:/home/bb/ros2_ws/install/IMU_sensor/lib/python3.8/site-packages:/opt/ros/humble/lib/python3.8/site-packages /usr/bin/cmake --build /home/bb/ros2_ws/build/bring_up -- -j6 -l6
[38.743s] DEBUG:colcon.colcon_core.event_handler.log_command:Invoked command in '/home/bb/ros2_ws/build/bring_up' returned '0': AMENT_PREFIX_PATH=/home/bb/ros2_ws/install/imu_sensor:/home/bb/ros2_ws/install/depth_sensor:/home/bb/ros2_ws/install/acoustic_sensor:/home/bb/ros2_ws/install/test_bringup:/home/bb/ros2_ws/install/sub:/home/bb/ros2_ws/install/test_msg:/home/bb/ros2_ws/install/test141123:/home/bb/ros2_ws/install/linear_acceleration_msg:/home/bb/ros2_ws/install/bring_up:/home/bb/ros2_ws/install/acoustic_msg:/home/bb/ros2_ws/install/IMU_sensor:/opt/ros/humble CMAKE_PREFIX_PATH=${CMAKE_PREFIX_PATH}:/home/bb/ros2_ws/install/sub:/home/bb/ros2_ws/install/test141123:/home/bb/ros2_ws/install/imu_sensor:/home/bb/ros2_ws/install/depth_sensor:/home/bb/ros2_ws/install/acoustic_sensor:/home/bb/ros2_ws/install/IMU_sensor:/opt/ros/humble PYTHONPATH=/home/bb/ros2_ws/install/imu_sensor/lib/python3.8/site-packages:/home/bb/ros2_ws/install/depth_sensor/lib/python3.8/site-packages:/home/bb/ros2_ws/install/acoustic_sensor/lib/python3.8/site-packages:/home/bb/ros2_ws/install/sub/lib/python3.8/site-packages:/home/bb/ros2_ws/install/test_msg/lib/python3.9/site-packages:/home/bb/ros2_ws/install/test141123/lib/python3.8/site-packages:/home/bb/ros2_ws/install/linear_acceleration_msg/lib/python3.9/site-packages:/home/bb/ros2_ws/install/acoustic_msg/lib/python3.9/site-packages:/home/bb/ros2_ws/install/IMU_sensor/lib/python3.8/site-packages:/opt/ros/humble/lib/python3.8/site-packages /usr/bin/cmake --build /home/bb/ros2_ws/build/bring_up -- -j6 -l6
[38.892s] DEBUG:colcon.colcon_core.event_handler.log_command:Invoking command in '/home/bb/ros2_ws/build/bring_up': AMENT_PREFIX_PATH=/home/bb/ros2_ws/install/imu_sensor:/home/bb/ros2_ws/install/depth_sensor:/home/bb/ros2_ws/install/acoustic_sensor:/home/bb/ros2_ws/install/test_bringup:/home/bb/ros2_ws/install/sub:/home/bb/ros2_ws/install/test_msg:/home/bb/ros2_ws/install/test141123:/home/bb/ros2_ws/install/linear_acceleration_msg:/home/bb/ros2_ws/install/bring_up:/home/bb/ros2_ws/install/acoustic_msg:/home/bb/ros2_ws/install/IMU_sensor:/opt/ros/humble CMAKE_PREFIX_PATH=${CMAKE_PREFIX_PATH}:/home/bb/ros2_ws/install/sub:/home/bb/ros2_ws/install/test141123:/home/bb/ros2_ws/install/imu_sensor:/home/bb/ros2_ws/install/depth_sensor:/home/bb/ros2_ws/install/acoustic_sensor:/home/bb/ros2_ws/install/IMU_sensor:/opt/ros/humble PYTHONPATH=/home/bb/ros2_ws/install/imu_sensor/lib/python3.8/site-packages:/home/bb/ros2_ws/install/depth_sensor/lib/python3.8/site-packages:/home/bb/ros2_ws/install/acoustic_sensor/lib/python3.8/site-packages:/home/bb/ros2_ws/install/sub/lib/python3.8/site-packages:/home/bb/ros2_ws/install/test_msg/lib/python3.9/site-packages:/home/bb/ros2_ws/install/test141123/lib/python3.8/site-packages:/home/bb/ros2_ws/install/linear_acceleration_msg/lib/python3.9/site-packages:/home/bb/ros2_ws/install/acoustic_msg/lib/python3.9/site-packages:/home/bb/ros2_ws/install/IMU_sensor/lib/python3.8/site-packages:/opt/ros/humble/lib/python3.8/site-packages /usr/bin/cmake --install /home/bb/ros2_ws/build/bring_up
[39.006s] Level 1:colcon.colcon_core.environment:create_environment_scripts_only(bring_up)
[39.016s] DEBUG:colcon.colcon_core.event_handler.log_command:Invoked command in '/home/bb/ros2_ws/build/bring_up' returned '0': AMENT_PREFIX_PATH=/home/bb/ros2_ws/install/imu_sensor:/home/bb/ros2_ws/install/depth_sensor:/home/bb/ros2_ws/install/acoustic_sensor:/home/bb/ros2_ws/install/test_bringup:/home/bb/ros2_ws/install/sub:/home/bb/ros2_ws/install/test_msg:/home/bb/ros2_ws/install/test141123:/home/bb/ros2_ws/install/linear_acceleration_msg:/home/bb/ros2_ws/install/bring_up:/home/bb/ros2_ws/install/acoustic_msg:/home/bb/ros2_ws/install/IMU_sensor:/opt/ros/humble CMAKE_PREFIX_PATH=${CMAKE_PREFIX_PATH}:/home/bb/ros2_ws/install/sub:/home/bb/ros2_ws/install/test141123:/home/bb/ros2_ws/install/imu_sensor:/home/bb/ros2_ws/install/depth_sensor:/home/bb/ros2_ws/install/acoustic_sensor:/home/bb/ros2_ws/install/IMU_sensor:/opt/ros/humble PYTHONPATH=/home/bb/ros2_ws/install/imu_sensor/lib/python3.8/site-packages:/home/bb/ros2_ws/install/depth_sensor/lib/python3.8/site-packages:/home/bb/ros2_ws/install/acoustic_sensor/lib/python3.8/site-packages:/home/bb/ros2_ws/install/sub/lib/python3.8/site-packages:/home/bb/ros2_ws/install/test_msg/lib/python3.9/site-packages:/home/bb/ros2_ws/install/test141123/lib/python3.8/site-packages:/home/bb/ros2_ws/install/linear_acceleration_msg/lib/python3.9/site-packages:/home/bb/ros2_ws/install/acoustic_msg/lib/python3.9/site-packages:/home/bb/ros2_ws/install/IMU_sensor/lib/python3.8/site-packages:/opt/ros/humble/lib/python3.8/site-packages /usr/bin/cmake --install /home/bb/ros2_ws/build/bring_up
[39.308s] Level 1:colcon.colcon_core.environment:checking '/home/bb/ros2_ws/install/bring_up' for CMake module files
[39.312s] Level 1:colcon.colcon_core.environment:checking '/home/bb/ros2_ws/install/bring_up' for CMake config files
[39.315s] Level 1:colcon.colcon_core.shell:create_environment_hook('bring_up', 'cmake_prefix_path')
[39.606s] INFO:colcon.colcon_core.shell:Creating environment hook '/home/bb/ros2_ws/install/bring_up/share/bring_up/hook/cmake_prefix_path.ps1'
[39.610s] INFO:colcon.colcon_core.shell:Creating environment descriptor '/home/bb/ros2_ws/install/bring_up/share/bring_up/hook/cmake_prefix_path.dsv'
[39.613s] INFO:colcon.colcon_core.shell:Creating environment hook '/home/bb/ros2_ws/install/bring_up/share/bring_up/hook/cmake_prefix_path.sh'
[39.617s] Level 1:colcon.colcon_core.environment:checking '/home/bb/ros2_ws/install/bring_up/bin'
[39.617s] Level 1:colcon.colcon_core.environment:checking '/home/bb/ros2_ws/install/bring_up/lib/pkgconfig/bring_up.pc'
[39.619s] Level 1:colcon.colcon_core.environment:checking '/home/bb/ros2_ws/install/bring_up/lib/python3.8/site-packages'
[39.620s] Level 1:colcon.colcon_core.environment:checking '/home/bb/ros2_ws/install/bring_up/bin'
[39.847s] INFO:colcon.colcon_core.shell:Creating package script '/home/bb/ros2_ws/install/bring_up/share/bring_up/package.ps1'
[39.851s] INFO:colcon.colcon_core.shell:Creating package descriptor '/home/bb/ros2_ws/install/bring_up/share/bring_up/package.dsv'
[39.853s] INFO:colcon.colcon_core.shell:Creating package script '/home/bb/ros2_ws/install/bring_up/share/bring_up/package.sh'
[39.856s] INFO:colcon.colcon_core.shell:Creating package script '/home/bb/ros2_ws/install/bring_up/share/bring_up/package.bash'
[39.858s] INFO:colcon.colcon_core.shell:Creating package script '/home/bb/ros2_ws/install/bring_up/share/bring_up/package.zsh'
[39.860s] Level 1:colcon.colcon_core.environment:create_file_with_runtime_dependencies(/home/bb/ros2_ws/install/bring_up/share/colcon-core/packages/bring_up)
[40.300s] Level 1:colcon.colcon_core.environment:create_environment_scripts_only(bring_up)
[40.544s] Level 1:colcon.colcon_core.environment:checking '/home/bb/ros2_ws/install/bring_up' for CMake module files
[40.549s] Level 1:colcon.colcon_core.environment:checking '/home/bb/ros2_ws/install/bring_up' for CMake config files
[40.552s] Level 1:colcon.colcon_core.shell:create_environment_hook('bring_up', 'cmake_prefix_path')
[40.787s] INFO:colcon.colcon_core.shell:Creating environment hook '/home/bb/ros2_ws/install/bring_up/share/bring_up/hook/cmake_prefix_path.ps1'
[40.791s] INFO:colcon.colcon_core.shell:Creating environment descriptor '/home/bb/ros2_ws/install/bring_up/share/bring_up/hook/cmake_prefix_path.dsv'
[40.793s] INFO:colcon.colcon_core.shell:Creating environment hook '/home/bb/ros2_ws/install/bring_up/share/bring_up/hook/cmake_prefix_path.sh'
[40.805s] Level 1:colcon.colcon_core.environment:checking '/home/bb/ros2_ws/install/bring_up/bin'
[40.806s] Level 1:colcon.colcon_core.environment:checking '/home/bb/ros2_ws/install/bring_up/lib/pkgconfig/bring_up.pc'
[40.807s] Level 1:colcon.colcon_core.environment:checking '/home/bb/ros2_ws/install/bring_up/lib/python3.8/site-packages'
[40.808s] Level 1:colcon.colcon_core.environment:checking '/home/bb/ros2_ws/install/bring_up/bin'
[41.056s] INFO:colcon.colcon_core.shell:Creating package script '/home/bb/ros2_ws/install/bring_up/share/bring_up/package.ps1'
[41.060s] INFO:colcon.colcon_core.shell:Creating package descriptor '/home/bb/ros2_ws/install/bring_up/share/bring_up/package.dsv'
[41.063s] INFO:colcon.colcon_core.shell:Creating package script '/home/bb/ros2_ws/install/bring_up/share/bring_up/package.sh'
[41.066s] INFO:colcon.colcon_core.shell:Creating package script '/home/bb/ros2_ws/install/bring_up/share/bring_up/package.bash'
[41.069s] INFO:colcon.colcon_core.shell:Creating package script '/home/bb/ros2_ws/install/bring_up/share/bring_up/package.zsh'
[41.072s] Level 1:colcon.colcon_core.environment:create_file_with_runtime_dependencies(/home/bb/ros2_ws/install/bring_up/share/colcon-core/packages/bring_up)
[41.078s] DEBUG:colcon.colcon_parallel_executor.executor.parallel:closing loop
[41.079s] DEBUG:colcon.colcon_parallel_executor.executor.parallel:loop closed
[41.080s] DEBUG:colcon.colcon_parallel_executor.executor.parallel:run_until_complete finished with '0'
[41.080s] DEBUG:colcon.colcon_core.event_reactor:joining thread
[41.405s] INFO:colcon.colcon_core.plugin_system:Skipping extension 'colcon_notification.desktop_notification.terminal_notifier': Not used on non-Darwin systems
[41.406s] INFO:colcon.colcon_core.plugin_system:Skipping extension 'colcon_notification.desktop_notification.win32': Not used on non-Windows systems
[41.407s] INFO:colcon.colcon_notification.desktop_notification:Sending desktop notification using 'notify2'
[41.518s] DEBUG:colcon.colcon_core.event_reactor:joined thread
[41.851s] INFO:colcon.colcon_core.shell:Creating prefix script '/home/bb/ros2_ws/install/local_setup.ps1'
[41.856s] INFO:colcon.colcon_core.shell:Creating prefix util module '/home/bb/ros2_ws/install/_local_setup_util_ps1.py'
[41.864s] INFO:colcon.colcon_core.shell:Creating prefix chain script '/home/bb/ros2_ws/install/setup.ps1'
[42.094s] INFO:colcon.colcon_core.shell:Creating prefix script '/home/bb/ros2_ws/install/local_setup.sh'
[42.097s] INFO:colcon.colcon_core.shell:Creating prefix util module '/home/bb/ros2_ws/install/_local_setup_util_sh.py'
[42.100s] INFO:colcon.colcon_core.shell:Creating prefix chain script '/home/bb/ros2_ws/install/setup.sh'
[42.322s] INFO:colcon.colcon_core.shell:Creating prefix script '/home/bb/ros2_ws/install/local_setup.bash'
[42.326s] INFO:colcon.colcon_core.shell:Creating prefix chain script '/home/bb/ros2_ws/install/setup.bash'
[42.572s] INFO:colcon.colcon_core.shell:Creating prefix script '/home/bb/ros2_ws/install/local_setup.zsh'
[42.575s] INFO:colcon.colcon_core.shell:Creating prefix chain script '/home/bb/ros2_ws/install/setup.zsh'
