[5.229s] Invoking command in '/home/bb/ros2_ws/src/imu_sensor': PYTHONPATH=/home/bb/ros2_ws/build/imu_sensor/prefix_override:/home/bb/ros2_ws/install/imu_sensor/lib/python3.8/site-packages:${PYTHONPATH} /usr/bin/python3 setup.py egg_info --egg-base ../../build/imu_sensor build --build-base /home/bb/ros2_ws/build/imu_sensor/build install --record /home/bb/ros2_ws/build/imu_sensor/install.log --single-version-externally-managed
[6.512s] running egg_info
[6.514s] writing ../../build/imu_sensor/imu_sensor.egg-info/PKG-INFO
[6.515s] writing dependency_links to ../../build/imu_sensor/imu_sensor.egg-info/dependency_links.txt
[6.516s] writing entry points to ../../build/imu_sensor/imu_sensor.egg-info/entry_points.txt
[6.517s] writing requirements to ../../build/imu_sensor/imu_sensor.egg-info/requires.txt
[6.518s] writing top-level names to ../../build/imu_sensor/imu_sensor.egg-info/top_level.txt
[6.693s] reading manifest file '../../build/imu_sensor/imu_sensor.egg-info/SOURCES.txt'
[6.698s] writing manifest file '../../build/imu_sensor/imu_sensor.egg-info/SOURCES.txt'
[6.699s] running build
[6.699s] running build_py
[6.701s] running install
[6.705s] running install_lib
[6.713s] byte-compiling /home/bb/ros2_ws/install/imu_sensor/lib/python3.8/site-packages/imu_sensor/publisher_xyz.py to publisher_xyz.cpython-38.pyc
[6.720s]   File "/home/bb/ros2_ws/install/imu_sensor/lib/python3.8/site-packages/imu_sensor/publisher_xyz.py", line 67
[6.721s]     accel_msg.z = float(temp[0] << 24 | temp[1] << 16 | temp[2] << 8 | temp[3]))
[6.721s]                                                                                ^
[6.722s] SyntaxError: unmatched ')'
[6.723s] 
[6.723s] running install_data
[6.724s] running install_egg_info
[6.731s] removing '/home/bb/ros2_ws/install/imu_sensor/lib/python3.8/site-packages/imu_sensor-0.0.0-py3.8.egg-info' (and everything under it)
[6.733s] Copying ../../build/imu_sensor/imu_sensor.egg-info to /home/bb/ros2_ws/install/imu_sensor/lib/python3.8/site-packages/imu_sensor-0.0.0-py3.8.egg-info
[6.739s] running install_scripts
[6.819s] Installing publisher_accel script to /home/bb/ros2_ws/install/imu_sensor/lib/imu_sensor
[6.820s] Installing publisher_quat script to /home/bb/ros2_ws/install/imu_sensor/lib/imu_sensor
[6.821s] Installing publisher_xyz script to /home/bb/ros2_ws/install/imu_sensor/lib/imu_sensor
[6.824s] writing list of installed files to '/home/bb/ros2_ws/build/imu_sensor/install.log'
[6.922s] Invoked command in '/home/bb/ros2_ws/src/imu_sensor' returned '0': PYTHONPATH=/home/bb/ros2_ws/build/imu_sensor/prefix_override:/home/bb/ros2_ws/install/imu_sensor/lib/python3.8/site-packages:${PYTHONPATH} /usr/bin/python3 setup.py egg_info --egg-base ../../build/imu_sensor build --build-base /home/bb/ros2_ws/build/imu_sensor/build install --record /home/bb/ros2_ws/build/imu_sensor/install.log --single-version-externally-managed
