running egg_info
creating ../../build/acoustic_sensor/acoustic_sensor.egg-info
writing ../../build/acoustic_sensor/acoustic_sensor.egg-info/PKG-INFO
writing dependency_links to ../../build/acoustic_sensor/acoustic_sensor.egg-info/dependency_links.txt
writing entry points to ../../build/acoustic_sensor/acoustic_sensor.egg-info/entry_points.txt
writing requirements to ../../build/acoustic_sensor/acoustic_sensor.egg-info/requires.txt
writing top-level names to ../../build/acoustic_sensor/acoustic_sensor.egg-info/top_level.txt
writing manifest file '../../build/acoustic_sensor/acoustic_sensor.egg-info/SOURCES.txt'
reading manifest file '../../build/acoustic_sensor/acoustic_sensor.egg-info/SOURCES.txt'
writing manifest file '../../build/acoustic_sensor/acoustic_sensor.egg-info/SOURCES.txt'
running build
running build_py
creating /home/pengxuan/hornet9/build/acoustic_sensor/build
creating /home/pengxuan/hornet9/build/acoustic_sensor/build/lib
creating /home/pengxuan/hornet9/build/acoustic_sensor/build/lib/acoustic_sensor
copying acoustic_sensor/__init__.py -> /home/pengxuan/hornet9/build/acoustic_sensor/build/lib/acoustic_sensor
copying acoustic_sensor/publisher.py -> /home/pengxuan/hornet9/build/acoustic_sensor/build/lib/acoustic_sensor
running install
running install_lib
creating /home/pengxuan/hornet9/install/acoustic_sensor/lib/python3.10/site-packages/acoustic_sensor
copying /home/pengxuan/hornet9/build/acoustic_sensor/build/lib/acoustic_sensor/__init__.py -> /home/pengxuan/hornet9/install/acoustic_sensor/lib/python3.10/site-packages/acoustic_sensor
copying /home/pengxuan/hornet9/build/acoustic_sensor/build/lib/acoustic_sensor/publisher.py -> /home/pengxuan/hornet9/install/acoustic_sensor/lib/python3.10/site-packages/acoustic_sensor
byte-compiling /home/pengxuan/hornet9/install/acoustic_sensor/lib/python3.10/site-packages/acoustic_sensor/__init__.py to __init__.cpython-310.pyc
byte-compiling /home/pengxuan/hornet9/install/acoustic_sensor/lib/python3.10/site-packages/acoustic_sensor/publisher.py to publisher.cpython-310.pyc
running install_data
creating /home/pengxuan/hornet9/install/acoustic_sensor/share/ament_index
creating /home/pengxuan/hornet9/install/acoustic_sensor/share/ament_index/resource_index
creating /home/pengxuan/hornet9/install/acoustic_sensor/share/ament_index/resource_index/packages
copying resource/acoustic_sensor -> /home/pengxuan/hornet9/install/acoustic_sensor/share/ament_index/resource_index/packages
copying package.xml -> /home/pengxuan/hornet9/install/acoustic_sensor/share/acoustic_sensor
running install_egg_info
Copying ../../build/acoustic_sensor/acoustic_sensor.egg-info to /home/pengxuan/hornet9/install/acoustic_sensor/lib/python3.10/site-packages/acoustic_sensor-0.0.0-py3.10.egg-info
running install_scripts
writing list of installed files to '/home/pengxuan/hornet9/build/acoustic_sensor/install.log'
