[0.431s] Invoking command in '/home/pengxuan/hornet9/src/acoustic_sensor': PYTHONPATH=/home/pengxuan/hornet9/build/acoustic_sensor/prefix_override:/home/pengxuan/hornet9/install/acoustic_sensor/lib/python3.10/site-packages:${PYTHONPATH} /usr/bin/python3 setup.py egg_info --egg-base ../../build/acoustic_sensor build --build-base /home/pengxuan/hornet9/build/acoustic_sensor/build install --record /home/pengxuan/hornet9/build/acoustic_sensor/install.log --single-version-externally-managed
[0.579s] running egg_info
[0.579s] creating ../../build/acoustic_sensor/acoustic_sensor.egg-info
[0.580s] writing ../../build/acoustic_sensor/acoustic_sensor.egg-info/PKG-INFO
[0.580s] writing dependency_links to ../../build/acoustic_sensor/acoustic_sensor.egg-info/dependency_links.txt
[0.580s] writing entry points to ../../build/acoustic_sensor/acoustic_sensor.egg-info/entry_points.txt
[0.580s] writing requirements to ../../build/acoustic_sensor/acoustic_sensor.egg-info/requires.txt
[0.580s] writing top-level names to ../../build/acoustic_sensor/acoustic_sensor.egg-info/top_level.txt
[0.580s] writing manifest file '../../build/acoustic_sensor/acoustic_sensor.egg-info/SOURCES.txt'
[0.582s] reading manifest file '../../build/acoustic_sensor/acoustic_sensor.egg-info/SOURCES.txt'
[0.582s] writing manifest file '../../build/acoustic_sensor/acoustic_sensor.egg-info/SOURCES.txt'
[0.583s] running build
[0.583s] running build_py
[0.583s] creating /home/pengxuan/hornet9/build/acoustic_sensor/build
[0.583s] creating /home/pengxuan/hornet9/build/acoustic_sensor/build/lib
[0.583s] creating /home/pengxuan/hornet9/build/acoustic_sensor/build/lib/acoustic_sensor
[0.583s] copying acoustic_sensor/__init__.py -> /home/pengxuan/hornet9/build/acoustic_sensor/build/lib/acoustic_sensor
[0.584s] copying acoustic_sensor/publisher.py -> /home/pengxuan/hornet9/build/acoustic_sensor/build/lib/acoustic_sensor
[0.584s] running install
[0.584s] /usr/lib/python3/dist-packages/setuptools/command/install.py:34: SetuptoolsDeprecationWarning: setup.py install is deprecated. Use build and pip and other standards-based tools.
[0.584s]   warnings.warn(
[0.584s] running install_lib
[0.584s] creating /home/pengxuan/hornet9/install/acoustic_sensor/lib/python3.10/site-packages/acoustic_sensor
[0.585s] copying /home/pengxuan/hornet9/build/acoustic_sensor/build/lib/acoustic_sensor/__init__.py -> /home/pengxuan/hornet9/install/acoustic_sensor/lib/python3.10/site-packages/acoustic_sensor
[0.585s] copying /home/pengxuan/hornet9/build/acoustic_sensor/build/lib/acoustic_sensor/publisher.py -> /home/pengxuan/hornet9/install/acoustic_sensor/lib/python3.10/site-packages/acoustic_sensor
[0.585s] byte-compiling /home/pengxuan/hornet9/install/acoustic_sensor/lib/python3.10/site-packages/acoustic_sensor/__init__.py to __init__.cpython-310.pyc
[0.585s] byte-compiling /home/pengxuan/hornet9/install/acoustic_sensor/lib/python3.10/site-packages/acoustic_sensor/publisher.py to publisher.cpython-310.pyc
[0.586s] running install_data
[0.586s] creating /home/pengxuan/hornet9/install/acoustic_sensor/share/ament_index
[0.586s] creating /home/pengxuan/hornet9/install/acoustic_sensor/share/ament_index/resource_index
[0.586s] creating /home/pengxuan/hornet9/install/acoustic_sensor/share/ament_index/resource_index/packages
[0.587s] copying resource/acoustic_sensor -> /home/pengxuan/hornet9/install/acoustic_sensor/share/ament_index/resource_index/packages
[0.587s] copying package.xml -> /home/pengxuan/hornet9/install/acoustic_sensor/share/acoustic_sensor
[0.587s] running install_egg_info
[0.588s] Copying ../../build/acoustic_sensor/acoustic_sensor.egg-info to /home/pengxuan/hornet9/install/acoustic_sensor/lib/python3.10/site-packages/acoustic_sensor-0.0.0-py3.10.egg-info
[0.589s] running install_scripts
[0.607s] writing list of installed files to '/home/pengxuan/hornet9/build/acoustic_sensor/install.log'
[0.652s] Invoked command in '/home/pengxuan/hornet9/src/acoustic_sensor' returned '0': PYTHONPATH=/home/pengxuan/hornet9/build/acoustic_sensor/prefix_override:/home/pengxuan/hornet9/install/acoustic_sensor/lib/python3.10/site-packages:${PYTHONPATH} /usr/bin/python3 setup.py egg_info --egg-base ../../build/acoustic_sensor build --build-base /home/pengxuan/hornet9/build/acoustic_sensor/build install --record /home/pengxuan/hornet9/build/acoustic_sensor/install.log --single-version-externally-managed
