[12.086s] DEBUG:colcon:Command line arguments: ['/usr/bin/colcon', 'build', '--packages-select', 'depth_sensor']
[12.087s] DEBUG:colcon:Parsed command line arguments: Namespace(allow_overriding=[], ament_cmake_args=None, base_paths=['.'], build_base='build', catkin_cmake_args=None, catkin_skip_building_tests=False, cmake_args=None, cmake_clean_cache=False, cmake_clean_first=False, cmake_force_configure=False, cmake_target=None, cmake_target_skip_unavailable=False, continue_on_error=False, event_handlers=None, executor='parallel', ignore_user_meta=False, install_base='install', log_base=None, log_level=None, main=<bound method BuildVerb.main of <colcon_core.verb.build.BuildVerb object at 0xffffb9504520>>, merge_install=False, metas=['./colcon.meta'], packages_above=None, packages_above_and_dependencies=None, packages_above_depth=None, packages_end=None, packages_ignore=None, packages_ignore_regex=None, packages_select=['depth_sensor'], packages_select_build_failed=False, packages_select_by_dep=None, packages_select_regex=None, packages_select_test_failures=False, packages_skip=None, packages_skip_build_finished=False, packages_skip_by_dep=None, packages_skip_regex=None, packages_skip_test_passed=False, packages_skip_up_to=None, packages_start=None, packages_up_to=None, packages_up_to_regex=None, parallel_workers=6, paths=None, symlink_install=False, test_result_base=None, verb_extension=<colcon_core.verb.build.BuildVerb object at 0xffffb9504520>, verb_name='build', verb_parser=<colcon_defaults.argument_parser.defaults.DefaultArgumentsDecorator object at 0xffffb91031c0>)
[12.642s] Level 1:colcon.colcon_core.package_discovery:discover_packages(colcon_meta) check parameters
[12.643s] Level 1:colcon.colcon_core.package_discovery:discover_packages(recursive) check parameters
[12.643s] Level 1:colcon.colcon_core.package_discovery:discover_packages(ignore) check parameters
[12.643s] Level 1:colcon.colcon_core.package_discovery:discover_packages(path) check parameters
[12.643s] Level 1:colcon.colcon_core.package_discovery:discover_packages(colcon_meta) discover
[12.644s] Level 1:colcon.colcon_core.package_discovery:discover_packages(recursive) discover
[12.644s] INFO:colcon.colcon_core.package_discovery:Crawling recursively for packages in '/home/bb/ros2_ws'
[12.645s] Level 1:colcon.colcon_core.package_identification:_identify(.) by extensions ['ignore', 'ignore_ament_install']
[12.646s] Level 1:colcon.colcon_core.package_identification:_identify(.) by extension 'ignore'
[12.647s] Level 1:colcon.colcon_core.package_identification:_identify(.) by extension 'ignore_ament_install'
[12.647s] Level 1:colcon.colcon_core.package_identification:_identify(.) by extensions ['colcon_pkg']
[12.647s] Level 1:colcon.colcon_core.package_identification:_identify(.) by extension 'colcon_pkg'
[12.648s] Level 1:colcon.colcon_core.package_identification:_identify(.) by extensions ['colcon_meta']
[12.648s] Level 1:colcon.colcon_core.package_identification:_identify(.) by extension 'colcon_meta'
[12.648s] Level 1:colcon.colcon_core.package_identification:_identify(.) by extensions ['ros']
[12.648s] Level 1:colcon.colcon_core.package_identification:_identify(.) by extension 'ros'
[12.713s] Level 1:colcon.colcon_core.package_identification:_identify(.) by extensions ['cmake', 'python']
[12.714s] Level 1:colcon.colcon_core.package_identification:_identify(.) by extension 'cmake'
[12.714s] Level 1:colcon.colcon_core.package_identification:_identify(.) by extension 'python'
[12.715s] Level 1:colcon.colcon_core.package_identification:_identify(.) by extensions ['python_setup_py']
[12.715s] Level 1:colcon.colcon_core.package_identification:_identify(.) by extension 'python_setup_py'
[12.716s] Level 1:colcon.colcon_core.package_identification:_identify(build) by extensions ['ignore', 'ignore_ament_install']
[12.716s] Level 1:colcon.colcon_core.package_identification:_identify(build) by extension 'ignore'
[12.717s] Level 1:colcon.colcon_core.package_identification:_identify(build) ignored
[12.717s] Level 1:colcon.colcon_core.package_identification:_identify(install) by extensions ['ignore', 'ignore_ament_install']
[12.718s] Level 1:colcon.colcon_core.package_identification:_identify(install) by extension 'ignore'
[12.720s] Level 1:colcon.colcon_core.package_identification:_identify(install) ignored
[12.722s] Level 1:colcon.colcon_core.package_identification:_identify(log) by extensions ['ignore', 'ignore_ament_install']
[12.722s] Level 1:colcon.colcon_core.package_identification:_identify(log) by extension 'ignore'
[12.723s] Level 1:colcon.colcon_core.package_identification:_identify(log) ignored
[12.723s] Level 1:colcon.colcon_core.package_identification:_identify(src) by extensions ['ignore', 'ignore_ament_install']
[12.724s] Level 1:colcon.colcon_core.package_identification:_identify(src) by extension 'ignore'
[12.724s] Level 1:colcon.colcon_core.package_identification:_identify(src) by extension 'ignore_ament_install'
[12.725s] Level 1:colcon.colcon_core.package_identification:_identify(src) by extensions ['colcon_pkg']
[12.725s] Level 1:colcon.colcon_core.package_identification:_identify(src) by extension 'colcon_pkg'
[12.725s] Level 1:colcon.colcon_core.package_identification:_identify(src) by extensions ['colcon_meta']
[12.725s] Level 1:colcon.colcon_core.package_identification:_identify(src) by extension 'colcon_meta'
[12.726s] Level 1:colcon.colcon_core.package_identification:_identify(src) by extensions ['ros']
[12.726s] Level 1:colcon.colcon_core.package_identification:_identify(src) by extension 'ros'
[12.726s] Level 1:colcon.colcon_core.package_identification:_identify(src) by extensions ['cmake', 'python']
[12.727s] Level 1:colcon.colcon_core.package_identification:_identify(src) by extension 'cmake'
[12.727s] Level 1:colcon.colcon_core.package_identification:_identify(src) by extension 'python'
[12.727s] Level 1:colcon.colcon_core.package_identification:_identify(src) by extensions ['python_setup_py']
[12.727s] Level 1:colcon.colcon_core.package_identification:_identify(src) by extension 'python_setup_py'
[12.728s] Level 1:colcon.colcon_core.package_identification:_identify(src/acoustic_msg) by extensions ['ignore', 'ignore_ament_install']
[12.728s] Level 1:colcon.colcon_core.package_identification:_identify(src/acoustic_msg) by extension 'ignore'
[12.729s] Level 1:colcon.colcon_core.package_identification:_identify(src/acoustic_msg) by extension 'ignore_ament_install'
[12.729s] Level 1:colcon.colcon_core.package_identification:_identify(src/acoustic_msg) by extensions ['colcon_pkg']
[12.729s] Level 1:colcon.colcon_core.package_identification:_identify(src/acoustic_msg) by extension 'colcon_pkg'
[12.730s] Level 1:colcon.colcon_core.package_identification:_identify(src/acoustic_msg) by extensions ['colcon_meta']
[12.730s] Level 1:colcon.colcon_core.package_identification:_identify(src/acoustic_msg) by extension 'colcon_meta'
[12.730s] Level 1:colcon.colcon_core.package_identification:_identify(src/acoustic_msg) by extensions ['ros']
[12.730s] Level 1:colcon.colcon_core.package_identification:_identify(src/acoustic_msg) by extension 'ros'
[12.744s] DEBUG:colcon.colcon_core.package_identification:Package 'src/acoustic_msg' with type 'ros.ament_cmake' and name 'acoustic_msg'
[12.746s] Level 1:colcon.colcon_core.package_identification:_identify(src/acoustic_sensor) by extensions ['ignore', 'ignore_ament_install']
[12.747s] Level 1:colcon.colcon_core.package_identification:_identify(src/acoustic_sensor) by extension 'ignore'
[12.748s] Level 1:colcon.colcon_core.package_identification:_identify(src/acoustic_sensor) by extension 'ignore_ament_install'
[12.748s] Level 1:colcon.colcon_core.package_identification:_identify(src/acoustic_sensor) by extensions ['colcon_pkg']
[12.748s] Level 1:colcon.colcon_core.package_identification:_identify(src/acoustic_sensor) by extension 'colcon_pkg'
[12.748s] Level 1:colcon.colcon_core.package_identification:_identify(src/acoustic_sensor) by extensions ['colcon_meta']
[12.749s] Level 1:colcon.colcon_core.package_identification:_identify(src/acoustic_sensor) by extension 'colcon_meta'
[12.749s] Level 1:colcon.colcon_core.package_identification:_identify(src/acoustic_sensor) by extensions ['ros']
[12.749s] Level 1:colcon.colcon_core.package_identification:_identify(src/acoustic_sensor) by extension 'ros'
[12.752s] DEBUG:colcon.colcon_core.package_identification:Package 'src/acoustic_sensor' with type 'ros.ament_python' and name 'acoustic_sensor'
[12.753s] Level 1:colcon.colcon_core.package_identification:_identify(src/build) by extensions ['ignore', 'ignore_ament_install']
[12.754s] Level 1:colcon.colcon_core.package_identification:_identify(src/build) by extension 'ignore'
[12.754s] Level 1:colcon.colcon_core.package_identification:_identify(src/build) ignored
[12.755s] Level 1:colcon.colcon_core.package_identification:_identify(src/depth_sensor) by extensions ['ignore', 'ignore_ament_install']
[12.756s] Level 1:colcon.colcon_core.package_identification:_identify(src/depth_sensor) by extension 'ignore'
[12.756s] Level 1:colcon.colcon_core.package_identification:_identify(src/depth_sensor) by extension 'ignore_ament_install'
[12.757s] Level 1:colcon.colcon_core.package_identification:_identify(src/depth_sensor) by extensions ['colcon_pkg']
[12.758s] Level 1:colcon.colcon_core.package_identification:_identify(src/depth_sensor) by extension 'colcon_pkg'
[12.759s] Level 1:colcon.colcon_core.package_identification:_identify(src/depth_sensor) by extensions ['colcon_meta']
[12.759s] Level 1:colcon.colcon_core.package_identification:_identify(src/depth_sensor) by extension 'colcon_meta'
[12.760s] Level 1:colcon.colcon_core.package_identification:_identify(src/depth_sensor) by extensions ['ros']
[12.760s] Level 1:colcon.colcon_core.package_identification:_identify(src/depth_sensor) by extension 'ros'
[12.764s] DEBUG:colcon.colcon_core.package_identification:Package 'src/depth_sensor' with type 'ros.ament_python' and name 'depth_sensor'
[12.765s] Level 1:colcon.colcon_core.package_identification:_identify(src/imu_sensor) by extensions ['ignore', 'ignore_ament_install']
[12.765s] Level 1:colcon.colcon_core.package_identification:_identify(src/imu_sensor) by extension 'ignore'
[12.766s] Level 1:colcon.colcon_core.package_identification:_identify(src/imu_sensor) by extension 'ignore_ament_install'
[12.766s] Level 1:colcon.colcon_core.package_identification:_identify(src/imu_sensor) by extensions ['colcon_pkg']
[12.768s] Level 1:colcon.colcon_core.package_identification:_identify(src/imu_sensor) by extension 'colcon_pkg'
[12.768s] Level 1:colcon.colcon_core.package_identification:_identify(src/imu_sensor) by extensions ['colcon_meta']
[12.768s] Level 1:colcon.colcon_core.package_identification:_identify(src/imu_sensor) by extension 'colcon_meta'
[12.769s] Level 1:colcon.colcon_core.package_identification:_identify(src/imu_sensor) by extensions ['ros']
[12.769s] Level 1:colcon.colcon_core.package_identification:_identify(src/imu_sensor) by extension 'ros'
[12.772s] DEBUG:colcon.colcon_core.package_identification:Package 'src/imu_sensor' with type 'ros.ament_python' and name 'imu_sensor'
[12.772s] Level 1:colcon.colcon_core.package_identification:_identify(src/install) by extensions ['ignore', 'ignore_ament_install']
[12.773s] Level 1:colcon.colcon_core.package_identification:_identify(src/install) by extension 'ignore'
[12.773s] Level 1:colcon.colcon_core.package_identification:_identify(src/install) ignored
[12.774s] Level 1:colcon.colcon_core.package_identification:_identify(src/log) by extensions ['ignore', 'ignore_ament_install']
[12.774s] Level 1:colcon.colcon_core.package_identification:_identify(src/log) by extension 'ignore'
[12.775s] Level 1:colcon.colcon_core.package_identification:_identify(src/log) ignored
[12.775s] Level 1:colcon.colcon_core.package_identification:_identify(src/test141123) by extensions ['ignore', 'ignore_ament_install']
[12.776s] Level 1:colcon.colcon_core.package_identification:_identify(src/test141123) by extension 'ignore'
[12.776s] Level 1:colcon.colcon_core.package_identification:_identify(src/test141123) by extension 'ignore_ament_install'
[12.776s] Level 1:colcon.colcon_core.package_identification:_identify(src/test141123) by extensions ['colcon_pkg']
[12.777s] Level 1:colcon.colcon_core.package_identification:_identify(src/test141123) by extension 'colcon_pkg'
[12.777s] Level 1:colcon.colcon_core.package_identification:_identify(src/test141123) by extensions ['colcon_meta']
[12.777s] Level 1:colcon.colcon_core.package_identification:_identify(src/test141123) by extension 'colcon_meta'
[12.778s] Level 1:colcon.colcon_core.package_identification:_identify(src/test141123) by extensions ['ros']
[12.778s] Level 1:colcon.colcon_core.package_identification:_identify(src/test141123) by extension 'ros'
[12.782s] DEBUG:colcon.colcon_core.package_identification:Package 'src/test141123' with type 'ros.ament_python' and name 'test141123'
[12.782s] Level 1:colcon.colcon_core.package_discovery:discover_packages(recursive) using defaults
[12.783s] Level 1:colcon.colcon_core.package_discovery:discover_packages(ignore) discover
[12.783s] Level 1:colcon.colcon_core.package_discovery:discover_packages(ignore) using defaults
[12.783s] Level 1:colcon.colcon_core.package_discovery:discover_packages(path) discover
[12.783s] Level 1:colcon.colcon_core.package_discovery:discover_packages(path) using defaults
[13.543s] INFO:colcon.colcon_core.package_selection:Skipping not selected package 'acoustic_msg' in 'src/acoustic_msg'
[13.544s] INFO:colcon.colcon_core.package_selection:Skipping not selected package 'acoustic_sensor' in 'src/acoustic_sensor'
[13.544s] INFO:colcon.colcon_core.package_selection:Skipping not selected package 'imu_sensor' in 'src/imu_sensor'
[13.544s] INFO:colcon.colcon_core.package_selection:Skipping not selected package 'test141123' in 'src/test141123'
[13.922s] Level 1:colcon.colcon_core.package_discovery:discover_packages(prefix_path) check parameters
[13.922s] Level 1:colcon.colcon_core.package_discovery:discover_packages(prefix_path) discover
[14.339s] DEBUG:colcon.colcon_installed_package_information.package_discovery:Found 6 installed packages in /home/bb/ros2_ws/install
[14.533s] DEBUG:colcon.colcon_installed_package_information.package_discovery:Found 308 installed packages in /opt/ros/humble
[14.542s] Level 1:colcon.colcon_core.package_discovery:discover_packages(prefix_path) using defaults
[15.556s] Level 5:colcon.colcon_core.verb:set package 'depth_sensor' build argument 'cmake_args' from command line to 'None'
[15.556s] Level 5:colcon.colcon_core.verb:set package 'depth_sensor' build argument 'cmake_target' from command line to 'None'
[15.556s] Level 5:colcon.colcon_core.verb:set package 'depth_sensor' build argument 'cmake_target_skip_unavailable' from command line to 'False'
[15.556s] Level 5:colcon.colcon_core.verb:set package 'depth_sensor' build argument 'cmake_clean_cache' from command line to 'False'
[15.557s] Level 5:colcon.colcon_core.verb:set package 'depth_sensor' build argument 'cmake_clean_first' from command line to 'False'
[15.557s] Level 5:colcon.colcon_core.verb:set package 'depth_sensor' build argument 'cmake_force_configure' from command line to 'False'
[15.557s] Level 5:colcon.colcon_core.verb:set package 'depth_sensor' build argument 'ament_cmake_args' from command line to 'None'
[15.557s] Level 5:colcon.colcon_core.verb:set package 'depth_sensor' build argument 'catkin_cmake_args' from command line to 'None'
[15.558s] Level 5:colcon.colcon_core.verb:set package 'depth_sensor' build argument 'catkin_skip_building_tests' from command line to 'False'
[15.558s] DEBUG:colcon.colcon_core.verb:Building package 'depth_sensor' with the following arguments: {'ament_cmake_args': None, 'build_base': '/home/bb/ros2_ws/build/depth_sensor', 'catkin_cmake_args': None, 'catkin_skip_building_tests': False, 'cmake_args': None, 'cmake_clean_cache': False, 'cmake_clean_first': False, 'cmake_force_configure': False, 'cmake_target': None, 'cmake_target_skip_unavailable': False, 'install_base': '/home/bb/ros2_ws/install/depth_sensor', 'merge_install': False, 'path': '/home/bb/ros2_ws/src/depth_sensor', 'symlink_install': False, 'test_result_base': None}
[15.752s] INFO:colcon.colcon_core.executor:Executing jobs using 'parallel' executor
[15.951s] DEBUG:colcon.colcon_parallel_executor.executor.parallel:run_until_complete
[15.952s] INFO:colcon.colcon_ros.task.ament_python.build:Building ROS package in '/home/bb/ros2_ws/src/depth_sensor' with build type 'ament_python'
[15.953s] Level 1:colcon.colcon_core.shell:create_environment_hook('depth_sensor', 'ament_prefix_path')
[16.245s] INFO:colcon.colcon_core.plugin_system:Skipping extension 'colcon_core.shell.bat': Not used on non-Windows systems
[16.247s] INFO:colcon.colcon_core.shell:Creating environment hook '/home/bb/ros2_ws/install/depth_sensor/share/depth_sensor/hook/ament_prefix_path.ps1'
[16.253s] INFO:colcon.colcon_core.shell:Creating environment descriptor '/home/bb/ros2_ws/install/depth_sensor/share/depth_sensor/hook/ament_prefix_path.dsv'
[16.255s] INFO:colcon.colcon_core.shell:Creating environment hook '/home/bb/ros2_ws/install/depth_sensor/share/depth_sensor/hook/ament_prefix_path.sh'
[16.460s] INFO:colcon.colcon_core.shell:Skip shell extension 'powershell' for command environment: Not usable outside of PowerShell
[16.461s] DEBUG:colcon.colcon_core.shell:Skip shell extension 'dsv' for command environment
[18.724s] INFO:colcon.colcon_core.task.python.build:Building Python package in '/home/bb/ros2_ws/src/depth_sensor'
[18.948s] INFO:colcon.colcon_core.shell:Skip shell extension 'powershell' for command environment: Not usable outside of PowerShell
[18.949s] DEBUG:colcon.colcon_core.shell:Skip shell extension 'dsv' for command environment
[22.100s] DEBUG:colcon.colcon_core.event_handler.log_command:Invoking command in '/home/bb/ros2_ws/src/depth_sensor': PYTHONPATH=/home/bb/ros2_ws/build/depth_sensor/prefix_override:/home/bb/ros2_ws/install/depth_sensor/lib/python3.8/site-packages:${PYTHONPATH} /usr/bin/python3 setup.py egg_info --egg-base ../../build/depth_sensor build --build-base /home/bb/ros2_ws/build/depth_sensor/build install --record /home/bb/ros2_ws/build/depth_sensor/install.log --single-version-externally-managed
[24.007s] DEBUG:colcon.colcon_core.event_handler.log_command:Invoked command in '/home/bb/ros2_ws/src/depth_sensor' returned '0': PYTHONPATH=/home/bb/ros2_ws/build/depth_sensor/prefix_override:/home/bb/ros2_ws/install/depth_sensor/lib/python3.8/site-packages:${PYTHONPATH} /usr/bin/python3 setup.py egg_info --egg-base ../../build/depth_sensor build --build-base /home/bb/ros2_ws/build/depth_sensor/build install --record /home/bb/ros2_ws/build/depth_sensor/install.log --single-version-externally-managed
[24.263s] Level 1:colcon.colcon_core.environment:checking '/home/bb/ros2_ws/install/depth_sensor' for CMake module files
[24.266s] Level 1:colcon.colcon_core.environment:checking '/home/bb/ros2_ws/install/depth_sensor' for CMake config files
[24.272s] Level 1:colcon.colcon_core.environment:checking '/home/bb/ros2_ws/install/depth_sensor/lib'
[24.273s] Level 1:colcon.colcon_core.environment:checking '/home/bb/ros2_ws/install/depth_sensor/bin'
[24.274s] Level 1:colcon.colcon_core.environment:checking '/home/bb/ros2_ws/install/depth_sensor/lib/pkgconfig/depth_sensor.pc'
[24.275s] Level 1:colcon.colcon_core.environment:checking '/home/bb/ros2_ws/install/depth_sensor/lib/python3.8/site-packages'
[24.276s] Level 1:colcon.colcon_core.shell:create_environment_hook('depth_sensor', 'pythonpath')
[24.467s] INFO:colcon.colcon_core.shell:Creating environment hook '/home/bb/ros2_ws/install/depth_sensor/share/depth_sensor/hook/pythonpath.ps1'
[24.471s] INFO:colcon.colcon_core.shell:Creating environment descriptor '/home/bb/ros2_ws/install/depth_sensor/share/depth_sensor/hook/pythonpath.dsv'
[24.473s] INFO:colcon.colcon_core.shell:Creating environment hook '/home/bb/ros2_ws/install/depth_sensor/share/depth_sensor/hook/pythonpath.sh'
[24.476s] Level 1:colcon.colcon_core.environment:checking '/home/bb/ros2_ws/install/depth_sensor/bin'
[24.477s] Level 1:colcon.colcon_core.environment:create_environment_scripts_only(depth_sensor)
[24.693s] INFO:colcon.colcon_core.shell:Creating package script '/home/bb/ros2_ws/install/depth_sensor/share/depth_sensor/package.ps1'
[24.698s] INFO:colcon.colcon_core.shell:Creating package descriptor '/home/bb/ros2_ws/install/depth_sensor/share/depth_sensor/package.dsv'
[24.702s] INFO:colcon.colcon_core.shell:Creating package script '/home/bb/ros2_ws/install/depth_sensor/share/depth_sensor/package.sh'
[24.707s] INFO:colcon.colcon_core.shell:Creating package script '/home/bb/ros2_ws/install/depth_sensor/share/depth_sensor/package.bash'
[24.710s] INFO:colcon.colcon_core.shell:Creating package script '/home/bb/ros2_ws/install/depth_sensor/share/depth_sensor/package.zsh'
[24.715s] Level 1:colcon.colcon_core.environment:create_file_with_runtime_dependencies(/home/bb/ros2_ws/install/depth_sensor/share/colcon-core/packages/depth_sensor)
[24.718s] DEBUG:colcon.colcon_parallel_executor.executor.parallel:closing loop
[24.720s] DEBUG:colcon.colcon_parallel_executor.executor.parallel:loop closed
[24.721s] DEBUG:colcon.colcon_parallel_executor.executor.parallel:run_until_complete finished with '0'
[24.722s] DEBUG:colcon.colcon_core.event_reactor:joining thread
[24.988s] INFO:colcon.colcon_core.plugin_system:Skipping extension 'colcon_notification.desktop_notification.terminal_notifier': Not used on non-Darwin systems
[24.988s] INFO:colcon.colcon_core.plugin_system:Skipping extension 'colcon_notification.desktop_notification.win32': Not used on non-Windows systems
[24.989s] INFO:colcon.colcon_notification.desktop_notification:Sending desktop notification using 'notify2'
[25.132s] DEBUG:colcon.colcon_core.event_reactor:joined thread
[25.363s] INFO:colcon.colcon_core.shell:Creating prefix script '/home/bb/ros2_ws/install/local_setup.ps1'
[25.368s] INFO:colcon.colcon_core.shell:Creating prefix util module '/home/bb/ros2_ws/install/_local_setup_util_ps1.py'
[25.378s] INFO:colcon.colcon_core.shell:Creating prefix chain script '/home/bb/ros2_ws/install/setup.ps1'
[25.595s] INFO:colcon.colcon_core.shell:Creating prefix script '/home/bb/ros2_ws/install/local_setup.sh'
[25.599s] INFO:colcon.colcon_core.shell:Creating prefix util module '/home/bb/ros2_ws/install/_local_setup_util_sh.py'
[25.602s] INFO:colcon.colcon_core.shell:Creating prefix chain script '/home/bb/ros2_ws/install/setup.sh'
[25.819s] INFO:colcon.colcon_core.shell:Creating prefix script '/home/bb/ros2_ws/install/local_setup.bash'
[25.821s] INFO:colcon.colcon_core.shell:Creating prefix chain script '/home/bb/ros2_ws/install/setup.bash'
[26.033s] INFO:colcon.colcon_core.shell:Creating prefix script '/home/bb/ros2_ws/install/local_setup.zsh'
[26.036s] INFO:colcon.colcon_core.shell:Creating prefix chain script '/home/bb/ros2_ws/install/setup.zsh'
