[7.207s] Invoking command in '/home/bb/ros2_ws/build/linear_acceleration_msg': CMAKE_PREFIX_PATH=${CMAKE_PREFIX_PATH}:/home/bb/ros2_ws/install/sub:/home/bb/ros2_ws/install/test141123:/home/bb/ros2_ws/install/imu_sensor:/home/bb/ros2_ws/install/depth_sensor:/home/bb/ros2_ws/install/acoustic_sensor:/home/bb/ros2_ws/install/IMU_sensor:/opt/ros/humble /usr/bin/cmake --build /home/bb/ros2_ws/build/linear_acceleration_msg -- -j6 -l6
[7.646s] [  3%] Built target linear_acceleration_msg__cpp
[7.714s] [ 12%] Built target linear_acceleration_msg__rosidl_generator_c
[7.875s] [ 12%] Built target ament_cmake_python_copy_linear_acceleration_msg
[7.970s] [ 29%] Built target linear_acceleration_msg__rosidl_typesupport_fastrtps_cpp
[7.971s] [ 32%] Built target linear_acceleration_msg__rosidl_typesupport_cpp
[8.065s] [ 41%] Built target linear_acceleration_msg__rosidl_typesupport_fastrtps_c
[8.071s] [ 51%] Built target linear_acceleration_msg__rosidl_typesupport_introspection_cpp
[8.087s] [ 61%] Built target linear_acceleration_msg__rosidl_typesupport_c
[8.139s] [ 70%] Built target linear_acceleration_msg__rosidl_typesupport_introspection_c
[8.350s] [ 70%] Built target linear_acceleration_msg
[8.496s] [ 74%] Built target linear_acceleration_msg__py
[8.872s] [ 80%] Built target linear_acceleration_msg__rosidl_generator_py
[9.181s] [ 87%] Built target linear_acceleration_msg__rosidl_typesupport_c__pyext
[9.258s] [ 93%] Built target linear_acceleration_msg__rosidl_typesupport_fastrtps_c__pyext
[9.289s] [100%] Built target linear_acceleration_msg__rosidl_typesupport_introspection_c__pyext
[10.670s] running egg_info
[10.672s] writing linear_acceleration_msg.egg-info/PKG-INFO
[10.675s] writing dependency_links to linear_acceleration_msg.egg-info/dependency_links.txt
[10.677s] writing top-level names to linear_acceleration_msg.egg-info/top_level.txt
[11.012s] reading manifest file 'linear_acceleration_msg.egg-info/SOURCES.txt'
[11.017s] writing manifest file 'linear_acceleration_msg.egg-info/SOURCES.txt'
[11.180s] [100%] Built target ament_cmake_python_build_linear_acceleration_msg_egg
[11.264s] Invoked command in '/home/bb/ros2_ws/build/linear_acceleration_msg' returned '0': CMAKE_PREFIX_PATH=${CMAKE_PREFIX_PATH}:/home/bb/ros2_ws/install/sub:/home/bb/ros2_ws/install/test141123:/home/bb/ros2_ws/install/imu_sensor:/home/bb/ros2_ws/install/depth_sensor:/home/bb/ros2_ws/install/acoustic_sensor:/home/bb/ros2_ws/install/IMU_sensor:/opt/ros/humble /usr/bin/cmake --build /home/bb/ros2_ws/build/linear_acceleration_msg -- -j6 -l6
[11.784s] Invoking command in '/home/bb/ros2_ws/build/linear_acceleration_msg': CMAKE_PREFIX_PATH=${CMAKE_PREFIX_PATH}:/home/bb/ros2_ws/install/sub:/home/bb/ros2_ws/install/test141123:/home/bb/ros2_ws/install/imu_sensor:/home/bb/ros2_ws/install/depth_sensor:/home/bb/ros2_ws/install/acoustic_sensor:/home/bb/ros2_ws/install/IMU_sensor:/opt/ros/humble /usr/bin/cmake --install /home/bb/ros2_ws/build/linear_acceleration_msg
[11.838s] -- Install configuration: ""
[11.842s] -- Up-to-date: /home/bb/ros2_ws/install/linear_acceleration_msg/share/ament_index/resource_index/rosidl_interfaces/linear_acceleration_msg
[11.842s] -- Up-to-date: /home/bb/ros2_ws/install/linear_acceleration_msg/include/linear_acceleration_msg/linear_acceleration_msg
[11.843s] -- Up-to-date: /home/bb/ros2_ws/install/linear_acceleration_msg/include/linear_acceleration_msg/linear_acceleration_msg/msg
[11.844s] -- Up-to-date: /home/bb/ros2_ws/install/linear_acceleration_msg/include/linear_acceleration_msg/linear_acceleration_msg/msg/rosidl_generator_c__visibility_control.h
[11.844s] -- Up-to-date: /home/bb/ros2_ws/install/linear_acceleration_msg/include/linear_acceleration_msg/linear_acceleration_msg/msg/acceleration.h
[11.845s] -- Up-to-date: /home/bb/ros2_ws/install/linear_acceleration_msg/include/linear_acceleration_msg/linear_acceleration_msg/msg/detail
[11.850s] -- Up-to-date: /home/bb/ros2_ws/install/linear_acceleration_msg/include/linear_acceleration_msg/linear_acceleration_msg/msg/detail/acceleration__functions.c
[11.851s] -- Up-to-date: /home/bb/ros2_ws/install/linear_acceleration_msg/include/linear_acceleration_msg/linear_acceleration_msg/msg/detail/acceleration__type_support.h
[11.852s] -- Up-to-date: /home/bb/ros2_ws/install/linear_acceleration_msg/include/linear_acceleration_msg/linear_acceleration_msg/msg/detail/acceleration__struct.h
[11.852s] -- Up-to-date: /home/bb/ros2_ws/install/linear_acceleration_msg/include/linear_acceleration_msg/linear_acceleration_msg/msg/detail/acceleration__functions.h
[11.853s] -- Up-to-date: /home/bb/ros2_ws/install/linear_acceleration_msg/share/linear_acceleration_msg/environment/library_path.sh
[11.854s] -- Up-to-date: /home/bb/ros2_ws/install/linear_acceleration_msg/share/linear_acceleration_msg/environment/library_path.dsv
[11.854s] -- Up-to-date: /home/bb/ros2_ws/install/linear_acceleration_msg/lib/liblinear_acceleration_msg__rosidl_generator_c.so
[11.856s] -- Up-to-date: /home/bb/ros2_ws/install/linear_acceleration_msg/include/linear_acceleration_msg/linear_acceleration_msg
[11.857s] -- Up-to-date: /home/bb/ros2_ws/install/linear_acceleration_msg/include/linear_acceleration_msg/linear_acceleration_msg/msg
[11.858s] -- Up-to-date: /home/bb/ros2_ws/install/linear_acceleration_msg/include/linear_acceleration_msg/linear_acceleration_msg/msg/rosidl_typesupport_fastrtps_c__visibility_control.h
[11.859s] -- Up-to-date: /home/bb/ros2_ws/install/linear_acceleration_msg/include/linear_acceleration_msg/linear_acceleration_msg/msg/detail
[11.860s] -- Up-to-date: /home/bb/ros2_ws/install/linear_acceleration_msg/include/linear_acceleration_msg/linear_acceleration_msg/msg/detail/acceleration__rosidl_typesupport_fastrtps_c.h
[11.863s] -- Up-to-date: /home/bb/ros2_ws/install/linear_acceleration_msg/lib/liblinear_acceleration_msg__rosidl_typesupport_fastrtps_c.so
[11.863s] -- Up-to-date: /home/bb/ros2_ws/install/linear_acceleration_msg/include/linear_acceleration_msg/linear_acceleration_msg
[11.864s] -- Up-to-date: /home/bb/ros2_ws/install/linear_acceleration_msg/include/linear_acceleration_msg/linear_acceleration_msg/msg
[11.864s] -- Up-to-date: /home/bb/ros2_ws/install/linear_acceleration_msg/include/linear_acceleration_msg/linear_acceleration_msg/msg/acceleration.hpp
[11.865s] -- Up-to-date: /home/bb/ros2_ws/install/linear_acceleration_msg/include/linear_acceleration_msg/linear_acceleration_msg/msg/detail
[11.865s] -- Up-to-date: /home/bb/ros2_ws/install/linear_acceleration_msg/include/linear_acceleration_msg/linear_acceleration_msg/msg/detail/acceleration__struct.hpp
[11.866s] -- Up-to-date: /home/bb/ros2_ws/install/linear_acceleration_msg/include/linear_acceleration_msg/linear_acceleration_msg/msg/detail/acceleration__builder.hpp
[11.867s] -- Up-to-date: /home/bb/ros2_ws/install/linear_acceleration_msg/include/linear_acceleration_msg/linear_acceleration_msg/msg/detail/acceleration__traits.hpp
[11.868s] -- Up-to-date: /home/bb/ros2_ws/install/linear_acceleration_msg/include/linear_acceleration_msg/linear_acceleration_msg
[11.868s] -- Up-to-date: /home/bb/ros2_ws/install/linear_acceleration_msg/include/linear_acceleration_msg/linear_acceleration_msg/msg
[11.869s] -- Up-to-date: /home/bb/ros2_ws/install/linear_acceleration_msg/include/linear_acceleration_msg/linear_acceleration_msg/msg/rosidl_typesupport_fastrtps_cpp__visibility_control.h
[11.870s] -- Up-to-date: /home/bb/ros2_ws/install/linear_acceleration_msg/include/linear_acceleration_msg/linear_acceleration_msg/msg/detail
[11.871s] -- Up-to-date: /home/bb/ros2_ws/install/linear_acceleration_msg/include/linear_acceleration_msg/linear_acceleration_msg/msg/detail/acceleration__rosidl_typesupport_fastrtps_cpp.hpp
[11.871s] -- Up-to-date: /home/bb/ros2_ws/install/linear_acceleration_msg/include/linear_acceleration_msg/linear_acceleration_msg/msg/detail/dds_fastrtps
[11.872s] -- Up-to-date: /home/bb/ros2_ws/install/linear_acceleration_msg/lib/liblinear_acceleration_msg__rosidl_typesupport_fastrtps_cpp.so
[11.872s] -- Up-to-date: /home/bb/ros2_ws/install/linear_acceleration_msg/include/linear_acceleration_msg/linear_acceleration_msg
[11.873s] -- Up-to-date: /home/bb/ros2_ws/install/linear_acceleration_msg/include/linear_acceleration_msg/linear_acceleration_msg/msg
[11.873s] -- Up-to-date: /home/bb/ros2_ws/install/linear_acceleration_msg/include/linear_acceleration_msg/linear_acceleration_msg/msg/rosidl_typesupport_introspection_c__visibility_control.h
[11.874s] -- Up-to-date: /home/bb/ros2_ws/install/linear_acceleration_msg/include/linear_acceleration_msg/linear_acceleration_msg/msg/detail
[11.877s] -- Up-to-date: /home/bb/ros2_ws/install/linear_acceleration_msg/include/linear_acceleration_msg/linear_acceleration_msg/msg/detail/acceleration__type_support.c
[11.884s] -- Up-to-date: /home/bb/ros2_ws/install/linear_acceleration_msg/include/linear_acceleration_msg/linear_acceleration_msg/msg/detail/acceleration__rosidl_typesupport_introspection_c.h
[11.884s] -- Up-to-date: /home/bb/ros2_ws/install/linear_acceleration_msg/lib/liblinear_acceleration_msg__rosidl_typesupport_introspection_c.so
[11.885s] -- Up-to-date: /home/bb/ros2_ws/install/linear_acceleration_msg/lib/liblinear_acceleration_msg__rosidl_typesupport_c.so
[11.885s] -- Up-to-date: /home/bb/ros2_ws/install/linear_acceleration_msg/include/linear_acceleration_msg/linear_acceleration_msg
[11.886s] -- Up-to-date: /home/bb/ros2_ws/install/linear_acceleration_msg/include/linear_acceleration_msg/linear_acceleration_msg/msg
[11.886s] -- Up-to-date: /home/bb/ros2_ws/install/linear_acceleration_msg/include/linear_acceleration_msg/linear_acceleration_msg/msg/detail
[11.887s] -- Up-to-date: /home/bb/ros2_ws/install/linear_acceleration_msg/include/linear_acceleration_msg/linear_acceleration_msg/msg/detail/acceleration__type_support.cpp
[11.887s] -- Up-to-date: /home/bb/ros2_ws/install/linear_acceleration_msg/include/linear_acceleration_msg/linear_acceleration_msg/msg/detail/acceleration__rosidl_typesupport_introspection_cpp.hpp
[11.888s] -- Up-to-date: /home/bb/ros2_ws/install/linear_acceleration_msg/lib/liblinear_acceleration_msg__rosidl_typesupport_introspection_cpp.so
[11.890s] -- Up-to-date: /home/bb/ros2_ws/install/linear_acceleration_msg/lib/liblinear_acceleration_msg__rosidl_typesupport_cpp.so
[11.890s] -- Up-to-date: /home/bb/ros2_ws/install/linear_acceleration_msg/share/linear_acceleration_msg/environment/pythonpath.sh
[11.891s] -- Up-to-date: /home/bb/ros2_ws/install/linear_acceleration_msg/share/linear_acceleration_msg/environment/pythonpath.dsv
[11.891s] -- Up-to-date: /home/bb/ros2_ws/install/linear_acceleration_msg/lib/python3.9/site-packages/linear_acceleration_msg-0.0.0-py3.9.egg-info
[11.892s] -- Installing: /home/bb/ros2_ws/install/linear_acceleration_msg/lib/python3.9/site-packages/linear_acceleration_msg-0.0.0-py3.9.egg-info/top_level.txt
[11.892s] -- Installing: /home/bb/ros2_ws/install/linear_acceleration_msg/lib/python3.9/site-packages/linear_acceleration_msg-0.0.0-py3.9.egg-info/dependency_links.txt
[11.898s] -- Installing: /home/bb/ros2_ws/install/linear_acceleration_msg/lib/python3.9/site-packages/linear_acceleration_msg-0.0.0-py3.9.egg-info/SOURCES.txt
[11.903s] -- Installing: /home/bb/ros2_ws/install/linear_acceleration_msg/lib/python3.9/site-packages/linear_acceleration_msg-0.0.0-py3.9.egg-info/PKG-INFO
[11.905s] -- Up-to-date: /home/bb/ros2_ws/install/linear_acceleration_msg/lib/python3.9/site-packages/linear_acceleration_msg
[11.906s] -- Up-to-date: /home/bb/ros2_ws/install/linear_acceleration_msg/lib/python3.9/site-packages/linear_acceleration_msg/msg
[11.909s] -- Up-to-date: /home/bb/ros2_ws/install/linear_acceleration_msg/lib/python3.9/site-packages/linear_acceleration_msg/msg/_acceleration.py
[11.909s] -- Up-to-date: /home/bb/ros2_ws/install/linear_acceleration_msg/lib/python3.9/site-packages/linear_acceleration_msg/msg/_acceleration_s.c
[11.914s] -- Up-to-date: /home/bb/ros2_ws/install/linear_acceleration_msg/lib/python3.9/site-packages/linear_acceleration_msg/msg/__init__.py
[11.915s] -- Up-to-date: /home/bb/ros2_ws/install/linear_acceleration_msg/lib/python3.9/site-packages/linear_acceleration_msg/_linear_acceleration_msg_s.ep.rosidl_typesupport_fastrtps_c.c
[11.916s] -- Up-to-date: /home/bb/ros2_ws/install/linear_acceleration_msg/lib/python3.9/site-packages/linear_acceleration_msg/_linear_acceleration_msg_s.ep.rosidl_typesupport_introspection_c.c
[11.916s] -- Up-to-date: /home/bb/ros2_ws/install/linear_acceleration_msg/lib/python3.9/site-packages/linear_acceleration_msg/liblinear_acceleration_msg__rosidl_generator_py.so
[11.917s] -- Up-to-date: /home/bb/ros2_ws/install/linear_acceleration_msg/lib/python3.9/site-packages/linear_acceleration_msg/linear_acceleration_msg_s__rosidl_typesupport_fastrtps_c.cpython-38-aarch64-linux-gnu.so
[11.917s] -- Up-to-date: /home/bb/ros2_ws/install/linear_acceleration_msg/lib/python3.9/site-packages/linear_acceleration_msg/_linear_acceleration_msg_s.ep.rosidl_typesupport_c.c
[11.918s] -- Up-to-date: /home/bb/ros2_ws/install/linear_acceleration_msg/lib/python3.9/site-packages/linear_acceleration_msg/linear_acceleration_msg_s__rosidl_typesupport_introspection_c.cpython-38-aarch64-linux-gnu.so
[11.919s] -- Up-to-date: /home/bb/ros2_ws/install/linear_acceleration_msg/lib/python3.9/site-packages/linear_acceleration_msg/linear_acceleration_msg_s__rosidl_typesupport_c.cpython-38-aarch64-linux-gnu.so
[11.920s] -- Up-to-date: /home/bb/ros2_ws/install/linear_acceleration_msg/lib/python3.9/site-packages/linear_acceleration_msg/__init__.py
[12.208s] Listing '/home/bb/ros2_ws/install/linear_acceleration_msg/lib/python3.9/site-packages/linear_acceleration_msg'...
[12.208s] Listing '/home/bb/ros2_ws/install/linear_acceleration_msg/lib/python3.9/site-packages/linear_acceleration_msg/msg'...
[12.256s] -- Up-to-date: /home/bb/ros2_ws/install/linear_acceleration_msg/lib/python3.9/site-packages/linear_acceleration_msg/linear_acceleration_msg_s__rosidl_typesupport_fastrtps_c.cpython-38-aarch64-linux-gnu.so
[12.258s] -- Up-to-date: /home/bb/ros2_ws/install/linear_acceleration_msg/lib/python3.9/site-packages/linear_acceleration_msg/linear_acceleration_msg_s__rosidl_typesupport_introspection_c.cpython-38-aarch64-linux-gnu.so
[12.259s] -- Up-to-date: /home/bb/ros2_ws/install/linear_acceleration_msg/lib/python3.9/site-packages/linear_acceleration_msg/linear_acceleration_msg_s__rosidl_typesupport_c.cpython-38-aarch64-linux-gnu.so
[12.259s] -- Up-to-date: /home/bb/ros2_ws/install/linear_acceleration_msg/lib/liblinear_acceleration_msg__rosidl_generator_py.so
[12.260s] -- Up-to-date: /home/bb/ros2_ws/install/linear_acceleration_msg/share/linear_acceleration_msg/msg/Acceleration.idl
[12.260s] -- Up-to-date: /home/bb/ros2_ws/install/linear_acceleration_msg/share/linear_acceleration_msg/msg/Acceleration.msg
[12.269s] -- Up-to-date: /home/bb/ros2_ws/install/linear_acceleration_msg/share/ament_index/resource_index/package_run_dependencies/linear_acceleration_msg
[12.279s] -- Up-to-date: /home/bb/ros2_ws/install/linear_acceleration_msg/share/ament_index/resource_index/parent_prefix_path/linear_acceleration_msg
[12.281s] -- Up-to-date: /home/bb/ros2_ws/install/linear_acceleration_msg/share/linear_acceleration_msg/environment/ament_prefix_path.sh
[12.283s] -- Up-to-date: /home/bb/ros2_ws/install/linear_acceleration_msg/share/linear_acceleration_msg/environment/ament_prefix_path.dsv
[12.297s] -- Up-to-date: /home/bb/ros2_ws/install/linear_acceleration_msg/share/linear_acceleration_msg/environment/path.sh
[12.298s] -- Up-to-date: /home/bb/ros2_ws/install/linear_acceleration_msg/share/linear_acceleration_msg/environment/path.dsv
[12.299s] -- Up-to-date: /home/bb/ros2_ws/install/linear_acceleration_msg/share/linear_acceleration_msg/local_setup.bash
[12.300s] -- Up-to-date: /home/bb/ros2_ws/install/linear_acceleration_msg/share/linear_acceleration_msg/local_setup.sh
[12.303s] -- Up-to-date: /home/bb/ros2_ws/install/linear_acceleration_msg/share/linear_acceleration_msg/local_setup.zsh
[12.305s] -- Up-to-date: /home/bb/ros2_ws/install/linear_acceleration_msg/share/linear_acceleration_msg/local_setup.dsv
[12.306s] -- Installing: /home/bb/ros2_ws/install/linear_acceleration_msg/share/linear_acceleration_msg/package.dsv
[12.310s] -- Up-to-date: /home/bb/ros2_ws/install/linear_acceleration_msg/share/ament_index/resource_index/packages/linear_acceleration_msg
[12.315s] -- Up-to-date: /home/bb/ros2_ws/install/linear_acceleration_msg/share/linear_acceleration_msg/cmake/export_linear_acceleration_msg__rosidl_generator_cExport.cmake
[12.328s] -- Up-to-date: /home/bb/ros2_ws/install/linear_acceleration_msg/share/linear_acceleration_msg/cmake/export_linear_acceleration_msg__rosidl_generator_cExport-noconfig.cmake
[12.330s] -- Up-to-date: /home/bb/ros2_ws/install/linear_acceleration_msg/share/linear_acceleration_msg/cmake/export_linear_acceleration_msg__rosidl_typesupport_fastrtps_cExport.cmake
[12.330s] -- Up-to-date: /home/bb/ros2_ws/install/linear_acceleration_msg/share/linear_acceleration_msg/cmake/export_linear_acceleration_msg__rosidl_typesupport_fastrtps_cExport-noconfig.cmake
[12.333s] -- Up-to-date: /home/bb/ros2_ws/install/linear_acceleration_msg/share/linear_acceleration_msg/cmake/export_linear_acceleration_msg__rosidl_generator_cppExport.cmake
[12.336s] -- Up-to-date: /home/bb/ros2_ws/install/linear_acceleration_msg/share/linear_acceleration_msg/cmake/export_linear_acceleration_msg__rosidl_typesupport_fastrtps_cppExport.cmake
[12.337s] -- Up-to-date: /home/bb/ros2_ws/install/linear_acceleration_msg/share/linear_acceleration_msg/cmake/export_linear_acceleration_msg__rosidl_typesupport_fastrtps_cppExport-noconfig.cmake
[12.340s] -- Up-to-date: /home/bb/ros2_ws/install/linear_acceleration_msg/share/linear_acceleration_msg/cmake/linear_acceleration_msg__rosidl_typesupport_introspection_cExport.cmake
[12.342s] -- Up-to-date: /home/bb/ros2_ws/install/linear_acceleration_msg/share/linear_acceleration_msg/cmake/linear_acceleration_msg__rosidl_typesupport_introspection_cExport-noconfig.cmake
[12.344s] -- Up-to-date: /home/bb/ros2_ws/install/linear_acceleration_msg/share/linear_acceleration_msg/cmake/linear_acceleration_msg__rosidl_typesupport_cExport.cmake
[12.348s] -- Up-to-date: /home/bb/ros2_ws/install/linear_acceleration_msg/share/linear_acceleration_msg/cmake/linear_acceleration_msg__rosidl_typesupport_cExport-noconfig.cmake
[12.349s] -- Up-to-date: /home/bb/ros2_ws/install/linear_acceleration_msg/share/linear_acceleration_msg/cmake/linear_acceleration_msg__rosidl_typesupport_introspection_cppExport.cmake
[12.350s] -- Up-to-date: /home/bb/ros2_ws/install/linear_acceleration_msg/share/linear_acceleration_msg/cmake/linear_acceleration_msg__rosidl_typesupport_introspection_cppExport-noconfig.cmake
[12.352s] -- Up-to-date: /home/bb/ros2_ws/install/linear_acceleration_msg/share/linear_acceleration_msg/cmake/linear_acceleration_msg__rosidl_typesupport_cppExport.cmake
[12.354s] -- Up-to-date: /home/bb/ros2_ws/install/linear_acceleration_msg/share/linear_acceleration_msg/cmake/linear_acceleration_msg__rosidl_typesupport_cppExport-noconfig.cmake
[12.359s] -- Up-to-date: /home/bb/ros2_ws/install/linear_acceleration_msg/share/linear_acceleration_msg/cmake/export_linear_acceleration_msg__rosidl_generator_pyExport.cmake
[12.361s] -- Up-to-date: /home/bb/ros2_ws/install/linear_acceleration_msg/share/linear_acceleration_msg/cmake/export_linear_acceleration_msg__rosidl_generator_pyExport-noconfig.cmake
[12.364s] -- Up-to-date: /home/bb/ros2_ws/install/linear_acceleration_msg/share/linear_acceleration_msg/cmake/rosidl_cmake-extras.cmake
[12.367s] -- Up-to-date: /home/bb/ros2_ws/install/linear_acceleration_msg/share/linear_acceleration_msg/cmake/ament_cmake_export_include_directories-extras.cmake
[12.368s] -- Up-to-date: /home/bb/ros2_ws/install/linear_acceleration_msg/share/linear_acceleration_msg/cmake/ament_cmake_export_libraries-extras.cmake
[12.370s] -- Up-to-date: /home/bb/ros2_ws/install/linear_acceleration_msg/share/linear_acceleration_msg/cmake/ament_cmake_export_targets-extras.cmake
[12.375s] -- Up-to-date: /home/bb/ros2_ws/install/linear_acceleration_msg/share/linear_acceleration_msg/cmake/rosidl_cmake_export_typesupport_targets-extras.cmake
[12.378s] -- Up-to-date: /home/bb/ros2_ws/install/linear_acceleration_msg/share/linear_acceleration_msg/cmake/ament_cmake_export_dependencies-extras.cmake
[12.379s] -- Up-to-date: /home/bb/ros2_ws/install/linear_acceleration_msg/share/linear_acceleration_msg/cmake/rosidl_cmake_export_typesupport_libraries-extras.cmake
[12.381s] -- Up-to-date: /home/bb/ros2_ws/install/linear_acceleration_msg/share/linear_acceleration_msg/cmake/linear_acceleration_msgConfig.cmake
[12.382s] -- Up-to-date: /home/bb/ros2_ws/install/linear_acceleration_msg/share/linear_acceleration_msg/cmake/linear_acceleration_msgConfig-version.cmake
[12.384s] -- Up-to-date: /home/bb/ros2_ws/install/linear_acceleration_msg/share/linear_acceleration_msg/package.xml
[15.165s] Invoked command in '/home/bb/ros2_ws/build/linear_acceleration_msg' returned '0': CMAKE_PREFIX_PATH=${CMAKE_PREFIX_PATH}:/home/bb/ros2_ws/install/sub:/home/bb/ros2_ws/install/test141123:/home/bb/ros2_ws/install/imu_sensor:/home/bb/ros2_ws/install/depth_sensor:/home/bb/ros2_ws/install/acoustic_sensor:/home/bb/ros2_ws/install/IMU_sensor:/opt/ros/humble /usr/bin/cmake --install /home/bb/ros2_ws/build/linear_acceleration_msg
