[14.476s] Invoking command in '/home/bb/ros2_ws/src/depth_sensor': PYTHONPATH=/home/bb/ros2_ws/build/depth_sensor/prefix_override:/home/bb/ros2_ws/install/depth_sensor/lib/python3.8/site-packages:${PYTHONPATH} /usr/bin/python3 setup.py egg_info --egg-base ../../build/depth_sensor build --build-base /home/bb/ros2_ws/build/depth_sensor/build install --record /home/bb/ros2_ws/build/depth_sensor/install.log --single-version-externally-managed
[16.229s] running egg_info
[16.230s] writing ../../build/depth_sensor/depth_sensor.egg-info/PKG-INFO
[16.231s] writing dependency_links to ../../build/depth_sensor/depth_sensor.egg-info/dependency_links.txt
[16.233s] writing entry points to ../../build/depth_sensor/depth_sensor.egg-info/entry_points.txt
[16.236s] writing requirements to ../../build/depth_sensor/depth_sensor.egg-info/requires.txt
[16.237s] writing top-level names to ../../build/depth_sensor/depth_sensor.egg-info/top_level.txt
[16.356s] reading manifest file '../../build/depth_sensor/depth_sensor.egg-info/SOURCES.txt'
[16.362s] writing manifest file '../../build/depth_sensor/depth_sensor.egg-info/SOURCES.txt'
[16.365s] running build
[16.365s] running build_py
[16.366s] copying depth_sensor/publisher.py -> /home/bb/ros2_ws/build/depth_sensor/build/lib/depth_sensor
[16.367s] running install
[16.371s] running install_lib
[16.377s] copying /home/bb/ros2_ws/build/depth_sensor/build/lib/depth_sensor/publisher.py -> /home/bb/ros2_ws/install/depth_sensor/lib/python3.8/site-packages/depth_sensor
[16.382s] byte-compiling /home/bb/ros2_ws/install/depth_sensor/lib/python3.8/site-packages/depth_sensor/publisher.py to publisher.cpython-38.pyc
[16.390s] running install_data
[16.393s] running install_egg_info
[16.404s] removing '/home/bb/ros2_ws/install/depth_sensor/lib/python3.8/site-packages/depth_sensor-0.0.0-py3.8.egg-info' (and everything under it)
[16.405s] Copying ../../build/depth_sensor/depth_sensor.egg-info to /home/bb/ros2_ws/install/depth_sensor/lib/python3.8/site-packages/depth_sensor-0.0.0-py3.8.egg-info
[16.417s] running install_scripts
[16.507s] Installing publisher script to /home/bb/ros2_ws/install/depth_sensor/lib/depth_sensor
[16.508s] writing list of installed files to '/home/bb/ros2_ws/build/depth_sensor/install.log'
[19.684s] Invoked command in '/home/bb/ros2_ws/src/depth_sensor' returned '0': PYTHONPATH=/home/bb/ros2_ws/build/depth_sensor/prefix_override:/home/bb/ros2_ws/install/depth_sensor/lib/python3.8/site-packages:${PYTHONPATH} /usr/bin/python3 setup.py egg_info --egg-base ../../build/depth_sensor build --build-base /home/bb/ros2_ws/build/depth_sensor/build install --record /home/bb/ros2_ws/build/depth_sensor/install.log --single-version-externally-managed
