[12.466s] Invoking command in '/home/bb/ros2_ws/src/imu_sensor': PYTHONPATH=/home/bb/ros2_ws/build/imu_sensor/prefix_override:/home/bb/ros2_ws/install/imu_sensor/lib/python3.8/site-packages:${PYTHONPATH} /usr/bin/python3 setup.py egg_info --egg-base ../../build/imu_sensor build --build-base /home/bb/ros2_ws/build/imu_sensor/build install --record /home/bb/ros2_ws/build/imu_sensor/install.log --single-version-externally-managed
[14.134s] running egg_info
[14.137s] writing ../../build/imu_sensor/imu_sensor.egg-info/PKG-INFO
[14.147s] writing dependency_links to ../../build/imu_sensor/imu_sensor.egg-info/dependency_links.txt
[14.149s] writing entry points to ../../build/imu_sensor/imu_sensor.egg-info/entry_points.txt
[14.150s] writing requirements to ../../build/imu_sensor/imu_sensor.egg-info/requires.txt
[14.150s] writing top-level names to ../../build/imu_sensor/imu_sensor.egg-info/top_level.txt
[14.431s] reading manifest file '../../build/imu_sensor/imu_sensor.egg-info/SOURCES.txt'
[14.445s] writing manifest file '../../build/imu_sensor/imu_sensor.egg-info/SOURCES.txt'
[14.451s] running build
[14.452s] running build_py
[14.452s] running install
[14.453s] running install_lib
[14.455s] running install_data
[14.458s] running install_egg_info
[14.470s] removing '/home/bb/ros2_ws/install/imu_sensor/lib/python3.8/site-packages/imu_sensor-0.0.0-py3.8.egg-info' (and everything under it)
[14.472s] Copying ../../build/imu_sensor/imu_sensor.egg-info to /home/bb/ros2_ws/install/imu_sensor/lib/python3.8/site-packages/imu_sensor-0.0.0-py3.8.egg-info
[14.481s] running install_scripts
[14.580s] Installing publisher_accel script to /home/bb/ros2_ws/install/imu_sensor/lib/imu_sensor
[14.586s] Installing publisher_quat script to /home/bb/ros2_ws/install/imu_sensor/lib/imu_sensor
[14.593s] Installing publisher_xyz script to /home/bb/ros2_ws/install/imu_sensor/lib/imu_sensor
[14.595s] writing list of installed files to '/home/bb/ros2_ws/build/imu_sensor/install.log'
[16.849s] Invoked command in '/home/bb/ros2_ws/src/imu_sensor' returned '0': PYTHONPATH=/home/bb/ros2_ws/build/imu_sensor/prefix_override:/home/bb/ros2_ws/install/imu_sensor/lib/python3.8/site-packages:${PYTHONPATH} /usr/bin/python3 setup.py egg_info --egg-base ../../build/imu_sensor build --build-base /home/bb/ros2_ws/build/imu_sensor/build install --record /home/bb/ros2_ws/build/imu_sensor/install.log --single-version-externally-managed
